# Start logging at 2022-02-20 10:08:05 Tokyo Standard Time
[10:08:05] ktrZetto is live!
[10:08:05] 2022年2月20日
[10:08:47]  rinta_rnt: Cheer1 ハードオフ行けます
[10:10:23]  streamelements: ktrZetto is now live! Streaming Super Mario 64: 【EN/JP】 weebs welcome~ | HAPPY WEEKEND SPEEDRUN
[10:10:42]  andrewangus: こんにちは
[10:10:52]  rinta_rnt: こんにちは
[10:14:35]  chisasfam: HELLOOOO
[10:14:40]  chisasfam: How are you!
[10:14:44]  chisasfam: wait
[10:14:49]  chisasfam: i dont recognise you?
[10:14:52]  chisasfam: who are you again?
[10:15:32]  chisasfam: i dont think ive ever seen you in my life
[10:15:41]  chisasfam: are you the guy who plays mario?
[10:15:52]  chisasfam: who is me?
[10:15:56]  chisasfam: youre mizkif?
[10:15:59]  chisasfam: OHHH I SEE IT NOW
[10:16:01]  chisasfam: hey miz
[10:17:31]  chisasfam: amogus
[10:17:54]  chisasfam: ktrzetD ratio ktrzetD ratio ktrzetD ratio ktrzetD ratio ktrzetD ratio ktrzetD ratio ktrzetD ratio ktrzetD ratio ktrzetD ratio ktrzetD ratio ktrzetD ratio ktrzetD ratio
[10:18:38]  chisasfam: what did you do
[10:18:41]  chisasfam: Did you fall
[10:18:47]  chisasfam: who is that on your hoodie?
[10:18:49]  chisasfam: is it sonic
[10:19:15]  chisasfam: OHHH i thought it was wall E
[10:19:37]  saltychildofthesea: schabo1Woooooow Tow Mater hoodie
[10:19:54]  chisasfam: tow mater motr likr
[10:19:57]  chisasfam: toes mating
[10:20:00]  chisasfam: am i right
[10:20:15]  chisasfam: my favourite movie is the lego movie
[10:21:16]  saltychildofthesea: my fav movie is Mac and Me
[10:21:30]  chisasfam: what about the moshi monsters movie
[10:22:26]  chisasfam: bro
[10:22:32]  chisasfam: do you not know moshi monsters
[10:22:34]  chisasfam: look it up
[10:22:36]  saltychildofthesea: ppL yo
[10:22:39]  chisasfam: it was a game
[10:23:04]  saltychildofthesea: keyword "was"
[10:23:04]  chisasfam: it was like a
[10:23:10]  chisasfam: look after your own pet game
[10:23:16]  chisasfam: it was a popular childrens game
[10:23:36]  chisasfam: its from like 2004-2008
[10:23:38]  chisasfam: yeah kinda
[10:23:42]  chisasfam: but not really idk
[10:23:50]  chisasfam: it closed in 2020
[10:24:56]  chisasfam: it closed bc the gen who played it (me B) )  all grew up and the newer generation of children werent interested in those types of games
[10:25:03]  chisasfam: Moshi Monsters lore
[10:25:46]  saltychildofthesea: didn't it get shut down because of flash getting shot
[10:25:49]  chisasfam: the company who made the game now do like children songs or something idk
[10:26:05]  chisasfam: @saltychildofthesea originally but they managed to stay open like alot of games did
[10:26:20]  saltychildofthesea: ah
[10:27:05]  chisasfam: you can download moshi monsters rewritten and play it still, and alot of people still play it but its not as popular
[10:27:10]  chisasfam: some cool new features tho
[10:28:07]  chisasfam: there was 6 monsters to choose from, Katsuma, poppet, luvli , diablo, furry and zoomers
[10:28:12]  chisasfam: Katsuma was my favourite
[10:28:13]  chisasfam: and yes
[10:28:30]  saltychildofthesea: POGGERS ZOOMERS
[10:28:33]  babsmcnh: good luck
[10:28:55]  chisasfam: each monster spoke its own language but had an english translation
[10:29:02]  chisasfam: how dod you make it easier
[10:29:06]  chisasfam: ahh
[10:29:07]  chisasfam: Yes
[10:29:11]  chisasfam: I went all in xoxo
[10:29:16]  saltychildofthesea: PepeLaugh
[10:29:33]  chisasfam: if last streams dont go all in Ill cry
[10:29:34]  chisasfam: yes I did
[10:29:47]  chisasfam: i didnt read the terms and conditions
[10:30:06]  chisasfam: NO GET OUT OF MY BRAIN
[10:30:22]  chisasfam: Get out of my brain mr ktrZetto
[10:30:26]  chisasfam: man from japan as you say
[10:30:36]  saltychildofthesea: daphM give me your brain
[10:30:58]  chisasfam: @saltychildofthesea Ask zetto he has it :(
[10:32:47]  saltychildofthesea: daphO_HF zetto give brain
[10:33:13]  chisasfam: he claims to have ate it
[10:33:30]  saltychildofthesea: damn Sadge
[10:33:39]  saltychildofthesea: no brain SadCatW
[10:33:45]  chisasfam: :(
[10:33:49]  chisasfam: wont be the same
[10:33:56]  chisasfam: itll be brown with corn
[10:34:02]  chisasfam: my brain was pink
[10:34:26]  chisasfam: peas and corn is gross
[10:35:39]  chisasfam: when I was 14, Idk why but i thought japanese was a direct translation from english
[10:35:48]  chisasfam: I thought all asian lanauges were
[10:36:05]  chisasfam: then I started to learn it and found out it wasnt
[10:36:24]  chisasfam: yeah and the only difference was the lettering and pronunciation
[10:36:38]  chisasfam: idk why I thought that
[10:37:02]  chisasfam: sorry I dont speak english
[10:37:08]  chisasfam: eu nai falo ingles
[10:37:10]  chisasfam: nao*
[10:37:20]  chisasfam: yeah I wish languages were just direct translations
[10:38:09]  chisasfam: zetto, how often do you write top to bottom?
[10:38:23] ちーこママ chiko1958: おはようそしてお休みなさいｗ
[10:38:37] ちーこママ chiko1958: HeyGuys satsjaLaugh
[10:39:08] ちーこママ chiko1958: 今ゲーム終わった💦
[10:39:17]  chisasfam: how often do you breathe?
[10:39:20]  chisasfam: serious question
[10:40:19] ちーこママ chiko1958: Cheer100 ごめん又来ます KonCha
[10:41:08] ちーこママ chiko1958: ではでは
[10:43:38]  chisasfam: just throw
[10:50:43]  chisasfam: streaming play test?
[10:51:10]  chisasfam: why would you get banned LMFAO
[10:51:40]  chisasfam: thats so dumb
[10:51:45]  chisasfam: Like its a playtest
[10:51:55]  chisasfam: if anyone can join why cant it be streamed
[10:52:18]  chisasfam: pb pace
[10:54:30]  chisasfam: missing out on the playtest
[10:54:48]  chisasfam: brb zepoo
[10:55:05]  chisasfam: ze toe
[10:55:06]  chisasfam: got it
[10:55:09]  chisasfam: brb zetoe
[10:55:12]  chisasfam: <3
[10:58:00]  darkphoeen1x: ^^ today not as late but still middle of the night
[10:58:27]  darkphoeen1x: for now?
[10:58:27]  usausachu: Ayo
[10:58:28] UsaUsaChu subscribed at Tier 1. They've subscribed for 5 months, currently on a 4 month streak!
[10:58:47]  usausachu: ShowLove1 also allowance
[10:58:54]  usausachu: Everything’s coming up Zetto
[10:59:11]  saltychildofthesea: Pog 1 cheeto
[10:59:23]  darkphoeen1x: welp waiting on a healer rn for a dungeon where i tank
[10:59:27]  usausachu: It’s like a saying, like everything good is coming for Zetto
[10:59:34]  usausachu: It’s like a thing from the Simpsons
[10:59:39]  darkphoeen1x: as soon as i wrote it qopened
[10:59:45]  usausachu: @darkphoeen1x LUL
[10:59:49]  usausachu: Lucky
[11:00:01]  robertzarmy: aw fuck i missed the prediction
[11:00:03]  robertzarmy: low beans today
[11:00:12]  nightbot: Hit the follow button if you enjoy the stream so you can come back for more! 配信が面白かったらフォローしてね！
[11:00:28]  saltychildofthesea: dude i keep getting this lebron james crypto ad
[11:00:30]  usausachu: Is your wisdom tooth okay?
[11:01:52]  usausachu: I pointed to you on my phone and said to my roommate “he doesn’t like the Simpsons” and they go “it’s not a very good anime, ofc he wouldn’t like it”
[11:01:53]  robertzarmy: u didnt even finish a run yesterday
[11:02:01]  usausachu: @robertzarmy LUL
[11:02:41]  saltychildofthesea: dentist vlog POGGIESHD
[11:03:39]  laurabraus: is your simpsons ride also the rollercoaster simulator
[11:03:51]  robertzarmy: Nah
[11:04:03]  robertzarmy: babsmcnh literally richer than u already
[11:04:19]  laurabraus: yesssss
[11:04:33]  laurabraus: why is it so effective...that ride was so fun to me
[11:04:43]  laurabraus: but i also dont watch the simpsons
[11:04:55]  laurabraus: i knew enough to understand the characters though
[11:04:56]  robertzarmy: go zetto, I believe in the PB today
[11:05:06]  laurabraus: my friend literally got motion sick on that ride though
[11:05:22]  robertzarmy: im saying im richer than babs already
[11:05:27]  robertzarmy: in points
[11:05:44]  laurabraus: afterward she was like dude...i feel messed up...andi  was like WE WERENT EVEN ACTUALLY MOVING she went on the harry potter simulator ride with no problems
[11:06:24]  laurabraus: anyways whats up how are you guys
[11:06:55]  usausachu: I got 20k
[11:08:18]  usausachu: But you already have a sub usausaXD
[11:08:31]  usausachu: I’m gonna add new redeems soon too
[11:09:42]  laurabraus: ive never used my channel points so i have. a lot
[11:10:14]  usausachu: I feel like Fig will just gift it before I have a chance LUL
[11:10:57]  usausachu: What set up do you use for canon less
[11:11:00]  usausachu: I’ve never paid attention
[11:15:35]  robertzarmy: laurabraus how many
[11:16:25]  usausachu: !lurk
[11:16:25]  nightbot: ktrzetLurk bye bitch
[11:20:57]  darkphoeen1x: So Dungen finished
[11:21:17]  darkphoeen1x: took only like 2 resets i think
[11:22:14]  darkphoeen1x: they are cool with that sometimes they give advice and rarely pissed
[11:22:29]  laurabraus: @robertzarmy 70.4k
[11:22:44]  darkphoeen1x: and i meant with the resets your SM64 runs^^
[11:23:03]  laurabraus: oh did you change the vip point price?
[11:23:16]  laurabraus: i forget vip exists
[11:23:26]  darkphoeen1x: and i was lucky to get it for free ^^
[11:23:33]  laurabraus: LMAO
[11:23:59]  darkphoeen1x: ^^
[11:24:21]  darkphoeen1x: i think i went there away to get something to drink
[11:24:46]  laurabraus: why is free sub less expensive than vip
[11:25:13]  laurabraus: oh theres limited vip slots?
[11:25:19]  laurabraus: i didnt know that wt
[11:25:29]  darkphoeen1x: i got Coffee rn
[11:25:57]  darkphoeen1x: 3:25 am
[11:27:04]  darkphoeen1x: and i'm not the right age for whiskey
[11:27:57]  darkphoeen1x: 16
[11:28:14]  darkphoeen1x: why not
[11:28:21]  saltychildofthesea: schabo1Bruh
[11:28:30]  lovelyfreya: Yeah why not old man?
[11:28:47]  saltychildofthesea: life matters my guy Prayge
[11:29:02]  darkphoeen1x: i play ff14 in my free time
[11:29:44]  laurabraus: LMAO
[11:29:44]  darkphoeen1x: i get enough sleep dw^^
[11:29:46]  laurabraus: holy crap
[11:30:01]  saltychildofthesea: gamer sleep schedule
[11:30:45]  darkphoeen1x: and i can buy Whiskey in like 15 months
[11:31:26]  saltychildofthesea: accidentally doxxed
[11:31:26]  303devilfish: can't wait to bet all my channel points on believe today :)
[11:31:52]  303devilfish: its fine i don't have any points left anyway :)
[11:31:59]  saltychildofthesea: :)
[11:33:10]  robertzarmy: @robertzarmy zamn
[11:33:20]  darkphoeen1x: i still miss time where i played Sm64 in school
[11:33:30]  saltychildofthesea: IN school?
[11:33:36]  darkphoeen1x: yes
[11:33:40]  saltychildofthesea: damn
[11:34:05]  saltychildofthesea: a keyboard schabo1Woooooow
[11:34:10]  darkphoeen1x: i didn't even got in trouble for that
[11:34:19]  chef_zack: i think the switch sports playtest is in like 30 minutes
[11:34:32]  laurabraus: but wont he get banned if he streams it or whatever
[11:35:04]  darkphoeen1x: i even played Minecraft Beta in school even with shit FPS in a broweser
[11:35:41]  chef_zack: idk what time it starts in japan though
[11:36:01]  laurabraus: omfg no way
[11:36:06]  chef_zack: based
[11:36:37]  saltychildofthesea: now bowser owns nintendo Sadge
[11:37:13]  chef_zack: i miss reggie Sadge
[11:37:23]  saltychildofthesea: john nintendo wins again Pog
[11:37:28]  darkphoeen1x: time to queue for another dungeon
[11:38:34]  chef_zack: i think roms are a great example of why people pirate
[11:38:43]  saltychildofthesea: damn my streamer talks about ethical philosophy on stream 5Head
[11:39:16]  chef_zack: "nintendo wont sell it to me, and the prices on ebay are too expensive and nintendo isnt making that money anyways so its justified"
[11:39:53]  saltychildofthesea: schabo1Pls
[11:40:44]  chisasfam: hey zetto I am going to sleep
[11:40:55]  chisasfam: gl on the runs and have a good rest of your day!
[11:41:09]  chisasfam: mata ashita :))
[11:41:18]  chisasfam: I hope it wrote it right
[11:41:20]  303devilfish: nyannPasu
[11:41:32]  laurabraus: goodnight chisa
[11:44:26]  chef_zack: LUL
[11:48:20]  saltychildofthesea: Goodopinion OMEGALUL ZETTO WHY
[11:48:41]  saltychildofthesea: good opinion OMEGALUL
[11:49:17]  saltychildofthesea: PepoThink true
[11:49:47]  saltychildofthesea: umbreonWalk you added mango emote Pog
[11:50:44]  saltychildofthesea: BatChest !
[11:51:33]  laurabraus: brb getting ice cream
[11:54:57]  laurabraus: back
[11:55:11]  303devilfish: POGGIESHD
[11:55:33]  saltychildofthesea: what type of ice cream did you get?
[11:56:29]  laurabraus: just vanilla
[11:56:49]  laurabraus: i was craving plain vanilla ice cream this week. but i usually get cookies n cream or mint chip
[11:56:56]  saltychildofthesea: Pog
[11:57:23]  saltychildofthesea: ive never had mint chip schabo1Think
[11:57:38]  saltychildofthesea: WAYTOODANK
[11:57:53]  laurabraus: what kind of ice cream do you like salty
[11:58:01]  laurabraus: zetto that was so lou holy shit
[11:58:08]  laurabraus: loud*
[11:58:32]  saltychildofthesea: pralines and cream is my go-to hyperPOGGIES
[11:58:39]  saltychildofthesea: HYPERS *
[11:58:59]  laurabraus: ive never had that before :O
[11:59:05]  saltychildofthesea: :O
[11:59:23]  laurabraus: we should trade one day. ill get pralines and you get mint
[11:59:37]  saltychildofthesea: Pog we should
[12:00:04]  saltychildofthesea: PogChamp WII SPORTS BUT NOT
[12:00:12]  nightbot: Hit the follow button if you enjoy the stream so you can come back for more! 配信が面白かったらフォローしてね！
[12:01:54]  saltychildofthesea: HYPERS not reading
[12:02:56]  laurabraus: you got this
[12:03:41]  laurabraus: WEIRD SPORT
[12:03:52]  chisasfam: You look like a child running
[12:04:04]  dinosaurus: excellent 2 heavens as one sword style
[12:04:14]  saltychildofthesea: this is swordplay from wii sports resort Pog
[12:04:21]  laurabraus: ohhhhhhhhh
[12:04:24]  laurabraus: i never played that
[12:05:28]  303devilfish: no this is Patrick
[12:05:56]  saltychildofthesea: kinda seems unfair having 2 swords against one
[12:07:41]  saltychildofthesea: throw him off the edge HYPERS
[12:08:22]  saltychildofthesea: Sadge lost against com player
[12:08:36]  saltychildofthesea: COPIUM
[12:08:44]  saltychildofthesea: real person COPIUM
[12:08:55]  saltychildofthesea: WAYTOODANK
[12:09:05]  saltychildofthesea: soccer moment WAYTOODANK
[12:09:50]  saltychildofthesea: bowling with 32 players 5Head
[12:09:58]  saltychildofthesea: nvm 16
[12:10:21]  saltychildofthesea: was a bit too ambitious with the math
[12:10:32]  saltychildofthesea: just bowl 4Head
[12:10:58]  laurabraus: go for a SPARE
[12:11:02]  laurabraus: dude
[12:11:08]  laurabraus: FOR REAL
[12:11:13]  saltychildofthesea: Sadge
[12:11:19]  laurabraus: WHEN HAS IT EVEN GONE PERFECTLY STRAIGHT
[12:12:42]  saltychildofthesea: SadCatW
[12:12:52]  saltychildofthesea: Pog
[12:13:03]  laurabraus: omfg
[12:13:32]  saltychildofthesea: online wii sports looks actually fun POGGIES
[12:14:46]  laurabraus: how are all these people already getting strikes
[12:14:49]  saltychildofthesea: they're probably using the wii sports guaranteed strike setup
[12:15:36]  laurabraus: ripppppppppppppp
[12:15:37]  saltychildofthesea: SadCatW
[12:16:31]  laurabraus: real tennis??
[12:17:11]  laurabraus: hell yeah you get em
[12:17:59]  robertzarmy: L
[12:18:03]  laurabraus: WOOOO
[12:18:24]  laurabraus: NICE save
[12:18:45]  laurabraus: you are so pumped
[12:19:27]  saltychildofthesea: POGGERS
[12:19:35]  saltychildofthesea: LETS GOO PogChamp
[12:19:36]  laurabraus: DAMNNN
[12:19:43]  robertzarmy: SO BAD
[12:19:45]  robertzarmy: OMEGALUL
[12:19:49]  chef_zack: OMEGALUL
[12:19:57]  saltychildofthesea: Sadge losing
[12:21:32]  laurabraus: EZ
[12:21:41]  laurabraus: i didnt know that was an emote
[12:21:44]  laurabraus: i meant easy
[12:21:57]  saltychildofthesea: EZ
[12:21:57]  laurabraus: WTF
[12:22:00]  robertzarmy: EZ
[12:22:08]  laurabraus: ez
[12:22:13]  laurabraus: WHY DIDNT THAT ONE WORK
[12:22:17]  saltychildofthesea: im tempted to open predictions
[12:22:32]  saltychildofthesea: Pog
[12:22:44]  robertzarmy: D:
[12:22:54]  saltychildofthesea: in nintendo switch sports obv*
[12:23:31]  saltychildofthesea: ktr "Swordmaster" Zetto
[12:23:34]  chef_zack: i just played a guy and we drawed 3 times
[12:24:02]  saltychildofthesea: did they do the tiny area thing?
[12:24:55]  saltychildofthesea: ROLLED PogChamp
[12:25:42]  saltychildofthesea: monkaS
[12:25:49]  saltychildofthesea: Sadge
[12:25:51]  robertzarmy: zetto deserved his loss for only blocking
[12:29:19]  saltychildofthesea: Pog it works
[12:29:58]  saltychildofthesea: HYPERS
[12:30:00]  chef_zack: tennis felt like wii tennis
[12:30:03]  chef_zack: so pretty good
[12:30:34]  chef_zack: LULW
[12:32:33]  chef_zack: damn
[12:32:50]  303devilfish: does it still say nice cock like it did on the wii?
[12:33:11]  chef_zack: Pog
[12:33:23]  saltychildofthesea: Sadge no nice cock
[12:33:45]  chef_zack: until tomorrow i suppose
[12:34:27]  chef_zack: challenger bowling players LULW
[12:35:46]  chef_zack: the new "miis" have grown on me
[12:36:01]  chef_zack: yeah
[12:40:49]  saltychildofthesea: but how
[12:41:37]  saltychildofthesea: i am cracked at bowling EZ
[12:42:03]  saltychildofthesea: i am winning Pog
[12:42:04]  pulsejp: Oh shit
[12:42:12]  pulsejp: I forgot to get this
[12:42:15]  pulsejp: monkaW
[12:43:00]  pulsejp: Fuuuuck I forgot to get it it looks fun
[12:43:44]  saltychildofthesea: you need prior wii sports knowledge 5Head
[12:45:16]  saltychildofthesea: you need to really curve the joy con
[12:47:52]  saltychildofthesea: i got 3rd in finals Pog
[12:48:18]  saltychildofthesea: and then the play test stopped Sadge
[12:48:37]  saltychildofthesea: Prayge salvageable
[12:49:42]  krystenxo: ktrzetChill
[12:49:57]  saltychildofthesea: that was fun HYPERS
[12:50:19]  krystenxo: how are you?
[12:51:05]  krystenxo: you're gonna pb i believe
[12:52:45]  saltychildofthesea: pb potential Prayge
[12:52:58]  saltychildofthesea: +1 min on lakitu skip
[12:53:00]  saltychildofthesea: Prayge
[12:54:12]  krystenxo: Cheer1000 YOU HAVE TO PB OR GIVE ME BACK THESE BITS IF YOU DON'T PepeLaugh
[12:54:47]  krystenxo: LMAO
[12:54:56]  saltychildofthesea: daphM yoink
[12:54:58]  krystenxo: im kidding, but gl dude i believe
[12:55:00]  krystenxo: <3
[12:55:13]  robertzarmy: i will give 500 bits in the form of a sub if someone gifts it to me
[12:55:31]  saltychildofthesea: 500 bits by proxy
[12:56:11]  robertzarmy: 5M bits is absurd dude
[12:56:16]  robertzarmy: she had like 20 viewers
[12:56:30]  robertzarmy: where's your whale
[12:56:32]  robertzarmy: ?
[12:56:56]  robertzarmy: is he gonna come over and gift 10000 subs
[12:57:28]  303devilfish: widepeepoHappy
[12:59:19]  saltychildofthesea: Prayge Cheer5Million
[12:59:55]  saltychildofthesea: 50k deposit for pb
[12:59:56]  saltychildofthesea: Prayge
[13:00:05]  rinta_rnt: Cheer1億
[13:00:31]  saltychildofthesea: with an interest rate of 50% per min
[13:01:11]  diggs1977: ppHop
[13:01:11] diggs1977 subscribed at Tier 1. They've subscribed for 4 months!
[13:01:20]  saltychildofthesea: daphM they have interest now i make the rules
[13:01:31]  diggs1977: im doing well just chilling HYPERS
[13:01:34]  robertzarmy: looseb4Lul
[13:01:40]  saltychildofthesea: derek widepeepoHappy
[13:01:47]  diggs1977: salty peepoHug
[13:01:53]  saltychildofthesea: peepoHappy
[13:01:57]  saltychildofthesea: peepoHug
[13:02:05]  robertzarmy: i will cheer 5 million if u get wr THIS run.
[13:02:25]  robertzarmy: i will.
[13:02:27]  saltychildofthesea: theres 2 different emotes for THIS
[13:02:44]  diggs1977: id give you $5 if you pb THIS run
[13:03:06]  saltychildofthesea: theres THIS and THIS OMEGALUL
[13:03:14]  robertzarmy: those are the same.
[13:03:33]  robertzarmy: THIS THESE
[13:03:51]  saltychildofthesea: the stocking one and the booba are both this
[13:04:50]  303devilfish: VeiO
[13:05:34]  diggs1977: check chaterino vs browser chat zetto
[13:05:34]  saltychildofthesea: they're different in the 7tv menu
[13:06:00]  diggs1977: its thighs on my broswer booba on my chaterin0
[13:06:07]  saltychildofthesea: same
[13:06:17]  saltychildofthesea: THIS is the run
[13:06:26]  rinta_rnt: Cheer1 MapoTofuParty
[13:06:38]  saltychildofthesea: THOSE are some good splits
[13:06:55]  saltychildofthesea: THESE are some emotes
[13:08:17]  saltychildofthesea: 🪣 spilledGlue whoops spilled glue
[13:09:46]  saltychildofthesea: Pog green
[13:17:10]  laurabraus: ok imma go to sleep good luck
[13:17:27]  saltychildofthesea: nini laura HYPERS
[13:17:28]  laurabraus: this is the run
[13:17:44]  laurabraus: night salty :)
[13:17:53]  saltychildofthesea: :)
[13:18:42]  saltychildofthesea: :) 👍
[13:18:47]  andrewangus: :)
[13:19:14]  saltychildofthesea: i love how threatening :) is
[13:20:21]  saltychildofthesea: its fine im not mad :)
[13:20:52]  saltychildofthesea: your house isn't burning in minecraft right now :) 👌
[13:21:04]  andrewangus: LUL
[13:21:49]  saltychildofthesea: 5Head hole = house
[13:22:57]  saltychildofthesea: surprise lava hot tub 🔥 :) 🔥
[13:23:33]  saltychildofthesea: lava is a naturally occuring thing in Minecraft
[13:24:54]  saltychildofthesea: whoops dropped my flint and steel and it accidentally lit the entire house on fire :)
[13:25:34]  saltychildofthesea: my cat right clicked the wood
[13:25:35]  saltychildofthesea: :)
[13:25:41]  robertzarmy: japan will not be nuked in 10 minutes :)
[13:25:43]  saltychildofthesea: schabo1Bruh
[13:25:52]  saltychildofthesea: monkaW
[13:26:22]  saltychildofthesea: i am not outside your bedroom :)
[13:27:41]  saltychildofthesea: keep going Prayge
[13:28:11]  saltychildofthesea: COPIUM but timesave
[13:28:53]  saltychildofthesea: this is the whomps of 70 star
[13:29:42]  saltychildofthesea: everything is whomps schabo1Think
[13:30:22]  saltychildofthesea: bowser 1 2 and 3 are whomps
[13:31:59]  saltychildofthesea: they're 100% whomps
[13:33:32]  saltychildofthesea: throwing a bowser throw on a pb pace run in b3 daphPain
[13:34:56]  saltychildofthesea: super mario odyssey is just super mario 65
[13:35:39]  saltychildofthesea: its mario 64 but +1
[13:35:54]  saltychildofthesea: and instead of stars its moons
[13:36:32]  saltychildofthesea: true
[13:37:44]  saltychildofthesea: Prayge coin rng
[13:38:24]  saltychildofthesea: still green COPIUM
[13:38:57]  robertzarmy: gg
[13:39:06]  saltychildofthesea: best possible time looks imaginary WAYTOODANK
[13:39:49]  saltychildofthesea: HYPERS you'll get it eventually i believe
[13:40:37]  saltychildofthesea: Prayge
[13:41:22]  saltychildofthesea: that was close monkaW
[13:41:42]  saltychildofthesea: ah
[13:42:21]  saltychildofthesea: i don't watch many 70 star runs so i don't know how most of the stars go
[13:43:20]  saltychildofthesea: ahh alright
[13:44:09]  saltychildofthesea: clint went live not too long ago right?
[13:44:09]  nightbot: clintJAM
[13:44:31]  saltychildofthesea: damn
[13:45:46]  saltychildofthesea: Sadge unlucky
[13:49:45]  saltychildofthesea: rip this isnt the run daphPain
[13:49:56]  saltychildofthesea: 13.7
[13:50:05]  saltychildofthesea: nvm
[13:50:08]  saltychildofthesea: Sadge
[13:50:48]  saltychildofthesea: ok :) 👍
[13:52:06]  saltychildofthesea: red = dead run SadCatW
[13:52:20]  saltychildofthesea: 13.8
[13:52:41]  saltychildofthesea: FUCk Sadge
[13:53:04]  saltychildofthesea: Prayge 1 more
[13:54:33]  saltychildofthesea: jesus its almost 9 am
[13:54:49]  saltychildofthesea: 2 days ago
[13:54:58]  saltychildofthesea: its for research
[13:55:28]  saltychildofthesea: no its effects of sleep deprevation
[13:55:45]  saltychildofthesea: as it relates to dreaming
[13:56:00]  saltychildofthesea: yes HYPERS
[13:56:19]  saltychildofthesea: POG
[13:56:21]  saltychildofthesea: Pog
[13:56:38]  saltychildofthesea: best times Pog
[13:57:43]  saltychildofthesea: my hypothesis is around 12~16 hours
[13:58:33]  saltychildofthesea: im 100% gonna get a 4.0 this semester
[13:59:18]  saltychildofthesea: i respect myself :)
[13:59:29]  saltychildofthesea: but this is for science PogChamp
[14:00:40]  saltychildofthesea: monkaW what a dumbass
[14:01:41]  saltychildofthesea: 13.4
[14:02:40]  saltychildofthesea: Prayge still pb potential
[14:04:40]  saltychildofthesea: i have officially been awake for 3 days daphPain
[14:05:44]  saltychildofthesea: Prayge hopefully you gold the rest of the run
[14:06:00]  saltychildofthesea: Sadge FUCK
[14:07:53]  saltychildofthesea: Prayge this is the run
[14:08:32]  saltychildofthesea: Prayge nvm this is the run
[14:09:02]  saltychildofthesea: COPIUM this run will grow up to be a doctor
[14:09:32]  saltychildofthesea: SadCatW actually predicted it
[14:10:53]  saltychildofthesea: you saying head on reminded me of this commercial https://youtu.be/zn2P5asJdeM
[14:11:30]  saltychildofthesea: damn
[14:11:49]  saltychildofthesea: its the one with the HeadOn like headache thing
[14:12:07]  cosmicmikan: hey hey
[14:12:26]  cosmicmikan: not wet. fantastic
[14:12:42]  saltychildofthesea: hey bear HYPERS
[14:12:43]  cosmicmikan: uhh 2-3 hours
[14:12:47]  cosmicmikan: hi!
[14:12:59]  cosmicmikan: yes
[14:13:05]  cosmicmikan: sometimes i wanna shave it off
[14:13:08]  chisasfam: going to work :s
[14:13:13]  chisasfam: howre runs going!
[14:13:27]  chisasfam: nice nice
[14:13:37]  chisasfam: i saw!
[14:14:23]  chisasfam: same , I dont wana be bald
[14:14:28]  chisasfam: I like being long haired
[14:14:36]  cosmicmikan: i had to one time, because most of it fell off
[14:14:42]  cosmicmikan: and i had an afro for a year
[14:14:46]  cosmicmikan: wanted to shoot myself
[14:15:22]  cosmicmikan: balding ktr, what an image
[14:15:58]  saltychildofthesea: egghead
[14:16:05]  cosmicmikan: LUL
[14:16:35]  saltychildofthesea: 🥚 Clap
[14:17:21]  cosmicmikan: i had just started college and it was so embarrassing
[14:17:41]  saltychildofthesea: brb getting meds
[14:17:54]  cosmicmikan: i went to a salon to get it straightened
[14:18:01]  pulsejp: ktrzetAyo
[14:18:06]  cosmicmikan: and she left the chemicals on too long
[14:18:15]  cosmicmikan: and it just broke off
[14:18:50]  cosmicmikan: noo it didnt happen for a week or two
[14:19:18]  pulsejp: pjpDerp
[14:19:28]  pulsejp: Damn I would be Madge
[14:19:32]  cosmicmikan: naa my hair just didnt break off for a while
[14:19:52]  pulsejp: joshin16GREEN
[14:19:53]  cosmicmikan: noo it was just super dry and brittle
[14:20:04]  cosmicmikan: they make the hair straight
[14:20:12]  cosmicmikan: nope
[14:20:23]  pulsejp: Sadge
[14:20:38]  cosmicmikan: im good now tho. i went natural
[14:20:40]  cosmicmikan: best decision
[14:20:57]  cosmicmikan: you leave it on for max 30mins
[14:21:09]  cosmicmikan: she had a phone call and left it on too long LOL
[14:21:19]  cosmicmikan: yeah but with my hair type, its kinda impossible
[14:23:18]  cosmicmikan: HELL YEAH
[14:23:20]  cosmicmikan: i love pizza
[14:24:00]  cosmicmikan: damn wow
[14:24:09]  cosmicmikan: i had pizza yesterday lmao
[14:24:26]  cosmicmikan: oh we make it at home
[14:24:32]  cosmicmikan: i have a bread maker
[14:24:47]  saltychildofthesea: back
[14:24:53]  saltychildofthesea: bread makers are OP
[14:25:06]  cosmicmikan: why are you acting like you just realized i was cool?
[14:25:09]  cosmicmikan: @saltychildofthesea wb!
[14:25:24]  saltychildofthesea: makes bread from the name
[14:25:27]  cosmicmikan: LOL
[14:25:45]  cosmicmikan: HAHAHAHAHHA
[14:25:58]  cosmicmikan: im fucking with you its ok
[14:26:08]  cosmicmikan: i just wanted to see you struggle
[14:26:46]  cosmicmikan: PogChamp
[14:26:52]  cosmicmikan: I COULDNT BE HAPPIER
[14:27:32]  cosmicmikan: i will neither confirm nor deny that statement
[14:27:52]  cosmicmikan: bro i just throw the ingredients in
[14:27:53]  saltychildofthesea: yeast makes bread poof up
[14:29:05]  saltychildofthesea: yup like some flatbreads
[14:29:11]  saltychildofthesea: don't need yeast
[14:29:20]  cosmicmikan: but yeah we make a bunch and freeze them for late r
[14:31:00]  cosmicmikan: ktrzetNOOO
[14:31:50]  darkphoeen1x: uhh it's not 6:31 am yes yes
[14:31:55]  darkphoeen1x: xD
[14:31:57]  cosmicmikan: no pizza
[14:32:08]  cosmicmikan: WHAT
[14:32:19]  cosmicmikan: salty you good bro
[14:32:56]  saltychildofthesea: im fine just sleep deprived HYPERS
[14:32:59]  cosmicmikan: oooh interesting
[14:33:48]  darkphoeen1x: ^^
[14:35:02]  saltychildofthesea: probably just gonna sleep later today and finish the report later this week
[14:36:06]  303devilfish: NOTED
[14:37:34]  saltychildofthesea: irritability to major sensory stimuli, major mood swings, increased sense of dread, heightened feelings of drepression etc
[14:37:53]  saltychildofthesea: the general stuff HYPERS
[14:39:04]  saltychildofthesea: def gonna get an A for this Prayge
[14:39:54]  darkphoeen1x: Soon lvl 86 with drk but i'm going to sleep bc i play later with a friend a lalafell
[14:40:26]  darkphoeen1x: dark knight
[14:40:46]  saltychildofthesea: nini phoenix widepeepoHappy
[14:40:54]  chef_zack: the dark knight POGGERS
[14:41:06]  saltychildofthesea: will he rise? POGGERS
[14:42:30]  robertzarmy: ZETTO?
[14:43:08]  robertzarmy: yes I am trying to read japanese and am very confused. and was wondering if you could provide assistance.
[14:43:41]  robertzarmy: I don't need a fuckin translation
[14:43:52]  robertzarmy: there's one word in the sentence I can't find the meaning for anywhere
[14:44:10]  chef_zack: OMEGALUL
[14:44:57]  robertzarmy: おねーちゃんが手えふつた！とーちゃんもふれ！
[14:45:01]  robertzarmy: i am reading a book for babies.
[14:45:25]  robertzarmy: what the FUCK is ふつた and ふれ
[14:46:54]  robertzarmy: bro i literally look up wave for verbs and this doesnt pop up
[14:46:57]  robertzarmy: dumb ass dictionary
[14:47:25]  chef_zack: rob try deepL
[14:47:38]  chef_zack: see if it pops up in there
[14:48:31]  robertzarmy: oh balls man its ふった
[14:48:34]  robertzarmy: so hard to tell
[14:49:12]  robertzarmy: ok thank you i was assuming it was big tu and i couldnt find SHIT
[14:49:12]  chef_zack: abrupt?
[14:51:19]  robertzarmy: ok I'll be back in 5 minutes with more
[14:51:37]  robertzarmy: you wouldn't charge a vip.
[14:51:41]  cosmicmikan: yea dont do shit for free
[14:51:43]  robertzarmy: that would be fucked uo.
[14:51:45]  cosmicmikan: look out for yourself.
[14:52:09]  robertzarmy: that's not cheesing it
[14:52:12]  robertzarmy: that's legitimate
[14:52:37]  chef_zack: its more of a favour
[14:52:51]  robertzarmy: I'm trying to learn and you're a good resource
[14:52:58]  robertzarmy: you literally helped me with 1 verb man
[14:53:11]  chef_zack: spend your points
[14:53:19]  saltychildofthesea: hey ktr can you translate this resignation paper from the edo period?
[14:54:02]  saltychildofthesea: OMEGALUL NO WAT
[14:54:08]  saltychildofthesea: WAY*
[14:54:21]  cosmicmikan: LUL
[14:54:32]  chef_zack: OMEGALUL
[14:54:33]  cosmicmikan: REALLY
[14:54:35]  chef_zack: no way
[14:54:37]  saltychildofthesea: WTF OMEGALUL
[14:54:53]  chef_zack: "ill pay you in exposure"
[14:55:04]  saltychildofthesea: ill pay you in bits
[14:55:19]  saltychildofthesea: 5 million bits to be exact
[14:56:42]  saltychildofthesea: some people are just Pepega
[14:56:50]  cosmicmikan: people are stupid
[14:58:17]  cosmicmikan: ktrzetYay
[14:59:38]  robertzarmy: salty is making fun of me.
[14:59:43]  robertzarmy: please ban him.
[15:00:03]  cosmicmikan: good job salty
[15:00:07]  cosmicmikan: proud of you
[15:00:18]  saltychildofthesea: Prayge
[15:00:30]  saltychildofthesea: thank you Prayge
[15:00:49]  robertzarmy: the disrespect in this group ...
[15:01:30]  saltychildofthesea: LUL
[15:01:31]  chef_zack: rob you're a pussy
[15:01:43]  cosmicmikan: LUL
[15:01:46]  saltychildofthesea: i ban people :)
[15:01:53]  robertzarmy: I don't listen to poor people Zack.
[15:01:57]  cosmicmikan: and remember if you DO want to ban, i gotchu fam
[15:01:58]  ledoeh: yeah you are you... uh.. uuuhhm.... ThIrStY PeRsOn
[15:02:36]  robertzarmy: this is probably not true
[15:02:51]  ledoeh: you said 1 liter?
[15:03:20]  saltychildofthesea: dude this star is so annoying
[15:03:30]  ledoeh: @saltychildofthesea amen
[15:04:09]  ledoeh: i drank like 1 litre gin tonight Kappa
[15:04:10]  robertzarmy: gg
[15:04:10]  saltychildofthesea: water is important
[15:05:59]  ledoeh: oh did you hear that a new all signs WR happened like 1-2 days ago
[15:06:06]  ledoeh: by 9 seconds
[15:07:33]  ledoeh: well i am happy for him,  its his first WR and he is playing mario a lot in general
[15:08:26]  ledoeh: failmanflo, he is also german
[15:10:10]  ledoeh: 31 star seems a lot of fun
[15:10:49]  ledoeh: but when speaking of all signs i think i would prefer it if they called  the 120 category "all stars"
[15:12:15]  303devilfish: nyannBlankies
[15:13:30]  303devilfish: YEP
[15:15:48]  robertzarmy: ay those gold were good tho haha
[15:18:06]  saltychildofthesea: running 0 star is pretty fun HYPERS
[15:18:28]  saltychildofthesea: not yet ppL
[15:18:54]  robertzarmy: gg
[15:20:03]  saltychildofthesea: schabo1Disgust
[15:20:27]  303devilfish: he forgot how to jump Sadge
[15:20:40]  saltychildofthesea: forgor 💀
[15:21:41]  saltychildofthesea: also sleep deprivation also causes a weakened sense of memory schabo1Pls
[15:22:50]  robertzarmy: Japan robert has returned once again.
[15:23:32]  robertzarmy: idk about 15
[15:23:37]  robertzarmy: that +45 looking kinda sus
[15:23:51]  saltychildofthesea: 2020Shhh
[15:25:29]  303devilfish: nyannPray
[15:25:37]  krystenxo: Prayge
[15:26:32]  saltychildofthesea: Prayge
[15:26:59]  kablaminator: did the prediction ever payout?
[15:27:08]  saltychildofthesea: not yet
[15:27:21]  kablaminator: oh sheet my bad
[15:28:22]  robertzarmy: I figured it out
[15:31:38]  cosmicmikan: watching anime with a friend gotta go!
[15:31:41]  cosmicmikan: have a good stream!
[15:32:01]  303devilfish: nyannAyaya
[15:32:33]  robertzarmy: that is probably the first time moving has not killed you ever
[15:34:20]  robertzarmy: green. u got this man.
[15:34:26]  saltychildofthesea: GOLD Pog
[15:34:47]  krystenxo: Prayge Prayge Prayge
[15:35:54]  robertzarmy: you wouldn't choke this
[15:36:25]  303devilfish: Cope
[15:36:36]  robertzarmy: ay good
[15:36:37]  robertzarmy: shit
[15:36:38]  saltychildofthesea: Pog Pog Pog
[15:36:48]  krystenxo: I TOLD YOU YOU WERE GONNA PB!!
[15:36:49]  krystenxo: GG DUDE
[15:36:54]  robertzarmy: I didn't bet today for a reason I guess
[15:37:08]  kablaminator: luuuwuW
[15:37:09]  303devilfish: Sadge i miss my channel points
[15:37:18] krystenxo is gifting 3 Tier 1 Subs to ktrZetto's community! They've gifted a total of 4 in the channel!
[15:37:19] krystenxo gifted a Tier 1 sub to underwaterspacebimbo!
[15:37:20] krystenxo gifted a Tier 1 sub to MaxiFyer!
[15:37:20] krystenxo gifted a Tier 1 sub to Chef_Zack!
[15:37:28]  saltychildofthesea: HYPERS WOOO
[15:37:29]  robertzarmy: SO UNLUCKY DUDE
[15:37:32]  krystenxo: <3
[15:37:35]  303devilfish: ktrzetD
[15:37:35]  robertzarmy: DODGED AGAIN
[15:38:01]  musicelliott: I saw it last sec! I was asleep for the rest lol good job! premierJam premierJam premierJam
[15:38:12]  andrewangus: Pog wtf gz
[15:38:28]  303devilfish: widepeepoHappy
[15:38:41]  ktrzetto: 11111111111111131131113111111131313131313111131111113164641131111111111111111111111
[15:38:43]  303devilfish: PepePls
[15:38:48]  ktrzetto: pepeD
[15:38:51]  ktrzetto: ktrzetD
[15:38:54]  krystenxo: pepeD
[15:39:04]  robertzarmy: ktrzetWorse
[15:39:04]  musicelliott: You’ll be under a minute in no time
[15:39:11]  krystenxo: sub hour soon!!!
[15:39:14]  saltychildofthesea: 12 resets damn
[15:39:19]  musicelliott: premierJam mikito5YY mikito5Y yoshimiClap sakura39Clap ktrzetD
[15:39:33]  303devilfish: chugs Pog
[15:39:37]  robertzarmy: looseb4AladinPog
[15:41:32]  303devilfish: no :)
[15:41:34]  ledoeh: gg
[15:42:05]  saltychildofthesea: already did HYPERS
[15:42:14]  ktrzetto: !raid1
[15:42:14]  nightbot: HungryPaimon JAPAN MAN RAID HungryPaimon JAPAN MAN RAID HungryPaimon JAPAN MAN RAID HungryPaimon JAPAN MAN RAID HungryPaimon JAPAN MAN RAID HungryPaimon JAPAN MAN RAID HungryPaimon JAPAN MAN RAID HungryPaimon JAPAN MAN RAID
[15:42:15]  ktrzetto: !raid2
[15:42:16]  nightbot: ktrzetAY JAPAN MAN RAID ktrzetAY JAPAN MAN RAID ktrzetAY JAPAN MAN RAID ktrzetAY JAPAN MAN RAID ktrzetAY JAPAN MAN RAID ktrzetAY JAPAN MAN RAID ktrzetAY JAPAN MAN RAID ktrzetAY JAPAN MAN RAID
[15:42:25]  303devilfish: ktrzetAY JAPAN MAN RAID ktrzetAY JAPAN MAN RAID ktrzetAY JAPAN MAN RAID ktrzetAY JAPAN MAN RAID ktrzetAY JAPAN MAN RAID ktrzetAY JAPAN MAN RAID ktrzetAY JAPAN MAN RAID ktrzetAY JAPAN MAN RAID
[15:42:28]  andrewangus: Nightbot: HungryPaimon JAPAN MAN RAID HungryPaimon JAPAN MAN RAID HungryPaimon JAPAN MAN RAID HungryPaimon JAPAN MAN RAID HungryPaimon JAPAN MAN RAID HungryPaimon JAPAN MAN RAID HungryPaimon JAPAN MAN RAID HungryPaimon JAPAN MAN RAID
[15:42:38]  andrewangus: no nightbot monkaS
[15:42:46] Now hosting UsaUsaChu.
[15:43:05] ktrZetto is now offline.
[17:40:40] usausachu has gone offline. Exiting host mode.
