# Start logging at 2022-12-12 03:26:49 Tokyo Standard Time
[03:26:49] Twitch Servers requested us to reconnect, reconnecting
[03:26:49] 2022年12月12日
[03:26:50] disconnected
[03:26:51] disconnected
[03:26:51] Login expired for user "ktrzetto"! Try adding your account again.
[03:26:52] Login expired for user "ktrzetto"! Try adding your account again.
[03:27:04] disconnected
[03:27:04] Login expired for user "ktrzetto"! Try adding your account again.
[03:27:07] Login expired for user "ktrzetto"! Try adding your account again.
[03:27:19] disconnected
[03:27:23] Login expired for user "ktrzetto"! Try adding your account again.
[03:27:23] Login expired for user "ktrzetto"! Try adding your account again.
[03:27:35] disconnected
[03:27:44] Login expired for user "ktrzetto"! Try adding your account again.
[03:27:44] Login expired for user "ktrzetto"! Try adding your account again.
[03:27:56] disconnected
[03:28:13] Login expired for user "ktrzetto"! Try adding your account again.
[03:28:14] disconnected
[03:28:17] disconnected
[03:28:28] disconnected
# Start logging at 2022-12-12 13:10:31 Tokyo Standard Time
[13:10:31] connected
# Start logging at 2022-12-12 20:29:03 Tokyo Standard Time
[20:29:03] disconnected
