# Start logging at 2022-03-20 00:00:45 Tokyo Standard Time
[00:00:45]  saltychildofthesea: this is so cheeseable Pog
[00:00:45] 2022年3月20日
[00:00:46]  saltychildofthesea: OMEGALUL
[00:01:44]  saltychildofthesea: just dont play on gamecube cont 4Head
[00:02:24]  saltychildofthesea: ah joycon drift
[00:02:30]  saltychildofthesea: thats understandable
[00:03:48]  saltychildofthesea: piano roll strats
[00:04:12]  saltychildofthesea: OMEGALUL
[00:05:10]  haine_sense1: What’s happening now?
[00:05:28]  saltychildofthesea: mario party HYPERS
[00:05:48]  saltychildofthesea: robert downey jr moment
[00:06:55]  joshinjapan: wow 4 months
[00:06:55] JoshInJapan subscribed at Tier 1. They've subscribed for 4 months, currently on a 4 month streak!
[00:07:39]  saltychildofthesea: Clap 4 months
[00:08:46]  infynoko: Best Mario Kart player in the world? Congrats, dude. ruunaClap
[00:11:15]  saltychildofthesea: all died of cringe Sadge
[00:15:41]  saltychildofthesea: joshs chat is very wholesome right now widepeepoHappy
[00:16:08]  saltychildofthesea: yes :)
[00:16:48]  saltychildofthesea: smh my strimmer jealous
[00:16:55]  saltychildofthesea: MrDestructoid Clap
[00:17:52]  wokentoad: followed for the mario kart gameplay
[00:18:18]  saltychildofthesea: ktr "one point off" Zetto
[00:19:27]  saltychildofthesea: ViDeo gAMe POGGIES
[00:32:14]  babsmcnh: Where’s my points??? clintNerd
[00:32:31]  babsmcnh: Oh shit Nevermind I got jebaited by twitch Jebaited
[00:32:44]  babsmcnh: Clap
[00:33:52]  saltychildofthesea: PogChamp Clap
[00:34:03]  saltychildofthesea: OMEGALUL nvm
[00:34:08]  babsmcnh: OMEGALUL
[00:34:38]  babsmcnh: How much is this game
[00:34:58]  saltychildofthesea: jesus $60 monkaS
[00:34:58]  babsmcnh: Do you think it’s worth it 🤔
[00:35:09]  babsmcnh: Oh then Sadge
[00:35:55]  saltychildofthesea: me too man
[00:37:02]  babsmcnh: Pog
[00:39:14]  sogek1ngx: Youre welcome homie <3
[00:39:24]  babsmcnh: monkaW
[00:39:37]  babsmcnh: LMAO
[00:40:12]  babsmcnh: Pog
[00:40:43]  babsmcnh: Oh i didn’t know you lost lmao
[00:40:52]  babsmcnh: What are you supposed to do OMEGALUL
[00:41:42]  babsmcnh: Oh shit I didn’t notice ur new haircut Clap looking sharp
[00:42:09]  babsmcnh: Oh.
[00:42:27]  saltychildofthesea: why cut your hair when you can have long hair
[00:42:39]  babsmcnh: Who got a haircut from offline then schabo1Bruh I forgor
[00:42:52]  babsmcnh: Zetto with long hair would look wise as fuck
[00:43:47]  babsmcnh: Show the hairband look POGGERS
[00:45:03]  babsmcnh: Clap Waluigi
[00:45:59]  saltychildofthesea: im waluigi EZ Clap
[00:46:13]  babsmcnh: EZ Clap
[00:46:52]  babsmcnh: OMEGALUL
[00:46:56]  babsmcnh: THE ROLLS
[00:47:47]  saltychildofthesea: this game is an absolute disaster OMEGALUL
[00:48:45]  babsmcnh: What difficulty is the CPU
[00:48:49]  saltychildofthesea: hard
[00:49:09]  saltychildofthesea: *Very hard
[00:49:15]  babsmcnh: Makes sense lol
[00:50:19]  babsmcnh: Whatd you have to do for the light mini game
[00:50:31]  saltychildofthesea: in sync? more like n-sync
[00:50:59]  saltychildofthesea: https://youtu.be/iDiMsq8GK7A
[00:51:27]  babsmcnh: pepeJAM
[00:51:40]  saltychildofthesea: PartyParrot
[00:54:41]  saltychildofthesea: no, whycantthisfuckingbemegoddamnit is the longest emote mae
[00:54:44]  saltychildofthesea: name*
[00:55:31]  babsmcnh: OMEGALUL
[00:55:46]  saltychildofthesea: clint2nd
[00:56:06]  babsmcnh: clint2nd here, you dropped this king
[00:56:16]  saltychildofthesea: Prayge thank you
[00:58:10]  babsmcnh: Pog
[00:59:21]  babsmcnh: Omg I hope you win maybe they gift me Prayge
[00:59:39]  saltychildofthesea: Prayge
[00:59:57]  babsmcnh: Third place: the second place of second places Sadge
[01:01:17]  babsmcnh: Prayge
[01:02:07]  babsmcnh: POGGERS
[01:02:25]  babsmcnh: WOOHOOOOO
[01:02:27]  babsmcnh: YESSSS
[01:02:34]  saltychildofthesea: MY STRIMER FeelsStrongMan
[01:02:34]  babsmcnh: FeelsStrongMan Clap
[01:02:36]  haine_sense1: Wooo you beat the others in luck!!
[01:02:38]  babsmcnh: schabo1Wow
[01:02:43] JoshInJapan is gifting 1 Tier 1 Subs to ktrZetto's community! They've gifted a total of 12 in the channel!
[01:02:43] JoshInJapan gifted a Tier 1 sub to rickitarr64!
[01:02:49]  babsmcnh: NOOO
[01:02:59]  babsmcnh: i missed the gifted Sadge
[01:03:07]  saltychildofthesea: OMEGALUL
[01:03:13] PulseJP subscribed at Tier 1. They've subscribed for 2 months!
[01:03:20]  babsmcnh: HYPERS
[01:03:32]  babsmcnh: lmao
[01:03:36]  saltychildofthesea: Pog supporting fellow streamers
[01:03:40]  babsmcnh: OMEGALUL
[01:04:07]  saltychildofthesea: HYPERS love raid
[01:04:28]  babsmcnh: The gifted sub wasn’t even in chat Sadge
[01:04:37]  babsmcnh: ktrzetWorse
[01:04:43]  saltychildofthesea: din din HYPERS
[01:04:53]  babsmcnh: Pog the raid
[01:05:06]  saltychildofthesea: !raid
[01:05:15]  saltychildofthesea: what was the emote one
[01:05:25]  babsmcnh: ktrzetSmile
[01:05:42]  saltychildofthesea: !raid1
[01:05:42]  nightbot: HungryPaimon JAPAN MAN RAID HungryPaimon JAPAN MAN RAID HungryPaimon JAPAN MAN RAID HungryPaimon JAPAN MAN RAID HungryPaimon JAPAN MAN RAID HungryPaimon JAPAN MAN RAID HungryPaimon JAPAN MAN RAID HungryPaimon JAPAN MAN RAID
[01:05:53]  haine_sense1: !raid2
[01:05:54]  nightbot: ktrzetAY JAPAN MAN RAID ktrzetAY JAPAN MAN RAID ktrzetAY JAPAN MAN RAID ktrzetAY JAPAN MAN RAID ktrzetAY JAPAN MAN RAID ktrzetAY JAPAN MAN RAID ktrzetAY JAPAN MAN RAID ktrzetAY JAPAN MAN RAID
[01:06:03]  babsmcnh: Night zetto and chat HYPERS
[01:06:11]  babsmcnh: Pog
[01:06:17] Now hosting PulseJP.
[01:06:30] ktrZetto is now offline.
[05:18:23] pulsejp has gone offline. Exiting host mode.
[08:09:13] disconnected
[08:09:13] Server connection timed out, reconnecting
[08:09:14] connected
