# Start logging at 2022-03-29 09:41:53 Tokyo Standard Time
[09:41:53] ktrZetto is live!
[09:41:53] 2022年3月29日
[09:43:15]  streamelements: ktrZetto is now live! Streaming Super Mario 64: [EN/JP] Japan Mario Any Weebs!?!?
[09:44:02]  andrewangus: LIVE Pog
[09:44:24]  303devilfish: tell the spoon story
[09:45:49]  andrewangus: 日本語の宿題を終わった EZ
[09:46:26]  andrewangus: is this a real story
[09:46:51]  andrewangus: ahh like hajimaru 5Head
[09:47:06]  andrewangus: LUL
[09:47:47]  babsmcnh: ktrzetAyo
[09:47:55]  babsmcnh: Good luck on runs
[09:48:01]  babsmcnh: I’m out see ya
[09:48:47]  303devilfish: ktrzetWorse
[09:49:14]  babsmcnh: ktrzetWorse
[09:49:23]  303devilfish: ktrzetCheer
[09:49:32]  babsmcnh: Okay see ya ktrzetSmile
[09:51:49]  laurabraus: whats up
[09:52:27]  laurabraus: doing good i did nothing today except listen to music and make biscuits
[09:55:11]  laurabraus: i used spotify
[09:55:21]  laurabraus: or everynoiseatonce . com
[09:55:48]  laurabraus: oh do you mean like you dont know the name of a song?
[09:55:53]  laurabraus: or you're trying to find new music
[09:56:11]  scottief: you dont need to find pop
[09:56:15]  scottief: rym
[09:56:26]  scottief: yo yo
[09:56:33]  laurabraus: every week spotify puts out a new music friday playlist because labels release all new albums and songs on fridays
[09:57:15]  laurabraus: and spotify also has playlists for top 40, top 100 and top music in all genres AND countries PLUS whats popular virally
[09:57:22]  scottief: i dont keep up with pop music lol
[09:57:42]  laurabraus: yeah you really dont have to keep up with pop just listen to what you like !
[09:58:00]  scottief: lmao why is AND that emote
[09:58:06]  laurabraus: im a spotify veteran i know too much
[09:58:15]  scottief: nah embrace the boomer
[09:58:21]  scottief: im all in
[09:59:17]  laurabraus: oh i didnt see the emote
[09:59:39]  scottief: of course i did
[09:59:46]  scottief: i watched the entire oscars just for its nominations
[09:59:51]  scottief: shoulda won best picture tbh
[09:59:57]  nightbot: peepoHug Hit the follow button if you enjoy the stream so you can come back for more! 配信が面白かったらフォローしてね！
[09:59:59]  scottief: it got robbed
[10:00:07]  scottief: it only won best international film
[10:00:43]  scottief: LuL
[10:00:48]  scottief: fuck spotify
[10:00:56]  laurabraus: you have to listen to music for a while before the recommendations become accurate
[10:01:11]  laurabraus: but even then the discovery weekly is usually trash
[10:01:16]  scottief: the oscars were so boring too
[10:01:36]  scottief: i mean i dont really care at the end of the day drive my car is easily the best movie that came out last year but woulda been nice to get some recognition
[10:01:41]  scottief: instead of the trash they gave the award to
[10:03:14]  scottief: like one that came out last year or at all?
[10:03:28]  scottief: thats insane to me
[10:03:59]  scottief: yeah but i also would never do that LUL
[10:04:45]  scottief: im just a bot MrDestructoid
[10:05:28]  scottief: LULW
[10:06:22]  scottief: i have to get up at 7 am tomorrow to register for classes
[10:06:30]  scottief: fuck college
[10:07:01]  scottief: yeah its online and opens at 7
[10:07:29]  scottief: yeah and normally i would just go back to sleep and skip my classes but i have an exam tomorrow
[10:08:06]  scottief: its fine i can skip them and watch the video lectures later
[10:09:01]  scottief: yeah covid just made most professors record their lectures
[10:09:48]  scottief: my college is so insanely expensive
[10:09:56]  andrewangus: bro imma be mad if i failled the entire cs class because of a hard af final
[10:10:01]  andrewangus: -$475 💀
[10:10:42]  scottief: i went way over budget this month Sadge
[10:10:52]  scottief: spent like 500 extra dollars i should not have
[10:11:35]  scottief: its bad tho cause then i have to eat just rice for like 10 days
[10:11:50]  andrewangus: monkaS
[10:12:25]  scottief: lol
[10:12:29]  andrewangus: this sounds like the 3月９日 song Pog
[10:12:56]  scottief: what is the 三月九日 song
[10:13:26]  andrewangus: my japanese teacher told us it was popular in japan lmao
[10:13:36]  andrewangus: i think its like from a tv show
[10:13:38]  scottief: well we just established zetto doesnt know pop
[10:14:07]  andrewangus: the show is called 1 litre of tears and its apparently really sad if you couldn't tell :)
[10:14:36]  scottief: its cathartic
[10:14:39]  andrewangus: this is the vid he played https://youtu.be/IBEDfJQhzaI
[10:14:43]  scottief: you gotta be happy to be sad
[10:14:53]  andrewangus: LUL
[10:14:59]  scottief: its kinda a complicated concept tbh
[10:15:20]  andrewangus: the song goes hard
[10:15:33]  andrewangus: practically a music vid
[10:16:10]  scottief: its basically just like the release of emotions through some type of medium
[10:16:25]  scottief: like for instance getting a good cry out of a sad show
[10:16:45]  scottief: LUL
[10:16:55]  scottief: no that means you need to undergo catharsis
[10:17:12]  andrewangus: LULW
[10:17:13]  scottief: LUL
[10:17:23]  scottief: i dont know how to explain it lol
[10:17:48]  andrewangus: chiropractice lmao
[10:18:27]  scottief: chiropractor
[10:20:18]  scottief: well i needa go piss so
[10:20:38]  scottief: yeah thats exactly whats happening
[10:20:44]  andrewangus: LUL
[10:22:10]  scottief: bro my roomate always washes dishes and puts them away wet
[10:22:13]  scottief: insane shit
[10:22:35]  andrewangus: that is insane behavior
[10:22:46]  scottief: yeah like in the cabinet wet without dryingthem
[10:23:02]  scottief: yes
[10:23:13]  haine_sense1: hi
[10:23:26]  scottief: hi
[10:23:33]  haine_sense1: I heard someone doing something disgusting so had to appear
[10:24:49]  haine_sense1: oh, the video's died for me (probably just for me)
[10:24:49]  kaeos: whoa! that's twitch.tv/ktrzetto!
[10:25:19]  kaeos: i wish i were that video
[10:25:22]  haine_sense1: ok, got it back by refreshing
[10:25:33]  kaeos: idk what u were talking about
[10:26:07]  kaeos: i hate how my sub badge is less than haines now
[10:26:16]  haine_sense1: ;)
[10:26:40]  scottief: we were talking about catharsis but zetto thought it was chiropractors
[10:27:00]  kaeos: no
[10:27:05]  andrewangus: no
[10:27:13]  haine_sense1: I don't think I'm gonna forget to resub - think it's actually automatic
[10:27:14]  scottief: no
[10:27:21]  haine_sense1: they're not the same
[10:27:50]  haine_sense1: they both begin with c's
[10:27:57]  andrewangus: LUL
[10:28:07]  kaeos: haine whats ur credit card information
[10:28:10]  kaeos: for personal reasons
[10:28:43]  scottief: catharsis if followed by an a not an h
[10:29:05]  kirosthegreat: Imagine not being perfect.... Like a chump.
[10:29:34]  scottief: LUL
[10:29:38]  haine_sense1: @kaeos No. 3141 5926 5358 9793 security no. 272
[10:29:41]  kirosthegreat: Good to see ya. Gonna be lurking while I eat.
[10:30:18]  haine_sense1: hopefully that isn't real credit card details
[10:30:32]  scottief: well you didnt provide exp date
[10:30:36]  haine_sense1: true
[10:30:54]  haine_sense1: 7/22
[10:30:59]  andrewangus: LUL
[10:31:10]  kaeos: do they have amazon in japan
[10:31:25]  scottief: most credit cards by the same bank/provider start with the same four number i think
[10:31:31]  buttershooter_: AndrewAngus more like AnpooAngus OMEGALUL
[10:31:35]  andrewangus: D:
[10:31:37]  haine_sense1: @Scottief that sounds likely
[10:31:47]  buttershooter_: sorry that was too far
[10:31:59]  andrewangus: Bezos would not miss up that opportunity
[10:32:03]  kaeos: wait i get it its because andrew sounds like anpoo
[10:32:07]  scottief: bozos
[10:32:16]  haine_sense1: and while I suspect some of you will recognise those numbers... they came from pi and e
[10:32:29]  kaeos: do they have 2 day prime shipping in japan
[10:32:30]  andrewangus: how did i not notice that
[10:32:47]  haine_sense1: lol
[10:33:01]  andrewangus: Kapp
[10:33:13]  kirosthegreat: mmm there's hashing involved with modern credit card numbers anyway, but the first 4 digits can always identify card types and whether its a charge card or credit card.
[10:33:24]  buttershooter_: HERE I want this Sadge
[10:33:32]  andrewangus: THIS
[10:33:34]  andrewangus: THESE
[10:33:37]  kaeos: pissing in bottles is a perk
[10:33:42]  haine_sense1: well anyway, I gotta sleep so gl with runs tonight
[10:33:55]  andrewangus: gn peepoHug
[10:33:55]  nightbot: https://clips.twitch.tv/GeniusCovertSalmonItsBoshyTime-NECqGzkggZv8lT-v
[10:34:20]  buttershooter_: gn haine popesLove
[10:34:20]  nightbot: https://clips.twitch.tv/GeniusCovertSalmonItsBoshyTime-NECqGzkggZv8lT-v
[10:34:32]  kaeos: https://clips.twitch.tv/GeniusCovertSalmonItsBoshyTime-NECqGzkggZv8lT-v haine
[10:34:52]  kaeos: what are you doing
[10:34:56]  scottief: lmao
[10:35:15]  scottief: where is the time save on this run
[10:35:24]  haine_sense1: so, before I go... gotta check whether you ever got around to deleting...
[10:35:28]  haine_sense1: !pat @ktrZetto
[10:35:50]  haine_sense1: looks like you either did or I misremembered if it was pat or pet
[10:35:54]  scottief: !pet
[10:36:27]  zaide_chris: About cards, the 1st digit is the network of the card, next 5 are the company, last digit is a checksum. 3141 5926 5358 9793 doesn't pass the checksum test.
[10:36:36]  kaeos: u should bark as a points reward
[10:36:40]  scottief: you hate to see it
[10:36:53]  haine_sense1: I mean, like, pet the mods is a thing
[10:37:00]  haine_sense1: so petting isn't that uncommon here
[10:37:08]  haine_sense1: maybe in this stream
[10:37:25]  laurabraus: whats with all the furry talk
[10:37:29]  scottief: how much
[10:37:32]  kaeos: im not a furry
[10:37:42]  laurabraus: sounds like something a furry would say
[10:37:58]  kaeos: does liking cat girls make you a furry
[10:38:05]  laurabraus: no
[10:38:07]  kaeos: like just ears but not full fur
[10:38:20]  haine_sense1: how's about ears and tail only?
[10:38:28]  laurabraus: ohhh hmmmmm
[10:38:31]  kaeos: "a bunch of people"
[10:38:33]  scottief: how much to do it on an irl stream in public
[10:39:28]  haine_sense1: does extremely hairy body count as furry?
[10:39:55]  kaeos: do gorillas count as furry in that scenario
[10:40:10]  andrewangus: how much for the maid cafe
[10:40:23]  haine_sense1: how much for the bl cafe?
[10:41:10]  scottief: maid cafe POGGERS
[10:41:17]  kaeos: because some animals like snakes and stuff are different categories
[10:42:10]  kaeos: what if we pay for your anxiety meds too
[10:42:30]  scottief: it should exist
[10:42:39]  haine_sense1: there was a bl cafe at one point
[10:43:03]  haine_sense1: @kaeos oh no, don't remind me of scaleys
[10:43:32]  kaeos: you went up to 10 viewers then it halved after you started talking about maid cafes
[10:43:42]  andrewangus: LUL
[10:43:43]  scottief: arent most bl enjoyers women
[10:43:53]  kaeos: yeah u have a mod thats super into that
[10:43:53]  haine_sense1: I think basically they provide bl entertainment for you
[10:44:07]  haine_sense1: which I'm sure you would totally enjoy
[10:44:44]  nightbot: peepoHug Hit the follow button if you enjoy the stream so you can come back for more! 配信が面白かったらフォローしてね！
[10:45:02]  andrewangus: Kreygasm
[10:45:16]  scottief: Kreygasm
[10:45:35]  haine_sense1: guess I should speak to her...
[10:46:14]  haine_sense1: lol no
[10:46:17]  scottief: LUL
[10:46:30]  kaeos: i assume they pretend to seduce you like its a highschool romance anime
[10:47:05]  haine_sense1: nah, at least the one I saw had basically actors who perform bl stuff
[10:47:17]  andrewangus: perform
[10:47:28]  scottief: are we sure its gay
[10:47:32]  kaeos: the women bring their boyfriends in and attempt to make them gay
[10:47:39]  haine_sense1: pretty sure bl isn't gay ;)
[10:47:42]  scottief: perform
[10:48:04]  scottief: we know why Kapp
[10:48:37]  kaeos: im starting to do the math and i think that haine is gay
[10:48:47]  scottief: FACTS
[10:48:51]  haine_sense1: @kaeos wait...
[10:48:59]  haine_sense1: really?
[10:50:17]  kaeos: i thought you didnt stream todays
[10:50:26]  haine_sense1: basically... like guys messing around in classical bl scenes eg. eating each end of pocky until they end up kissing
[10:51:12]  haine_sense1: hm.......
[10:51:22]  kaeos: oh so ur like a nutcase rn
[10:51:32]  haine_sense1: and why haven't you been taking the meds?
[10:51:48]  scottief: i wish the stream refresh button still existed
[10:51:59]  haine_sense1: @Scottief THAT SOUNDS SO GOOD
[10:52:19]  kaeos: are you a finance bro
[10:52:22]  kaeos: cringe
[10:53:41]  scottief: LUL
[10:54:02]  kaeos: I heard BatChest
[10:54:51]  andrewangus: Pog
[10:55:23]  kaeos: wow that was funny
[10:55:31]  scottief: OMEGALUL
[10:55:33]  andrewangus: IT IS FUNNY LULW
[10:55:51]  scottief: fall jokes Clap
[10:55:51]  kaeos: THIS
[10:56:15]  kaeos: you wouldnt have killed the run if you hadnt streamed today
[10:56:37]  kaeos: COPIUM
[10:57:23]  andrewangus: LUL
[10:57:36]  kaeos: i dont need copium since i know im the best
[10:57:52]  frostneptune: doomers man LUL
[10:58:14]  haine_sense1: Time to reference history and claim that actually everyone is bisexual and sexual preference for the same gender is only unusual because society saw it as wrong for a while and only the people who have particularly strong attraction to certain people of the same gender at some point and realise that they might like them.
[10:58:25]  kaeos: wtf
[10:58:27]  haine_sense1: and then completely ignore the claim since no one really cares
[10:58:29]  andrewangus: monkaS
[10:58:34]  haine_sense1: actually not a copypasta
[10:58:41]  haine_sense1: lol
[10:58:45]  kaeos: "realise" BRITISH OMEGALUL
[10:59:11]  kaeos: JP education LULW
[10:59:12]  haine_sense1: it's the non-american spelling
[10:59:53]  nightbot: peepoHug Hit the follow button if you enjoy the stream so you can come back for more! 配信が面白かったらフォローしてね！
[11:00:06]  scottief: yeah people dont know what cathartic means
[11:00:31]  kaeos: every once in awhile i relive the epiphany of realizing that british people are real and not accents made up for drama TV shows
[11:00:32]  haine_sense1: tbf I don't know what cathartic means and I even had to use it in essays in the past
[11:01:39]  scottief: OMEGALUL
[11:01:53]  haine_sense1: when I think of catharsis I think of a radwimps song
[11:02:12]  scottief: your name soundtrack is good tho
[11:02:18]  scottief: weathering with you sucked ass
[11:02:24]  kaeos: based
[11:02:48]  haine_sense1: I kinda grew up with some radwimps songs because of my brother
[11:03:21]  scottief: the pillows >>> radwimps
[11:03:43]  scottief: are the pillows not big in japan?
[11:03:46]  scottief: im surprised
[11:03:59]  kaeos: im a big blankets and sheets enjoyer
[11:04:07]  haine_sense1: well anyway, I did a bad job of going to sleep earlier, so I'll do that now
[11:04:52]  haine_sense1: continued gl and hope you eventually realise the error of your ways not liking bl
[11:05:36]  haine_sense1: of course I know, but doesn't mean I can't still have fun with it
[11:05:59]  haine_sense1: ah sure
[11:06:04]  scottief: surprised ur not already into gay porn
[11:06:24]  haine_sense1: he's already basically a twink so like...
[11:06:30]  scottief: ur missing out on so much porn
[11:06:36]  scottief: just a huge loss tbh
[11:06:50]  scottief: you dont get to decide if ur a twink or not
[11:07:02]  kaeos: is there more gay porn than straight porn
[11:07:09]  haine_sense1: yes, scat porn is great Kappa
[11:07:15]  scottief: wait but scat porn does not represent a huge portion of porn
[11:07:46]  haine_sense1: pretty sure there's more straight porn than gay porn
[11:07:53]  scottief: i mean its the minority
[11:07:55]  kaeos: yeah but gay dudes have a lot of sex right
[11:08:03]  haine_sense1: just based on how little content I feel like I have to browse :(
[11:08:25]  scottief: gay dudes do have a lot of sex
[11:08:26]  scottief: so idk
[11:08:55]  haine_sense1: HIII I'm a gay dude who's had sex once and doesn't think he's gonna again for another few years
[11:09:02]  kaeos: lol loser
[11:09:21]  scottief: hes finally coming around to gay porn
[11:09:35]  rinta_rnt: Cheer1 あと3745ビッツで次のバッジをアンロック！
[11:09:54]  kaeos: why is that alert so massive
[11:10:01]  kaeos: it almost covers up all your red splits
[11:10:04]  scottief: gotta keep it fresh
[11:11:01]  haine_sense1: well, anyway, maybe you should try watching some gay porn I'm sure you (won't) like it :)
[11:11:11]  haine_sense1: will (not)*
[11:11:23]  haine_sense1: I can't english
[11:12:23]  kaeos: u should join OTK
[11:12:58]  scottief: god only knows
[11:13:14]  haine_sense1: what's OTK?
[11:13:22]  kaeos: a sex cult
[11:15:09]  scottief: lost to penguin again
[11:15:40]  kaeos: at least you always have the next run to look forward to :)
[11:16:01]  kaeos: why not
[11:16:07]  kaeos: these runs arent gonna kill themselves
[11:16:08]  haine_sense1: I need to stop talking about bl and gay stuff and sleep...
[11:16:36]  scottief: nah stay up to talk about bol
[11:16:39]  scottief: bl
[11:16:52]  haine_sense1: alright, I'll sleep... love you ktr <3
[11:17:04]  kaeos: (not platonically)
[11:17:22]  haine_sense1: no comment
[11:18:48]  rickitarr64: hey hey
[11:19:03]  kaeos: did u see will smith smack chris rock
[11:19:23]  kaeos: i personally believe it was racially motivated
[11:19:33]  scottief: how do you not know chris rock
[11:20:02]  kaeos: youve probably heard him in shrek or madagascar
[11:20:18]  scottief: comedian/ actor
[11:20:18]  kaeos: donkey
[11:20:42]  scottief: LMAO HE IS NOT DONKEY
[11:20:49]  scottief: that is eddie murphy
[11:20:54]  scottief: completely different dude
[11:21:09]  kaeos: OMEGALUL
[11:21:32]  scottief: he is the zebra in madagascar tho
[11:21:52]  scottief: you dont need to watch em
[11:22:13]  kaeos: i saw madagascar at movie night in elementary school they charged me 5 dollars for an airheads
[11:22:44]  scottief: theres like 4
[11:23:39]  kaeos: my principal was evil he once asked me for detention if i wanted to miss recess or the talent show for it and i said recess so he scheduled my detention for the talent show like an asshole
[11:24:26]  kaeos: what kind of adult does that to a 9 year old
[11:24:32]  kaeos: im still salty
[11:24:43]  scottief: i got detentions in middle school and  i just wouldnt show up to them
[11:24:47]  scottief: never got in trouble for that LUL
[11:25:29]  scottief: playing video games in class
[11:25:40]  scottief: i got arrested
[11:25:40]  kaeos: cheating or skipping
[11:25:43]  scottief: in middle school
[11:25:50]  scottief: well technically
[11:26:03]  haine_sense1: I got no detentions all of my first year in secondary school, then got 3 in one week
[11:26:08]  scottief: my friend was in the back of this cop car
[11:26:15]  kaeos: holy shit hardened criminal in chat
[11:26:28]  haine_sense1: I tend to be good at coping until near the end of the year and then everything suddenly fails and I can't keep up with anything
[11:26:30]  zaide_chris: Taking way recess (unstructured playtime) is illegal in much of the US.
[11:26:40]  scottief: lmao we got the cops called on us for TPing a house @kaeos LUL
[11:27:00]  kaeos: deserved
[11:27:32]  kaeos: dude i once got detention for smiling during a fire drill since they said i should treat it like its a real scenario
[11:27:47]  zaide_chris: Do teachers and principals take it way anyway? Ya, because students don't have anyone to teach them it's wrong and the have rights.
[11:28:18]  haine_sense1: yea with school work
[11:29:07]  scottief: LUL
[11:29:11]  scottief: resisting arrest
[11:29:31]  kaeos: why do u need a knife for toilet paper u know it comes with perforations right
[11:29:46]  scottief: you can just make the story up
[11:29:48]  scottief: we wont know
[11:30:39]  haine_sense1: they don't realise how funny we'd find it if the school actually burnt down
[11:31:04]  scottief: god is good Prayge
[11:31:11]  kaeos: god is my rock
[11:31:40]  scottief: bro i need the stream refresh button back
[11:31:42]  scottief: fuck twitch ads
[11:32:03]  kaeos: @Haine_Sense1 ?? arson??
[11:32:32]  haine_sense1: @Haine_Sense1 nah, we just found it terribly funny whenever the school had anything go wrong for them
[11:33:15]  scottief: 100 percent
[11:33:18]  scottief: its a conspiracy
[11:33:35]  kaeos: most ad blockers work for me on twitch now
[11:33:40]  kaeos: i feel like they gave up on that
[11:35:18]  kaeos: does anyone else from the keu (ktrzetto extended universe) still stream?
[11:35:46]  scottief: is schaboi in the keu
[11:35:51]  kaeos: like the bunny
[11:35:53]  kaeos: and milk
[11:36:22]  scottief: scha just streams osrs
[11:37:16]  kaeos: lowkey
[11:37:19]  kaeos: usa scares me
[11:37:35]  scottief: thats so fucking CAP
[11:37:37]  scottief: osrs is not boring to watch
[11:37:43]  kaeos: agree
[11:37:56]  kaeos: the only thing in mmos i like watching is raid bosses
[11:37:58]  scottief: have you ever seen osrs bossing
[11:38:03]  scottief: shits hype
[11:38:26]  303devilfish: this used to be a Runescape stream Sadge
[11:38:34]  scottief: Sadge
[11:38:46]  scottief: i dont really care what theyre playing as long as the person is entertaining
[11:38:50]  scottief: SCHA DOES DO OSRS BOSSING
[11:39:03]  scottief: SLANDER
[11:39:18]  scottief: he does it every fucking stream lol
[11:39:53]  scottief: you just arent cultured
[11:39:56]  303devilfish: FeelsGoodMan dead stream
[11:40:09]  scottief: no cause i just wanna watch scha play osrs
[11:40:09]  kaeos: i dont think theres a single person entertaining enough that the game they play doesnt have to at least be mildly interesting for me to watch
[11:40:22] 샤보이 schaboi: Sadge
[11:40:28]  scottief: Sadge
[11:40:31]  scottief: schabo1Sad
[11:40:31]  kaeos: summoned PogChamp
[11:41:00]  scottief: imagine caring about the game a streamer is playing
[11:41:25]  scottief: this is true
[11:41:34]  kaeos: like nature documentaries?
[11:41:40]  scottief: no fiction stuff
[11:42:20]  haine_sense1: don't mind that I don't actually watch what game you're playing
[11:42:27]  scottief: ive seen some 11 hour long movies :)
[11:42:30]  haine_sense1: I just chat
[11:42:50]  kaeos: crypto bro LULW
[11:43:06]  kaeos: r u checking ur bitcoin on robinhood LULW
[11:43:14]  303devilfish: shitcoin in currentyear LULW
[11:43:38]  kaeos: share with chat
[11:44:03]  scottief: ive had apple stocks for 11 years :)
[11:44:25]  kaeos: meds ❌ apple stock ✅
[11:44:29]  haine_sense1: I'm just waiting for you to give financial advice so I can report you
[11:44:29]  scottief: nah i bought them for myself
[11:44:35]  scottief: parents gave me money for stocks when i was 10
[11:44:43]  nightbot: peepoHug Hit the follow button if you enjoy the stream so you can come back for more! 配信が面白かったらフォローしてね！
[11:45:23]  scottief: yeah i would do that with my kid if i had them
[11:45:54]  303devilfish: no maidens Sadge
[11:45:58]  scottief: percentage gain was like 1000% i think
[11:46:02]  kaeos: i thought you were sterile
[11:46:20]  haine_sense1: you're entertaining
[11:46:41]  kaeos: oh my god haine is sleep typing
[11:47:12]  haine_sense1: @kaeos yep
[11:47:15]  haine_sense1: totally
[11:47:20]  conner_134: hi
[11:47:45]  scottief: well apple has split a bunch of times @ktrZetto
[11:47:49]  conner_134: Hello
[11:47:57] conner_134 redeemed Dab 200
[11:48:25]  conner_134: now you shall dab
[11:48:38]  conner_134: I got it for 200 coins
[11:48:43]  kaeos: that dab is weak as shit
[11:48:49]  scottief: ISLEEP
[11:48:56]  conner_134: FUCK YA
[11:49:24]  haine_sense1: sorry, I am specifically avoiding finance
[11:49:51]  haine_sense1: wait...
[11:49:55]  chisasfam: hey zetotototo
[11:50:11]  zaide_chris: "I don't know what a dap is" Lets add that as a CP reward...
[11:50:26]  kaeos: Poooound
[11:50:40]  chisasfam: !lurj
[11:50:46]  scottief: Poooound
[11:51:46]  scottief: bro twitch is actually trolling me
[11:52:01]  scottief: sound keeps lagging when i refersh toget a new ad
[11:52:03]  haine_sense1: I could study... stochastic financial models next year...
[11:52:09]  haine_sense1: or I could not
[11:52:14]  303devilfish: no :)
[11:52:16]  kaeos: WutFace voice
[11:52:19]  scottief: lol i would if i had more than 5 bucks in my bank account
[11:52:56]  zaide_chris: But Video Ad-Block for twitch is free.
[11:52:58] Haine_Sense1 gifted a Tier 1 sub to Scottief! They have given 4 Gift Subs in the channel!
[11:53:19]  scottief: Pog
[11:53:25]  kaeos: wtf does that say you have 100 subs
[11:53:49]  scottief: ktrzetD
[11:54:23]  haine_sense1: @kaeos he's famous
[11:54:26]  zaide_chris: A twitch staff gifted a bunch a little ago.
[11:54:45]  kaeos: i guess i can use my prime on someone else next month LUL
[11:54:49]  scottief: LUL
[11:55:58]  kaeos: OUR sub count :)
[11:56:09]  kaeos: OUR 2x on bitcoin
[11:56:10]  kaeos: :)
[11:56:17]  haine_sense1: MrFig's sub count
[11:56:47]  scottief: give me your apple stocks
[11:56:51]  kaeos: but its all true
[11:56:53]  haine_sense1: can you give me some money?
[11:57:21]  haine_sense1: I keep giving you too much money
[11:58:33]  scottief: scamazed
[11:58:40]  kaeos: im gonna be PISSED if u end up being some gigachad dude who gets rich off investing but used to be a neet because itd be like the plot of this shitty hentai i saw once
[11:58:50]  scottief: LuL
[11:59:36]  scottief: no reset run incoming?
[12:00:30]  scottief: thats how you should be investing imo
[12:00:34]  scottief: fuck day trading
[12:01:01]  haine_sense1: anyway... 3rd or 4th attempt to go to sleep...
[12:01:05]  kaeos: i thought youve day traded
[12:01:13]  scottief: i think at the end of the day its more just how much capital you can expend rather than how studied you are
[12:01:16]  scottief: night @Haine_Sense1
[12:01:36]  kaeos: oh yeah lol pocket change
[12:02:21]  kaeos: 25k i thought to actually day trade
[12:02:24]  kaeos: min
[12:02:50]  scottief: as a profession you need way more than 25k i think
[12:02:52]  303devilfish: what kind of leech daytrades as a profession?
[12:03:35]  kaeos: anyway gn, i gotta get up bright and early to day trade :)
[12:03:48]  scottief: 2 percent of 25k is 500
[12:04:39]  scottief: gambling addicts be like
[12:05:02]  scottief: i think most day traders are gambling addicts
[12:05:57]  thelostalaskan95: ew study
[12:06:14]  scottief: studying is for chumps you should be able to do it as your god given right
[12:07:50]  rickitarr64: how's your day going Z?
[12:07:54]  thelostalaskan95: yeah its faith haha
[12:08:30]  rickitarr64: glad to hear it
[12:09:00]  rickitarr64: not bad. busy, but surviving
[12:09:51]  thelostalaskan95: how much are you getting paid to translate 😂
[12:09:56]  303devilfish: Pog
[12:10:01]  scottief: what an odd thing
[12:10:02]  rickitarr64: lollll
[12:10:11]  thelostalaskan95: hahahah I mean, it's good marketing 😂
[12:10:17]  thelostalaskan95: free hentai
[12:10:18]  scottief: thats good money yeah
[12:10:19]  rickitarr64: you seem like the perfect person for that lol
[12:10:47]  thelostalaskan95: oh lolll
[12:10:53]  rickitarr64: hahahaha
[12:11:25]  thelostalaskan95: I kinda just ignore the writing on twitter 👀
[12:11:58]  thelostalaskan95: on the spicy pics
[12:12:13]  scottief: i thought instragram doesnt allow porn
[12:12:15]  303devilfish: my entire feed is spicy pics
[12:12:20]  303devilfish: god bless Twitter algorithm
[12:12:28]  scottief: lol i loved seeing that shit
[12:12:47]  thelostalaskan95: I love twitter haha it just knows what I need 😂
[12:13:23]  thelostalaskan95: mine is pretty much spicy genshin
[12:14:52]  thelostalaskan95: so you're giving me a mission
[12:15:19]  thelostalaskan95: on my way to go through jij's followers
[12:16:26]  thelostalaskan95: alright I'll figure out who you follow 😂
[12:17:05]  thelostalaskan95: my account is only private so people can't see my likes 😂
[12:18:07]  rickitarr64: you're streaming at the same time as cheese haha. Almost never happens
[12:18:19]  thelostalaskan95: is there a pfp?
[12:18:40]  rickitarr64: he's like 8 hours in.
[12:18:49]  rickitarr64: I guess it's 5am?
[12:19:52]  scottief: haine said they love you
[12:19:57]  scottief: rainy days slap
[12:20:18]  kiy0t3: gmonSussy duoasiFace
[12:20:32]  rickitarr64: I haate rainy days
[12:20:32]  scottief: rain sounds are great
[12:20:39]  rickitarr64: but I'm originally from UK lol
[12:21:23]  kiy0t3: eh ill get back their
[12:22:01]  rickitarr64: I have a rainforest album that Iisten to sometimes haha. It is quite nice
[12:22:01]  kiy0t3: mrfig is twitch staff
[12:22:15]  thelostalaskan95: I use to have the botw rain sounds playing 🥲
[12:22:24]  rickitarr64: Not been back in a little while unfortunately. Hopefully soon
[12:23:14]  thelostalaskan95: i liked looking at the video now and then 😂
[12:23:38]  thelostalaskan95: also 8hrs long
[12:23:43]  kiy0t3: i redeemed a make my bed while you were outside streaming
[12:23:48]  kiy0t3: MAKE YOUR BED!!
[12:24:21]  rickitarr64: Right. I've been really off international travel recently
[12:24:39] kiy0t3 redeemed Make my bed 1000
[12:24:46]  kiy0t3: i dont see a refund ;p
[12:25:22]  kiy0t3: its a joke cause i just redeemed it
[12:25:23]  kiy0t3: lol
[12:25:32]  303devilfish: FeelsWeirdMan Weeb
[12:25:56] kiy0t3 redeemed Sound Alert: Fail Trompete 500
[12:26:37]  scottief: when are we getting gambles
[12:26:53]  kiy0t3: gonna post lyrics to a song i like maybe you can guess who its from
[12:26:53]  kiy0t3: 闇を裂く白い声 君が吐く言葉は 凍てつく想いで胸を刺す心が
[12:27:14]  kiy0t3: 闇を裂く白い声, 君が吐く言葉は, 凍てつく想いで胸を刺す心が
[12:27:17]  kiy0t3: there
[12:27:20]  kiy0t3: fixed
[12:28:17]  scottief: listen to kagayaki
[12:28:34]  kiy0t3: i said the other day in your discord that a friend of mine said akfg is old rock to them.
[12:28:35]  scottief: ITS NOT WEIRD
[12:28:37]  scottief: its godtier
[12:28:51]  scottief: LUL
[12:29:27]  scottief: asian kung fu generation
[12:29:51]  scottief: tatami galaxy
[12:29:56]  scottief: they did a bunch of anime openings
[12:30:06]  scottief: bro you havent seen tatami galaxy
[12:30:08]  scottief: you gotta watch it
[12:30:08]  kiy0t3: https://www.youtube.com/watch?v=x9nkiTeuYRo
[12:30:25] kiy0t3 redeemed Sound Alert: i suck 1000
[12:31:00]  scottief: i did not say you suck OMEGALUL
[12:31:03]  kiy0t3: lifes harsh as a streamer
[12:31:50]  kiy0t3: gmonDampePls oxide08Panic ktrzetLurk ktrzetNOOO
[12:32:39]  kiy0t3: 私は大きなうんちを取りました！
[12:33:19]  scottief: OMEGALUL
[12:33:22]  kiy0t3: its mine
[12:33:28]  kiy0t3: no one elses
[12:33:58]  kiy0t3: うんざりした！?
[12:34:29]  kiy0t3: is that better?
[12:35:34]  kiy0t3: 家にはバスルームがいくつありますか？
[12:35:38]  kiy0t3: im very tired
[12:36:14] kiy0t3 is gifting 1 Tier 1 Subs to ktrZetto's community! They've gifted a total of 64 in the channel!
[12:36:17] kiy0t3 gifted a Tier 1 sub to Kablaminator!
[12:36:28]  scottief: zetto making bank
[12:36:30]  kiy0t3: if you live in a big house lol
[12:37:14]  rickitarr64: Cheer100
[12:37:46] kiy0t3 redeemed Dab 200
[12:38:44] 샤보이 schaboi: yo
[12:39:12] 샤보이 schaboi: gachiBASS
[12:39:23]  kiy0t3: DAT ASS
[12:39:39]  kiy0t3: gmonSussy gmonSussy
[12:39:59] 샤보이 schaboi: make it again
[12:40:01] 샤보이 schaboi: gachiBASS
[12:40:12]  kiy0t3: completely
[12:40:18] 샤보이 schaboi: hentai?
[12:40:31] 샤보이 schaboi: Sadge
[12:40:34] 샤보이 schaboi: Pog
[12:40:51] 샤보이 schaboi: cum shield
[12:41:18]  kiy0t3: i feel like every Japanese man has a body pillow
[12:41:32] 샤보이 schaboi: admiralBruh
[12:41:48]  303devilfish: nyannAwooga
[12:42:35]  kiy0t3: oxide08Lick
[12:43:49]  kiy0t3: sadly season 2 not announced but they would be insane not to announce it
[12:45:58]  ktrzetto: AND
[12:46:12]  kiy0t3: !lurk
[12:46:12]  nightbot: bye bitch
[13:25:56]  andrewangus: IMMA TYPE THIS BIG ASS MESSAGE TO SEE HOW MANY WORDS TURN INTO ANIME GIRL TIDDIE EMOTES
[13:26:04]  andrewangus: dissapointing
[13:28:58]  pulsejp: ktrzetNOOO
[13:29:46]  rickitarr64: byeeee
[13:29:53]  pulsejp: R ktrzetNOOO S ktrzetNOOO T
[13:30:53] ktrZetto is now offline.
[13:31:07]  andrewangus: ktrzetNo
