# Start logging at 2022-02-02 09:47:55 Tokyo Standard Time
[09:47:55]  streamelements: ktrZetto is now live! Streaming Super Mario 64: 【JP/EN】☆70 Mario Speedruns | PB 1:04:53 | !discord
[09:47:55] 2022年2月2日
[09:48:13]  andrewangus: Pog
[09:48:20] ktrZetto is live!
[09:48:31]  andrewangus: how you doing
[09:48:41]  deohang: Hiya
[09:48:50]  deohang: Can’t see the gameplay
[09:49:45]  deohang: Oh there it is
[09:50:47]  deohang: How you liking pkmn legends so far?
[09:51:26]  krystenxo: ktrzetChill
[09:51:49]  krystenxo: what time is it for you rn?
[09:51:54]  deohang: Yeah it’s like almost 2am
[09:52:00]  deohang: Not EU friendly
[09:52:09]  haine_sense1: Yo
[09:52:17]  krystenxo: damn degen stream for you lol
[09:52:19]  deohang: @haine_sense1 Hiyaaa
[09:52:40]  haine_sense1: Help me, I have to prove something I don’t believe
[09:52:47]  krystenxo: im doing a late stream tonight too, but i always do late streams lol
[09:53:15]  deohang: Btw I’m still sick with COVID man
[09:53:18]  haine_sense1: Ok, that’s not true, I believe it because it’s a question to prove it
[09:53:29]  haine_sense1: It’s maths
[09:53:36]  robertzarmy: UWAAAAAAAAAAAAAAAAAAAA
[09:53:37]  krystenxo: my last stream i started at 1:30am & ended at 5am lmao
[09:53:52]  haine_sense1: But I wouldn’t have thought it had it not been a question
[09:54:19]  krystenxo: im not starting that late tonight though lol
[09:55:07]  robertzarmy: proofs are actually stupid
[09:55:20]  haine_sense1: How so?
[09:55:22]  krystenxo: central
[09:55:54]  krystenxo: eastern is 1 hour ahead of me
[09:56:26]  robertzarmy: hey did u get a Kleavor yet
[09:56:27]  haine_sense1: I’m on all schedules
[09:57:08]  krystenxo: my stream did better at the really late time though, maybe i should start at 1:30am again lmao
[09:57:14]  deohang: Coughing a lot still so I got some medication
[09:57:22]  deohang: But was allergic to the medication
[09:57:39]  deohang: So my entire face is really red and puffy and itchy now
[09:57:48]  robertzarmy: @ktrZetto ratio
[09:58:18]  krystenxo: i agree lmao
[09:58:25]  krystenxo: time zones dont make sense
[09:59:09]  haine_sense1: My sleep schedule gradually rotates around the 24 hour period
[09:59:44]  robertzarmy: @robertzarmy <3
[10:00:14]  krystenxo: constant coughing is literally the worst
[10:00:18]  nightbot: Hit the follow button if you enjoy the stream so you can come back for more! 配信が面白かったらフォローしてね！
[10:00:54]  krystenxo: you're right, lets just do 8 hours Kappa
[10:01:12]  haine_sense1: Just become a full time streamer
[10:01:27]  robertzarmy: idk
[10:01:45]  haine_sense1: Aren’t the dates the Equinoxes
[10:01:47]  krystenxo: uh some time in march & October i think
[10:01:48]  haine_sense1: ?
[10:01:55]  robertzarmy: idk what an equinox is
[10:02:17]  haine_sense1: Days when night length = day length
[10:02:42]  starfyanddeltarunefan: ayo
[10:03:27]  starfyanddeltarunefan: sink island
[10:03:39]  haine_sense1: Lol
[10:03:43]  krystenxo: my longest is 7 1/2, but haven't done that in months
[10:03:49]  haine_sense1: When you doing a 24 hour stream?
[10:03:53]  krystenxo: idk if i could stream mario for 8 hours lol
[10:04:16]  robertzarmy: become full time please I need to leech off you
[10:04:58]  starfyanddeltarunefan: wasnt there a somethingbbzou  here yesterday
[10:05:16]  starfyanddeltarunefan: !sink @taiwan
[10:06:02]  robertzarmy: I miss the old Zetto
[10:06:33]  haine_sense1: !unsink @atlantis
[10:06:36]  starfyanddeltarunefan: gift me subs
[10:06:56]  starfyanddeltarunefan: i need to invest in technolgy that can sink land
[10:07:41]  haine_sense1: wait, you wanted a sub?
[10:08:26]  haine_sense1: I guess not..
[10:08:45]  starfyanddeltarunefan: yes i want a sub
[10:09:07] Haine_Sense1 is paying forward the Gift they got from JoshInJapan to starfyanddeltarunefan!
[10:09:07] Haine_Sense1 gifted a Tier 1 sub to starfyanddeltarunefan! They have given 3 Gift Subs in the channel!
[10:09:50]  haine_sense1: what's the sub goal actually for?
[10:09:56]  starfyanddeltarunefan: thanks! @Haine_Sense1
[10:09:56]  haine_sense1: lol
[10:10:18]  haine_sense1: nice lol
[10:10:25]  haine_sense1: I mean, that's not true
[10:10:31]  haine_sense1: big streamers do
[10:11:18]  robertzarmy: wait can i have a sub
[10:11:25]  haine_sense1: but what if I want to waste my money?
[10:11:42]  haine_sense1: if it says that they are going to
[10:12:13]  robertzarmy: plz im poor
[10:12:55]  haine_sense1: eh, I've seen you around
[10:12:57]  robertzarmy: D:
[10:13:14]  robertzarmy: wow dude
[10:13:16]  haine_sense1: you can sub if you want yourself
[10:13:20]  robertzarmy: id just get VIP instead
[10:13:22]  robertzarmy: thats cooler
[10:13:28]  haine_sense1: this is true
[10:13:30]  haine_sense1: it is cooler
[10:13:48]  haine_sense1: I'm currently at 23.7K
[10:14:33]  haine_sense1: but without actually being a mod?
[10:14:33]  robertzarmy: poor ass
[10:14:36]  haine_sense1: that's weird lol
[10:14:48]  haine_sense1: @robertzarmy what are you at?
[10:14:51]  robertzarmy: more
[10:15:11]  haine_sense1: be specific
[10:15:15]  robertzarmy: I refuse
[10:15:27]  haine_sense1: they wouldn't be scared
[10:15:40]  haine_sense1: not considering what I'd be saying
[10:15:51]  haine_sense1: ok, they might be scared of what I'm saying
[10:15:56]  robertzarmy: dude that lakitu bounce is so much faster
[10:15:57]  robertzarmy: than that
[10:16:19]  robertzarmy: no i dont
[10:18:10]  haine_sense1: I need shota vtubers
[10:18:45]  haine_sense1: yes, it would be weird lol
[10:19:16]  haine_sense1: solution!
[10:19:22]  haine_sense1: have an actual kid voicing it
[10:19:32]  haine_sense1: then it's just as weird
[10:20:37]  haine_sense1: this is true
[10:20:54]  haine_sense1: that was quite bad
[10:21:28]  haine_sense1: does this practice thing allow for practicing on non-stopped ttc?
[10:21:48]  musicelliott: Yo what’s up Z
[10:23:32]  haine_sense1: yea, the first one and the one you're supposed to get to by riding on the hand
[10:25:02]  haine_sense1: ooh, those bands are cool
[10:25:11]  haine_sense1: sometimes
[10:25:33]  haine_sense1: casual players have time
[10:25:50]  haine_sense1: it takes less time when sped up
[10:28:09]  haine_sense1: now that I think about it, I like that you thought the problem with having a kid voicing a shota vtuber was the monetisation and not that then that kid would very likely be sexualised
[10:28:18]  haine_sense1: due to them being a vtuber
[10:28:45]  haine_sense1: yea of course
[10:29:18]  haine_sense1: yea, I know
[10:29:40]  haine_sense1: we already know that you're like 80
[10:30:03]  haine_sense1: "a good age"
[10:30:17]  haine_sense1: are you suggesting that some ages are better than others?
[10:30:29]  haine_sense1: how agist of you
[10:30:40]  haine_sense1: ageist
[10:31:11]  haine_sense1: except kids who think that being an adult is cool
[10:31:41]  haine_sense1: what like... laws?
[10:32:37]  haine_sense1: kids tend to be less bound by laws due to how they're often considered unaccountable for such things
[10:33:49]  haine_sense1: nah, my weekends are catching up on work
[10:33:54]  haine_sense1: cos student
[10:35:07]  haine_sense1: well yea
[10:35:20]  haine_sense1: lol
[10:36:17]  haine_sense1: from what I've heard, the medicine course here is super hard
[10:37:58]  haine_sense1: fulfilment in playing videogames
[10:39:52]  haine_sense1: My current aim as a student is beating my family
[10:40:00]  haine_sense1: I will get a better degree than them
[10:40:02]  haine_sense1: lol
[10:40:15]  haine_sense1: which means I have to get a 1st
[10:40:29]  haine_sense1: a 1st class degree
[10:40:41]  haine_sense1: which is basically being in the top 30% of the uni
[10:40:43]  haine_sense1: idk
[10:40:56]  haine_sense1: I have in all other qualifications so it's fun lol
[10:41:36]  haine_sense1: yea, basically
[10:42:23]  haine_sense1: fortunately I'm very good at being someone no one envies because I hate my life :)
[10:43:39]  haine_sense1: I mean, in reality, I've always been a shit person until I was like 17 and noticed and tried to improve myself
[10:43:49]  haine_sense1: I mean, I've still been pretty shitty since then but eh
[10:44:19]  haine_sense1: improvement comes in stages
[10:44:45]  haine_sense1: lol
[10:44:48]  haine_sense1: I agree
[10:44:59]  haine_sense1: you are perfect chicke213Love rasenuLove
[10:45:15]  haine_sense1: Love you <3
[10:45:42]  haine_sense1: you're really good at bomb clip
[10:47:02]  haine_sense1: Summoning Salt's new video: How Nintendo Became the Most Hated Company by the Speedrunning Community
[10:47:20]  haine_sense1: wait, I haven't done today's wordle
[10:47:57]  haine_sense1: they patched BOMB CLIP
[10:49:54]  chisasfam: omg its
[10:49:55]  chisasfam: is you
[10:49:57]  chisasfam: hello
[10:50:02]  chisasfam: its THE Zetto
[10:51:19]  chisasfam: would I be right to say O genki desu ka or hajimemashite for "How are you"
[10:51:21]  haine_sense1: Wordle 228 5/6  ⬛🟩⬛⬛⬛ ⬛🟩🟨⬛⬛ 🟩🟩⬛🟨🟨 🟩🟩🟨🟨⬛ 🟩🟩🟩🟩🟩
[10:51:24]  chisasfam: on that note, how are you?
[10:51:51]  chisasfam: ahhh okay okay
[10:52:02]  robertzarmy: ぎんたま
[10:52:04]  chisasfam: I am glad you are okay <3
[10:52:06]  robertzarmy: きんたま
[10:52:08]  robertzarmy: ＊＊＊＊＊＊＊
[10:52:23]  robertzarmy: i just said gintama how embarrasing
[10:52:36]  haine_sense1: what's wrong with Gintama?
[10:52:41]  robertzarmy: i meant to say kintama
[10:52:44]  robertzarmy: which means balls
[10:52:48]  haine_sense1: oh I see
[10:52:50]  haine_sense1: nice
[10:54:18]  robertzarmy: i like saying きんたま
[10:55:01]  chisasfam: Messing up bombclip in 16 star is worse then messing it up in 70 id think
[10:55:04]  haine_sense1: WHY IS A CONE NOT A TOPOLOGICAL SURFACE??
[10:55:05]  chisasfam: they sag an average amount
[10:55:07]  robertzarmy: hmm
[10:55:16]  robertzarmy: 9 inches on a bad day
[10:56:30]  robertzarmy: the ladies love it
[10:56:34]  chisasfam: to sag or not the sag
[10:57:02]  robertzarmy: tbh zetto u couldnt rock any sag
[10:57:03]  chisasfam: sagio o sagio where art thou sagio
[10:57:09]  haine_sense1: I mean, it has to be Hausdorff... since it's a subset of R^3... and it has to have a countable basis
[10:57:23]  robertzarmy: no REREAD MY MESSAGE
[10:57:30]  haine_sense1: "couldn't"
[10:58:01]  haine_sense1: @Chisasfam sageo*
[10:58:16]  chisasfam: @Chisasfam my deepest apologies <3
[10:58:38]  haine_sense1: so clearly if it's not a topological surface, then it's got some point that doesn't have an open neighbourhood homeomorphic to R^2
[10:59:10]  chisasfam: Zetto do you engage in the gaming of Minecraft, its kind of a Unknown game tbf you might not know it
[10:59:11]  haine_sense1: how much do your balls sag?
[10:59:38]  haine_sense1: you asked us, so clearly we can ask you
[11:00:03]  haine_sense1: estimate average
[11:00:04]  chisasfam: you give simply vibes and its v funny , you are v underrated lmfao
[11:00:20]  nightbot: Hit the follow button if you enjoy the stream so you can come back for more! 配信が面白かったらフォローしてね！
[11:00:33]  haine_sense1: when it's cold, your balls are supposed to stop sagging as much to keep heat
[11:00:43]  haine_sense1: to keep them at the optimal temperature
[11:01:55]  haine_sense1: they don't like being as hot as normal body temperature - hence why they sag out
[11:02:18]  chisasfam: Normalise saggy balls
[11:02:23]  haine_sense1: you also can't climb poles
[11:03:22]  haine_sense1: you didn't do my point redeem
[11:03:48]  chisasfam: if you dont have saggy balls its kinds weird
[11:03:50]  chisasfam: like 󠀀
[11:04:02]  chisasfam: theres lenf handed and right handed, we all know being left handed is better
[11:04:25]  chisasfam: lenf sadge
[11:04:42]  haine_sense1: @Chisasfam no, being central handed is way better
[11:04:53]  haine_sense1: PROMOTION
[11:04:53]  chisasfam: @Chisasfam TRUE
[11:05:36]  chisasfam: yeah no but
[11:05:38]  chisasfam: right
[11:06:17]  chisasfam: if you are left handed you have an advantage in sports bc you always play against right handed people and right handed people never play agasint left handed people
[11:06:24]  cupcake_chi: hello crewmates
[11:06:33]  chisasfam: I use my left hand on my mouse and I use arrow keys to move lol
[11:06:45]  haine_sense1: being left handed is just super sinister though
[11:07:31]  haine_sense1: @Chisasfam this is only true up to a certain level
[11:07:37]  cupcake_chi: learn the matchup haha heehee
[11:07:59]  chisasfam: depends on the sport though haine i feel
[11:08:23]  haine_sense1: don't mind me doing latin jokes in a Japanese streamer's chat
[11:08:24]  cupcake_chi: u play on keyboard....
[11:08:35]  chisasfam: I dont play sm64 keyboard lol dw
[11:09:02]  chisasfam: so I use Right shift sprint, right control crouch , Semi Colon for inventory
[11:09:25]  chisasfam: the only issue is getting used to reaching the space button
[11:09:44]  haine_sense1: specifically sinister since sinister meant left in latin or something
[11:10:08]  haine_sense1: like dexter meant right or something
[11:11:01]  haine_sense1: I remember trying
[11:11:06]  haine_sense1: it was so painful
[11:11:14]  chisasfam: I saw the 16 star on Mobile run omfg it was so weird to watch
[11:11:58]  haine_sense1: smol hands
[11:12:10]  chisasfam: how tall are you xetto if you dont mind me asking
[11:12:11]  haine_sense1: clearly not a pianist
[11:12:24]  chisasfam: Imagine not playing piano or guitar , cringe smh
[11:12:24]  haine_sense1: @Chisasfam he's smol
[11:12:55]  haine_sense1: ah, but you did learn the word etymology
[11:13:12]  haine_sense1: unlike many people who speak English as their mother tongue
[11:13:35]  haine_sense1: of course, I know what it means
[11:13:36]  chisasfam: I learnt english the same way dw , I learnt it from watching american tv shows , then I learnt it properly when we moved to england
[11:13:53]  haine_sense1: England's so much better than the US
[11:14:01]  haine_sense1: we have better jokes
[11:14:05]  haine_sense1: and humour
[11:14:08]  haine_sense1: and irony
[11:14:11]  haine_sense1: and etc.
[11:14:14]  chisasfam: it is , unless you live in liverpool its a shithole
[11:14:20]  haine_sense1: ok, fair
[11:14:54]  haine_sense1: ^you can put literally any place in the England in that sentence and it still be true
[11:15:22]  haine_sense1: being in England is better than being in the US, but being in X specific place in England is worse than being in the US
[11:15:57]  chisasfam: BRASIL BRASIL BRASIL BRASIL NUKBER 1 <3 <3 <3 <3 <3
[11:16:10]  haine_sense1: yea, exactly it's only me lol
[11:16:21]  chisasfam: Brasil >>>>>>>>
[11:16:24]  haine_sense1: and I just do it for fun
[11:16:37]  chisasfam: there you go, Hyping the chat infighting
[11:16:40]  cupcake_chi: what jobs could I get as a foreigner in Japan
[11:16:42]  cupcake_chi: walking bean??
[11:16:44]  haine_sense1: @Chisasfam this has lots of hot boys in
[11:17:18]  haine_sense1: my brother is a translator for games
[11:17:24]  haine_sense1: in Tokyo
[11:17:38]  cupcake_chi: I wanna translate nekopara
[11:17:45]  chisasfam: Zetto do "White Monkeys" actually exist or ?
[11:18:06]  chisasfam: like the job
[11:18:09]  haine_sense1: monkeys that are white
[11:18:11]  chisasfam: the job lmfao
[11:18:18]  robertzarmy: i hear japanese people are very racist. thoughts
[11:18:21]  chisasfam: OH LMFAO
[11:18:27]  cupcake_chi: yes zetto is very racist
[11:18:34]  haine_sense1: ^
[11:18:50]  haine_sense1: I feel discriminated against every time I come here
[11:18:57]  chisasfam: Right so APPARENTLY in like Japan and Korea and stuff if you are white you can get a job where you stand around in companies buildings
[11:19:04]  chisasfam: and it makes the company "Look good"
[11:19:05]  haine_sense1: I'm a masochist though so I come back ;)
[11:19:10]  chisasfam: but idk if its true of not lol
[11:19:30]  cupcake_chi: thankfully I'm from an Island so they'll think I'm white lmao
[11:19:42]  robertzarmy: okay so it's just you then
[11:20:08]  nightbot: Hit the follow button if you enjoy the stream so you can come back for more! 配信が面白かったらフォローしてね！
[11:20:39]  chisasfam: :s
[11:21:59]  chisasfam: yeah igy igy
[11:22:44]  chisasfam: question: Would you be okay with me practicing my japanese with you in dms sometimes so I can get feedback and stuff?
[11:23:13]  cupcake_chi: or a japanese server in your discord
[11:23:15]  haine_sense1: he occasionally responds to my dms
[11:23:18]  chisasfam: alls good <3
[11:23:22]  chisasfam: yeah yeah okay!
[11:23:28]  haine_sense1: he's the best <3
[11:23:47]  cupcake_chi: i need Japanese people to talk to during degen hours
[11:23:48]  chisasfam: okay okay so , its night time here so I would say Konbawa yes?
[11:24:10]  haine_sense1: that doesn't sound like night
[11:24:13]  cupcake_chi: yessirrrr
[11:24:23]  haine_sense1: but I might just be bad
[11:24:30]  haine_sense1: which is quite likely
[11:24:55]  haine_sense1: is konbanwa just for not morning?
[11:25:10]  haine_sense1: evening ah
[11:25:17]  chisasfam: So to introduce myself "Watashi wa Chisa Desu" or Boku wa since im male
[11:25:28]  haine_sense1: it's been so long since I've tried to remember these things
[11:25:37]  haine_sense1: Ore
[11:25:40]  chisasfam: there is a story behind my name and why its a japanese name even though im brasilian :s
[11:26:24]  chisasfam: yeah yeah
[11:26:44]  musicelliott: Watashi is more formal right? From what I hear, using anata, Watashi isn’t very common amongst friends or acquaintances but I could be wrong
[11:27:00]  chisasfam: like in portuguese youd say "oi mano eu nome e chisa"
[11:27:09]  haine_sense1: wait, so you're a Brazilian male and earlier I said that Brazil has some cute boys...
[11:27:11]  haine_sense1: are you one?
[11:27:15]  chisasfam: Yeah Sao Paulo has one of the biggest japanese populations outside of japan
[11:27:26]  usausachu: Heyo
[11:27:38]  usausachu: Omae
[11:27:39]  usausachu: Ye
[11:27:46]  cupcake_chi: omae is formal Kappa
[11:27:47]  chisasfam: Im from the Amazon though, my family has a huge Asian Influence since alot of my grand fathers friends were Japanese, Korean ect
[11:27:59]  chisasfam: so my mother named me Chisa because she liked the name
[11:28:08]  usausachu: Omae is kinda rude to say isn’t it
[11:28:11]  usausachu: To non-friends
[11:28:13]  cupcake_chi: yes
[11:28:19]  usausachu: お前
[11:28:34]  chisasfam: then a few years ago we found out its a girls name, (im pretty sure?)
[11:28:47]  haine_sense1: lol funny
[11:29:19]  cupcake_chi: it's basically like pointing at someone while talking to them
[11:29:34]  chisasfam: AHAH
[11:29:36]  cupcake_chi: we can call u cheese then
[11:29:37]  haine_sense1: same lol
[11:29:38]  chisasfam: no I am a dude
[11:29:44]  chisasfam: Cheese :p
[11:29:48]  chisasfam: My friends call me chi lol
[11:30:00]  cupcake_chi: chico
[11:30:01]  chisasfam: uh right so
[11:30:12]  nightbot: What's up, local degenerate shillbot here to tell you that if you have Amazon Prime, you can link it with your Twitch account for a free sub!
[11:30:17]  haine_sense1: チース
[11:30:23]  chisasfam: when I start my home stay when I go to uni right, id introduce myself using "Watashi wa"
[11:30:32]  chisasfam: and do I pronouce the I in watashi?
[11:31:25]  haine_sense1: @cupcake_chi chico 👀
[11:32:05]  haine_sense1: Zetto, based on how much I've been talking about certain things, you know what I'm thinking right?
[11:32:32]  haine_sense1: weird
[11:32:39]  chisasfam: the vowels in portuguese and Japanese are quite similar so pronounciation should be easy?
[11:32:42]  haine_sense1: it was based on the previous message
[11:33:21]  haine_sense1: Japanese pronunciation is simple
[11:33:24]  cupcake_chi: thankful I speak Spanish
[11:33:40]  cupcake_chi: otherwise I'd be like wuhtahshee wuh
[11:33:55]  cupcake_chi: very similar yes
[11:33:56]  chisasfam: Spanish and Portuguese are similar
[11:33:57]  chisasfam: BUT 󠀀
[11:34:02]  haine_sense1: how one puts emphasis is harder to learn, but that's weird
[11:34:18]  rinta_rnt: ハードオフ行けます
[11:34:29]  chisasfam: Spanish people cant understand portuguese people , but Portuguese people can understand spanish
[11:34:49]  haine_sense1: @Chisasfam that's funny
[11:35:20]  chisasfam: I dont know
[11:35:28]  chisasfam: Grammar rules are similar
[11:35:30]  haine_sense1: Portuguese people are just better right?
[11:35:32]  chisasfam: its words i think
[11:35:39]  chisasfam: Portuguese is better yes
[11:35:59]  chisasfam: but dont call a BrasilIian person a portuguese person bc theyll cry
[11:36:14]  haine_sense1: ok...
[11:36:20]  haine_sense1: I wasn't going to
[11:36:41]  haine_sense1: urgh calling it soccer
[11:36:52]  chisasfam: footbol sadge
[11:36:58]  chisasfam: volleyball >
[11:37:10]  haine_sense1: I never learnt volleyball well
[11:37:19]  haine_sense1: I would've enjoyed it better I'm sure
[11:37:35]  chisasfam: theres hardly any volleyball clubs in liverpool
[11:37:47]  chisasfam: theres 2 and they are womens teasm :(
[11:38:08]  haine_sense1: wait, so Japanese people call football soccer and the American one American football... (or it's shortened form)...
[11:38:15]  haine_sense1: that's like unambiguous
[11:38:21]  haine_sense1: it's almost sensible
[11:39:53]  haine_sense1: volleyball is horrible if you don't play it much
[11:40:07]  chisasfam: yeah its something you need to get used to
[11:40:09]  nightbot: Hit the follow button if you enjoy the stream so you can come back for more! 配信が面白かったらフォローしてね！
[11:40:27]  haine_sense1: I played rugby in school and like... ya know... volleyball was horrible though
[11:40:39]  haine_sense1: much worse than rugby
[11:41:05]  chisasfam: exactly
[11:41:19]  chisasfam: how long have you been running 70?
[11:41:43]  haine_sense1: since he was a baby :)
[11:42:01]  chisasfam: nice nice
[11:42:05]  chisasfam: whats your 16 pb?
[11:42:16]  chisasfam: nice nice
[11:42:32]  chisasfam: Ive been stuck on 23:10 for over a month now :s
[11:43:13]  chisasfam: did you do no lblj?
[11:43:27]  chisasfam: you can get a better time by moving the man fast
[11:44:27]  haine_sense1: when you doing your first 0 star run?
[11:44:47]  chisasfam: whats your favourite mario game
[11:45:10]  haine_sense1: ok... how about a 1 star?
[11:45:35]  haine_sense1: ^same thing but less of what feels like rng
[11:45:59]  chisasfam: 3D World is the best mario game smh
[11:46:04]  chisasfam: you are literally a cat
[11:46:14]  haine_sense1: I really don't like 3D world...
[11:46:25]  chisasfam: i love 3d world >:(
[11:46:49]  haine_sense1: I mean, the only reason I don't like it is because Mario's slow
[11:47:05]  chisasfam: I like 3d world bc you dont have to play as mario
[11:47:14]  chisasfam: I play as peach lol
[11:47:27]  chisasfam: Switch + WII U version
[11:47:43]  haine_sense1: is that the one that also has Bowser's fury?
[11:47:44]  chisasfam: the 3DS one was 3D Land
[11:47:50]  haine_sense1: oh
[11:47:54]  chisasfam: yeah the switch has Bowsers fury
[11:48:04]  chisasfam: 3D land is tanuki and 3D world is cat
[11:48:17]  haine_sense1: nearly got the backup
[11:48:37]  haine_sense1: death
[11:48:40]  haine_sense1: except not
[11:48:44]  chisasfam: merdaaaaaa
[11:48:50]  haine_sense1: yes death
[11:49:09]  haine_sense1: I can see why you'd have a meltdown
[11:49:13]  haine_sense1: it's pretty hot in there
[11:49:29]  chisasfam: meu deus LMFAO
[11:50:01]  haine_sense1: this is going so well
[11:50:02]  haine_sense1: lol
[11:50:16]  chisasfam: wr pace
[11:50:41]  haine_sense1: I miss the times we could make zetto do press ups and sit ups
[11:50:46]  haine_sense1: those were the days
[11:51:35]  haine_sense1: mostly because back then I had a bit of a stupid crush on him for no reason.
[11:51:42]  haine_sense1: ok, it's cos I feel lonely but eh
[11:51:55]  haine_sense1: don't mind me just talking about this while he's not here
[11:52:16]  haine_sense1: ktrzetSmile
[11:53:04]  haine_sense1: yea, now I just save up on points since I don't care about any of the other point rewards except the vip/I WILL TAKE MY MASK OFF
[11:53:11]  chisasfam: I am trying to get VIP in cheese chat, its 1mil points, I underestimated how long it would take
[11:54:17]  haine_sense1: do you know how much kiy0t3 has? (idk if I got the right way of writing that)
[11:54:24]  chisasfam: I watch all his streams , he finished around the time you started today tbf so its easy bc then I can just come here xox
[11:54:50]  chisasfam: zetto if I uh
[11:54:57]  chisasfam: hm
[11:54:59]  chisasfam: If I
[11:55:19]  chisasfam: i forgot what i was going to say :s
[11:55:33]  haine_sense1: hm...
[11:55:42]  haine_sense1: did you or didn't you remove this...
[11:55:48]  haine_sense1: !pat @ktrZetto
[11:55:48]  nightbot: Haine_Sense1 pats ktrZetto uwu nya~!
[11:55:55]  haine_sense1: hehe it's still there
[11:56:58]  haine_sense1: btw, does anyone know why English people pronounce pi as pie instead of pee?
[11:57:42]  haine_sense1: pi being the greek letter
[11:58:10]  haine_sense1: no, that's pronounced pee
[11:58:14]  chisasfam: zetto it is my bedtime
[11:58:26]  chisasfam: gl on the runs , have a good day! <3
[11:58:38]  haine_sense1: the English pronunciation is just not the same as the greek pronunctiation
[11:58:43]  haine_sense1: pronunciation
[11:58:49]  haine_sense1: @Chisasfam cya
[11:59:00]  chisasfam: chisasBLJ chisasBLJ chisasBLJ
[11:59:03]  chisasfam: chisasLove
[12:00:21]  nightbot: Hit the follow button if you enjoy the stream so you can come back for more! 配信が面白かったらフォローしてね！
[12:03:18]  haine_sense1: wooooo lonely alone time!
[12:03:55]  haine_sense1: wanna date for valentines ;)
[12:04:13]  haine_sense1: I know :)
[12:04:16]  haine_sense1: lol
[12:04:32]  haine_sense1: covid's so un-scary though
[12:04:36]  haine_sense1: LOL
[12:04:56]  imshakedown: bro wtf
[12:05:04]  imshakedown: why ur english so good
[12:05:16]  imshakedown: got the accent and everything
[12:05:22]  haine_sense1: cos he's good at English :)
[12:05:29]  usausachu: He’s Japanese clintstevens
[12:05:34]  usausachu: !so clintstevens
[12:05:34]  nightbot: Check out clintstevens who was last seen playing "Mario Party Superstars". Give them a follow at twitch.tv/clintstevens
[12:07:35]  usausachu: Sadge
[12:07:45]  usausachu: I messaged him happy borthday
[12:08:03]  usausachu: Ye
[12:08:14]  usausachu: He said ty
[12:09:18]  haine_sense1: oh... I gotta get up tomorrow
[12:09:56]  haine_sense1: think I gotta leave at like... 9:40am
[12:10:01]  haine_sense1: it's 3am
[12:10:18]  haine_sense1: yea, probs
[12:10:46]  haine_sense1: but before sleep
[12:10:57]  haine_sense1: I need to avoid sleeping a bit more
[12:12:46]  usausachu: ktrzetThinkHYPER
[12:12:59]  haine_sense1: how to play: play good
[12:14:24]  ktrzetto: ktrzetGZ
[12:14:27]  usausachu: ktrzetCheer
[12:16:10]  haine_sense1: I don't use your emotes
[12:16:35]  haine_sense1: but they're bad
[12:16:46]  haine_sense1: ok
[12:16:52]  usausachu: ktrzetCry
[12:16:52]  haine_sense1: they aren't as amazing as my others
[12:17:23]  haine_sense1: rasenuLurk rasenuComfy rasenuHi rasenuGo rasenuLove chicke213Ohnonono chicke213Love chicke213Comfy chicke213Cut chicke213Hi
[12:17:34]  haine_sense1: being cute animal
[12:18:02]  haine_sense1: just because of those channels are related to those lol
[12:18:11]  laurabraus: whats up
[12:18:19]  haine_sense1: the ceiling
[12:18:41]  haine_sense1: like the chicken ones are from a channel called "chickenrunnnn"
[12:18:43]  haine_sense1: or something
[12:19:12]  haine_sense1: and the cat ones are cat ones and people there like cats
[12:19:49]  pulsejp: modCheck owlless?
[12:19:51]  haine_sense1: I just think those cats look cute
[12:19:53]  pulsejp: smh
[12:20:05]  haine_sense1: real cats... eh
[12:20:08]  nightbot: Hit the follow button if you enjoy the stream so you can come back for more! 配信が面白かったらフォローしてね！
[12:20:09]  haine_sense1: real dogs, eh
[12:20:16]  pulsejp: 12.9
[12:20:16]  haine_sense1: shota ;)
[12:20:40]  haine_sense1: pokemon <3 <3 <3
[12:20:59]  pulsejp: GAMING
[12:21:01]  haine_sense1: oh, you have a dog
[12:21:02]  haine_sense1: cool
[12:21:34]  pulsejp: Josh never hits that button
[12:23:01]  pulsejp: RESET
[12:24:48]  pulsejp: CLEAN
[12:28:36]  pulsejp: RED OMEGALUL
[12:29:17]  pulsejp: COPIUM
[12:29:19]  musicelliott: がんばってください! ktrzetD
[12:29:55]  pulsejp: 無理しないで Kappa
[12:31:03]  robertzarmy: きんたま
[12:31:30]  pulsejp: うんこ
[12:31:30]  robertzarmy: i knew all those words
[12:31:56]  pulsejp: ちんちん
[12:32:04]  pulsejp: 社会人です
[12:33:09]  pulsejp: Pillar less??? modCheck
[12:33:17]  pulsejp: NOPERS not my streamer
[12:33:46]  haine_sense1: he said "Oh God" like Sykkuno
[12:34:20]  pulsejp: “Oh Jesus”
[12:34:41]  haine_sense1: hahaha
[12:35:02]  haine_sense1: thank you for your attempt
[12:35:11]  haine_sense1: it was very entertaining
[12:36:00]  pulsejp: You’re here for playing Mario and getting a PB
[12:42:26]  imshakedown: good first red loggyChatting
[12:44:27]  pulsejp: OMEGALUL
[12:44:35]  haine_sense1: no you don't
[12:44:49]  haine_sense1: you did before that mistake
[12:44:52]  pulsejp: Proud of you to not reset within 15 mins
[12:45:02]  agranadoe64: how's bljing to the 8th demention
[12:46:59]  agranadoe64: not anymore here's a thing I'd like to call ahem Cheating
[12:47:27]  haine_sense1: let's finish a run just for fun
[12:49:30]  agranadoe64: the background of wet dry world is actually a city in spain
[12:52:13]  haine_sense1: keep going
[12:52:14]  haine_sense1: for fun
[12:52:36]  haine_sense1: enjoy the run because you clearly aren't on particularly good form today
[12:53:18]  haine_sense1: this looks so enjoyable
[12:53:52]  haine_sense1: repeatedly wall jumping into a wall
[12:58:15]  haine_sense1: you mean you need to save time in your worst splits?
[12:58:17]  haine_sense1: sounds doable
[12:58:55]  rinta_rnt: INSANE PERSONの文字がピンクになった
[12:58:56]  haine_sense1: lol
[12:59:15]  haine_sense1: EVERYTHING MUST GO WRONG
[13:00:10]  rinta_rnt: なんで最近16星じゃないの
[13:00:36]  agranadoe64: imagine seeing the old Mario 64 prototypes a red thing with skin
[13:03:14]  agranadoe64: there was once a bid for Mario 64 for 1 million dollars yet you can buy one on ebay that looks brand new for 21 dollars
[13:04:18]  rinta_rnt: その階段ホホホホうって言ったほうが時間節約できんじゃないの
[13:06:46]  haine_sense1: that sounded positive
[13:06:57]  usausachu: I’m here for history
[13:06:59]  usausachu: Let’s go
[13:07:04]  haine_sense1: that sounded less positive
[13:07:18]  agranadoe64: ねえ、私は日本語で何か言った
[13:07:20]  rinta_rnt: リセット
[13:07:49]  rinta_rnt: ｗｗｗｗｗｗｗｗｗｗｗ
[13:07:50]  haine_sense1: don't call people to watch unless you've literally just thrown bowser for the last time correctly
[13:08:03]  haine_sense1: else you'll just mess up straight away
[13:08:42]  haine_sense1: you said "We might pb"
[13:08:46]  agranadoe64: if there was a mistranslation that's because I used Google translate
[13:08:49]  haine_sense1: in a positive voice
[13:08:57]  usausachu: Hi was just lurking
[13:08:59]  usausachu: I**
[13:09:05]  haine_sense1: exactly
[13:09:09]  haine_sense1: that's how you normally are
[13:09:36]  rinta_rnt: ハードオフのお時間です
[13:09:40]  haine_sense1: depression is life
[13:09:59]  rinta_rnt: MarioKart64
[13:10:01]  agranadoe64: @haine_sense1  pb hmmm PEANUT BUTTER
[13:10:24]  rinta_rnt: 電車でGO pro
[13:11:33]  rinta_rnt: 64であるよAamazonで6000円
[13:12:09]  haine_sense1: ok, I'm gonna go sleep so that I can not be dead
[13:12:25]  agranadoe64: (if Mario was a mosquito) it's a me malario
[13:12:30]  haine_sense1: good luck with runs even though you'll just fail them all so it's pointless
[13:12:38]  haine_sense1: :)
[13:13:03]  agranadoe64: @haine_sense1 bye depressed person
[13:13:08]  haine_sense1: :)
[13:14:37]  rinta_rnt: BigPhish
[13:15:02]  rinta_rnt: 無双じゃない？
[13:15:24]  rinta_rnt: わかんない
[13:15:42]  rinta_rnt: AmaPrime
[13:16:25]  agranadoe64: さようなら私は寝るつもりです私はこれを日本語で書いたので誰も私を止めることができませんさようなら
[13:16:40]  rinta_rnt: おはようございまーす^^
[13:18:48]  chef_zack: Pog real time
[13:19:01]  chef_zack: thanks zetto HYPERS
[13:19:12]  chef_zack: yeah
[13:20:02]  fredmanftw: Zetto! Hope ur having awesome luck and times!
[13:20:08]  chef_zack: Sadge
[13:20:12]  fredmanftw: Forget what i said
[13:20:18]  fredmanftw: lol
[13:20:46]  fredmanftw: Gonna lurk for u buddy, gl ! ktrzetD ktrzetD ktrzetD
[13:20:49]  rinta_rnt: このOP親の顔より見た
[13:21:06]  chef_zack: sup rinta plupYUMYUM
[13:21:30]  rinta_rnt: @Chef_Zack ktrzetSmile ktrzetSmile
[13:22:12]  rinta_rnt: 1個しかないすよ
[13:22:17]  chef_zack: LUL
[13:23:32]  rinta_rnt: 昼飯はMapo豆腐？
[13:23:45]  usausachu: I don’t get acne
[13:24:08]  rinta_rnt: ローソンにMapo豆腐あるよ
[13:25:08]  usausachu: Same
[13:25:26]  usausachu: Ye
[13:25:28]  usausachu: I just lazy
[13:25:29]  rinta_rnt: 日本語わかってんじゃん
[13:25:34]  usausachu: usausaUSA usausaUSA usausaUSA usausaUSA
[13:25:51]  usausachu: Snaccs
[13:26:16]  rinta_rnt: グローバルならマリオ64なんてやらずに成田空港キャス
[13:26:34]  usausachu: I like chocolates and chips
[13:26:57]  usausachu: I’ll look up some snacks and let you know, also umaibos, the purple ones are really good
[13:27:13]  usausachu: But if I don’t dm you anything specific before you go, get whatever
[13:27:30]  rinta_rnt: 明太子ね
[13:28:01]  rinta_rnt: うまい棒めんたい味が紫
[13:33:25]  rinta_rnt: これサブスク45いったらなんかあるの
[13:34:32]  rinta_rnt: なにしてんの
[13:35:03]  rinta_rnt: 全部ホリコンでいいじゃん
[13:38:26]  rinta_rnt: cheer1
[13:38:48]  rinta_rnt: 月間1位になれると聞いて
[13:42:39]  rinta_rnt: ちりつも
[13:43:02]  rinta_rnt: 山となる ね
[13:44:05]  303devilfish: nyannBlankies ktrzetD
[13:44:12]  rinta_rnt: 飯time
[13:53:58]  lexythefoxy: are you number one yet ktr?
[13:54:18]  lexythefoxy: pfft
[13:54:24]  lexythefoxy: what you waiting on?
[13:54:28]  lexythefoxy: Kappa
[13:54:34]  chef_zack: #1 in our hearts PrideUwu
[13:54:41]  lexythefoxy: lol
[13:54:52]  lexythefoxy: F
[13:55:12]  303devilfish: nyannLove
[13:55:21]  lexythefoxy: you been taking it easy?
[13:55:43]  chef_zack: like chilling
[13:56:13]  lexythefoxy: is the 3d puzzle completed?
[13:56:48]  lexythefoxy: have you seen the LoL show?
[13:57:26]  lexythefoxy: pfft a platinum player has not watched it yet?
[13:57:43]  chef_zack: i liked arcane, i think people who stopped playing or never played it at all would find some enjoyment
[13:58:25]  chef_zack: R)
[13:58:32]  303devilfish: R)
[13:58:54]  lexythefoxy: I just used lol to season my food but my doctor said I had to cute back on the sodium
[13:59:03]  usausachu: F)
[13:59:06]  usausachu: Fuck
[13:59:09]  usausachu: R)
[13:59:22]  usausachu: Arcane was ok
[13:59:36]  lexythefoxy: awwwww poor ktr
[13:59:42]  fredmanftw: Hey back
[13:59:44]  303devilfish: same except i still play it Sadge
[13:59:56]  fredmanftw: Usa was Devvy showing Arcane or u watching it on ur own time?
[14:00:05]  fredmanftw: ALso Hi ktrzetChill
[14:00:13]  lexythefoxy: what we had some good times playing with loland and tessy
[14:00:14]  nightbot: Hit the follow button if you enjoy the stream so you can come back for more! 配信が面白かったらフォローしてね！
[14:00:28]  303devilfish: D: B*tch
[14:00:37]  rinta_rnt: 配信が面白かったらフォローしてね！←読めるの俺だけ
[14:00:42]  chef_zack: Sadge
[14:01:12]  nightbot: What's up, local degenerate shillbot here to tell you that if you have Amazon Prime, you can link it with your Twitch account for a free sub!
[14:01:41]  lexythefoxy: how are you liking the new Pokemon
[14:01:47]  chef_zack: BatChest pokemon
[14:02:08]  lexythefoxy: we played on match after we did karaoke
[14:02:18]  lexythefoxy: one*
[14:02:23]  rinta_rnt: カラオケキャス◯
[14:02:33]  lexythefoxy: are you going to speed run it
[14:02:41]  rinta_rnt: ボーリング◯
[14:03:46]  lexythefoxy: have you played crab game?
[14:03:51]  chef_zack: BatChest
[14:04:25]  lexythefoxy: so funny how that won the twitch award
[14:04:30]  rinta_rnt: Apex準備できてます
[14:04:45]  chef_zack: steam award?
[14:05:14]  rinta_rnt: 今シーズン12ですよ
[14:05:25]  lexythefoxy: best competitive game on twitch
[14:05:26]  chef_zack: well it got nominated for a steam award so im assuming thats what she meant
[14:05:35]  rinta_rnt: Minecraft
[14:05:37]  chef_zack: LUL weird
[14:05:56]  lexythefoxy: no it won the best competitive game on twitch
[14:06:13]  lexythefoxy: and was nominated steam yes
[14:06:58]  lexythefoxy: yeah it is
[14:07:20]  rinta_rnt: MINECRAFT IS BETTER OPTIO
[14:07:33]  chef_zack: ^
[14:07:36]  303devilfish: D:
[14:07:48]  lexythefoxy: you should watch the clip on YouTube when you get some time it's great to see everyone's reaction
[14:08:41]  lexythefoxy: the person who hosts the award show was dumbfounded
[14:08:49]  rinta_rnt: HCFも出来ます
[14:08:49]  chef_zack: LUL
[14:09:39]  rinta_rnt: PlanetSide2
[14:10:24]  rinta_rnt: そう思ってるならやれよ
[14:10:42]  rinta_rnt: 誰でも参加できる
[14:10:54]  rinta_rnt: MKW
[14:11:12]  rinta_rnt: エミュ
[14:12:19]  rinta_rnt: めっちゃ時間余裕あんじゃん
[14:14:00]  rinta_rnt: おつぺこ～
[14:14:03]  usausachu: Raid me
[14:14:21]  usausachu: XD
[14:14:23]  303devilfish: raid me :)
[14:14:25]  usausachu: I say it every time
[14:14:52]  ktrzetto: !raid1
[14:14:52]  nightbot: HungryPaimon JAPAN MAN RAID HungryPaimon JAPAN MAN RAID HungryPaimon JAPAN MAN RAID HungryPaimon JAPAN MAN RAID HungryPaimon JAPAN MAN RAID HungryPaimon JAPAN MAN RAID HungryPaimon JAPAN MAN RAID HungryPaimon JAPAN MAN RAID
[14:14:54]  ktrzetto: !raid2
[14:14:55]  nightbot: ktrzetAY JAPAN MAN RAID ktrzetAY JAPAN MAN RAID ktrzetAY JAPAN MAN RAID ktrzetAY JAPAN MAN RAID ktrzetAY JAPAN MAN RAID ktrzetAY JAPAN MAN RAID ktrzetAY JAPAN MAN RAID ktrzetAY JAPAN MAN RAID
[14:15:24] Now hosting Johnny3Oak.
[14:17:20] ktrZetto is now offline.
[14:56:34] BetterTTV channel emotes reloaded.
[14:56:35] FrankerFaceZ channel emotes reloaded.
[14:56:36] 7TV channel emotes reloaded.
[18:36:59] johnny3oak has gone offline. Exiting host mode.
