# Start logging at 2022-02-27 10:46:19 Tokyo Standard Time
[10:46:19] ktrZetto is live!
[10:46:19] 2022年2月27日
[10:47:01]  streamelements: ktrZetto is now live! Streaming Portal: 【EN/JP】First Time Play | 初見プレイ My Thumb Skin is Peeling from Mario...
[10:47:49]  real_prime_subscription: Japan man Pog
[10:48:07]  chisasfam: how have you never played portan smh
[10:48:20]  musicelliott: Yo Zetto!
[10:48:33]  chisasfam: oooo
[10:48:34]  usausachu: Ohhh you’re playing Portal!
[10:48:44]  chef_zack: Pog
[10:48:50]  usausachu: I thought you were doing “first time playing Mario64” was about to roast you
[10:48:50]  chisasfam: its v good youll enjoy it
[10:48:56]  chef_zack: i like portal 1
[10:49:11]  chisasfam: I love doing Portal 2 custom chambers
[10:49:21]  usausachu: I like Portal 2 better but portal 1 is good
[10:49:25]  chisasfam: true
[10:51:10]  starfyanddeltarunefan: did you know that california is stupid
[10:52:01]  chef_zack: ca represent EZ
[10:52:16]  starfyanddeltarunefan: @Chef_Zack what is EZ
[10:53:11]  chef_zack: an emote
[10:55:33]  chisasfam: mind the gap
[10:55:57]  chisasfam: okay
[10:55:57]  chef_zack: do puzzles
[10:56:01]  chisasfam: there is big lore
[10:56:02]  chisasfam: but in short
[10:56:18]  usausachu: !lurk time
[10:56:18]  nightbot: ktrzetLurk bye bitch
[10:56:23]  chisasfam: you are chell , we believe she is the daughter is the CEO but idk if it was confirmed
[10:56:33]  chisasfam: the Lore basically is
[10:57:38]  chisasfam: this robot is called GLaDOS , she holds the brain of the CEO, Cave Johnsons assistant / lover Caroline. GLaDOS went rouge and tried to gas the facility
[10:57:57]  chisasfam: so they shut her down and put personality cores on her so she behaves
[10:57:57]  laurabraus: man its been so long since ive seen this
[10:58:12]  chisasfam: the scientists turned her back on and then she went rouge again
[10:58:38]  laurabraus: OH YOUVE NEVER PLAYED?
[10:58:39]  chisasfam: alot of people died, scientists and test subjects,
[10:58:42]  laurabraus: im just now reading the title
[10:58:49]  laurabraus: wowwwww this is gonna be great then
[10:58:52]  laurabraus: i never finished this game
[10:58:55]  laurabraus: it got too hard
[10:59:09]  chisasfam: One of the scientists, Doug Rattmann managed to escape with the help of the Companion cube, he has schitzophrenia
[10:59:36]  chisasfam: he woke chell up as he believed she could esacpe ./ save everyone, next to her name on the file it said "DO NOT TEST"
[11:00:05]  nightbot: Hit the follow button if you enjoy the stream so you can come back for more! 配信が面白かったらフォローしてね！
[11:00:20]  chisasfam: Aperture science used to manufacture Military grade shower curtains, then they invested in moon rocks , Cave Joghson got cancer and then died
[11:00:46]  laurabraus: its easy at first then theres one room that even after watching playthroughs i couldnt get through
[11:00:47]  chisasfam: They are the competitor of Black Mesa ( the Research company from Half Life)
[11:01:17]  chisasfam: Portal 2 is much harder tbf , especially the later stages
[11:01:23]  laurabraus: i think left click is blue right blick is orange
[11:01:27]  laurabraus: click*
[11:01:32]  chef_zack: ^
[11:01:36]  chisasfam: you get that later on im sure
[11:01:41]  chisasfam: not im sure I KNOW
[11:01:49]  chisasfam: I have too many hours in this game LMFAO
[11:01:52]  laurabraus: i think i couldnt jump high enough or something. it had to do with the momentum you go through the portal in
[11:02:00]  chisasfam: LMFAO
[11:02:06]  chisasfam: Right In short - escape
[11:02:09]  chisasfam: lore can come later
[11:02:23]  laurabraus: oh wtf
[11:02:33]  laurabraus: maybe you havent unlocked it yet? i forget
[11:02:35]  chisasfam: you need the dual hand held portal device smh smh
[11:02:35]  chef_zack: i must be thinking of p2
[11:02:58]  chisasfam: zetto you went past the dual hend held portal device
[11:03:06]  chisasfam: so youre basically fucked for the rest of the game
[11:03:10]  laurabraus: oh yeah this room was hard too
[11:03:11]  chisasfam: bc you went past the one with both
[11:03:13]  chisasfam: ;) 󠀀
[11:03:32]  chisasfam: LMFAO
[11:03:43]  chef_zack: PepeLaugh he doesnt know
[11:03:45]  chisasfam: Its called Portal not Portals
[11:03:58]  chisasfam: Why would a game calld portal let you use 2 portals ?
[11:04:00]  chisasfam: weirdchamp
[11:04:04]  lukiewookipookie: my favorite American streamer back at it again
[11:04:22]  laurabraus: oh right. the orange is like your second portal. right. like its the other end
[11:04:31]  laurabraus: i wasnt good at this game LMAO
[11:04:36]  chisasfam: very creative thinking
[11:05:00]  chisasfam: ZETTO STOP
[11:05:03]  chisasfam: USE YOUR BRAIN
[11:05:05]  chisasfam: right
[11:05:10]  laurabraus: im so confused
[11:05:11]  chisasfam: Use brain
[11:05:18]  chisasfam: I wont back seat but
[11:05:21]  chisasfam: obvserve
[11:05:28]  chisasfam: look at your surroundings what do you see
[11:05:35]  chef_zack: bro cmon
[11:05:55]  lukiewookipookie: emiruPOG
[11:06:01]  lukiewookipookie: angelc48Kekw angelc48Kekw
[11:06:05]  chisasfam: speedrunning
[11:06:21]  chisasfam: WR pace dw
[11:06:44]  chef_zack: Pog
[11:07:09]  chef_zack: i think people who speedrun will forever get the comment "bro speedrun this"
[11:07:14]  cosmicmikan: damn why did you stream nowwww
[11:07:17]  chisasfam: yep
[11:07:18]  chisasfam: true
[11:07:24]  cosmicmikan: ive been waiting for this vtuber group to debut
[11:07:40]  chisasfam: lego movie game
[11:07:48]  cosmicmikan: YEAH
[11:07:48]  chef_zack: YOOOOOOOO koikatsu speedrun????
[11:07:57]  cosmicmikan: i love them leave me alone
[11:08:08]  lukiewookipookie: I recently because a millionaire by gambling!.... although I started off as a millionaire
[11:08:18]  lukiewookipookie: billionaire
[11:08:20]  lukiewookipookie: wtf
[11:09:00]  chisasfam: 10 year old me couldnt complete this, but 12 year old me could
[11:09:22]  chisasfam: after a few hours ofc
[11:09:47]  chisasfam: f
[11:10:29]  cosmicmikan: jk ur safe the new group's debut isnt till tomorrow
[11:10:33]  chisasfam: zetto are you streaming the full game?
[11:10:34]  cosmicmikan: im a clown
[11:10:54]  chisasfam: YAYYY
[11:10:56]  laurabraus: yay mikan gets to stay :D
[11:11:05]  chef_zack: chisa pick a good lego game
[11:11:16]  chisasfam: Lego city undercover
[11:11:32]  chisasfam: Lego star wars
[11:11:35]  laurabraus: lego harry potter
[11:11:46]  chisasfam: Both games?
[11:11:54]  laurabraus: i forget what people said was better
[11:11:57]  cosmicmikan: OMG
[11:12:03]  chisasfam: How is your thumb like, how badly hurt is it?
[11:12:12]  chisasfam: o h
[11:12:26]  chisasfam: Hopefully it doesnt take too long
[11:12:58]  chisasfam: 10 gifted for lego movie game stream
[11:13:03]  cosmicmikan: god bless hes hydrating
[11:13:07]  cosmicmikan: thats all i want
[11:13:11]  laurabraus: hes drinking WATER
[11:13:19]  chisasfam: 15 gifted
[11:13:41]  chisasfam: *I am not gifting these subs
[11:14:39]  chisasfam: glados kinda sounds like shes from a vocaloid song if you think about it
[11:14:47]  chisasfam: dang
[11:15:17]  chisasfam: did you ever play TF2？
[11:17:07]  chisasfam: igy igy
[11:18:00]  chisasfam: you dont
[11:18:32]  chisasfam: lets go
[11:18:39]  chisasfam: ktrzetD ktrzetD
[11:19:20]  chisasfam: It has a flight limit
[11:19:31]  chisasfam: it dies after a certain amount
[11:20:04]  chisasfam: oops sorry , Ill stop back steating I didnt notice :s
[11:20:09]  lukiewookipookie: I have no idea what's happening
[11:20:47]  lukiewookipookie: I've seen people play the pvp version
[11:20:50]  lukiewookipookie: looks fun
[11:21:47]  chisasfam: alot of the later stages are lots of little tasks and it can be hard to figure out which one to do first
[11:22:11]  chisasfam: timing doesnt matter really but after Id say 15-20 seconds the ball dies
[11:22:46]  chisasfam: maybe longer
[11:23:04]  chisasfam: defo longer
[11:23:32]  chisasfam: Is say more minutes now , Earlier it looked like 15 seconds but it was distance traveled
[11:24:17]  chef_zack: Pog
[11:24:23]  chisasfam: shoot a portal at the cameras you get gifted subs
[11:24:24]  chef_zack: s m rt
[11:25:34]  chisasfam: big brain time
[11:26:57]  chisasfam: cracked
[11:27:19]  chisasfam: i dont know does it
[11:27:25]  chisasfam: i dont know do you
[11:28:58]  chisasfam: speedrunning
[11:29:05]  chisasfam: NOOO
[11:29:08]  chisasfam: okay
[11:29:31]  chisasfam: Zetto you died
[11:29:36]  chisasfam: idk if you noticed
[11:30:23]  chisasfam: there is a built in speedrun mode in Portal 1 and 2
[11:35:32]  chisasfam: cliap
[11:35:34]  chisasfam: clap
[11:35:47]  chisasfam: idk what 7tv emotes you have smh
[11:37:16]  chisasfam: ooo secret room
[11:37:25]  chisasfam: if you go to the wall you can hear takling
[11:37:30]  chisasfam: or maybe thats the second game
[11:37:35]  chisasfam: computer soup
[11:37:57]  chisasfam: its the graffiti walls
[11:38:02]  chisasfam: or that might just be a second game
[11:38:13]  chisasfam: thing
[11:42:03]  chisasfam: its an FPS game
[11:42:10]  chisasfam: did you pick up the pulse rifle earlier?
[11:42:42]  chisasfam: i love the turrets
[11:42:43]  chisasfam: theyre cute
[11:45:47]  cupcake_chi: Portals are digital coochies
[11:46:00]  chisasfam: eyo
[11:46:10]  chisasfam: How do you know?
[11:46:15]  chisasfam: have you tried?
[11:46:29]  cupcake_chi: Ayo?
[11:46:33]  chisasfam: i mean how can you back uo your claim?
[11:46:40]  chisasfam: is there any evidence to support it?
[11:46:50]  chisasfam: its a companion cube
[11:47:27]  chisasfam: so youre saying you have a  dick smaller than the portals okay, I see I see
[11:47:33]  chisasfam: that is very common
[11:48:26]  chisasfam: No i dont , I will also agree that its not bigger than a portal but maybe the portals  can change in size depending on the shooter
[11:48:27]  beachy710: this is a hard stage
[11:48:51]  beachy710: you want help?
[11:48:56]  beachy710: nah u got it hf bro
[11:49:26]  chisasfam: yeah this stage is a living nightmare
[11:50:44]  chisasfam: you are tbf
[11:50:54]  chisasfam: soon youll see
[11:52:26]  chisasfam: this is the quickest ive seen someone do this part ngl
[11:52:30]  chisasfam: gg gg
[11:52:33]  chisasfam: big brain
[11:53:32]  chisasfam: dont do it
[11:53:35]  chisasfam: let him live :(
[11:53:47]  chisasfam: ktrzetNOOO ktrzetNOOO ktrzetNOOO ktrzetNOOO
[11:54:02]  chisasfam: murderer
[11:54:10]  chisasfam: Using others for your own gain wow
[11:54:39]  chisasfam: i dont know , I dont talk to murderers
[11:56:29]  chisasfam: OH THIS
[11:56:33]  chisasfam: I remember hating this one
[11:56:44]  chisasfam: I couldnt do it I had to turn on noclip LMFAO
[11:57:13]  chisasfam: This is the ONE stage I cant do
[11:57:31]  chisasfam: Idk
[11:57:39]  chisasfam: Ill watch you do it and Ill take the credit for helping you
[11:59:18]  chisasfam: ktrzetNOOO ktrzetNOOO TURRET NOOOOOO ktrzetNOOO ktrzetNOOO
[11:59:36]  chisasfam: he even screamed "nooo"
[12:00:59]  chisasfam: just c left c right to fix your angle
[12:03:14]  chisasfam: lets goooo
[12:03:31]  chisasfam: Yep I knew how to do this part
[12:03:33]  chisasfam: yep
[12:04:01]  chisasfam: No This part I needed noclip
[12:04:06]  chisasfam: put the rest was fineeee
[12:04:13]  chisasfam: Just this one area
[12:04:14]  chef_zack: did you guys hear about the portal spinoff for the steam deck?
[12:04:24]  chisasfam: Huh?
[12:04:32]  chisasfam: Ik portal is coming to thw switch
[12:04:55]  chef_zack: its called aperture deskjob
[12:04:59]  chisasfam: and theres like portal Spinoffs like Aperature tag, Portal Stories MEL, Thinking with Time Machine
[12:05:09]  chef_zack: aperture tag is a mod for portal 2
[12:05:12]  chisasfam: @Chef_Zack oh cool!
[12:05:16]  chisasfam: @Chef_Zack oh yeah
[12:05:45]  chisasfam: Portal Stories MEL is hard
[12:05:48]  chisasfam: like really hard
[12:06:36]  chef_zack: oh you can play it on pc with a controller
[12:06:41]  chef_zack: thats cool
[12:07:00]  chisasfam: are you using a controller zetto?
[12:07:15]  chisasfam: good good
[12:07:18]  leo151215: Buy followers, primes and viewers on vk.cc/cbrLMy
[12:07:27]  chisasfam: @leo151215 n o
[12:07:40]  chef_zack: kill them widepeepoHappy
[12:07:44]  chisasfam: usa isnt here
[12:08:00]  chisasfam: mikan might bee>?
[12:08:09]  chisasfam: it is
[12:08:12]  chisasfam: the game ends after this
[12:08:17]  chisasfam: like its just this then end
[12:08:23]  chisasfam: im being serious
[12:08:27]  chisasfam: yeah alr
[12:08:51]  chisasfam: sorry if I was back seaty earlier, this is one of my favourite games lol
[12:09:24]  chisasfam: ahh
[12:10:15]  chisasfam: You died idk if you saw
[12:10:26]  chisasfam: gg dues
[12:10:29]  chisasfam: was a good stream
[12:11:47]  laurabraus: HOWD YOU MAKE IT PAST THAT OTHER PART. i literally missed it you did it so fast
[12:12:00]  chisasfam: dude whatre you doing
[12:12:03]  chisasfam: the testing is over
[12:12:07]  chisasfam: she said dont leave
[12:12:18]  laurabraus: oh wait no i did do this
[12:12:55]  laurabraus: this part was so stressful i felt like someone was chasing me the whole time
[12:13:19]  chisasfam: @laurabraus someone was chasing you laura, time time was chasing you and you needed to esca[e
[12:13:26]  chisasfam: SSL bird star
[12:13:57]  chisasfam: computer soup
[12:14:09]  kirosthegreat: Yoooo porta
[12:15:02]  kirosthegreat: o/
[12:15:45]  chisasfam: I did a portal cosplay at Liverpool Comic con in november :s
[12:16:15]  chisasfam: come to liverpool comic con in may
[12:16:18]  chisasfam: youll make it
[12:16:29]  kirosthegreat: < never been to a convention miyuuCry
[12:19:29]  chisasfam: did you cosplay
[12:19:34]  chisasfam: or just wear clothes
[12:20:00]  kirosthegreat: Walls are useful in portal. Yep yep
[12:20:15]  chisasfam: who did you cosplay :o
[12:20:19]  chisasfam: ooo nice nice
[12:21:20]  laurabraus: omg what did you do
[12:21:42]  chisasfam: softlocked
[12:21:50]  chisasfam: lol
[12:21:58]  laurabraus: i thought you broke the game
[12:22:19]  kirosthegreat: Velocity halps
[12:22:39]  kirosthegreat: Didn't want to give it away tho ;D
[12:22:49]  chisasfam: the sex rom
[12:22:51]  chisasfam: its red
[12:23:28]  laurabraus: yeah i definitely did not do this part you're big brained
[12:23:50]  laurabraus: dude now i wanna finish portal wtf
[12:23:57]  chisasfam: basically
[12:24:03]  chisasfam: c left c down
[12:24:04]  kirosthegreat: Glados at the end of this game.... Love it. You're in for a treat if you've never had it spoiled <3
[12:24:23]  chisasfam: then 2 long jumps then a jump dive then do a double jump off the wall
[12:24:43]  laurabraus: im just a bad gamer
[12:24:50]  chisasfam: and children
[12:24:50]  laurabraus: it took me 3h to do what you did in an hour
[12:25:16]  chisasfam: this this a lore-less playthrough smh
[12:25:31]  laurabraus: thank you for denying im a bad gamer self esteem raised by 10 points
[12:25:49]  chisasfam: laura you are an amazing gamer
[12:25:52]  kirosthegreat: lol
[12:26:02]  laurabraus: chisa youve never seen me game though
[12:26:04]  laurabraus: LMAO
[12:26:08]  laurabraus: i can live with that
[12:26:20]  chisasfam: l o a d i n g
[12:26:24]  cosmicmikan: @laurabraus laura stream when???
[12:26:25]  chisasfam: the game ends here btw
[12:26:28]  laurabraus: JFKLDGHFKJGDGJDKLJ
[12:26:32]  laurabraus: YEAH
[12:26:42]  cosmicmikan: i'll be your biggest fan
[12:26:58]  kirosthegreat: fan dis tobsBANG
[12:27:28]  laurabraus: @cosmicmikan i stream whenever i dont have a schedule thats one of my toxic traits
[12:27:34]  kirosthegreat: close
[12:27:56]  chisasfam: he was fixing his friend dude wtf
[12:27:58]  chisasfam: why kill
[12:28:02]  laurabraus: but yeah i gotta keep progressing in zero escape so ill stream soon again
[12:28:02]  chisasfam: :( 󠀀
[12:28:04]  chisasfam: ktrzetNOOO
[12:29:26]  kirosthegreat: Safe room, no camera can reach D:
[12:29:37]  chisasfam: zetto is kill
[12:33:07]  kirosthegreat: If I remember correctly, that room you saw earlier was just for the story. Like how freaky it is that someone has done this before and they wanted to warn whoever came next that Glados was a big fat liar.
[12:33:42]  chisasfam: zetto hasnt been paying attention to lore bc he  stinks smh
[12:34:17]  kirosthegreat: Clap .png
[12:36:08]  chisasfam: yes
[12:36:16]  chisasfam: Follow arrows
[12:36:30]  kirosthegreat: Ok, gonna lurk while I take care of some work I've been putting off. I'll try to pop in if I hear you at the end.
[12:36:40]  kirosthegreat: And tbh I long since forgot how to get in there lol
[12:36:47]  chisasfam: there would be a cube somewhere?????
[12:36:52]  chisasfam: try going back up
[12:37:13]  chisasfam: WAIT
[12:37:14]  chisasfam: I KNOW HOW
[12:37:17]  chisasfam: I REMEMBER
[12:38:06]  chisasfam: DUDE WTF LMFAO
[12:38:09]  chisasfam: Zetto skip
[12:38:26]  chisasfam: Clipped
[12:39:13]  chisasfam: its poo
[12:39:19]  chisasfam: https://clips.twitch.tv/AbrasiveMagnificentRedpandaCoolCat-91E5nCooWWi8SyTf
[12:39:28]  chisasfam: ok gl
[12:41:06]  chisasfam: yesyes
[12:43:03]  chisasfam: big brain
[12:44:00]  laurabraus: omg you made it
[12:44:10]  kirosthegreat: I hear a glados......
[12:44:24]  chisasfam: personality cores
[12:44:32]  chisasfam: this isnt the end
[12:44:37]  chisasfam: its the beginning
[12:44:53]  chisasfam: the game is only done when you complete portal 2 smh
[12:45:10]  cosmicmikan: LUL
[12:45:13]  chisasfam: it is the intro
[12:45:17]  chisasfam: this is the intro to portal 2
[12:45:36]  laurabraus: YEAH
[12:45:39]  laurabraus: omg
[12:45:52]  kirosthegreat: Did you just now figure out she's evil? ^^
[12:46:19]  laurabraus: theyre putting your speedrunning to the test here
[12:46:31]  chisasfam: GLaDOS more like GLaPOO
[12:46:38]  kirosthegreat: LUL
[12:48:07]  laurabraus: thank god theres no fall damage in this game
[12:48:24]  chisasfam: cake recepie
[12:48:33]  chisasfam: @laurabraus yeah bc you have long fall boots
[12:48:48]  chisasfam: lore less play through
[12:48:48]  kirosthegreat: You can shoot while falling btw. It's like a way to guarantee you'll fall in the hole you pop open.
[12:49:32]  chisasfam: OH ZETTO
[12:49:51]  chisasfam: I was thinking about how you have a chad tag and I was like, I cant believe there is a tag called chad
[12:49:53]  chisasfam: and i realised
[12:49:56]  chisasfam: its the country
[12:50:07]  chisasfam: gg gg
[12:50:09]  laurabraus: he did ittttt
[12:50:35]  kirosthegreat: Turn up volume a lil bit please <3
[12:50:36]  darkphoeen1x: how are you all
[12:50:47]  kirosthegreat: ^^
[12:50:56]  chisasfam: hoopy the hoop
[12:51:09]  kirosthegreat: Nooooope
[12:51:18]  kirosthegreat: @DarkPhoeen1x hey o/
[12:51:44]  kirosthegreat: dun dun dunnnnnnnn
[12:52:01]  darkphoeen1x: oh why does discord still shows that i got sub
[12:52:05]  chisasfam: gaydose
[12:52:09]  chisasfam: glaydose
[12:52:12]  chisasfam: BANGER
[12:52:15]  kirosthegreat: This is the best
[12:52:19]  kirosthegreat: TURN IT UP
[12:52:22]  kirosthegreat: YEEEEAH
[12:52:22]  chisasfam: ktrzetD ktrzetD
[12:52:30]  kirosthegreat: (> ' . ' )>
[12:52:36]  kirosthegreat: <( ' . ' <)
[12:52:36]  chisasfam: ktrzetD
[12:52:44]  chisasfam: EXEPCT THE ONES WHO ARE DEAD
[12:52:49]  kirosthegreat: tobsSpin tobsSpin
[12:53:01]  cosmicmikan: lmfao
[12:53:17]  chisasfam: ktrzetD ktrzetD
[12:53:27]  kirosthegreat: rikkuJammies rikkuJammies
[12:53:41]  chisasfam: peepoRave
[12:53:48]  chisasfam: dang no peeporave
[12:53:55]  kirosthegreat: usausaWiggle usausaWiggle
[12:54:09]  chisasfam: ktrzetD ktrzetD ktrzetD
[12:54:39]  chisasfam: your dance emote hits the temborine on every beat
[12:54:43]  kirosthegreat: momoeJammies momoeJammies
[12:54:44]  darkphoeen1x: yes
[12:54:46]  kirosthegreat: Yep
[12:54:48]  chisasfam: yeah half life and portal are in the universe
[12:54:55]  chisasfam: theyre rival companies
[12:55:13]  kirosthegreat: Maybe (:
[12:55:14]  chisasfam: no she doesnty
[12:55:18]  chisasfam: death if forever
[12:55:19]  kirosthegreat: Love the ending
[12:55:20]  chisasfam: gg gg
[12:55:23]  kirosthegreat: gg
[12:55:24]  laurabraus: yayyyyyyyyy
[12:55:36]  chisasfam: portal 2 obvviously smh
[12:55:37]  laurabraus: mario kaaaarttt
[12:55:37]  kirosthegreat: Thx for turning up volume ^^ love that song
[12:55:42]  cosmicmikan: yeah sure
[12:55:59]  chisasfam: ahah
[12:56:01]  laurabraus: but one day we should all play stardew together
[12:56:02]  chisasfam: anything tho idm
[12:56:13]  chisasfam: garctic phone stream when
[12:56:34]  darkphoeen1x: 5 am and i'm vibing to music till a few minutes ago
[12:56:45]  chisasfam: igyyyy
[12:57:00]  laurabraus: i get embarrassed at ow bad my artistic skill is in garctic phone
[12:57:05]  laurabraus: how*
[12:57:18]  kirosthegreat: Gonna find a bun to laugh at. See ya Zetto kurohvHeart
[12:57:18]  chisasfam: there are people who are stupidly good at drawing in it
[12:57:24]  cosmicmikan: !game mario kart
[12:57:24]  nightbot: @cosmicmikan -> The stream game has been updated to: Mario Kart 8 Deluxe
[12:58:58]  chisasfam: meta game
[12:59:09]  darkphoeen1x: welp i got coffee :D
[12:59:09]  chisasfam: are they all waluigi
[12:59:39]  chisasfam: Im a Yoshi Main
[12:59:46]  chisasfam: how is yoshi in online?
[13:00:02]  nightbot: Hit the follow button if you enjoy the stream so you can come back for more! 配信が面白かったらフォローしてね！
[13:00:49]  chisasfam: Mario Kart Esports
[13:02:20]  chisasfam: if you dont want to be in last place i suggest  you should just drive fast?
[13:04:56]  chisasfam: danggg
[13:05:02]  cosmicmikan: ktrzetNOOO
[13:05:03]  chisasfam: right gn zetto lol
[13:05:05]  chisasfam: I say gn
[13:05:12]  chisasfam: Ill be back in an hour bc work :s
[13:05:15]  cosmicmikan: seeya
[13:05:20]  chisasfam: so nap ig
[13:05:32]  chisasfam: nono I do dw
[13:05:35]  chisasfam: I nap after work
[13:05:43]  chisasfam: you too man ill see you later
[13:05:53]  chisasfam: yep
[13:07:57]  saltychildofthesea: 🚗 nyoom
[13:08:20]  saltychildofthesea: heyo HYPERS
[13:08:42]  saltychildofthesea: SadCatW almost first
[13:09:04]  ktrzetto: !TITLE
[13:09:04]  nightbot: @ktrZetto -> Current Stream Title: 【EN/JP】First Time Play | 初見プレイ My Thumb Skin is Peeling from Mario...
[13:09:31]  saltychildofthesea: DansGame skin peeling
[13:09:47]  ktrzetto: !title 【EN/JP】 vs the WORLD
[13:09:47]  nightbot: @ktrZetto -> The stream title has been updated to: 【EN/JP】 vs the WORLD
[13:10:04]  saltychildofthesea: good enough HYPERS
[13:11:01]  saltychildofthesea: im barely conscious so i doubt i do LuL
[13:11:21]  saltychildofthesea: no just woke up
[13:11:30]  saltychildofthesea: PartyParrot
[13:11:59]  saltychildofthesea: true HYPERS
[13:12:09]  saltychildofthesea: Cope
[13:12:48]  saltychildofthesea: monkaW 21000
[13:12:53]  ktrzetto: !title 【EN/JP】 ROAD TO 10K RATING
[13:12:53]  nightbot: @ktrZetto -> The stream title has been updated to: 【EN/JP】 ROAD TO 10K RATING
[13:13:01]  saltychildofthesea: Pog
[13:13:07]  saltychildofthesea: good title Pog
[13:13:14]  saltychildofthesea: Kapp
[13:13:48]  saltychildofthesea: Prayge you will get 10k
[13:14:00]  saltychildofthesea: monkaS not checking emaills
[13:14:07]  saltychildofthesea: emails*
[13:14:41]  saltychildofthesea: just waiting on War Bad!
[13:14:58]  saltychildofthesea: EZ Clap destroyed
[13:15:08]  saltychildofthesea: Blue SHELL monkaW
[13:15:37]  saltychildofthesea: i think it does but im not sure
[13:16:38]  saltychildofthesea: it doesn't stop lightning Sadge
[13:17:01]  saltychildofthesea: it would have been OP
[13:17:14]  saltychildofthesea: bullet bill stops lightning Pog
[13:17:43]  saltychildofthesea: true Prayge
[13:18:00]  saltychildofthesea: ON MK8 OMEGALUL
[13:19:57]  saltychildofthesea: this entire game was Cope
[13:20:37]  saltychildofthesea: quite unlucky Sadge
[13:21:01]  saltychildofthesea: 🤷
[13:21:26]  saltychildofthesea: oh Pog rigged game
[13:21:49]  pepperledev: hey there!
[13:21:58]  saltychildofthesea: gachiBASS damn waluigi
[13:22:52]  saltychildofthesea: hey pepper HYPERS
[13:23:43]  saltychildofthesea: Sadge Cope
[13:24:04]  saltychildofthesea: 🤡 unlucky
[13:24:56]  saltychildofthesea: aw shit Sadge
[13:26:08]  saltychildofthesea: Pog 300 shrooms in a row
[13:27:00]  saltychildofthesea: glod split shroom PartyParrot
[13:27:45]  saltychildofthesea: Sadge never reaching 10k
[13:28:32]  pepperledev: how is it going?
[13:31:26]  saltychildofthesea: HYPERS bullet save
[13:31:40]  laurabraus: ok time for sleep. goodnight good job with portal :D
[13:32:08]  saltychildofthesea: nini laura widepeepoHappy
[13:32:48]  pepperledev: oh you streamed portal? that's a great game!
[13:32:55]  cosmicmikan: i feel that
[13:33:03]  pepperledev: gotta try different stuff
[13:33:12]  saltychildofthesea: diversify PartyParrot
[13:33:47]  pepperledev: that's true
[13:34:23]  pepperledev: if you have a certain audience you can alienate it
[13:34:27]  saltychildofthesea: i miss the old ktr Sadge when he used to throw tippy
[13:35:13]  saltychildofthesea: LULW true
[13:35:43]  saltychildofthesea: tippy's curse monkaS
[13:36:32]  saltychildofthesea: Pog thats good
[13:38:31]  saltychildofthesea: Prayge over 9th
[13:39:44]  saltychildofthesea: work SadCatW
[13:41:38]  saltychildofthesea: HYPERS last
[13:42:03]  saltychildofthesea: peepoSprint
[13:44:31]  saltychildofthesea: catJAM
[13:45:02]  saltychildofthesea: wb ppL /
[13:45:03]  cosmicmikan: not bad!
[13:45:09]  cosmicmikan: genshin as usual
[13:45:20]  cosmicmikan: xiao
[13:45:24]  cosmicmikan: his artifacts
[13:45:41]  cosmicmikan: and im trying to get 100% exploration on all the areas
[13:45:54]  cosmicmikan: ooh yeah ive heard of that
[13:48:28]  saltychildofthesea: WAALUIGI 👃
[13:49:04]  pepperledev: !lurk
[13:49:04]  nightbot: ktrzetLurk bye bitch
[13:49:10]  pepperledev: LMAO HAHA
[13:49:31]  saltychildofthesea: wow very informative PepoG
[13:51:04]  saltychildofthesea: still better than ninth Prayge
[13:51:14]  saltychildofthesea: lost ark looks pretty cool Pog
[13:52:22]  saltychildofthesea: damn wtf Sadge
[13:53:20]  saltychildofthesea: so basically bad logistics and greed FeelsWeirdMan
[13:54:49]  saltychildofthesea: Sadge
[13:55:14]  saltychildofthesea: damn its banned in belgium and the Netherlands because lootboxes OMEGALUL
[13:55:18]  saltychildofthesea: one more Kapp
[13:56:08]  saltychildofthesea: just play ff 4Head
[13:56:30]  saltychildofthesea: there are too many waluigis monkaS
[13:57:34]  saltychildofthesea: too much 悪 monkaW
[13:57:57]  saltychildofthesea: Sadge
[13:58:10]  saltychildofthesea: one more COPIUM
[13:59:10]  saltychildofthesea: 49 PogChamp
[13:59:22]  saltychildofthesea: atleast they do care Prayge
[13:59:49]  saltychildofthesea: monkaW
[14:00:00]  chisasfam: niceeeeeeeeee
[14:00:06]  chisasfam: im back
[14:00:09]  chisasfam: incase you didnt notice
[14:00:26]  saltychildofthesea: wb chisa widepeepoHappy
[14:00:35]  cosmicmikan: wb
[14:00:49]  chisasfam: yes i did
[14:00:56]  chisasfam: thank you
[14:00:57]  saltychildofthesea: Cope
[14:02:15]  saltychildofthesea: one tit
[14:03:11]  saltychildofthesea: im doing an all black puzzle PogBones
[14:04:02]  saltychildofthesea: its 108 so its supposed to be """easier"""
[14:05:24]  saltychildofthesea: breaking the law Sadge
[14:05:43]  saltychildofthesea: one more PogBones
[14:06:02]  saltychildofthesea: 4th one more PogBones
[14:06:08]  cosmicmikan: someone help our boy
[14:06:32]  saltychildofthesea: EZ sniper mode activated
[14:09:20]  saltychildofthesea: Sadge
[14:09:36]  saltychildofthesea: just realized the puzzle is called 地獄パズル
[14:10:27]  saltychildofthesea: PogBones we going to hell bois
[14:10:33]  saltychildofthesea: Prayge 1st place
[14:12:04]  saltychildofthesea: Prayge
[14:13:34]  saltychildofthesea: one more Prayge this is the OneHand
[14:13:56]  chisasfam: is it tho?
[14:14:11]  chisasfam: hmmmm
[14:16:52]  saltychildofthesea: Sadge
[14:17:21]  saltychildofthesea: COPIUM Cope
[14:18:51]  saltychildofthesea: Prayge
[14:20:05]  saltychildofthesea: actually destroying the competition PogChamp
[14:20:25]  saltychildofthesea: Sadge Cope
[14:20:59]  saltychildofthesea: but not smart enough Sadge
[14:21:44]  saltychildofthesea: it wasn't Sadge
[14:24:59]  saltychildofthesea: Sadge
[14:25:39]  saltychildofthesea: gimme the controller Prayge
[14:26:11]  saltychildofthesea: probably not but its worth a try Prayge
[14:26:49]  saltychildofthesea: like i have 5 bucks OMEGALUL
[14:27:24]  saltychildofthesea: its a legal requirement to have 5 bucks
[14:29:07]  cosmicmikan: oki seeyaaa
[14:30:04] The raid has been canceled.
[14:30:14]  saltychildofthesea: PartyParrot
[14:31:05] Now hosting kaileighh.
[14:31:19] ktrZetto is now offline.
[15:28:48] kaileighh has gone offline. Exiting host mode.
