# Start logging at 2022-11-08 06:05:36 Tokyo Standard Time
[06:05:36] connected
[09:00:05] ktrZetto is live!
[09:02:11]  streamelements: ktrZetto is now live! Streaming Super Mario World: JP&ENG | JP&ENG | Blind Playthrough
[09:06:55]  303devilfish: he has to be trolling FailFish
[09:08:53]  303devilfish: FailFish
[09:15:04]  laurabraus: whats up
[09:15:07]  kirosthegreat: Really showing off that high IQ, son Kappa
[09:16:21]  kirosthegreat: A misunderstood genius YEP
[09:17:18]  kaeos: why dont you play real games like rinta does
[09:17:46]  kaeos: apex
[09:17:53]  kirosthegreat: The cape straight up said "bruh" right before you fell usausaTanties
[09:18:06]  laurabraus: wow
[09:18:07]  kaeos: i watched him for 10 minutes but he doesnt speak a real language and there were 3 of them and i couldnt understand any of them
[09:19:04]  kirosthegreat: Eating ham borgir rikkuNom ogurlzLurk
[09:19:14]  kaeos: he's still a better streamer than u
[09:19:20]  laurabraus: i said wow bc you died not bc of apex
[09:20:32]  303devilfish: FailFish
[09:21:13]  kaeos: alt + f4
[09:21:40]  laurabraus: left and right trigger
[09:21:51]  303devilfish: you have to be riding yoshi
[09:21:58]  laurabraus: wait wait. it literally said how earlier
[09:22:35]  kaeos: PepeLaugh
[09:23:40]  laurabraus: yeah its left and right trigger buttons on SOME levels it says
[09:24:08]  kaeos: what does it mean when they say "throw it back"? (im a visual learner btw)
[09:24:34]  303devilfish: just fly above the stage
[09:24:48]  kaeos: wings of redemption
[09:24:53]  laurabraus: looking that up rn
[09:24:58]  303devilfish: just press left every second or so
[09:25:10]  laurabraus: the wings are also a yoshi thing
[09:25:21]  303devilfish: press it sooner
[09:25:29]  kaeos: this is a legitimate skill issue
[09:25:34]  303devilfish: yes
[09:25:48]  303devilfish: as long as mario's facing downward you can press left and he'll go up again
[09:25:49]  laurabraus: you have to be riding yoshi but when you are, the wings teleport you to a bonus area filled with dragon coins
[09:26:14]  303devilfish: pretty sure it's the only way
[09:26:44]  kaeos: when are you collabing with rinta
[09:26:57]  kaeos: no
[09:27:13]  kaeos: play apex with him
[09:27:15]  303devilfish: oh yeah i guess you could jump off yoshi, that works too
[09:28:08]  kaeos: the gun you use doesnt matter if you just never miss
[09:28:24]  303devilfish: PepePls
[09:28:28]  laurabraus: oh yeah also you can fly
[09:28:31]  kaeos: StinkyCheese
[09:28:43]  303devilfish: fuzzies
[09:29:14]  laurabraus: but now you can just fly through the end
[09:29:17]  laurabraus: i think
[09:29:19]  303devilfish: PepeLaugh here it comes
[09:29:30]  laurabraus: wait maybe not do you not have wings anymore
[09:29:43]  laurabraus: why is he still blue then wtf
[09:30:36]  303devilfish: OMEGALUL
[09:30:38]  kaeos: ?
[09:31:20]  kaeos: if a snake bit your homie on the dick would you suck out the venom for him
[09:31:38]  kaeos: yes
[09:31:45]  kaeos: actually no you just felt like it
[09:31:54]  iop4everdudes: yo zetto, hope you're doing good man. how you liking Mario world now that you're a bit further?(i see you found star world and got blue yoshi!)
[09:31:55]  303devilfish: FeelsWeirdMan
[09:32:31]  kaeos: i feel like this would be easier without yoshi
[09:32:35]  iop4everdudes: oh shit sorry for the spoilers. i just saw blue yoshi and assumed star world
[09:32:46]  303devilfish: just fly lmao
[09:33:30]  kaeos: LUL
[09:34:07]  kaeos: cheese would have done it already
[09:34:55]  iop4everdudes: bruh can do extremely difficult spin jump chains(i have a large playtime and couldn't do what he just did) but can't do basic flying (just tap back every second) LUL
[09:35:15]  303devilfish: u literally just press left on a rhythm
[09:35:23]  kaeos: put on a metronome
[09:35:46]  laurabraus: but youre so good at rhythm games
[09:36:09]  iop4everdudes: tap backwards right as you begin falling down.... thats it..... as you do it more, it becomes second nature. I'm a fucking stupid teen, if i can do it you definitely can
[09:36:10]  kaeos: you should do a camping stream
[09:36:44]  vptino17: "blind playthrough" but your eyes are clearly visible
[09:36:51]  vptino17: DansGame
[09:37:20]  kaeos: ok ?
[09:38:17]  iop4everdudes: now i love sm64, its one of my favourite games of all time. but the flying in 64 ain't got nothing on SMW. flying in 64 is meh, flying in world is so comfortable AND technical, you can actually get good at it. 64 flying is like the worst part of the game
[09:38:17]  303devilfish: PepeLaugh
[09:38:23]  kaeos: is that a ballsack on your shirt
[09:38:58]  kaeos: oh is it a skunk
[09:40:10]  iop4everdudes: flying in smb3 is cool(if you don't know, you just infinitely mash jump and can fly forever with the tanooki suit)
[09:40:23]  kaeos: i want nothing more than for you to be successful
[09:41:56]  iop4everdudes: mario 3 has better control of mario than world. world is better in every other way though, music, art, level design. 3's control of mario is so much nicer, more floaty and not HYPER RESPONSIVE to a millisecond of holding a direction
[09:42:25]  kaeos: my favorite is mario bros DS widepeepoHappy
[09:42:59]  303devilfish: u literally just need to press left more often
[09:43:30]  iop4everdudes: @ktrzetto just go to the first level, and practice flight ON SCREEN to get a feel for it. makes the flying without sight/visual aid easy as fuck and feel more natural
[09:43:30]  kaeos: turn on a metronome
[09:43:40]  kaeos: some people are just rhythmically impaired
[09:44:21]  kaeos: in what way are you impaired then?
[09:44:41]  iop4everdudes: man doesn't wanna practice, and wonders why this thing is hard for him Kappa . imagine a new sm64 player randomly triple jumps at a cage and hopes to do owless. like bruh
[09:46:00]  kaeos: if youre anything like me, you could just watch a playthrough of someone else doing it and get the same satisfaction with none of the effort
[09:47:17]  iop4everdudes: watching your 'lets play' inspired me to play this game again. I'm pretty sure once i get sub 2 in 120, I'll do 96 exits for a bit
[09:48:01]  kaeos: whats your time in 120
[09:48:11]  kaeos: L
[09:48:29]  kaeos: op has a better time than u thats all i need to know
[09:48:47]  scratchatk: PokPikachu yoo
[09:49:11]  laurabraus: have you completed this main game yet
[09:49:15]  kaeos: game over x6
[09:49:33]  iop4everdudes: i feel like if i got a somewhat respectable time in sm64, and also did decent in world, i could get more players to try world(i think world is really underrated in a speedrun sense, only popular in japan, and even then not that popular)
[09:49:39]  laurabraus: dude just complete the main game and then you'll get a bunch of practice flying
[09:50:00]  laurabraus: wtf
[09:50:12]  kaeos: no
[09:50:30]  kaeos: unless ur actually good at it
[09:50:32]  kaeos: its painful now
[09:50:38]  laurabraus: yeah
[09:50:46]  303devilfish: i do :)
[09:50:52]  kaeos: maybe not you
[09:51:05]  kaeos: no gamer genes looking ass
[09:51:53]  iop4everdudes: i gotta be up in 6 hours, so I'll see you guys next time. have a good day guys, and we believe in you zetto, you got this! PotFriend
[09:52:00]  laurabraus: @iop4everdudes goodnightttt
[09:52:01]  kaeos: gn :)
[09:52:04]  laurabraus: i BELIEVE
[09:52:32]  iop4everdudes: thanks dude
[09:52:40]  kaeos: StinkyCheese
[09:53:31]  kaeos: bongos?
[09:53:52]  kaeos: bongo and kazooie
[09:54:16]  kaeos: SAVE SCUMMING
[09:54:20]  303devilfish: that's why you lost
[09:54:35]  kaeos: frame perfect cheating B)
[09:55:03]  scratchatk: ktrzetD
[09:55:10]  kaeos: do it
[09:56:44]  kaeos: finally Pog
[09:56:51]  laurabraus: omg
[09:56:51]  kaeos: holy shit if u die now
[09:56:55]  303devilfish: i was here FeelsStrongMan
[09:57:06]  laurabraus: all for a damn moon
[09:57:11]  303devilfish: S OMEGALUL DA
[09:57:20]  kaeos: why did someone spill motor oil on your shit
[09:57:43]  303devilfish: shoot them with ur fire
[09:58:34]  kaeos: skipping coins 4Weird
[09:58:48]  kaeos: LULW
[09:59:08]  303devilfish: PepeLaugh of course it does
[09:59:09]  kaeos: if you game over here do you have to redo everything
[09:59:19]  kaeos: Prayge
[09:59:53]  303devilfish: NOTED
[09:59:55]  kaeos: 🤓
[10:00:18]  kaeos: AGAIN
[10:00:20]  kaeos: OMEGALUL
[10:00:27]  303devilfish: losing to a fish FeelsBadMan
[10:00:27]  kaeos: same blooper LULW
[10:00:31]  kaeos: fish thing
[10:00:33]  kaeos: whatever its called
[10:00:58]  nightbot: Tip me here: https://streamlabs.com/ktrzetto/tip
[10:01:07]  kaeos: "1 block" 🤓
[10:01:26]  kaeos: saving is pussy shit
[10:01:34]  kaeos: full send
[10:02:20]  kaeos: this level reminds me of america circa 1920
[10:04:34]  303devilfish: he's gonna hit the same fish again isn't he
[10:05:00]  kaeos: PogChamp
[10:05:16]  kaeos: going all the way back to save was a waste of time
[10:05:25]  303devilfish: PepePls
[10:06:26]  303devilfish: OMEGALUL
[10:06:28]  kaeos: no way
[10:06:53]  kaeos: just save state at this point frfr 💯
[10:07:00]  303devilfish: VOD friends FeelsOkayMan ⏩
[10:07:45]  kaeos: that was bullshit
[10:07:49]  kaeos: that bullet bill should have hit
[10:08:15]  kaeos: Kappa
[10:08:30]  kaeos: you sound like people who misinput f smash and say it was intentional
[10:09:50]  kaeos: yeah
[10:10:03]  scratchatk: correct
[10:10:07]  303devilfish: PepePls
[10:10:29]  303devilfish: PepeLaugh
[10:11:12]  303devilfish: all the star road levels have secret exits, you can't move to the next level unless you find them
[10:11:31]  kaeos: nice 👍
[10:11:52]  303devilfish: peepoFat Clap
[10:13:29]  kaeos: do the pipe Madge
[10:13:48]  kaeos: missing legendary sex scene Sadge
[10:13:49]  303devilfish: do it Madge
[10:14:11]  303devilfish: :)
[10:15:17]  kaeos: fatphobic ?
[10:15:41]  scratchatk: americaNothanks
[10:15:52]  kaeos: fat
[10:16:23]  scratchatk: Sadge
[10:16:36]  rinta_rnt: cheerwhal1 no stream today
[10:16:57]  kaeos: since when was there tts
[10:17:06]  kaeos: and its not brian
[10:17:14]  rinta_rnt: 青ヨッシーとれ
[10:20:29]  anglerangus: LIVE Pog
[10:20:48]  303devilfish: no this is prerecorded
[10:21:21]  rinta_rnt: 赤ステージって裏ゴールあるんだっけ
[10:21:28]  anglerangus: Prayge
[10:22:01]  rinta_rnt: 昔やってたけど洞窟みたいなとこでやめた
[10:22:02]  303devilfish: PepePls
[10:22:41]  kaeos: you should watch cyberpunk edgerunners on stream
[10:24:09]  303devilfish: just do it in the Artifact section
[10:24:25]  rinta_rnt: バニラなんちゃら１って裏ゴール
[10:24:56]  303devilfish: i watched morbius in the artifact section
[10:25:00]  303devilfish: it was fucking terrible
[10:25:07]  kaeos: a pokemon violet rom was leaked but it was actually just cory in the house with the pokemon game logo Sadge
[10:25:44]  kaeos: the new pokemon game
[10:26:12]  kaeos: fucking boomer
[10:26:49]  kaeos: i mean u only play games that are 30 years old so i cant blame u
[10:28:27]  rinta_rnt: w
[10:28:47]  kaeos: 草
[10:29:14]  laurabraus: yeah im too impatient for moving platform levels
[10:29:39]  scratchatk: lava chomper's cute tho
[10:29:51]  laurabraus: okay im gonna be lurking
[10:30:16]  scratchatk: omnom
[10:30:56]  scratchatk: i will unlurk. for now,
[10:31:23]  kaeos: ??????
[10:31:36]  rinta_rnt: これは免許とれんわ
[10:32:07]  kaeos: ??????
[10:32:41]  kaeos: ive never seen someone else look at things come toward them and just stand there as much as you do
[10:33:50]  cosmicmikan: HELLO
[10:33:58]  kaeos: is this guy how they harvest blue shells in mario kart
[10:34:11]  303devilfish: D:
[10:34:11]  nightbot: D:
[10:34:33]  kaeos: so whats the point of this game
[10:34:46]  cosmicmikan: why does he look like dat
[10:35:00]  kaeos: no like how celeste is about anxiety and depression whats the point of this game
[10:35:06]  scratchatk: get the flag
[10:35:10]  cosmicmikan: he looked hella dark
[10:35:21]  scratchatk: and the maiden
[10:36:32]  kaeos: bowser seems like a nice guy
[10:36:37]  kaeos: especially bowsette
[10:37:43]  cosmicmikan: F
[10:37:48]  kaeos: gave over x8
[10:37:53]  scratchatk: we kidnap animals to give them better homes
[10:38:38]  kaeos: royalty doesnt always have it so great, as disney's "Frozen" taught us
[10:39:22]  kaeos: means that we should be more compassionate towards our billionaires
[10:39:23]  kaeos: like elon
[10:40:03]  rinta_rnt: あの？ブロックアマントじゃなかったん
[10:40:09]  303devilfish: COPIUM
[10:40:18]  rinta_rnt: マント
[10:40:37]  rinta_rnt: しらんけど
[10:43:46]  cosmicmikan: the music is cutee
[10:44:02]  kaeos: AMSA widepeepoHappy
[10:44:10]  chisasfam: no stream today
[10:44:31]  kaeos: @Chisasfam ur tattoo is mid
[10:44:33]  kaeos: nice nipples tho
[10:44:34]  rinta_rnt: ちゃんとやれ
[10:44:37]  chisasfam: @kaeos shush
[10:44:46]  chisasfam: @kaeos thanks babe I made them myself
[10:44:47]  cosmicmikan: LOL
[10:45:12]  kaeos: ??????
[10:45:14]  rinta_rnt: ？
[10:45:15]  chisasfam: The new brawlhalla weapon sucks ASS i hate how it looks and i dont want to ever go against it
[10:45:24]  rinta_rnt: 鍵いまの？でしょ
[10:45:39]  kaeos: game over x9
[10:46:34]  kaeos: nice gameplay
[10:46:37]  303devilfish: look at the skill Pog
[10:47:43]  rinta_rnt: なにしてんのｗ
[10:48:24]  rinta_rnt: ｗ
[10:48:25]  303devilfish: Pog
[10:48:35]  kaeos: ??
[10:48:48]  kaeos: i genuinely dont understand ur brain
[10:49:02]  303devilfish: peepoHappy
[10:49:02]  kaeos: fuck his friends
[10:49:06]  kaeos: metaphorically
[10:50:17]  kaeos: it means like "who cares about his friends" but could be misinterpreted as "have sex with his friends"
[10:50:19]  303devilfish: PepeHands you monster
[10:52:39]  cosmicmikan: why did laura timeout chisa for 10minutes
[10:52:54]  cosmicmikan: HAHAH
[10:53:01]  cosmicmikan: FELT
[10:53:08]  kirosthegreat: clintJAM
[10:53:11]  kaeos: Clint Stevens Extras uploaded Pog
[10:53:11]  nightbot: clintJAM
[10:53:12]  303devilfish: clintNotes
[10:54:36]  303devilfish: this guys skill is insane...
[10:54:40]  cosmicmikan: fate is a cruel mistress
[10:55:01]  kaeos: ngl im getting mad watching this
[10:55:28]  kaeos: game over x10
[10:55:41]  303devilfish: PepePls
[10:56:51]  rinta_rnt: ｗ
[10:56:58]  kaeos: man
[10:57:27]  kaeos: when are you collabing with erobb
[10:57:42]  kaeos: L
[10:57:57]  rinta_rnt: Luigi
[10:58:30]  kaeos: ??
[10:58:30]  rinta_rnt: ？
[10:58:31]  303devilfish: ICANT
[10:59:24]  kaeos: i take it back im not mad
[10:59:27]  kaeos: im getting second hand depression
[10:59:49]  kaeos: game over x11
[11:00:02]  kaeos: is one piece popular in japan
[11:01:06]  kaeos: why do you have JP&ENG | JP&ENG | twice in your title
[11:01:52]  kaeos: i always look at the title to see if youre trying to farm viewers by pretending you dont speak english
[11:02:15]  kaeos: im blind
[11:03:52]  rickitarr64: oi oi
[11:04:30]  kaeos: id bet on another 2-3 game overs
[11:09:33]  303devilfish: Pog
[11:09:33]  kaeos: Pog
[11:09:58]  303devilfish: this level monkaS
[11:10:33]  rickitarr64: are you playing this on switch?
[11:10:38]  kaeos: this level will truly test your gamer instincts
[11:10:51]  303devilfish: YOSHI Sadge
[11:11:22]  kaeos: idk ive never played this game
[11:12:11]  kaeos: theyre really trying to max out the replay value
[11:12:19]  scratchatk: insticts just reminded me there's pizza in the fridge
[11:13:15]  303devilfish: fly Pog
[11:13:26]  303devilfish: ICANT
[11:13:26]  kaeos: LMAOOOOOOOO
[11:13:28]  rinta_rnt: ｗ
[11:13:40]  kaeos: nice try streamer
[11:13:49]  303devilfish: You'll get it next time peepoHappy
[11:13:51]  kaeos: old man reaction time
[11:13:54]  notmango: slowrunning kekw
[11:14:14]  notmango: ur scared of the coin?
[11:14:17]  notmango: in this baby game
[11:14:43]  303devilfish: you get the secret ending if you get all of them in every level
[11:14:44]  notmango: u suck lol
[11:15:08]  cosmicmikan: DONT LISTEN TO THOSE LOSERS KTR
[11:15:13]  kaeos: simp
[11:15:24]  cosmicmikan: oh eat my ass
[11:15:26]  303devilfish: YEP
[11:15:34]  kaeos: LULW
[11:16:17]  kaeos: ??????????
[11:16:21]  303devilfish: OMEGALUL HE HAS TO BE TROLLING
[11:16:21]  notmango: bruh ur the biggest pussy
[11:16:22]  notmango: in thsi game
[11:16:26]  rinta_rnt: ｇｇ
[11:16:32]  kaeos: you gotta be pretending
[11:16:47]  notmango: lMJAOOAOAOA
[11:16:56]  notmango: do u have a mario mustache under ur mask
[11:19:42]  notmango: ALSDJOAIJFODIASJF
[11:19:53]  notmango: BRO LOL
[11:19:54]  kaeos: huh
[11:19:55]  notmango: HAHAHA
[11:20:25]  notmango: wait the tiny thwomp is
[11:20:26]  notmango: SO cute
[11:20:28]  303devilfish: YEP
[11:20:28]  rinta_rnt: ｗ
[11:20:30]  notmango: soooo cute
[11:20:32]  kaeos: it goes from really funny to downright depressing at a certain point though
[11:20:33]  rickitarr64: oops
[11:20:37]  notmango: THWIMP
[11:20:39]  notmango: AHAHAH
[11:21:01]  notmango: i mean ngl mario 64 looks hard when ur playing it
[11:21:11]  notmango: this looks easy
[11:21:11]  kaeos: LULW
[11:21:21]  notmango: theres like two inputs - right and jump
[11:21:50]  notmango: its called  a thwimp.
[11:21:52]  notmango: idiot
[11:22:12]  kaeos: why are you trying to gas up a 30 year old kids game
[11:22:46]  notmango: u can choose when to look at chat
[11:22:57]  scratchatk: games were legit hard back then LUL
[11:23:00]  notmango: fake wall
[11:23:05]  kaeos: would you like me to be more supportive
[11:23:18]  kaeos: lets go zetto HYPERS
[11:23:21]  notmango: go thru the fake wall
[11:25:21]  notmango: ktr i stopped watching to ur enternity on episode like 5
[11:25:24]  notmango: shouold i finihs it
[11:25:47]  notmango: i thought itd be more sad but
[11:25:47]  kaeos: good advice Clap
[11:26:14]  notmango: why is
[11:26:14]  rickitarr64: Cheer100
[11:26:26]  notmango: the level beat by killing four tricertops on a ferris wheel
[11:26:46]  notmango: this game was def made by someone on a trip no?
[11:27:10]  kaeos: why do you read messages like that sometimes
[11:27:18]  notmango: bruh ur in a carrot land underground as a mushroom man
[11:27:21]  kaeos: almost condescending
[11:27:40]  kaeos: OMEGALUL
[11:27:55]  notmango: wat r those not huge floating slanted carrots
[11:28:10]  notmango: its a me thing im unique
[11:28:13]  notmango: im the main charecter
[11:28:15]  cosmicmikan: i do it too
[11:28:33]  kaeos: wait my one friend who plays league says it a lot
[11:28:35]  notmango: OK LOOK I GET ITS A PLATFORM
[11:28:41]  notmango: BUT SOME OF THE PLATFORMS ARE CLOUDS
[11:28:48]  notmango: SOME OF  THE PLATFORMS ARE BOXES
[11:28:56]  notmango: SOME OF THE PLATFORMS ARE  CLIFFS
[11:29:07]  notmango: LIKE JUST CUZ ITS A PLATFORM DOESNT DISQUALIFY IT FROM BEING CARROT THEMED
[11:29:16]  notmango: U DONT GOTTA SAY IT LIKE IM DUM FOR POINTING OUT IT LOOKS LIKE A CARROT
[11:29:53]  notmango: and GREEN
[11:29:54]  notmango: see
[11:30:01]  notmango: bruh
[11:30:16]  notmango: bruh.
[11:30:21]  kaeos: your profile picture is carrot colored
[11:30:21]  notmango: go back tell me it isnt carrot themed
[11:31:01]  notmango: yea its red dumbass
[11:31:11]  kaeos: oh my god am i color blind
[11:31:11]  notmango: this level
[11:31:13]  notmango: LOOK ITS A CARROT
[11:31:16]  notmango: BRO
[11:31:20]  cosmicmikan: its dirt??????
[11:31:22]  notmango: NAHH UR GUNNA MAKE ME ASK PEOPLE
[11:31:25]  notmango: IT LOOKS LIKE A CARROT
[11:31:32]  kaeos: it reminds me of a pumpkin tbh
[11:31:39]  notmango: THIS IS SO CLEARLY
[11:31:40]  notmango: CARROTLIKE
[11:31:46]  notmango: LOOK ITS EVEN GOT LIKE THE CARROT DARK LINES THAT CARROTS GOT
[11:31:53]  notmango: THE GRASS IS LIKE THE THING ONTOP
[11:31:56]  notmango: NAHH BRO UR A HATER
[11:32:07]  notmango: I WILL NOT LET ANOTHER MAN GASLIGHT ME
[11:32:13]  notmango: I AM A GIRLBOSS THATS A CARROT!!!
[11:33:26]  notmango: ktr wdym what
[11:34:06]  kaeos: wtf that thing is in smash
[11:34:10]  notmango: uhhh
[11:34:26]  notmango: nooo smash made it up
[11:34:29]  notmango: and they reconned it
[11:34:31]  notmango: into this game
[11:34:42]  kaeos: whycantthisfuckingbemegoddamnit why is this an emote
[11:35:02]  notmango: @kaeos i feel theres only one reason for that to be an emote
[11:35:09]  kaeos: yeah
[11:35:21]  kaeos: i mean i understand it but why
[11:36:37]  kaeos: id be halfway to making you take your mask off if i hadnt redeemed vip
[11:37:19]  kaeos: can yoshi throw it back?
[11:37:40]  kaeos: idk
[11:38:05]  kaeos: its like hearing people say w and l i just say shit
[11:38:19]  rinta_rnt: そういえば俺まだワクチン二回しかうってない
[11:38:33]  kaeos: boomer ass take
[11:38:33]  notmango: im gunna go get wasted
[11:38:34]  notmango: love u ktr
[11:38:40]  notmango: ktr would u
[11:38:41]  notmango: meet up with me
[11:38:42]  notmango: if i came to japan
[11:39:03]  notmango: would u get wasted with me in japan and talk about the good ol days with me
[11:39:14]  cosmicmikan: F
[11:39:15]  notmango: WHAT
[11:39:17]  notmango: U WOULDNT
[11:39:19]  notmango: ARE YOU SERIOUS?
[11:39:22]  notmango: BRO?
[11:39:22]  kaeos: ktrZetto HATES his viewers
[11:39:26]  notmango: WHY LOL
[11:39:33]  notmango: i know tims injapan
[11:39:43]  notmango: white osu tim right
[11:39:45]  notmango: lol
[11:41:06]  kaeos: clutch
[11:42:08]  kaeos: thoughts on white supremacy?
[11:42:49]  kaeos: idk you could be a white supremacist i was just checking
[11:43:10]  kaeos: why not
[11:43:44]  kaeos: ?
[11:43:50]  rinta_rnt: バニラsecret１の裏ゴール
[11:44:09]  scratchatk: bourne supremacy, no tripods. ever.
[11:44:11]  kaeos: holy fuck youre old
[11:44:51]  kaeos: Kappa
[11:48:57]  kaeos: i know where the secret is but due to the sensitivity of the issue i cannot say
[11:49:30]  303devilfish: ICANT
[11:49:56]  kaeos: you bounce the second spring off the wall and jump off that
[11:50:09]  303devilfish: just do a shell jump
[11:50:23]  kaeos: just download cheats :)
[11:50:51]  303devilfish: monkaS
[11:50:59]  kaeos: i feel like i remember this level
[11:51:26]  303devilfish: quickly
[11:51:40]  303devilfish: more quickly
[11:51:42]  kaeos: why does mario look like he ate something sour when he dies
[11:52:37]  kaeos: my bank emails me that they predict im gonna spend more than i have in my account
[11:53:15]  303devilfish: PepePls
[11:54:04]  kirosthegreat: EZ
[11:54:32]  kaeos: these mols are very chill B)
[11:54:38]  kirosthegreat: Shiiiiit I remember these levels. They're a bunch of fun renaiyBlankies
[11:55:08]  kaeos: GZ
[11:55:13]  kirosthegreat: :3
[11:55:36]  kirosthegreat: kek
[11:57:51]  kirosthegreat: Get lul'd then usausaNodders
[11:58:23]  kaeos: did you see faker lose to drx
[11:58:47]  kirosthegreat: Gotta hit the hay, 30 hours of consciousness is enough for me pinkshComfy
[11:58:52]  kaeos: gn :)
[11:58:57]  kirosthegreat: Have fun y'all
[11:59:00]  kaeos: you dont actually care
[11:59:43]  kaeos: no i meant faker losing
[12:00:18]  303devilfish: monkaS 🖥️ yutapon
[12:00:31]  kaeos: Sadge read yutapon as futa porn
[12:00:36]  rinta_rnt: yutabon
[12:01:00]  kaeos: symptom of watching xqc
[12:01:01]  rinta_rnt: ゆたぼん（本名: 中村 逞珂〈なかむら ゆたか〉2008年12月12日 - ）は、日本のYouTuber。 沖縄県宜野湾市在住。 大阪府生まれ。 少年革命家を自称し、自身のYouTubeチャンネルで「学校は行きたい時に行く」「不登校の自由」などを主張し動画配信を行っている。
[12:02:10]  kaeos: probably not "mainstream" bc the communities arent PC enough to be the face of twitch
[12:03:10]  rinta_rnt: ゆたぼんって外でマスクしなさそう
[12:03:15]  kaeos: she wasnt trans just tall
[12:03:28]  kaeos: but yeah
[12:03:41]  kaeos: its not scummy
[12:03:44]  kaeos: you see, its BASED
[12:03:51]  kaeos: WWW
[12:04:36]  kaeos: redo Madge
[12:05:24]  kaeos: holy shit those platforms look like CARROTS
[12:05:24]  303devilfish: ur gonna be on this level for like an hour
[12:05:50]  kaeos: nah ur a hater those are carrots
[12:06:09]  kaeos: PepeLaugh he doesnt know
[12:06:20]  303devilfish: that's why
[12:06:23]  kaeos: (i dont know either)
[12:08:20]  kaeos: do you consider your responsibilities as an influencer when you speak?
[12:08:32]  frosteddiamond: How you doing Zetto?
[12:08:40]  kaeos: but we are influenced
[12:08:46]  kaeos: ive been more homophobic since i started watching
[12:08:47]  303devilfish: peepoHappy 🚬 look what zetto taught me
[12:09:50]  kaeos: LULW
[12:10:13]  kaeos: thats the shit i would put in a game if i developed it
[12:11:29]  kaeos: ???
[12:12:06]  laurabraus: okay i lied i wasnt lurking my show got too intense
[12:12:12]  laurabraus: im back now
[12:12:20]  kaeos: what show
[12:12:22]  scratchatk: skillz
[12:12:30]  laurabraus: bachelor in paradise!!!
[12:12:33]  laurabraus: YEAH
[12:12:36]  laurabraus: LMAO
[12:13:04]  kaeos: bachelor in your mom aha
[12:13:54]  rickitarr64: just noticed you have your sm64 splits up lol
[12:14:22]  kaeos: play cyberpunk edgerunners in that space
[12:14:37]  kaeos: so i can watch it
[12:15:08]  kaeos: i dont have netflix
[12:15:22]  kaeos: ye
[12:15:36]  kaeos: me neither but ive heard its good
[12:16:09]  kaeos: those lives are dwindling quick
[12:16:12]  rinta_rnt: ○の部分は触ってもいんじゃね
[12:16:38]  rinta_rnt: 今の森浦ゴール
[12:16:44]  rinta_rnt: 裏ゴール
[12:17:01]  rinta_rnt: 森
[12:18:05]  rinta_rnt: 右の方
[12:18:18]  rinta_rnt: 水色
[12:18:32]  kaeos: are you going to play god of war, sonic, or pokemon?
[12:18:52]  kaeos: this guy hates video games
[12:19:12]  kaeos: this doesnt even count as a video game
[12:20:10]  rinta_rnt: 確かクソ奥
[12:22:04]  rinta_rnt: 黄色い！の近く
[12:22:17]  kaeos: i saw it :)
[12:23:35]  kaeos: i thought i saw it near the end
[12:24:21]  rinta_rnt: ｗｗｗｗ
[12:24:49]  kaeos: why are his w's thicker than mine
[12:25:05]  rinta_rnt: 今あった
[12:25:11]  rinta_rnt: 黄色い！
[12:25:30]  rinta_rnt: しんで落ちてったとき
[12:26:12]  kaeos: bitched by a fish LULW
[12:27:09]  kaeos: yeah that was the ending i saw too
[12:30:41]  kaeos: ?
[12:30:42]  rinta_rnt: あ
[12:30:46]  rinta_rnt: つみ
[12:31:13]  laurabraus: so close
[12:31:20]  kaeos: i stopped keeping track of game overs after that REALLY depressing section of the stream
[12:31:20]  laurabraus: game OVER?
[12:31:36]  rinta_rnt: game over x21
[12:31:43]  laurabraus: for real
[12:32:06]  kaeos: yeah i felt a little bad for that so i stopped
[12:32:21]  laurabraus: was i here for that
[12:32:25]  laurabraus: i believe in you zetto
[12:32:29]  kaeos: no
[12:32:32]  laurabraus: theres no way i could even get past level 3 of this game
[12:33:56]  cosmicmikan: damn
[12:34:15]  laurabraus: erinnnn
[12:35:11]  laurabraus: those blocks look like theyre in pain
[12:35:18]  laurabraus: like they need to poo
[12:35:23]  kaeos: can you just wait for the blocks on that spike and just jump over
[12:35:37]  laurabraus: thanks
[12:35:53]  kaeos: thats a mixup
[12:35:54]  laurabraus: what was THAT
[12:35:56]  laurabraus: WTF
[12:35:58]  scratchatk: robbed
[12:36:09]  laurabraus: how did that get in there
[12:36:42]  kaeos: no i meant on the last section of the moving snake blocks, theresa spiky ball block you can stand on near the end instead of riding the moving blocks
[12:37:13]  laurabraus: i commend you for being under this amount of ass clenching stress multiple times in a row
[12:38:17]  kaeos: a gameshark
[12:38:58]  cosmicmikan: i have to go for now. good luck ktr!!!
[12:39:15]  laurabraus: @cosmicmikan goodnighttt
[12:40:57]  kaeos: PauseChamp
[12:41:14]  rinta_rnt: w
[12:41:15]  kaeos: no shot
[12:41:58]  kaeos: hey wait these are all smash characters, like roy and wendy
[12:41:59]  scratchatk: i had victory poggs all written out. TearGlove
[12:42:55]  kaeos: bowser jr is top 10
[12:44:32]  kaeos: LULW
[12:45:15]  kaeos: NO SHOT
[12:45:19]  scratchatk: PokPikachu
[12:45:22]  anglerangus: peepoDeadDank
[12:45:23]  scratchatk: noo
[12:45:26]  laurabraus: :(
[12:45:47]  laurabraus: alright broski im going to bed
[12:45:54]  laurabraus: good luck
[12:45:56]  kaeos: gn :)
[12:46:07]  anglerangus: gn laura OiMinna
[12:46:14]  anglerangus: gn zetto OiMinna
[12:46:21]  scratchatk: noo
[12:46:30]  laurabraus: tomorrow is another day Prayge
[12:46:31]  scratchatk: this the rn PokGengar **
[12:47:15]  anglerangus: OMEGALUL
[12:47:19]  kaeos: it was not the run
[12:47:20]  303devilfish: that was a bold strategy
[12:47:22]  anglerangus: peepoDeadDank *
[12:47:23]  scratchatk: LUL ah well
[12:48:08]  kaeos: last chance Prayge
[12:48:50]  scratchatk: won't exhale until victory Prayge
[12:49:34]  anglerangus: 婚
[12:50:17]  rinta_rnt: w
[12:50:37]  anglerangus: gn zetto OiMinna
[12:50:46]  scratchatk: ktrzetYay good tries
[12:50:51]  kaeos: gn :)
[12:51:05] ktrZetto is now offline.
[12:51:40]  303devilfish: wow i looked away and he was gone, that must have been one quick bowser kill :)
