# Start logging at 2022-09-13 05:28:55 Tokyo Standard Time
[05:28:55] connected
[06:41:48] Twitch Servers requested us to reconnect, reconnecting
[06:41:48] disconnected
[06:57:07] disconnected
[06:57:12] Message history service recovering, there may be gaps in the message history.
[09:07:44]  streamelements: ktrZetto is now live! Streaming Super Mario 64: JP/EN | 明るい世界の裏
[09:07:54] ktrZetto is live!
[09:32:17]  laurabraus: its mario i cant believe it
[09:32:44]  laurabraus: i feel like its been so long
[09:32:57]  rickitarr64: yaaay mario again!
[09:33:00]  rickitarr64: finally hahaha
[09:33:17]  robertzarmy: zetto is a variety streamer now
[09:33:26]  rickitarr64: Wanna see you grinding again like the old days
[09:33:52]  robertzarmy: now jebait and play inscryption again
[09:34:06]  robertzarmy: not again
[09:35:25] robertzarmy redeemed Sound Alert: say hello! 100
[09:37:29]  303devilfish: look at the speed Pog
[09:37:47]  robertzarmy: twitch needs to stop fixing ads
[09:38:12]  robertzarmy: greedy ass company
[09:38:16]  robertzarmy: no wonder everyone is going to youtube
[09:39:36]  robertzarmy: nope the video player is way better and my ad blocker works
[09:40:04]  robertzarmy: youtube vanced?
[09:40:23]  robertzarmy: I still have it you just can't download it officially any more
[09:41:26]  robertzarmy: idk it still works
[09:41:30]  robertzarmy: so im chillin
[09:41:33]  scratchatk: mpv can take twitch/yt/ph streams.
[09:42:24]  robertzarmy: wtf is this
[09:42:26]  robertzarmy: is this goated?
[09:42:27]  scratchatk: no UI, lotsa keybinds.
[09:43:34]  robertzarmy: UI is for babies
[09:43:45]  robertzarmy: i can kinda navigate linux with no gui
[09:44:35]  robertzarmy: that said i have no idea how to download this
[09:46:24]  robertzarmy: dude i just remembered i have dr pepper
[09:46:26]  robertzarmy: what a great day
[09:46:54]  robertzarmy: This fucking guy
[09:47:02]  ktrzetto: give it like 5 mins
[09:47:12]  robertzarmy: what an idiot
[09:47:13]  ktrzetto: i need to install lol
[09:47:38]  robertzarmy: 2020Partnered
[09:48:53]  robertzarmy: ResidentSleeper
[09:49:32]  ktrzetto: 63%
[09:50:47]  laurabraus: i left whats going on
[09:50:57]  robertzarmy: he forgot to install inscryption
[09:51:03]  laurabraus: i thought you were dead i came back in the room and heard NOTHING until you just spoke
[09:51:12]  ktrzetto: 77%
[09:51:17]  laurabraus: @robertzarmy this guy
[09:51:26]  robertzarmy: I said the exact same thing
[09:51:31]  laurabraus: i know
[09:51:40]  laurabraus: but you were right
[09:51:56]  robertzarmy: pepeW
[09:52:23]  laurabraus: your stream is fine for me
[09:52:24]  robertzarmy: we cant see you take off your mask
[09:52:26]  laurabraus: i can hear you too
[09:52:40]  laurabraus: @robertzarmy OMEGALUL
[09:55:33]  robertzarmy: there are so many vtubers playing inscryption right now
[09:55:36]  robertzarmy: you're right at home
[09:56:10]  laurabraus: what was the question
[09:57:10]  laurabraus: hold on i got an ad
[09:57:11]  robertzarmy: scuffed ass stream.
[09:58:26]  laurabraus: bro
[09:58:36]  laurabraus: holy shit so loud
[09:58:39]  robertzarmy: 音
[09:58:40]  laurabraus: yes i heard it
[09:58:48]  robertzarmy: it wasnt that loud
[09:58:54]  robertzarmy: its quiet now
[09:58:57]  laurabraus: it probably wasnt that loud
[09:59:14]  laurabraus: dude now im doubting myself
[09:59:22]  laurabraus: mason is fucking gaslighting me
[09:59:30]  robertzarmy: it literally was not loud
[09:59:41]  robertzarmy: thats fine
[09:59:45]  laurabraus: whatever
[10:00:07]  robertzarmy: :tf:
[10:00:15]  laurabraus: its loud as balls
[10:00:21]  nightbot: You probably shouldn't give any streamer money. I'm not a financial advisor but that is financial advice. But if you want to help support the channel, and more importantly, help your boy get paid, feel free to click the link. Please give me your money. https://streamlabs.com/ktrzetto/tip https://www.twitch.tv/products/ktrZetto
[10:00:28]  laurabraus: its better now
[10:00:50]  robertzarmy: its better if you dont know anything about it
[10:01:07]  robertzarmy: TURN OFF YOUR LIGHTS peepoWTF
[10:02:39]  robertzarmy: you are so dumb
[10:02:44]  laurabraus: is this a CARD GAME
[10:02:48]  laurabraus: are you kidding me
[10:03:40]  robertzarmy: already skipping dialogue
[10:03:52]  laurabraus: i sure would
[10:04:01]  laurabraus: whats the plot
[10:04:40]  laurabraus: dude is this just dnd
[10:04:52]  robertzarmy: not at all
[10:06:04]  kaeos: L video game
[10:08:54]  robertzarmy: kaeos so negative
[10:08:56]  robertzarmy: gtfo dude...
[10:09:51]  kaeos: ive never had fun watching a streamer play it but ill give it another shot
[10:10:14]  laurabraus: card games are way more fun to play yourself than watch i agree
[10:10:28]  robertzarmy: had a blast watching jerma play this
[10:11:18]  kaeos: you need voices for all the dialogue
[10:11:20]  kaeos: -1 RP
[10:12:37]  kaeos: turn off the lights
[10:12:40]  kaeos: close the blinds
[10:12:48]  robertzarmy: that's what I said
[10:13:01]  laurabraus: room tour
[10:13:07]  kaeos: you dont have blackout curtains?
[10:13:09]  kaeos: L streamer
[10:13:30]  laurabraus: that was the most aggresive camera turn ive ever seen when you showed the window LMAO
[10:15:36]  robertzarmy: going to lose PepeLaugh
[10:15:52]  kaeos: i do not understand how this game works
[10:15:59]  laurabraus: same kaeos
[10:16:06]  laurabraus: i thought maybe i missed something
[10:16:29]  kaeos: is it like slay the spire
[10:16:51]  robertzarmy: kinda yea
[10:17:05]  robertzarmy: your cards attack the other cards
[10:17:10]  kaeos: slay the spire is the only roguelike ive ever enjoyed
[10:17:27]  laurabraus: are those lego people
[10:17:34]  laurabraus: damn we are playing the lego movie game after all
[10:18:12]  kaeos: what does chisa have to do with legos
[10:18:43]  laurabraus: in the discord every time zetto asks what he should play chisa says lego movie game
[10:19:25]  robertzarmy: sorry can you re explain i wasnt paying attention
[10:20:22]  kaeos: he's looking up guides on his other monitor
[10:20:29]  kaeos: ur not slick
[10:21:04]  robertzarmy: wtf is that true
[10:21:46]  robertzarmy: L streamer
[10:21:51]  laurabraus: i dont think ive ever played a game on stream and DIDNT have a walkthrough in another tab
[10:22:03]  kaeos: @laurabraus L streamer
[10:22:05]  robertzarmy: The pain is temporary.
[10:22:14]  kaeos: like streamer like moderator
[10:22:45]  laurabraus: most visual novels
[10:22:49]  laurabraus: i give up easily
[10:23:31]  robertzarmy: winnable
[10:23:56]  robertzarmy: bruh
[10:24:20]  kaeos: my streamer is special widepeepoHappy
[10:25:43]  anglerangus: LIVE Pog
[10:25:44]  robertzarmy: it doesnt tell you if youve seen the card before
[10:26:33]  anglerangus: ロバートさんも日本語を勉強していますか？
[10:26:38]  303devilfish: geck peepoHappy
[10:28:16]  anglerangus: 勉強しないですか Madge
[10:28:24]  robertzarmy: @AnglerAngus はい、まだ勉強中
[10:28:32]  anglerangus: Pog
[10:29:44]  robertzarmy: hes goated with the sticks.
[10:30:21]  robertzarmy: you can still right click the ability to see what it does
[10:31:37]  robertzarmy: owned?
[10:32:23]  kaeos: !lurk
[10:32:23]  nightbot: bye bitch
[10:34:19]  robertzarmy: i demand justice for the skunk.
[10:34:59]  robertzarmy: hungy :(
[10:37:23]  robertzarmy: i feel like some of these cards didnt exist when i played
[10:37:26]  robertzarmy: but maybe im wrong
[10:40:36]  robertzarmy: gg......
[10:42:22]  fujitoma: こんにちは🙏シャツ可愛い！！
[10:46:01]  robertzarmy: rip bozo
[10:46:12]  robertzarmy: you have to refund the game now. so sad.
[10:47:05]  robertzarmy: Pepega
[10:50:23]  robertzarmy: you fucking died zetto. he killed you. you're dead.
[10:55:48]  laurabraus: wtf LMAO
[11:02:59]  itsaystrueno: hello is this your first playthrough?
[11:03:25]  itsaystrueno: ok no spoilers from me
[11:04:58]  303devilfish: where the fuck is geck? peepoWTF
[11:06:27]  itsaystrueno: stoatal misplay morelike hello
[11:07:37]  laurabraus: going to bed goodnight & good luck
[11:16:31]  itsaystrueno: game won a developer's choice award. so people that make games thought it was excellent.
[11:23:51]  kaeos: i forgot, do u have mcdonalds in japan?
[11:24:09]  kaeos: i just got mgdonalds
[11:26:02]  kaeos: yoo they gave me 2 extra nuggets
[11:26:03]  kaeos: Pog
[11:27:19]  itsaystrueno: he yoink
[11:27:29]  kaeos: he's got cigarette addict hands
[11:29:24]  itsaystrueno: do you know what happened?
[11:29:29]  kaeos: L streamer
[11:29:40]  kaeos: Do better.
[11:32:13]  kaeos: ALPHA LULW
[11:34:04]  kaeos: ever since i got my garmin watch, i found out that my heart rate is at its highest whenever i play smash
[11:34:06]  kaeos: i should quit
[11:35:21]  kaeos: im not in elite
[11:35:24]  kaeos: i only play arenas
[11:40:15]  kaeos: bc he's submissive
[11:41:38]  kaeos: ktrzetAY Clap
[11:41:59]  kaeos: if you actually listen to them it could be pretty engaging
[11:42:05]  kaeos: but u would get dmcad
[11:43:39]  kaeos: u could make a youtube video from it but i bet theres millions of youtube videos of japanese guys reacting to anime
[11:44:10]  kaeos: unsurprising zetto L
[11:44:31]  koffeekraken: First run ?
[11:44:49]  kaeos: thats like his 20th
[11:45:11]  kaeos: 3 is CAP
[11:45:33]  koffeekraken: yeah, 4 also sounds a cap also.
[11:47:06]  koffeekraken: feel free to ask us chatChans if helps be needed.
[11:48:10]  kaeos: im so confused i wouldnt be able to give bad advice if i wanted to
[11:48:15]  koffeekraken: yes
[11:48:29]  koffeekraken: This is good card
[11:51:19]  koffeekraken: if it is HP buff, buffing hive not a bad idea
[11:51:22]  kaeos: not voice acting DansGame
[11:54:21]  koffeekraken: yup
[11:54:34]  itsaystrueno: im a big beehive guy
[11:54:40]  itsaystrueno: its sooo strong
[11:55:12]  kaeos: are you excited for the nintendo direct tomorrow?
[11:55:37]  kaeos: oh
[11:55:39]  kaeos: me neither
[11:55:59]  koffeekraken: if there is a Zelda announcement, then sure I am
[11:56:38]  koffeekraken: Usually buffing low platy cost with Damage is ideal
[11:56:47]  kaeos: i actually like the weapons breaking in botw
[11:57:33]  koffeekraken: yup
[11:58:22]  koffeekraken: Weapon breaking forces you to try new weapons
[12:00:18]  nightbot: You probably shouldn't give any streamer money. I'm not a financial advisor but that is financial advice. But if you want to help support the channel, and more importantly, help your boy get paid, feel free to click the link. Please give me your money. https://streamlabs.com/ktrzetto/tip https://www.twitch.tv/products/ktrZetto
[12:00:38]  kaeos: sounds like a level 80 starter at the elite 4 mindset
[12:03:10]  koffeekraken: mole is gonna get one hit
[12:04:01]  koffeekraken: skunk can make adder 0 attack power
[12:04:05]  koffeekraken: so he doesnt kill
[12:04:36]  koffeekraken: Nooooo
[12:04:44]  koffeekraken: Strange larva is babe
[12:05:50]  koffeekraken: u can check your cards
[12:05:55]  koffeekraken: but scrolling upwards
[12:06:07]  koffeekraken: *by
[12:06:58]  koffeekraken: :7
[12:07:11]  kaeos: it's incredibly useful
[12:07:12]  itsaystrueno: does this floating set of eyes look trustworthy to you?
[12:08:15]  koffeekraken: As rule of exp I will tell you this. The trials always have good cards.  The probability of sigil trial is very good based on your deck
[12:09:31]  koffeekraken: yeah, 4 losses was def a cap. LUL
[12:10:08]  koffeekraken: 1 and 3 are good
[12:12:35]  kaeos: would you let your girl do onlyfans?
[12:12:59]  kaeos: CLM ✊
[12:13:02]  kaeos: Same
[12:13:05]  koffeekraken: i guess he will join her. KEKW
[12:13:19]  koffeekraken: CaitlynS
[12:14:27]  kaeos: cuck lives matter
[12:14:46]  koffeekraken: go for it
[12:14:46]  kaeos: his gf has a thing with a guy named big j
[12:15:19]  kaeos: I would
[12:15:24]  kaeos: because my cock is massive
[12:16:00]  koffeekraken: is that One piece manga in the back. OWLMei
[12:17:07]  koffeekraken: try using your totems also
[12:18:28]  koffeekraken: use ur items
[12:20:07]  koffeekraken: they are going to hit the beehive
[12:20:17]  koffeekraken: they are submerged, not flying
[12:21:14]  koffeekraken: kill mole
[12:21:20]  koffeekraken: rip
[12:21:46]  kaeos: this is looking like another classic zetto L
[12:22:07]  koffeekraken: its winnable
[12:23:29]  kaeos: I lost everything, I bet the house on a loss
[12:23:32]  koffeekraken: yeah, 4 was likely a cap. CLM
[12:23:50]  koffeekraken: option 2 seems most likely
[12:24:49]  koffeekraken: elk looks hot. :7
[12:27:28]  koffeekraken: remember, adder one shots
[12:28:14]  koffeekraken: is that hot larvae (O_O)
[12:28:35]  koffeekraken: Squid1 Squid2 Squid3 Squid2 Squid4
[12:28:59]  303devilfish: where's my boy geck? peepoHappy
[12:29:06]  koffeekraken: geck died
[12:29:24]  303devilfish: peepoSad
[12:29:51]  303devilfish: its him Pog
[12:29:58]  koffeekraken: i told you, sigil is always better LUL
[12:30:41]  koffeekraken: hive or larva ?
[12:31:16]  koffeekraken: time to figure it out then
[12:33:24]  koffeekraken: RPI
[12:33:27]  koffeekraken: *RIp
[12:33:32]  kaeos: L
[12:34:00]  koffeekraken: use items man
[12:34:04]  koffeekraken: u had squirell
[12:34:05]  kaeos: astronomical L incoming
[12:34:54]  koffeekraken: @kaeos i agree with what you said about that cap. LULW
[12:35:23]  kaeos: buff geck PogChamp
[12:35:26]  koffeekraken: buff mole
[12:36:53]  koffeekraken: :!
[12:36:56]  kaeos: that was BAD
[12:37:07]  koffeekraken: quite
[12:38:25]  koffeekraken: He is about to say that 3 was cap.  CaitlynS
[12:39:21] kaeos redeemed Make my bed 1000
[12:39:33]  koffeekraken: my mans is groundhog day incarnated.  SabaPing
[12:40:31]  kaeos: PogChamp
[12:41:07]  kaeos: if I redeem no reset does that mean you aren't allowed to fail this next run
[12:42:57]  koffeekraken: but he will.
[12:47:56]  kaeos: wait, this game is like yugioh
[12:48:06]  kaeos: if theres no cards there, it attacks your life points directly
[12:52:11]  koffeekraken: You dont lose the pel
[12:52:13]  koffeekraken: *pelt
[12:55:46]  kaeos: you should get some poutine for lunch
[12:56:07]  kaeos: poutine this dick in your mouth LULW
[12:56:48]  koffeekraken: :7
[13:00:19]  nightbot: You probably shouldn't give any streamer money. I'm not a financial advisor but that is financial advice. But if you want to help support the channel, and more importantly, help your boy get paid, feel free to click the link. Please give me your money. https://streamlabs.com/ktrzetto/tip https://www.twitch.tv/products/ktrZetto
[13:04:04]  koffeekraken: beehive is also bug
[13:06:47]  kaeos: good night :)
[13:23:19]  babsmcnh: holy shit you're playing inscription?! man i guess i'll watch the vod
[13:24:15]  303devilfish: PepeLaugh
[13:27:24] ktrZetto is now offline.
