# Start logging at 2022-07-04 02:44:40 Tokyo Standard Time
[02:44:40] connected
[05:54:39] ktrZetto is live!
[05:55:51]  streamelements: ktrZetto is now live! Streaming Super Mario 64: JP/EN i called in sick today
[05:58:17]  babsmcnh: Putting you on in the background but GL with ur runs today zetto HYPERS
[05:58:21]  kirosthegreat: Clicked everywhere but 'here' and then typed your url. Because I'm a rebel and can't be controlled.
[06:00:16]  nightbot: You probably shouldn't give any streamer money. I'm not a financial advisor but that is financial advice. But if you want to help support the channel, and more importantly, help your boy get paid, feel free to click the link. Please give me your money. https://streamlabs.com/ktrzetto/tip https://www.twitch.tv/products/ktrZetto
[06:03:27]  kirosthegreat: usausaUSA  Just a little hard to hear you above music. I'd lower bgm a couple notches
[06:03:55]  kirosthegreat: usausaNodders sounds good
[06:06:11]  kirosthegreat: The red coins star is really unforgiving if you aren't -PERFECT- with your movements
[06:07:32]  deohang: Omg eu friendly
[06:08:15]  usausachu: Here
[06:08:21]  kirosthegreat: There
[06:08:54]  deohang: My internet did not work for the past two days lmao so I didn’t stream
[06:09:09]  deohang: Also it was a wig
[06:09:33]  deohang: Got it for when I can’t be bothered with doing my hair for stream
[06:11:00]  deohang: If you put dry shampoo in your hair the night before it’ll give you some volume
[06:12:35]  kirosthegreat: Everyone has hair wax. Just sweat a lot style as you like Jebaited
[06:13:10]  deohang: Dry shampoo is such a lifesaver for me when I’m traveling
[06:15:05]  deohang: You could buy a small container and refill that with the hair wax
[06:15:56]  kirosthegreat: Think it's like 2 or 3 oz containers are the max amount of liquids you can travel with if it's not a factory sealed thing like a can of coke. Though I haven't seen people take cans of coke with them so maybe that's no longer allowed either orooShrug
[06:18:41]  kirosthegreat: Nah, those cans are strong af. They're sealed at a couple atmospheres worth of pressure to provide rigidity for stacking and shit. But they can withstand a few times ther normal pressure to account for heat.
[06:19:18]  kirosthegreat: Never traveled long enough to do laundry
[06:20:58]  kirosthegreat: Oh yeah, I think I saw that video a while back. Whoever came up with the can design was low key genius
[06:22:00]  angusa1210: holy shit LIVE Pog
[06:27:42]  kaeos: soy fm clintJAM
[06:28:23]  kaeos: no carti 🥱
[06:28:33]  kirosthegreat: my AC has spoiled me... I keep it set at like 67 or 66 F with the fan always on. Never notice that condenser kicking on, just keeps the temp steady on its own orooLUL
[06:28:51]  kaeos: playboi carti and cardi b are different
[06:29:47]  kaeos: why arent you at anime expo
[06:30:17]  angusa1210: Sadge
[06:30:23]  kaeos: they sell hentai though
[06:30:55]  kaeos: american sold hentai hits different KKona
[06:31:09]  kirosthegreat: Imagine an American buying hentai... We stream that shit for free Jebaited
[06:31:53]  kaeos: why would you READ hentai LULW
[06:32:01]  kirosthegreat: For the plot Kappa
[06:32:10]  kaeos: imagine all these years of technology and you decide to LOWER the amount of frames
[06:32:31]  kirosthegreat: lol
[06:32:46]  angusa1210: true Sadge
[06:33:23]  kaeos: coomer cope
[06:33:27]  laurabraus: whats up
[06:33:45]  kaeos: i dont jerk off to cartoons
[06:34:01]  laurabraus: okay kaeos what do you want a medal
[06:34:16]  kaeos: no
[06:34:52]  kaeos: i dont jerk off at all
[06:34:59]  angusa1210: Prayge
[06:35:00]  kaeos: what am i, a filthy primate?
[06:35:47]  kaeos: dopamine VoteNay dope VoteYea
[06:36:29]  kirosthegreat: LUL
[06:36:48]  laurabraus: are you actually sick or are you just not doing the work thing today
[06:37:20]  laurabraus: ohhhhhhhhhhhhhh
[06:37:26]  kaeos: CLIPPED LULW SENT TO UR BOSS LULW
[06:37:37]  laurabraus: but thats a legitimate reason
[06:37:43]  kaeos: fuck ur mental health
[06:37:58]  kaeos: 9-9 7 days a week is the grind
[06:38:41]  laurabraus: same
[06:38:55]  kaeos: no life
[06:38:59]  kaeos: everything is for big corpo
[06:41:07]  kaeos: npc
[06:41:21]  laurabraus: i hate when that happens
[06:41:32]  kaeos: cutting weeds for 14 hours
[06:41:52]  laurabraus: you said 6 actually
[06:41:58]  kaeos: do u take growth hormones
[06:42:38]  laurabraus: no i think he means like for. your. you know
[06:42:50]  laurabraus: i get spam emails about that
[06:42:53]  laurabraus: LOL
[06:42:58]  kaeos: i was gonna make a joke about his hair but u made it weird
[06:43:46]  kirosthegreat: Yeah, hgh just gives you a little bit of energy when you're an adult. Not much else.
[06:44:06]  laurabraus: dude ive been getting spam emails like 5 times a DAY i just delete 200 messages every month
[06:44:11]  kirosthegreat: Human growth hormone
[06:44:49]  laurabraus: yeah i do too but it doesnt delete automatically and i saw the time stamps last time i went to bulk delete
[06:45:01]  kaeos: !lurk
[06:45:01]  nightbot: bye bitch
[06:46:41]  laurabraus: yeah its not crypto but i get those "YOURE OUR WINNER FOR A BAZILLION DOLLARS" ones
[06:47:32]  laurabraus: you're our millionth customer! this is not a joke!
[06:48:22]  laurabraus: yeah you'd have to prepare for it
[06:48:33]  laurabraus: like get a fake everything
[06:49:05]  laurabraus: well wouldnt it just be $10. yeah
[06:49:13]  laurabraus: or it could be an easy loss of $100
[06:49:30]  kirosthegreat: They'd probably just keep the 100 bucks
[06:49:41]  laurabraus: yeah i agree
[06:49:48]  laurabraus: but what if they didn't
[06:50:29]  laurabraus: they have
[06:50:42]  laurabraus: i've seen people scamming scammers before
[06:51:43]  laurabraus: it's usually hackers that hack into the scammer's computer and they can see everything they're doing so they have the one-up on them it's crazy
[06:52:21]  laurabraus: oh is it a specific person?
[06:52:27]  laurabraus: i just remember seeing it a long time ago
[06:53:04]  laurabraus: yesss that too
[06:53:31]  kirosthegreat: A few people try it. Whether they're successful or not is questionable. Browning always has evidence of his hacks through CCTV feeds.
[06:57:24]  kirosthegreat: I've seen some claim that they've shutdown 40+ computers on a network, but their only evidence is their own command prompt saying that x number of PCs were locked and someone on the phone sounding nervous. But you can mimic that with a batch script, so idk
[06:58:54]  kirosthegreat: Aye, that's what I was thinking
[06:59:10]  kirosthegreat: Gonna lurk for a bit and rest wrist. gl mate
[07:00:14]  nightbot: You probably shouldn't give any streamer money. I'm not a financial advisor but that is financial advice. But if you want to help support the channel, and more importantly, help your boy get paid, feel free to click the link. Please give me your money. https://streamlabs.com/ktrzetto/tip https://www.twitch.tv/products/ktrZetto
[07:01:06]  chisasfam: Hey dude I hope youre doing well
[07:01:29]  laurabraus: hey chisaaaa
[07:01:31]  chisasfam: thats good !
[07:01:34]  chisasfam: Hey laura
[07:01:38]  chisasfam: why did you call in sick
[07:01:40]  chisasfam: are you sick :o
[07:01:54]  chisasfam: or is it a not feeling in a good mindset to work
[07:01:59]  sarahfyi: GL on you run! pepeD I'm lurking
[07:02:26]  laurabraus: WAIT REALLY LOL
[07:02:37]  chisasfam: Ahh thats fair , sorry if that was abit personal! I did the same many times in college, but I just called and said "cough cough im sick cough cough"
[07:02:56]  laurabraus: i really thought you said you had covid i was like dude theyre gonna make you quarantine forever
[07:03:47]  chisasfam: Ah yeah lol
[07:04:33]  chisasfam: Orange juice on a lateral flow test shows positive, idk how
[07:05:11]  chisasfam: here if you dont atleast sound sick they say you arent sick :((
[07:05:12]  laurabraus: i didnt work a ton in college but i did have to call out sick one time and since i couldnt drive my manager drove to my dorm and brought me noodle soup and meds i almost cried
[07:06:07]  chisasfam: YEAH like youll go in the next day or something and theyll say "you didnt sound sick in your call"
[07:06:22]  chisasfam: aww :))
[07:06:38]  laurabraus: LOL
[07:07:22]  laurabraus: instant karma
[07:07:28]  rinta_rnt: FrankerZ1
[07:07:39]  chisasfam: omg its rinta
[07:07:55]  laurabraus: he left right when rinta cheered
[07:07:58]  chisasfam: PawgChamp  me @ amongus
[07:07:58]  laurabraus: damn
[07:07:59]  chisasfam: sorry wrong acc
[07:08:21]  rinta_rnt: MrDestructoid1
[07:08:26]  chisasfam: someone should tell zetto he left the timer on
[07:08:36]  laurabraus: oh shit youre right
[07:08:41]  laurabraus: maybe he meant to
[07:08:46]  chisasfam: maybe
[07:08:46]  rinta_rnt: i can go his house
[07:08:49]  chisasfam: who knows
[07:08:59]  laurabraus: go and turn it off rinta
[07:08:59]  chisasfam: yes rinta go to his house and tell him his timer is on
[07:09:19]  chisasfam: he also left his game on, its using up electricity , you should tell him that too
[07:09:48]  chisasfam: we need to be eco friendly in these trying time and leaving your PC on when you go is not the way to go
[07:09:50]  laurabraus: he could be using that electricity for air conditioning
[07:09:58]  chisasfam: exactly! or lighting!
[07:10:03]  rinta_rnt: 2だよ合わせて
[07:10:58]  chisasfam: thats 2 minutes of electricity gone
[07:10:59]  chisasfam: wasted
[07:11:03]  chisasfam: gone forever
[07:11:20]  chisasfam: well yeah I was about to say
[07:11:28]  chisasfam: it was converted into something not as good
[07:11:29]  chisasfam: like sound
[07:11:31]  rinta_rnt: MINING WITH 1000W PS
[07:11:31]  chisasfam: light
[07:11:32]  chisasfam: heat
[07:11:45]  laurabraus: i failed physics four quarters in a row
[07:11:49]  chisasfam: mostly sound and heat
[07:12:02]  chisasfam: Yeah exactly
[07:12:24]  laurabraus: you dont have to brag :(
[07:12:25]  laurabraus: LMAO
[07:12:32]  laurabraus: im kidding
[07:12:42]  chisasfam: that electricity could've been used to power someone's lights
[07:12:48]  chisasfam: I failed physics too laura its okay
[07:12:54]  chisasfam: I feel like we have spoken about that
[07:13:00]  laurabraus: we did
[07:13:05]  chisasfam: yes yes
[07:13:06]  laurabraus: because you sent a chemistry problem
[07:13:14]  chisasfam: Yeah yeah, bleach
[07:13:18]  laurabraus: yeah
[07:13:33]  chisasfam: Zetto, I recently financed a really good pc from Cyberpower , you could try that!
[07:13:38]  chisasfam: Oh bc im bad at maths
[07:14:02]  laurabraus: because i was anemic and every day i would go home and pass out for 13 hours and couldnt do my homework
[07:14:08]  laurabraus: thats the REAL reason
[07:14:09]  chisasfam: at GCSE i was predicted a 8/9 (A*) and I came out with a 3 (D)
[07:14:27]  chisasfam: that was for maths and physics
[07:14:41]  laurabraus: YIKES
[07:14:50]  chisasfam: ooooh you should make it lego movie themed
[07:15:05]  chisasfam: Zetto I got really good in chemistry and Biology so you can be proud of me there
[07:15:07]  laurabraus: i didn't know it at the time, i found out at the end of the year
[07:15:18]  laurabraus: my school really was like that though
[07:15:46]  laurabraus: my teachers where i was failing were accommodating though they had me stay after and i improved
[07:16:04]  chisasfam: a 8 / 9 is an A* like highest grade you can get , a 3 is a D , a fail
[07:17:41]  laurabraus: so technically in physics, i didn't fail, I got a D every quarter. so i passed. and they didn't change it
[07:17:46]  chisasfam: zetto I have good grades I just failed the important subjects
[07:18:05]  efrye684: gl :3
[07:18:09]  chisasfam: @laurabraus a D for us is a Fail
[07:18:13]  laurabraus: wtf
[07:18:20]  chisasfam: but Im glad you didnt fail!
[07:18:26]  laurabraus: thanks me TOO
[07:18:52]  chisasfam: Zetto be proud of me I went to work and I got a 1 GBP tip
[07:19:00]  chisasfam: my keyboard doesnt have a pounds symbol
[07:19:14]  laurabraus: nope it just reflects badly on your grade point average. i didn't have to retake it
[07:19:30]  chisasfam: Great British Pounds
[07:19:35]  chisasfam: I dont have a pounds button
[07:19:48]  laurabraus: how much is that in dollars
[07:20:01]  chisasfam: like $1.50?
[07:20:08]  chisasfam: oh wait £££££
[07:20:09]  laurabraus: no no this was in high school. instead of three terms we have four
[07:20:14]  chisasfam: Turns out i do, its in a weird place
[07:20:21]  laurabraus: so we took physics all year and you get a grade for every quarter
[07:20:40]  laurabraus: so i didn't have to repeat the year. i just did poorly in science that year basically
[07:20:59]  laurabraus: yeah
[07:21:04]  chisasfam: thats weird , we did a class a whole year and got 1 grade at the end
[07:21:04]  laurabraus: i didn't mean to LMAO
[07:21:23]  laurabraus: YEAH I DID PASS I GUESS
[07:21:32]  laurabraus: @Chisasfam WTF
[07:21:48]  chisasfam: yeah its kinda similar to what zetto had
[07:22:03]  laurabraus: dude we got quarter grades, midterm grades, and final grades. there were like 6 columns on our report card
[07:22:18]  chisasfam: every term we would get a paper with what they think we will get at the end of the course then what grade level were working at now
[07:22:25]  laurabraus: i agree
[07:22:33]  chisasfam: america seems stressful
[07:22:50]  laurabraus: INDEED
[07:23:23]  laurabraus: sometimes it's by school
[07:23:29]  laurabraus: in college it's by class sometimes LMAO
[07:23:41]  chisasfam: I have business cards of my band, and today there is a Festival in Manchester so I saw loads of artists and music Promoters and the fesitval organisers , so I gave them my bands business card
[07:23:57]  chisasfam: after talking with some of them they asked how long my band had been preaching gospel
[07:23:58]  laurabraus: you're talking about the country that made up a new measurement system just to be quirky
[07:24:05]  chisasfam: thats when i found out it was a christian music festival
[07:24:28]  laurabraus: LMAOOOOO
[07:24:30]  laurabraus: no way.....
[07:24:31]  chisasfam: @laurabraus thats very y2k of ameirca
[07:24:53]  laurabraus: okay but skillet slaps. they're christian
[07:25:26]  chisasfam: true! my band however is not so we dont fit in B)
[07:25:40]  laurabraus: swipe those business cards back
[07:25:46]  chisasfam: It was too late
[07:25:49]  laurabraus: "i hate religion" - zetto 2022
[07:26:02]  chisasfam: its okay , I gew up in religion, its the worst :(
[07:26:10]  laurabraus: LOL
[07:26:13]  chisasfam: zetto starts a new crusade
[07:26:33]  chisasfam: how many watchlists have you just been placed onto
[07:26:59]  chisasfam: im sure
[07:27:07]  chisasfam: "I hate religion" puts you on a few
[07:27:11]  chisasfam: yes
[07:27:16]  chisasfam: you can spread your dislike
[07:27:29]  laurabraus: i think "religion" is too broad to get hated on for
[07:28:06]  laurabraus: mario is your religion
[07:28:31]  chisasfam: for me , The concept of a big over seeing eye who like judges and send you to eternal suffering for not aligning with its "plan" its kinda weird, almost north korea type beat
[07:28:49]  laurabraus: princess peach's castle DOES kind of look like a cathedral
[07:29:25]  laurabraus: dude what if thats why bowser's levels are all below it.....you're in hell...
[07:29:30]  chisasfam: yeah its fine to believe in it, just just not my thing personally, its stressful
[07:29:36]  chisasfam: TRUE
[07:29:50]  chisasfam: but would Fire Sea and LLL be canonically the same stage
[07:29:53]  chisasfam: just different areas
[07:30:00]  chisasfam: nice yellow btw
[07:30:21]  chisasfam: mario italy man
[07:31:18]  chisasfam: but zepoop ima go and lurk gl on runs!
[07:31:37]  chisasfam: nice bonk
[07:31:44]  chisasfam: it wont honey bunches
[07:31:51]  chisasfam: itll stay at a solid number
[07:32:17]  laurabraus: it dropped
[07:32:30]  chisasfam: yeah it went from 56 to 10 tragic
[07:32:37]  laurabraus: 9 to 8
[07:32:45]  chisasfam: anyway gl gl ill be a chatter again in abit<3
[07:32:55]  laurabraus: omg i HATE THAT
[07:33:03]  laurabraus: i know what you mean
[07:33:28]  laurabraus: theyll be lost you LOST 2 followers
[07:33:50]  laurabraus: same i wish you could turn it off
[07:35:16]  laurabraus: yeah
[07:35:24]  laurabraus: it's awkward having a silent audience
[07:35:35]  laurabraus: i think if you had fun then it's a good stream yknow
[07:36:27]  kaeos: BIG D
[07:37:06]  kaeos: im telling u ice climbers are super underrated
[07:37:27]  kaeos: he just made 5th
[07:37:52]  kaeos: i think we should ban fp2
[07:38:09]  kaeos: every character in there is good at planking or literally changing the way neutral is played
[07:38:17]  kaeos: i think pythra is literally the best character in there
[07:38:21]  kaeos: most honest i mean
[07:40:00]  kaeos: tf
[07:40:03]  kaeos: my message wasnt posted
[07:40:13]  kaeos: are u a mishima apologist
[07:40:27]  kaeos: ive been saying this but box mishima is gonna be nuts
[07:40:43]  kaeos: my message wasnt posted bc it has mishima but his first name
[07:42:09]  kaeos: i think sora is super underrated rn
[07:42:23]  kaeos: i think kameme lost his marbles dropping mega man for sora
[07:42:36]  kaeos: i could
[07:42:38]  kaeos: i could win with sora
[07:43:06]  kaeos: the world isnt ready for that
[07:43:37]  babsmcnh: SUPPP
[07:43:41]  kaeos: i actually compete under the tag "MKLeo"
[07:43:57]  babsmcnh: i dont think my points are autocollecting even though i have it on
[07:44:18]  kaeos: autocollecting is aimbot for twitch
[07:44:21]  kaeos: ban it
[07:44:44]  babsmcnh: i played pugb with my brother and got 2nd place the first match - killed 4 people EZ Clap
[07:45:26]  babsmcnh: PauseChamp
[07:45:53]  kaeos: i want riddles to get second at goml so its like a team liquid thing where they always get second
[07:45:58]  laurabraus: HEY BABS
[07:46:05]  babsmcnh: LAURAAA <3
[07:46:09]  babsmcnh: wassup with you
[07:46:12]  laurabraus: how was your trip
[07:46:20]  laurabraus: not much just the same old
[07:46:27]  kaeos: early split LULW
[07:46:33]  babsmcnh: OMG YOU REMEMBERED Pog
[07:46:54]  babsmcnh: the trip was great! did 20k steps per day so my feet arent the greatest
[07:47:11]  laurabraus: WTF
[07:47:19]  babsmcnh: but i went to 8 landmarks in edinburgh so it was worth the foot pain
[07:47:23]  laurabraus: where did you go?? was it a marathon or something
[07:47:25]  kaeos: not even 6 figure steps LULW
[07:47:27]  babsmcnh: OMEGALUL
[07:47:36]  babsmcnh: we just walked everywhere
[07:47:48]  babsmcnh: #unistudentlife
[07:47:52]  laurabraus: you backpacked?
[07:48:22]  babsmcnh: nah not really, went up a hillside named arthurs peak for one of the days but it was mostly just walking in the city center
[07:48:34]  laurabraus: you have superhuman strength now after all that walking i just know it
[07:48:34]  kaeos: i see plenty of throws wym
[07:48:48]  babsmcnh: LUL i kept smiling like a lunatic to hide the pain
[07:48:52]  laurabraus: LOL
[07:49:01]  laurabraus: but im glad it was a good trip and you got to do a lot!!
[07:49:13]  babsmcnh: also i went with 2 dudes and i acidentally booked a one bed room 💀
[07:49:36]  babsmcnh: i messed up the booking and didnt pick 3 beds so it automatically went to 1...
[07:49:38]  laurabraus: LMAOOOOO OMG just like a romance manga......
[07:49:43]  babsmcnh: I KNOWWW
[07:49:49]  arotiz: HUH
[07:49:54]  laurabraus: "AND THERE WAS ONE BED"
[07:49:57]  babsmcnh: i was like "i swear theres a porno like this..."
[07:49:59]  babsmcnh: OMEGALUL
[07:50:02]  arotiz: babs what...
[07:50:06]  kaeos: !lurk
[07:50:06]  nightbot: bye bitch
[07:50:10]  babsmcnh: yeah i went to scotland for 3 days :3
[07:50:20]  babsmcnh: LOOK I DIDNT MEAN TO
[07:50:50]  babsmcnh: i was so depressed that i fucked up the booking so bad that i just slept on the floor for two days
[07:50:51]  arotiz: you cant make it sound better
[07:51:10]  babsmcnh: my hips are displaced rn cuz of it
[07:51:10]  laurabraus: i was about to say i wouldve just slept on the floor
[07:51:26]  babsmcnh: i went to a bunch of places thats about it zetto
[07:51:39]  babsmcnh: it was a hostel so they didnt have any extra rooms
[07:51:53]  babsmcnh: i knew the price of the rooms was too good to be true Sadge
[07:52:07]  laurabraus: one bed....
[07:52:07]  babsmcnh: but yeah the floor wasnt too bad for two days
[07:52:11]  babsmcnh: LMAO
[07:52:23]  babsmcnh: 1 bed, 2 guys, 1 girl
[07:52:27]  laurabraus: so the two guys slept in the bed?
[07:52:30]  babsmcnh: and 1 floor :)
[07:52:33]  babsmcnh: yeah laura
[07:52:39]  babsmcnh: it was big enough for both of them
[07:52:43]  laurabraus: a REAL man wouldve taken the FLOOR
[07:52:49]  laurabraus: and let YOU sleep in the bed
[07:53:02]  babsmcnh: i wouldve died if they said that theyd sleep on the floor
[07:53:04]  saltychildofthesea: PartyParrot homies gotta do what homies gotta do
[07:53:19]  laurabraus: i guess it was your mistake so you had to take the hit
[07:53:20]  babsmcnh: if one of them slept on the floor i would have slept in the bathroom out of SHAMEE
[07:53:25]  saltychildofthesea: heyo HYPERS
[07:53:29]  babsmcnh: yeah exactly laura it was on me lol
[07:53:36]  laurabraus: hey salty!!
[07:53:43]  babsmcnh: hiiii salty peepoHug
[07:54:02]  laurabraus: @babsmcnh dude sleeping in the bath tub like a drunk
[07:54:03]  saltychildofthesea: hows everyone been? PepePls
[07:54:28]  babsmcnh: i also realized the importance of having ur own space - i was with them 24/7 for three days and i got cranky internally by the end of it
[07:54:40]  babsmcnh: just went on a trip salty :D
[07:54:48]  babsmcnh: @babsmcnh exactlyyy
[07:54:48]  angusa1210: whered u go babs Pog
[07:54:58]  babsmcnh: SCOTLAND FOREVERRR
[07:55:06]  angusa1210: Pog my ancestors homeland
[07:55:10]  saltychildofthesea: Pog SCOTLAND M8
[07:55:12]  babsmcnh: also hi andrewww, missed offline chat <3
[07:55:29]  angusa1210: hi :)
[07:55:31]  babsmcnh: it was amazing but yeah i need my own room in the future
[07:55:49]  saltychildofthesea: i might be going to hungay in a couple of weeks PartyParrot
[07:55:55]  saltychildofthesea: hungary*
[07:56:09]  angusa1210: hungay KappaPride
[07:56:09]  babsmcnh: i just wanted to chill out and not say anything but then i look super angry if i dont talk
[07:56:17]  babsmcnh: @saltychildofthesea OOOOOO Pog
[07:56:20]  saltychildofthesea: KappaPride Clap
[07:56:26]  arotiz: @babsmcnh better than alone at work eating alone living alone etc.... smc51 smc52
[07:56:37]  jintae_: wtf i thought u were in vancouver
[07:56:53]  babsmcnh: @arotiz nah i like being alone HYPERS
[07:57:06]  babsmcnh: then i dont think about everyone hating me PepePls
[07:57:09]  saltychildofthesea: @arotiz understandable Pog
[07:57:11]  arotiz: its not good for mental trust me babs
[07:57:27]  babsmcnh: ye ur right
[07:57:35]  303devilfish: clintR
[07:57:44]  babsmcnh: but idk i think chatting in offline for a while is good enough some days
[07:57:59]  arotiz: @babsmcnh true
[07:58:10]  303devilfish: COPIUM
[07:58:17]  babsmcnh: i start to notice small things that people do irl that make me annoyed if that makes sense
[07:58:21]  saltychildofthesea: offline chat ≠ normal social interaction
[07:58:32]  arotiz: Bit when you are 1year into alone shit its taking on you Aware
[07:58:46]  babsmcnh: like a constant humminh or tapping of the foot, even if some people always start their sentence the same way
[07:59:08]  babsmcnh: i need to learn to get over it but thats why i time myself out from some people
[07:59:27]  babsmcnh: @arotiz have you tried any clubs PauseChamp
[07:59:40]  babsmcnh: I KNOW EXACTLY WHAT YOU MEAN ZETTO OMEGALUL
[07:59:51]  arotiz: i dont drink i get social anxiety
[08:00:04]  laurabraus: im the opposite i dont really notice anyone's mannerisms. including my own
[08:00:08]  303devilfish: league players aren't human
[08:00:13]  nightbot: You probably shouldn't give any streamer money. I'm not a financial advisor but that is financial advice. But if you want to help support the channel, and more importantly, help your boy get paid, feel free to click the link. Please give me your money. https://streamlabs.com/ktrzetto/tip https://www.twitch.tv/products/ktrZetto
[08:00:21]  arotiz: shut in nerd OMEGALUL
[08:00:24]  babsmcnh: but i know that some people do that as a soothing technique so thats why i try to ignore it (mainly by hanging out with people less frequently)
[08:00:32]  saltychildofthesea: league players play league
[08:00:47]  babsmcnh: i know i do it a lot when i say "what was i saying" but it makes me just as annoyed when i do it
[08:01:05]  saltychildofthesea: being drunk is not fun tbh
[08:01:07]  babsmcnh: @laurabraus thats really good! idk when i got like this
[08:01:11]  arotiz: no no i dont drink and i get social anxiety
[08:01:20]  babsmcnh: Sadge
[08:01:21]  arotiz: LULW
[08:01:47]  saltychildofthesea: LIP CLIP Pog
[08:01:49]  arotiz: quite funny
[08:01:54]  babsmcnh: i get anxious too sometimes but then i just pull the anxiety bandaid and then cry about it when i go to sleep later OMEGALUL
[08:02:07]  babsmcnh: its not the best strat but sometimes it actually works :D
[08:02:18]  arotiz: @babsmcnh so true
[08:02:25]  laurabraus: i cant cry on cue i cry when i least expect it
[08:02:38]  303devilfish: just bust out some golds
[08:02:47]  arotiz: play perfect Clueless
[08:02:59]  babsmcnh: i just hope that i meet other people like me or people who like my interests, thats when i get in my zone
[08:03:22]  babsmcnh: @laurabraus i do that sometimes too tbh - i've left a room to just go and cry in a bathroom lmao
[08:03:35]  laurabraus: thats better than being clueless though right. think about every possible scenario
[08:03:59]  303devilfish: so do left side :)
[08:04:20]  babsmcnh: i think i fuck myself over because i seem as if im super extroverted but im very into my own stuff, i just talk a lot about nothing really lol
[08:04:34]  arotiz: squeek does this
[08:04:40]  arotiz: Chatting
[08:05:10]  arotiz: smc5Dink smc5Limoner smc5Donk
[08:05:12]  babsmcnh: i go in blindly to situations with a smile on my face HYPERS they cannot know my fear if i dont even know it myself
[08:05:38]  babsmcnh: Pog PB TIME
[08:05:55]  saltychildofthesea: peanut butter POGGERS
[08:05:59]  laurabraus: YEAH BABS head empty no thoughts is the WAY TO GO
[08:06:55]  babsmcnh: lol im very open with my communication, sometimes i've mentioned to people i've started watching speedrunning more (if i've known them for a bit)
[08:07:01]  kaeos: S OMEGALUL BAD
[08:07:01]  babsmcnh: ...
[08:07:04]  efrye684: wow, nice fail
[08:07:06]  laurabraus: LMAO
[08:07:17]  babsmcnh: zetto SadCatW
[08:07:21]  laurabraus: your scream oh my god that was genuine
[08:07:36]  babsmcnh: i'll clip it one sec LUL
[08:08:48]  efrye684: that was more or less a 2nd death?
[08:08:58]  babsmcnh: but yeah i'd rather just be honest from the get go, really makes it easier for me to find good friends
[08:09:04]  laurabraus: i agree babs
[08:09:08]  babsmcnh: https://clips.twitch.tv/PrettiestSuspiciousTardigradeNerfRedBlaster-4mD2tVJH-HkRYR5c
[08:09:16]  kaeos: ktrzetWorse
[08:09:26]  efrye684: D:
[08:09:27]  nightbot: D:
[08:09:31]  babsmcnh: D:
[08:09:31]  saltychildofthesea: Sadge ktrzetWorse
[08:09:41]  babsmcnh: ktrzetWorse
[08:09:54]  babsmcnh: why post cheer up bud when we can post worse than mizkif
[08:10:02]  efrye684: ktrzetCheer this?
[08:10:07]  kaeos: why would i tell you to cheer up when you could just take your antidepressants
[08:10:09]  laurabraus: @babsmcnh thank you
[08:10:12]  babsmcnh: YouDied
[08:10:17]  babsmcnh: no prob lol
[08:10:19]  saltychildofthesea: ktrzetCool 👍
[08:10:53]  babsmcnh: whats up with you guys though widepeepoHappy
[08:10:53]  efrye684: Also got the ktrzetD ktrzetD Zetto Hype Squad ktrzetD ktrzetD
[08:11:10]  babsmcnh: have you guys been happy lately HYPERS hope so!
[08:11:41]  saltychildofthesea: HYPERS HAPPY!
[08:11:46]  babsmcnh: Sadge
[08:11:53]  kaeos: LULW being happy? in this economy?
[08:11:53]  babsmcnh: POGGERS HE'S ALIVE
[08:11:59]  saltychildofthesea: PogChest HES ALIVE
[08:12:06]  babsmcnh: lol
[08:12:32]  babsmcnh: Sadge wasnt even happy when the economy was good...
[08:12:53]  kaeos: im addicted to cough drops
[08:12:58]  babsmcnh: monkaS
[08:13:14]  laurabraus: healthy crack
[08:13:21]  babsmcnh: monkaHmm
[08:13:48]  saltychildofthesea: ricola lozenges slap 👴 Clap
[08:13:53]  kaeos: no im not sick anymore
[08:13:54]  babsmcnh: i believe you'll be happy Prayge
[08:13:55]  laurabraus: SO true salty
[08:14:16]  babsmcnh: the blackcurrant strepsol lozenges were the worse
[08:14:28]  babsmcnh: but cherry lozenges in general are poggies
[08:14:39]  kaeos: if u did cannonful it might be more consistent
[08:14:47]  saltychildofthesea: blackcurrant lozenges PepeCringe
[08:14:49]  laurabraus: the riccola honey lozenges are another level
[08:14:52]  babsmcnh: oooo
[08:15:07]  babsmcnh: D:
[08:15:07]  nightbot: D:
[08:15:13]  laurabraus: do you not like real cherries or that fake cherry stuff
[08:15:13]  babsmcnh: cherries are great Madge
[08:15:39]  laurabraus: i like real cherries but not the fake cherries in syrup
[08:15:41]  babsmcnh: i forgot zetto is super old - he just enjoys PRUNES nowadays
[08:15:50]  kaeos: pushing 30 Sadge
[08:15:57]  babsmcnh: real cherries are dope
[08:16:04]  kaeos: callous
[08:16:08]  laurabraus: callous
[08:16:16]  saltychildofthesea: i used to inhale prunes like 2 years ago
[08:16:32]  babsmcnh: (ngl prunes aren't that bad)
[08:16:33] Efrye684 is gifting 1 Tier 1 Subs to ktrZetto's community! They've gifted a total of 2 in the channel!
[08:16:34] Efrye684 gifted a Tier 1 sub to 303Devilfish!
[08:16:43]  efrye684: :3
[08:16:52]  saltychildofthesea: POGGERS
[08:16:59]  babsmcnh: EZ Clap
[08:17:37]  efrye684: perfect 0 split Pog
[08:17:38]  saltychildofthesea: idk prunes slap and my grandma bought too many HYPERS
[08:17:43]  saltychildofthesea: Pog 0.0
[08:18:15]  babsmcnh: oh yeah i've been trying to watch johnny's streams since he came in last time and he streams at like 4am my time LUL i forgot how degen clints hours are which make it easy to see at EU times
[08:18:33]  babsmcnh: you know whats underrated - mini gherkins
[08:18:39]  kaeos: they look like raisins
[08:18:42]  303devilfish: peepoHappy thanks for the gift
[08:18:45]  babsmcnh: big raisins
[08:19:25]  babsmcnh: your times are perfect ngl
[08:19:57]  babsmcnh: or at least the best possible time for most people
[08:20:22]  babsmcnh: monkaS the timing is great
[08:20:33]  303devilfish: a pickle
[08:20:34]  babsmcnh: gherkins are lil crunchy pickles
[08:20:34]  saltychildofthesea: smol pickle
[08:20:43]  babsmcnh: they make me happy
[08:21:11]  303devilfish: if you say "a pickle" around here, people will assume it's a cucumber, but you can pickle basically any vegetable
[08:21:14]  saltychildofthesea: pickles are just pickled stuff
[08:21:15]  kaeos: pickles are gross
[08:21:32]  babsmcnh: ye devil and salty are right
[08:21:34]  saltychildofthesea: smh unmodded, unfollowed and blocked
[08:21:41]  babsmcnh: dont YUCK my YUM
[08:21:59]  babsmcnh: pickles are edible and vinegary and delicious
[08:22:01]  303devilfish: sauerkraut Kreygasm
[08:22:01]  laurabraus: pickles are great
[08:22:10]  babsmcnh: THANK YOU laura
[08:22:22]  303devilfish: pickled red onion Kreygasm
[08:22:28]  kaeos: i always get my hamburgers without pickles
[08:22:33]  kaeos: they taste funky
[08:22:36]  babsmcnh: i dont even think i've had pickles in hamburgers tbh
[08:22:42]  laurabraus: pickles are the best part of a sandwich
[08:22:47]  iop4everdudes: hey zetto good luck today man PotFriend
[08:22:47]  saltychildofthesea: pickled banana peppers Kreygasm
[08:22:58]  babsmcnh: i just remember getting jars of pickles when i was younger
[08:23:29]  iop4everdudes: your remember my name! how was your weekend dude txsombHmm
[08:23:44]  kaeos: what percent yeast do you like to use in bread
[08:23:52]  babsmcnh: what type of bread do you eat
[08:23:55]  303devilfish: do u have celiac or something?
[08:24:03]  laurabraus: is it gluten intolerance
[08:24:06]  babsmcnh: yeah i think he might devil
[08:24:15]  johnny3oak: anyone who eats pickles raw is a psychopath
[08:24:19]  johnny3oak: they need to see a doctor
[08:24:24]  babsmcnh: wow you completley missed the first set of coins
[08:24:27]  laurabraus: wtf do you mean raw
[08:24:31]  babsmcnh: FeelsWeirdMan zetto
[08:24:36]  laurabraus: i take a pickle out of the jar and eat it
[08:24:41]  303devilfish: FeelsGoodMan clintR
[08:24:44]  kaeos: good reset Clap
[08:24:51]  johnny3oak: yes laura thats exactly what i mean
[08:24:52]  babsmcnh: dont worry johnny i cook my pickles everytime i have them PepeLaugh
[08:24:55]  johnny3oak: you scare me
[08:25:05]  saltychildofthesea: i like to grill my pickles
[08:25:13]  iop4everdudes: oh shit sorry dude
[08:25:21]  iop4everdudes: hope you get better soon leysGold
[08:25:38]  saltychildofthesea: OMEGALUL
[08:25:39]  johnny3oak: no mf i meant put it on some other shit
[08:25:43]  babsmcnh: i'd munch on raw pickles when i was young and soak my body in the pickle juice to retain the pickle powers
[08:25:52]  303devilfish: i love green olives too :) they're basically pickles
[08:26:03]  babsmcnh: i think i've gain like 2 whole IQ points now i'm basically a genius
[08:26:13]  babsmcnh: green olives FeelsWeirdMan
[08:26:17]  johnny3oak: arnoldHalt you can deep fry pickles
[08:26:33]  saltychildofthesea: deepfried pickles are actually really good
[08:26:40]  laurabraus: you can deep fry anything if you;re in the south
[08:26:43]  babsmcnh: what the fuck are you guys doing to ur pickles
[08:26:49]  johnny3oak: not eating them
[08:26:51]  303devilfish: deep fried pickles are amazing
[08:26:51]  johnny3oak: because fuck pickles
[08:27:11]  cosmicmikan: no cuphead today? ktrzetCool
[08:27:13]  babsmcnh: pickles are GREAT johnny i think you just need to experience the right pickles
[08:27:16]  laurabraus: hey erin
[08:27:23]  cosmicmikan: hiiiiiii
[08:27:25]  babsmcnh: MIKAN HYPERS sup
[08:27:26]  johnny3oak: zetto how far did u get in cuphead
[08:27:27]  saltychildofthesea: pickled fish Weirdge
[08:27:35]  cosmicmikan: lmao
[08:27:39]  babsmcnh: pickled pickles Pog
[08:27:45]  saltychildofthesea: Pog mikan
[08:27:50]  cosmicmikan: i just woke up. its 4
[08:28:11]  johnny3oak: oh wait u werent doing only dlc
[08:28:22]  laurabraus: @cosmicmikan dude
[08:28:22]  cosmicmikan: no
[08:28:23]  babsmcnh: when did you play cuphead
[08:28:35]  babsmcnh: mustve been during my trip Sadge sucks i missed it
[08:28:44]  cosmicmikan: a few days ago
[08:29:18]  johnny3oak: cuphead is like the only 2d game i enjoy
[08:29:25]  babsmcnh: yeah i was away for 3 days so i probably didnt stay up to make sure i was good
[08:29:32]  babsmcnh: johnny D:
[08:30:00]  babsmcnh: the way you said that makes it sound like ur sponsored zetto LUL
[08:30:01]  kaeos: new super mario bros ds was PogChamp
[08:30:10]  nightbot: EHEHE Follow me on Twitter: https://twitter.com/ktrZetto
[08:30:33]  johnny3oak: peepoTalk new super mario bros wii for the nintendo wii released in 2009 rated E for everyone
[08:30:42]  kaeos: yeah i liked it for the mini games
[08:30:45]  babsmcnh: i liked the weird ass bowser game on ds - you went inside bowsers body or some shit
[08:30:52]  johnny3oak: dude babs
[08:30:54]  johnny3oak: that fucking game
[08:30:56]  johnny3oak: is insane
[08:30:58]  johnny3oak: ly good
[08:31:06]  laurabraus: yeah bowser's inside story
[08:31:07]  babsmcnh: LUL I KNOW
[08:31:08]  laurabraus: amazing
[08:31:27]  kaeos: fawful for smash PogChamp
[08:31:34]  babsmcnh: but everytime i mention it people just think im into fucking voreeee SadCatW
[08:31:39]  babsmcnh: its not fair...
[08:31:46]  laurabraus: LOL
[08:32:10]  cosmicmikan: LMAO
[08:32:18]  babsmcnh: cuz bowser eats mario
[08:32:20]  johnny3oak: 4Head eating --> vore
[08:32:25]  babsmcnh: YEAH ITS RIDICULOUS MAN
[08:32:27]  laurabraus: it totally is
[08:32:30]  babsmcnh: NOOOO
[08:32:37]  babsmcnh: BUT I DONT OKAY
[08:32:38]  saltychildofthesea: someone definitely wants to be inside bowser
[08:32:40]  cosmicmikan: do you have something to tell us babs?
[08:32:43]  babsmcnh: its just a good game...
[08:32:47]  johnny3oak: babs wants to be mario
[08:32:52]  babsmcnh: FeelsNothingMan
[08:33:06]  saltychildofthesea: you know what i mean :)
[08:33:06]  babsmcnh: why do i come back to this chat....
[08:33:16]  cosmicmikan: because we love you
[08:33:22]  saltychildofthesea: <3
[08:33:29]  babsmcnh: peepoHug
[08:33:33]  laurabraus: we love you despite your vore kink
[08:33:38]  babsmcnh: NO
[08:33:41]  saltychildofthesea: we overlook the vore
[08:33:46] 15 raiders from mennismonk have joined!
[08:33:49]  babsmcnh: i already have enough weird memes to my name
[08:33:53]  saltychildofthesea: OMEGALUL BEST TIMING
[08:33:57]  cosmicmikan: !so mennismonk
[08:33:57]  nightbot: Pengu Check out mennismonk who was last seen playing "Super Mario 64". Give them a follow at twitch.tv/mennismonk Pengu
[08:33:57] Announcement
[08:33:57]  babsmcnh: please do not add vore
[08:34:00]  mennismonk: ah yes vore
[08:34:01]  saltychildofthesea: !so mennismonk
[08:34:07]  cosmicmikan: already did it you nerd
[08:34:15]  saltychildofthesea: Pog beat me to it
[08:34:19]  babsmcnh: Sadge why do i do this to myself
[08:34:21]  cosmicmikan: ktrzetCool
[08:34:27]  babsmcnh: i SWEAR im normal
[08:34:41]  saltychildofthesea: OBOY
[08:34:54]  mennismonk: that was today Sadge
[08:35:03]  iop4everdudes: wait a s exc what is vore??
[08:35:14]  babsmcnh: its like someone eating someone
[08:35:20]  babsmcnh: like a snake i guess
[08:35:26]  iop4everdudes: wait a sec, what is vore**
[08:35:45]  303devilfish: NOTED
[08:35:46]  babsmcnh: either they enjoy the idea of being eaten or someone eating them
[08:35:52]  kaeos: what is inflation
[08:35:53]  johnny3oak: how long are you going to talk about fetishes man
[08:35:56]  johnny3oak: rent free
[08:35:58]  iop4everdudes: thats so weird. people get a hard on to inflation?
[08:35:59]  babsmcnh: i understand inflation WAY more than vore
[08:35:59]  303devilfish: he's projecting
[08:36:02]  iop4everdudes: LUL
[08:36:05]  saltychildofthesea: vore is : FeelsAmazingMan ⬅️ [insert character here]
[08:36:09]  kaeos: no the other inflation
[08:36:22]  babsmcnh: inflation is like big stomach kinda stuff
[08:36:33]  saltychildofthesea: inflation is : 🎈 but stomach
[08:36:38]  babsmcnh: yesss
[08:36:44]  laurabraus: noooooooooooo
[08:36:48]  babsmcnh: its terrifying to imagine tbh
[08:36:56]  xxxdominatedxxx: Sorry im late af but
[08:37:02]  xxxdominatedxxx: MENNIS RAID!! mennisCheer
[08:37:03]  saltychildofthesea: i've seen too much TrollDespair
[08:37:07]  babsmcnh: idk how to explain it OMEGALUL
[08:37:13]  iop4everdudes: i think deflation is hornier NGL Jebaited
[08:37:17]  xxxdominatedxxx: YESSIR!
[08:37:48]  babsmcnh: its kinda like people just like up something filling up i guess? i think inflation is way too far though
[08:38:04]  johnny3oak: arnoldHalt enough im about to throw up
[08:38:10]  babsmcnh: id just think the person would just pop like a balloon
[08:38:10]  babsmcnh: LUL
[08:38:12]  johnny3oak: BABS
[08:38:14]  babsmcnh: im sorry jognny
[08:38:15]  laurabraus: STOP
[08:38:16]  babsmcnh: IM SORRYR
[08:38:17]  saltychildofthesea: throw up Okayge 👍
[08:38:19]  kaeos: @Johnny3Oak thats a fetish too PogChamp
[08:38:19]  babsmcnh: AHHAHAH
[08:38:31]  laurabraus: KAEOS NOOO
[08:38:32]  johnny3oak: StopStreaming
[08:38:33]  iop4everdudes: does anybody else have a 32 fetish? like when the microwave timer gets to 32 you get excited?
[08:38:33]  johnny3oak: please
[08:38:58]  johnny3oak: ....
[08:39:01]  babsmcnh: zetto i do know of a vore case... its pretty infamous
[08:39:02]  johnny3oak: StopStreaming
[08:39:05]  johnny3oak: StopStreaming
[08:39:13]  babsmcnh: WTF ARE THEY DOGS OR SOME SHIT
[08:39:17]  saltychildofthesea: i have seen that TrollDespair
[08:39:22]  kaeos: ?
[08:39:22]  laurabraus: @iop4everdudes LOL
[08:39:25]  iop4everdudes: OHHH i made the deflation joke cuz i thought people got a hard on to economic instability NotLikeThis
[08:39:40]  babsmcnh: OMEGALUL
[08:39:45]  johnny3oak: i pitch a tent when it gets to 3 seconds
[08:39:50]  babsmcnh: LMAOOO O
[08:39:50]  cosmicmikan: lmao
[08:39:58]  laurabraus: i get hard on economic STABILITY
[08:40:32]  babsmcnh: this chat has turned VILE
[08:40:35]  303devilfish: this chat needs Jesus
[08:40:48]  babsmcnh: i think he doesnt want us devil Sadge
[08:40:48]  iop4everdudes: i get hard on a first frame wallkick
[08:40:52]  cosmicmikan: this chat is always vile
[08:41:02]  babsmcnh: i mean mikan isnt wrong lol
[08:41:07]  saltychildofthesea: true Pog
[08:41:26]  cosmicmikan: then i can finally die
[08:41:27]  johnny3oak: someone would shoot him by accident
[08:41:27]  laurabraus: LMAO
[08:41:30]  kaeos: jesus r34
[08:41:37]  saltychildofthesea: KAEOS NO
[08:41:44]  cosmicmikan: oh no
[08:41:52]  babsmcnh: i would fortnite dance on him
[08:41:57]  cosmicmikan: LOL
[08:42:00]  laurabraus: LOL
[08:42:02]  johnny3oak: no because he would technically be really dark skinned
[08:42:05]  saltychildofthesea: AMONGUS
[08:42:10]  saltychildofthesea: 2020Shhh
[08:42:14]  babsmcnh: TRUE JOHNNY LUL
[08:42:18]  cosmicmikan: WAH
[08:42:19]  laurabraus: he'd be social media famous
[08:42:24]  babsmcnh: everyone is skeptical
[08:42:28]  303devilfish: where we droppin boys?
[08:42:29]  iop4everdudes: he would spawn im your mum
[08:42:34]  johnny3oak: tilted towers
[08:42:36]  cosmicmikan: gottem
[08:42:37]  babsmcnh: im your mom
[08:42:45]  saltychildofthesea: home depot
[08:42:49]  303devilfish: tomato town
[08:42:54]  babsmcnh: applebees
[08:43:16]  johnny3oak: jesus would descend into taco bell and buy a cheese gordita crunch
[08:43:34]  babsmcnh: if jesus came down id like to think hed just say "EU is better than NA" then rise back up from whence he came Prayge
[08:43:48]  babsmcnh: that sounds delicious johnny
[08:43:56]  kaeos: jesus wouldnt spit cap like that
[08:44:03]  johnny3oak: the one sponsorship i would ever take is taco bell
[08:44:15]  johnny3oak: and maybe penis enlargement pills
[08:44:23]  babsmcnh: i miss taco bell
[08:44:42]  johnny3oak: LOL
[08:44:46]  laurabraus: OKAY
[08:44:47]  johnny3oak: OMEGALUL
[08:44:50]  laurabraus: you're right though
[08:45:00]  iop4everdudes: I'm pretty sure zJesus would be that one friend who never pays for drinks, and claims to "give too much money to the poor" Kappa
[08:45:06]  babsmcnh: look we're trying to fix this problem
[08:45:22]  johnny3oak: TRUEING
[08:45:39]  303devilfish: BatChest crypto
[08:45:45]  laurabraus: @iop4everdudes jesus can literally make water into wine i dont think he needs to pay
[08:45:45]  saltychildofthesea: PagManU i failed religion class
[08:45:55]  johnny3oak: Drake taking one for the team
[08:45:58]  johnny3oak: dude what the actual fuck was that
[08:46:00]  babsmcnh: already theoretically selling out FeelsWeirdMan
[08:46:02]  kaeos: the problem is that u definitely arent joing
[08:46:12]  babsmcnh: @Johnny3Oak HE STARTED TO CASUAL PLAY OMEGALUL
[08:46:26]  johnny3oak: jesus literally had no money
[08:46:29]  babsmcnh: i've never seen a runner go over there lmao
[08:46:41]  cosmicmikan: i never paid attention in church
[08:46:52]  iop4everdudes: @johnny3oak he forgot to invest in crypto Morbin
[08:46:56]  laurabraus: i went to catholic school for seven years and i still don't know
[08:46:57]  saltychildofthesea: religion is pretty wack tbh
[08:47:14]  kaeos: nonbelievers in chat FeelsWeirdMan
[08:47:15]  babsmcnh: he didnt work but i dont think anyone worked other than agriculture at that time
[08:47:16]  laurabraus: DAMN
[08:47:18]  laurabraus: that is crazy
[08:47:34]  johnny3oak: HACKERMANS im in
[08:47:34]  babsmcnh: i say that as an atheist idk why i said it like he was a real dude
[08:47:45]  johnny3oak: jesus was a real dude
[08:47:53]  johnny3oak: factually im pretty sure
[08:48:01]  babsmcnh: i choose to not think about religion
[08:48:05]  johnny3oak: OMEGALUL
[08:48:06]  iop4everdudes: society didn't exist. only Morbin and Sex
[08:48:08]  babsmcnh: ignorance is bliss Prayge
[08:48:14]  babsmcnh: ZETTTOOO
[08:48:27]  saltychildofthesea: Prayge jesus don't smite me down
[08:48:34]  cosmicmikan: smite me pls
[08:48:41]  babsmcnh: SingsMic you wanna repeat that again
[08:48:49]  babsmcnh: just need to clip it lmao
[08:48:54]  babsmcnh: WHAT
[08:48:59]  babsmcnh: YOU'RE PULLING ME DOWN?!
[08:49:07]  babsmcnh: BITCH IM DRAGGING YOU TO HELL WITH ME
[08:49:19]  crazypsycho248: mario
[08:49:24]  babsmcnh: nononono
[08:49:42]  303devilfish: forsen
[08:49:48]  johnny3oak: dude prob eats pickles why would i listen to him
[08:49:49]  laurabraus: the only religion that matters
[08:49:51]  babsmcnh: if i get any wishes in hell its that you're sticking with me in hell
[08:49:55]  crazypsycho248: マリオアンドルイージゲイセックス！！！！！！！！
[08:49:57]  crispyhanako: EHEHE
[08:50:07]  babsmcnh: jesus was a pickle lover Prayge
[08:50:08]  johnny3oak: OMEGALUL
[08:50:10]  johnny3oak: HYPERCLAP
[08:50:14]  303devilfish: GaySex
[08:50:15]  kaeos: mod him
[08:50:17]  johnny3oak: GaySex
[08:50:24]  303devilfish: VIP
[08:50:28]  babsmcnh: i mean his name explains it all
[08:50:29]  saltychildofthesea: ban him then mod him
[08:50:34]  kaeos: give him your stream key FeelsWeirdMan
[08:51:09]  saltychildofthesea: jesus wants your credit card number and the 3 wacky number s on the back Prayge
[08:51:21]  kaeos: "we"
[08:51:28]  johnny3oak: arnoldHalt YOU HAVE 3 MINUTES TO LOSE MF JUST GO TO BASEMENT +50
[08:51:30]  babsmcnh: oh yeah do you want me to explain that vore case btw? its pretty well known im surprised you dont know about it tbh
[08:51:36]  johnny3oak: babs what the fuck
[08:51:41]  kaeos: way to circle back
[08:51:42]  cosmicmikan: lmao
[08:51:44]  babsmcnh: @Johnny3Oak no i swear im a normie
[08:51:57]  cosmicmikan: ur making it hard for me to believe
[08:51:58]  babsmcnh: but i feel like this is something zetto should know
[08:52:02]  johnny3oak: you talk a lot about vore for someone who claims to not be interested in vore
[08:52:05]  babsmcnh: NO IM A NORMIE
[08:52:08]  laurabraus: babs is just begging to talk about vore
[08:52:13]  johnny3oak: SUSSY
[08:52:20]  babsmcnh: ITS CUZ I LISTENED TO A PODCAST AND THEY MENTIONED THIS
[08:52:35]  johnny3oak: was it last podcast on the left
[08:52:38]  cosmicmikan: you need a sus emote
[08:52:56]  babsmcnh: i think so???
[08:53:24]  babsmcnh: it was on two cuz it was pretty well known - i just remember hearing about it again recently, it was really weird tbh
[08:53:34]  babsmcnh: i. am. not. sus.
[08:53:46]  cosmicmikan: i will cry if you get rid of ktrzetCool ktrzetNerd
[08:53:48]  babsmcnh: i just have knowledge on weird shit sometimes
[08:53:55]  kaeos: 🚈 this is kinda sus
[08:53:57]  babsmcnh: those are good emotes
[08:54:06]  johnny3oak: PogO
[08:54:08]  babsmcnh: OMEGALUL kaeos i see it
[08:54:36]  saltychildofthesea: i remember this one dude ate his own leg as a taco or something with his friends
[08:54:39]  johnny3oak: Shush
[08:54:41]  cosmicmikan: ooh
[08:54:44]  cosmicmikan: im too lazy to find it
[08:54:48]  saltychildofthesea: 2020Shhh
[08:54:48]  babsmcnh: okay thats horribleeee
[08:55:02]  babsmcnh: Shush
[08:55:05]  303devilfish: Shush is so condescending it's nuts
[08:55:06]  saltychildofthesea: ImTyping
[08:55:12]  saltychildofthesea: fuck you
[08:55:14]  johnny3oak: ImTyping when i tell her she looks nice in her instagram story
[08:55:19]  babsmcnh: OMEGALUL
[08:55:34]  johnny3oak: no..
[08:55:38]  saltychildofthesea: Chatting ImTyping
[08:55:39]  babsmcnh: she'll notice one day widepeepoSad
[08:55:52]  kaeos: u have an instagram?
[08:55:53]  saltychildofthesea: Pog same
[08:55:56]  cosmicmikan: so popular
[08:55:56]  babsmcnh: poor johnny Sadge
[08:56:02]  laurabraus: uh yeah i replied and you didn't answer
[08:56:09]  babsmcnh: LUL
[08:56:42]  kaeos: @laurabraus ImTyping
[08:56:42]  laurabraus: i just wanted to know what flavor your starbucks drink was :(
[08:56:51]  laurabraus: WHAT?
[08:56:52]  laurabraus: oh my god
[08:57:01]  kaeos: never take responsibility GIGACHAD
[08:57:21]  laurabraus: oh wait you have said this before
[08:57:26]  laurabraus: thanks
[08:57:31]  saltychildofthesea: i remember that order Pog
[08:57:34]  303devilfish: that's literally just a milkshake
[08:57:41]  kaeos: wtf is a venti
[08:57:42]  saltychildofthesea: it tasted like a milkshake
[08:58:08]  babsmcnh: i swear if you're older than 25 and you still order that zetto FeelsWeirdMan
[08:58:16]  cosmicmikan: what
[08:58:24]  kaeos: i heard booty and zoned out
[08:58:29]  babsmcnh: what did you just say
[08:58:32]  saltychildofthesea: why go to a café to order a milkshake monkaHmm
[08:58:34]  johnny3oak: arnoldHalt youre supposed to order black coffee once youre 30
[08:58:42]  babsmcnh: EXACTLY johnny
[08:58:43]  laurabraus: i cant drink coffee so i will be ordering a vanilla bean frap forever
[08:58:44]  johnny3oak: were you trying to say the roman thing
[08:59:10]  angusa1210: black coffee is the only good coffee
[08:59:13]  angusa1210: im sick of milk 🤢
[08:59:24]  johnny3oak: ...
[08:59:28]  angusa1210: starbucks is fast food
[08:59:32]  babsmcnh: i only eat potato and pee soup now and im 22 👵
[08:59:45]  angusa1210: LUL
[08:59:50]  johnny3oak: pee soup?
[08:59:56]  303devilfish: did u mean pea soup;?
[08:59:58]  babsmcnh: i hate my life
[09:00:03]  saltychildofthesea: drinking pee FailFish
[09:00:19]  babsmcnh: i meant pea.
[09:00:23]  laurabraus: sure
[09:00:25]  johnny3oak: Kapp
[09:00:30]  kaeos: uh huh
[09:00:31]  babsmcnh: AYAYA
[09:00:40]  babsmcnh: KEKW
[09:00:59]  saltychildofthesea: Okayge 👍 +5:00 ban
[09:01:05]  babsmcnh: monkaS
[09:01:09]  nightbot: You probably shouldn't give any streamer money. I'm not a financial advisor but that is financial advice. But if you want to help support the channel, and more importantly, help your boy get paid, feel free to click the link. Please give me your money. https://streamlabs.com/ktrzetto/tip https://www.twitch.tv/products/ktrZetto
[09:01:11]  kaeos: have u seen a doctor
[09:01:23]  303devilfish: overdosing on the copium
[09:01:30]  johnny3oak: diagnose THIS
[09:01:31]  saltychildofthesea: COPIUM
[09:01:32]  johnny3oak: wairt
[09:01:39]  saltychildofthesea: OMEGALUL
[09:01:40]  johnny3oak: diagnose docCBT
[09:01:41]  babsmcnh: wow you seem really well for a broken hand Pog
[09:01:48]  babsmcnh: wairt
[09:01:58]  kaeos: feet?
[09:01:59]  babsmcnh: actually i cant even make fun of you i said pee
[09:02:11]  saltychildofthesea: oh yeah i got a 5 string bass POGGERS
[09:02:15]  johnny3oak: yeah at least my word has no meaning
[09:02:17]  babsmcnh: ohhh shit
[09:02:23]  cosmicmikan: what.]
[09:02:27]  johnny3oak: bass player PagMan
[09:02:34]  babsmcnh: i wanna play the bass when i get a full time job
[09:02:39]  johnny3oak: Prayge say primus
[09:02:57]  saltychildofthesea: the intro to come as you are by nirvana HYPERS
[09:02:59]  angusa1210: 5 string bass Pog
[09:03:00]  babsmcnh: i didnt know you could have strings on a fish PepeLaugh
[09:03:03]  babsmcnh: u get it
[09:03:07]  johnny3oak: it was a good run
[09:03:08]  laurabraus: ha ha
[09:03:10]  babsmcnh: laugh at my joke chat.
[09:03:16]  kaeos: no
[09:03:19]  johnny3oak: EleGiggle
[09:03:19]  babsmcnh: thank you laura this is why ur my fav
[09:03:19]  cosmicmikan: HAHAHAHAHAHAHAHAAHHAHAHAHAHAHHAHAHAHAHAHA
[09:03:22]  saltychildofthesea: hehe funni babs fish
[09:03:24]  babsmcnh: OMEGALUL
[09:03:34]  johnny3oak: StemDespair
[09:03:56]  johnny3oak: bass = fish
[09:03:56]  johnny3oak: LULW
[09:03:57]  babsmcnh: ur reactions are making me laugh my ass off now
[09:04:10]  saltychildofthesea: dude the low B on the bass sounds like StemDespair
[09:04:14]  babsmcnh: i know im truly a great chatter
[09:04:23]  johnny3oak: oh is it a low B on bass guitar
[09:04:27]  kaeos: challenged how
[09:04:29]  johnny3oak: my classical one has low C
[09:04:34]  babsmcnh: OMEGALUL
[09:04:39]  babsmcnh: YOU WANNA FIGHT ZETTO
[09:04:53]  saltychildofthesea: Pog C
[09:04:54]  babsmcnh: i am a 22 yo woman i'd whoop ur butt any day bud
[09:05:12]  babsmcnh: johnny you play bass as well Pog
[09:05:18]  johnny3oak: LULW pee soup drinker thinks she can beat up zetto
[09:05:23]  saltychildofthesea: OMEGALUL
[09:05:28]  303devilfish: swole Pog
[09:05:33]  cosmicmikan: LULW
[09:05:39]  babsmcnh: zetto i've seen you try to do pushups... id destroy oyu
[09:05:43]  kaeos: EZ hangs out with the hottest dudes and eats at the chillest restaurants
[09:05:43]  laurabraus: yeah the pee soup is the secret to her strength
[09:05:50]  babsmcnh: JOHNNY DONT HELP HIM Madge
[09:05:55]  babsmcnh: im strong
[09:05:57]  johnny3oak: 4Weird do one right now
[09:06:17]  babsmcnh: I miss the pushup channel points
[09:06:21]  johnny3oak: 4Weird "run"? youre red
[09:06:24]  laurabraus: do one WHILE playing
[09:06:25]  kaeos: your pushups were spring assisted
[09:06:47]  saltychildofthesea: GIGACHAD "does pushups during run"
[09:07:00]  babsmcnh: i remember making you play rocky while doing the pushups and during an emotional part you started wheezing and moaning cuz it hurt so much LUL
[09:07:06]  johnny3oak: OMEGALUL WTF
[09:07:14]  saltychildofthesea: OMEGALUL OH YEAH
[09:07:34]  kaeos: 50 Kappa
[09:07:34]  johnny3oak: only 50 MaxLOL
[09:07:35]  babsmcnh: johnny you shouldve been there it was fucking hilarious
[09:07:36]  cosmicmikan: thought your arms would fall off
[09:07:42]  laurabraus: can you guys actually do pushups
[09:07:44]  babsmcnh: i made him do 80 once OMEGALUL
[09:07:48]  babsmcnh: MWAHAHHAHA
[09:07:52]  babsmcnh: >:)
[09:07:57]  saltychildofthesea: OMEGALUL +135 pushups
[09:08:03]  johnny3oak: pullups so much harder than pushups
[09:08:06]  babsmcnh: yeah i can do like 20 or so
[09:08:28]  babsmcnh: i cannot do pullups to save my life but im working out my arms more now with a 5 lb weight
[09:08:32]  johnny3oak: 4Weird now youll never be buff
[09:08:39]  cosmicmikan: omgg i met with my fitness trainer for the first time last week
[09:08:42]  laurabraus: i dont think i could do more than 5
[09:08:47]  cosmicmikan: i was sore for four days LULW
[09:08:56]  laurabraus: you have a TRAINER?
[09:09:03]  cosmicmikan: yeah a personal one
[09:09:07]  babsmcnh: pushups are so shitty tbh but once you get used to them theyre okay
[09:09:07]  laurabraus: what the heck
[09:09:22]  johnny3oak: personal trainers are sick
[09:09:24]  angusa1210: the first time i went to a fitness trainer my arm was stuck at a 45 degree angle and couldnt straighten for a couple days LUL
[09:09:35]  babsmcnh: @AngusA1210 OMEGALUL
[09:09:36]  laurabraus: wtf angus
[09:09:46]  laurabraus: what did they do to you
[09:09:50]  angusa1210: everything
[09:09:55]  cosmicmikan: jesus LOL
[09:10:00]  laurabraus: monkaS
[09:10:11]  saltychildofthesea: 📏
[09:10:14]  kaeos: sounds like rigor mortis
[09:10:15]  303devilfish: you have to suffer for your gains bro
[09:10:22]  johnny3oak: did you guys just go into a fitness trainer without consistently working out before
[09:10:23]  babsmcnh: you probably looked like a broken npc andrew
[09:10:30]  cosmicmikan: thats.... a little TOO much suffering
[09:10:31]  angusa1210: ya LUL
[09:10:40]  babsmcnh: @Johnny3Oak its a twitch chat what did you expect
[09:10:46]  johnny3oak: OMG IT IS LULW
[09:11:03]  johnny3oak: EZ
[09:11:09]  babsmcnh: i've done that before whenever i start working out again
[09:11:28]  saltychildofthesea: i thought you were gonna say saul goodman
[09:11:38]  johnny3oak: 🇵🇹
[09:11:47]  babsmcnh: my mom saw me after my first workout in a while and she asked why i took a shower but didnt dry off FeelsNothingMan
[09:11:55]  johnny3oak: LOL
[09:12:15]  angusa1210: omg OMEGALUL
[09:12:19]  babsmcnh: working out is fun though HYPERS im cycling again but i need to go back to abs again
[09:12:41]  babsmcnh: wanna get back to having a flat stomach EZ
[09:12:45]  cosmicmikan: do it now
[09:12:52]  303devilfish: no time like the present HYPERS
[09:12:56]  cosmicmikan: ^^
[09:13:00]  babsmcnh: zetto i've told you multiple times we can work out TOGETHER again
[09:13:05]  kaeos: minecraft skeleton
[09:13:12]  babsmcnh: but the yoga workout we did fucked u up too much
[09:13:36]  babsmcnh: tbh it fucked me up as well that yoga exercise was nuts
[09:13:40]  kaeos: ktrzetWorse
[09:13:56]  babsmcnh: ktrzetWorse
[09:14:06]  kaeos: mizkif has a 46
[09:14:25]  babsmcnh: for 16 star PepeLaugh
[09:15:04]  kaeos: work out on stream then
[09:15:08]  babsmcnh: work out when you wake up Pog
[09:15:25]  angusa1210: morning is best but idk how you would do that waking up at like 2 am
[09:15:27]  babsmcnh: i'd work out with you on stream thatd be fucking hilarious
[09:15:37]  babsmcnh: i used to work out a bunch at night
[09:15:46]  carlos45677: hola
[09:15:52]  kaeos: bonjour
[09:16:04]  babsmcnh: hi
[09:16:09]  cosmicmikan: helloooo
[09:16:25]  angusa1210: konnichiwa andiemCheer
[09:16:26]  babsmcnh: gutentag?
[09:16:28]  saltychildofthesea: Hallo!
[09:16:51]  babsmcnh: how often do you guys work out?
[09:17:05]  kaeos: 6 days a week
[09:17:10]  johnny3oak: i try to swim every day
[09:17:18]  babsmcnh: Pog kaeos built
[09:17:19]  saltychildofthesea: not very often PartyParrot
[09:17:22]  johnny3oak: dont have weights off campus tho Sadge
[09:17:32]  babsmcnh: u in uni johnny
[09:17:39]  johnny3oak: yea
[09:17:42]  angusa1210: so is 20:00 read as 午後８時 and not ２０時 ?
[09:17:52]  babsmcnh: i forgot ur younger than me tbh i thought you just streamed full time
[09:17:58]  johnny3oak: ??????
[09:18:11]  johnny3oak: i a 20 viewer andy on a good day
[09:18:17]  johnny3oak: full time OMEGALUL
[09:18:28]  babsmcnh: maybe you have sugar mommies
[09:18:32]  babsmcnh: or daddies for you Sadge
[09:18:46]  laurabraus: @babsmcnh does getting out of bed count as working out
[09:18:51]  babsmcnh: YES
[09:18:55]  johnny3oak: ...
[09:18:58]  johnny3oak: ?????????
[09:19:00]  babsmcnh: yes it does its a struggle
[09:19:01]  angusa1210: LUL
[09:19:01]  johnny3oak: I SAID POOL
[09:19:05]  babsmcnh: LMAO
[09:19:05]  johnny3oak: YOU FUCKING MORON
[09:19:08]  babsmcnh: HAHAHHA
[09:19:10]  saltychildofthesea: OMEGALUL
[09:19:12]  cosmicmikan: ktrzetCool
[09:19:15]  kaeos: Dansgame
[09:19:28]  saltychildofthesea: coomer brain in action OMEGALUL
[09:19:29]  cosmicmikan: thats my favorite streamer!
[09:19:33]  babsmcnh: swimming is nice - what stroke and how many laps PepoG
[09:19:37]  kaeos: how many times would u need to jerk off to swim in coom
[09:19:39]  babsmcnh: freudian slip zetto
[09:19:44]  johnny3oak: free and fly
[09:19:50]  johnny3oak: until im sore
[09:19:54]  angusa1210: DansGame
[09:20:24]  angusa1210: is 20:00 read as 午後８時 and not ２０時 ?
[09:20:36]  babsmcnh: i cant do fly to save my life i just do frog HYPERS
[09:20:36]  saltychildofthesea: @kaeos you gotta have a ginormous nutsack
[09:20:52]  kaeos: is there a ginormous nutsack fetish
[09:20:55]  saltychildofthesea: yes
[09:20:59]  saltychildofthesea: TrollDespair
[09:21:00]  kaeos: where can i find it
[09:21:03]  babsmcnh: i tried to be consistent with swimming as a workout, never again...
[09:21:12]  johnny3oak: right here kaeos docCBT
[09:21:29]  angusa1210: tyty Prayge
[09:21:51]  babsmcnh: i tried to look up how much was a good amount online and i ended up swimming 40 laps SadCatW by the end i was hoping to just get a cramp and drown
[09:22:00]  chisasfam: <3 <3
[09:22:10]  babsmcnh: swimming is a great workout tho - people dont swim enough
[09:22:36]  babsmcnh: once you work out consistently sometimes i feel like working out gives me energy
[09:22:41]  kaeos: swimming is inconvenient for me
[09:23:00]  johnny3oak: well yeah you swim in cum
[09:23:02]  babsmcnh: i cycle 3 times a week and its really nice to start cycling after a long weekend
[09:23:39]  johnny3oak: cycling in texas TrollDespair
[09:23:47]  babsmcnh: ur in texas?
[09:23:55]  babsmcnh: FeelsWeirdMan oof.
[09:24:07]  laurabraus: in the south you kind of have to go to a gym in the summer or you'll die
[09:24:08]  kaeos: r u gonna see the new thor movie
[09:24:16]  babsmcnh: is it actually nice there - i know a couple people who wanna live there in the future
[09:24:38]  laurabraus: in the south?
[09:24:48]  babsmcnh: in texas
[09:24:48]  kaeos: i wanna go to texas to try whataburger
[09:24:54]  johnny3oak: why the fuck would you want to live here
[09:24:56]  babsmcnh: but in the south as well
[09:24:59]  johnny3oak: everyone wants to live here until theyndo
[09:25:00]  babsmcnh: I DONT KNOW JOHNNY
[09:25:02]  kaeos: florida LULW
[09:25:04]  cosmicmikan: ewww
[09:25:21]  laurabraus: my friend wants to live in austin tx but i have no desire
[09:25:22]  kaeos: yes
[09:25:26]  babsmcnh: when i worked out in bermuda i used to sweat my ass off, a couple times i almost got concussions cuz i slipped on sweat
[09:25:29]  johnny3oak: its literally 100 degrees until october
[09:25:34]  babsmcnh: but in the UK i barely sweat its great lol
[09:25:55]  kaeos: ted cruz is the one that tweeted step sibling porn right
[09:25:59]  johnny3oak: OUR SENATOR GOES TO CANCUN WHEN OUR STATEWIDE POWER GRID GOES OFFLINE LULW LULW LULW
[09:26:01]  johnny3oak: LULW
[09:26:02]  johnny3oak: LULW
[09:26:18]  babsmcnh: i cannot believe people were making fun of me for living in bruvland when we have people from texas and florida here smh
[09:26:28]  laurabraus: one time my mom and i drove through texas on a trip and i saw a fly as big as my fist
[09:26:35]  laurabraus: thats all i need to know
[09:26:36]  babsmcnh: just go to cancun 4Head
[09:26:39]  johnny3oak: arnoldHalt "living in bruvland" british people dont live
[09:26:46]  babsmcnh: @laurabraus OMEGALUL
[09:27:00]  babsmcnh: @Johnny3Oak you're right - we s u r v i v e
[09:27:03]  saltychildofthesea: meanwhile i live in the fuckin desert
[09:27:19]  babsmcnh: is it super hot over there salty?
[09:27:30]  saltychildofthesea: it is pretty hot
[09:27:35]  babsmcnh: honestly UK > canada so far
[09:27:46]  babsmcnh: bermuda has a special place in my heart though <3
[09:27:59]  johnny3oak: why were you in bermuda
[09:28:04]  babsmcnh: i'd give you my fan if i could @saltychildofthesea
[09:28:12]  saltychildofthesea: thanks Prayge
[09:28:17]  kaeos: US #1
[09:28:19]  babsmcnh: but i dont even have a fan PepeLaugh get rekted
[09:28:21]  laurabraus: ive only lived in florida FeelsBadMan
[09:28:26]  babsmcnh: @Johnny3Oak im originally from bermuda lmao
[09:28:42]  johnny3oak: @Johnny3Oak rare PagMan
[09:28:50]  babsmcnh: ANY BERMUDA TRIANGLERS PauseChamp
[09:29:00]  laurabraus: i've traveled around the US but it's not like i moved there
[09:29:00]  babsmcnh: jk its always only me :)
[09:29:02]  saltychildofthesea: hungary > uae > france
[09:29:12]  kaeos: super rare seed
[09:29:42]  babsmcnh: zetto i just remembered - what degree did i do? lets see if you can retain information PepoG
[09:30:09]  nightbot: EHEHE Follow me on Twitter: https://twitter.com/ktrZetto
[09:30:11]  kaeos: theres a good chance its just a business degree of some sort
[09:30:19]  saltychildofthesea: i remember Pog
[09:30:19]  babsmcnh: POGGERS
[09:30:26]  babsmcnh: HOLY SHIT HE REMEMBERS
[09:30:29]  saltychildofthesea: POGGERS HE GOT IT
[09:30:34]  johnny3oak: which one was it
[09:30:38]  babsmcnh: my streamer FeelsOkayMan
[09:30:41]  babsmcnh: chemical engineering
[09:30:46]  babsmcnh: first try EZ
[09:30:50]  johnny3oak: Drake not mechanical engineer
[09:30:56]  babsmcnh: OMEGALUL
[09:31:14]  johnny3oak: pepeW gonna work for bp oil
[09:31:19]  babsmcnh: i make fun of my mech friends just as a joke though
[09:31:33]  babsmcnh: LUL Im trying to do green power so idk
[09:31:42]  babsmcnh: Pepega what the fuck did you just say
[09:31:51]  johnny3oak: this is the roml
[09:31:54]  johnny3oak: are you nervous
[09:31:55]  babsmcnh: uh chemical engineering is like process engineering
[09:32:00]  kaeos: is chemical engineering like build a baby
[09:32:02]  babsmcnh: with chemicals
[09:32:06]  kaeos: where u mess with dna
[09:32:14]  babsmcnh: yeah kaeos
[09:32:21]  303devilfish: N OMEGALUL
[09:32:24]  babsmcnh: im messing with ur dna as we speak
[09:32:25]  johnny3oak: isnt that molecular biphysics
[09:32:31]  johnny3oak: biophysics*
[09:32:39]  cosmicmikan: idk how to do that someone do it
[09:32:41]  babsmcnh: yeah thats actually what it is
[09:32:43]  johnny3oak: very poggers major
[09:32:46]  babsmcnh: LUL MIKAN
[09:32:51]  babsmcnh: johnny what do you do in school
[09:32:52]  cosmicmikan: YOU NEVER TOLD ME
[09:32:54]  kaeos: COSMETIC MODS LULW
[09:32:59]  babsmcnh: i feel like ur just comp sci
[09:33:05]  babsmcnh: everyone is comp sci
[09:33:18]  saltychildofthesea: Prayge i did it already you nerd
[09:33:28]  cosmicmikan: thank you salty
[09:33:28]  babsmcnh: i'll match the bet
[09:33:28]  cosmicmikan: ily
[09:33:34]  saltychildofthesea: np HYPERS
[09:33:52]  babsmcnh: zetto i will FIND you if you dont pb Madge
[09:34:03]  johnny3oak: @babsmcnh ee
[09:34:11]  cosmicmikan: time to lose all my points again
[09:34:12]  babsmcnh: WHO BET AT THE END
[09:34:18]  babsmcnh: @babsmcnh what THEEE
[09:34:27]  cosmicmikan: oh prolly me
[09:34:32]  saltychildofthesea: its /prediction for future reference PartyParrot
[09:34:32]  babsmcnh: damn thats fucking disgusting OMEGALUL but pure respect
[09:34:36]  johnny3oak: ???????
[09:34:52]  babsmcnh: i have to learn a bunch of electrical rn cuz im going into the power industry
[09:34:59]  johnny3oak: im basically cs since im doing data science
[09:35:08]  babsmcnh: ahhhh
[09:35:08]  303devilfish: may as well just pay the doubters out now EZ
[09:35:24]  babsmcnh: data science smh
[09:35:54]  kaeos: thanks for the points believers EZ
[09:35:56]  johnny3oak: you need to lose 2 minutes and you can save 1
[09:35:59]  jintae_: wait this run kinda crazy
[09:35:59]  johnny3oak: how the fuck
[09:36:05]  babsmcnh: i cant understand data science at all but im glad you do FeelsOkayMan
[09:36:05]  johnny3oak: would you kill this
[09:36:14]  johnny3oak: THERE IS NO POSSIBLE WAY
[09:36:15]  babsmcnh: he CANT lose Prayge
[09:36:18]  johnny3oak: YOU FUCK THIS UP
[09:36:31]  saltychildofthesea: Pog i got a conditional offer from a uni for cs
[09:36:35]  johnny3oak: ...
[09:36:38]  babsmcnh: @saltychildofthesea OH SHIT NICEEE
[09:36:44]  saltychildofthesea: but i didnt take it 5Head
[09:36:52]  kaeos: ktrzetWorse
[09:36:59]  babsmcnh: he wouldnt throw because if he throws hes doing it to spite me
[09:36:59]  johnny3oak: DUDE
[09:37:01]  johnny3oak: WHY
[09:37:04]  johnny3oak: suihdohhsp'i;juap;
[09:37:06]  cosmicmikan: oki i g2g now seeya
[09:37:07]  303devilfish: FeelsGoodMan my points
[09:37:07]  babsmcnh: SadCatW
[09:37:09]  babsmcnh: why
[09:37:10]  saltychildofthesea: OMEGALUL
[09:37:11]  cosmicmikan: have a good stream bye ya
[09:37:16]  babsmcnh: bye mikan
[09:37:22]  kaeos: bye :)
[09:37:30]  saltychildofthesea: Prayge my moner now
[09:37:33]  babsmcnh: and hello darkness my old friend Sadge
[09:37:56]  babsmcnh: i still believe Prayge
[09:38:36]  kaeos: no :)
[09:38:37]  babsmcnh: YOU GOT THISS
[09:38:44]  babsmcnh: COME ON ZETTO WOOHOOO HYPERS
[09:38:47]  johnny3oak: yep
[09:38:52]  johnny3oak: YEP
[09:38:56]  kaeos: LUL + W = LULW
[09:39:02]  johnny3oak: yes actually
[09:39:10]  babsmcnh: why are you doing this right when i say i believe...
[09:39:12]  saltychildofthesea: he still fell OMEGALUL
[09:39:25]  babsmcnh: BAHHHH
[09:39:32]  kaeos: is he pretending ?
[09:39:33]  johnny3oak: TrollDespair
[09:39:44]  babsmcnh: well im never getting vip Sadge
[09:39:50]  saltychildofthesea: he is pretending COPIUM
[09:39:52]  johnny3oak: 2 frames of input lag btw
[09:39:57]  babsmcnh: LUL
[09:40:21]  babsmcnh: you can still do it Prayge
[09:40:27]  johnny3oak: Clueless 50 seconds ahead
[09:40:39]  babsmcnh: HE CAN DO THIS OKAY
[09:40:54]  kaeos: i bet my life savings on this
[09:40:56]  babsmcnh: if it was anyone BUT zetto i wouldnt believe
[09:41:06]  babsmcnh: BUT THIS GUY IS A PRO
[09:41:14]  johnny3oak: @babsmcnh StemDespair
[09:41:14]  babsmcnh: EZ Clap incoming
[09:41:30]  babsmcnh: NO HE CAN DO IT HE'S GREAT HYPERS
[09:41:33]  babsmcnh: i believe
[09:42:10]  chisasfam: Nice yellows
[09:42:13]  johnny3oak: mf is shitting himself
[09:42:22]  johnny3oak: idk
[09:42:26]  babsmcnh: i wish my computer restarted so i didnt end up betting
[09:42:27]  johnny3oak: how the fyuck did that work
[09:42:36]  babsmcnh: zetto skip Pog
[09:42:53]  kaeos: more bonks Prayge
[09:43:03]  babsmcnh: no more bonks Prayge
[09:43:18]  babsmcnh: ...
[09:43:27]  johnny3oak: 4 stars in 3 minutes
[09:43:30]  johnny3oak: you got this man
[09:43:36]  babsmcnh: is it gonna be okay zetto Sadge
[09:43:36]  chisasfam: zetto pop off arc
[09:43:46]  babsmcnh: Prayge
[09:44:05]  babsmcnh: Clap
[09:44:12]  kaeos: reset speedrun redeem PepeLaugh
[09:44:18]  babsmcnh: monkaOMEGA
[09:44:24]  babsmcnh: please no
[09:44:41]  babsmcnh: ...
[09:44:45]  kaeos: not necessary LULW
[09:44:46]  babsmcnh: im going to cry
[09:44:55]  chisasfam: you ground pounded btw
[09:44:58]  johnny3oak: LULW COULDVE JUST WENT THE OTHER WAY
[09:45:08]  chisasfam: ktrzetD ktrzetD ktrzetD ktrzetD
[09:45:20]  babsmcnh: PauseChamp
[09:45:35]  kaeos: i hate canada
[09:45:46]  saltychildofthesea: 🍁 wtf
[09:45:52]  babsmcnh: canada poggers
[09:45:57]  chisasfam: haha 69 lol funny number
[09:46:06]  babsmcnh: OMEGALUL CHISAAA
[09:46:09]  johnny3oak: ..........
[09:46:11]  babsmcnh: AHHHH
[09:46:12]  johnny3oak: .....................................................
[09:46:15]  chisasfam: that was not my fault
[09:46:16]  kaeos: OMEGA + LUL = OMEGALUL
[09:46:18]  babsmcnh: SadCatW
[09:46:23]  chisasfam: just wanna point that out guys
[09:46:28]  babsmcnh: mister streamer can i get a refund
[09:46:30]  saltychildofthesea: zetto stop its not funny Sadge
[09:46:30]  kaeos: MODS
[09:46:30]  chisasfam: zetto! you fell btw
[09:46:34]  babsmcnh: BAHHH
[09:46:34]  johnny3oak: you have got
[09:46:34]  chisasfam: idk if you noticed
[09:46:34]  303devilfish: FeelsGoodMan
[09:46:34]  johnny3oak: to be
[09:46:36]  laurabraus: is it over...
[09:46:37]  babsmcnh: THIS IS SO MEANNN
[09:46:38]  babsmcnh: WHYYY
[09:46:41]  jintae_: so sadge
[09:46:45]  kaeos: im gonna be rich
[09:46:46]  chisasfam: alr glad you noticed!
[09:46:50]  chisasfam: I wasnt sure if you noticed
[09:46:53]  babsmcnh: i believed.
[09:46:57]  babsmcnh: I BELIEVED
[09:47:03]  saltychildofthesea: Smadging "he sucks so bad OMEGALUL "
[09:47:05]  chisasfam: I wouldve believed in you
[09:47:06]  chisasfam: gg man
[09:47:21]  kaeos: btw if u want to PB next time, try not to fall there
[09:47:28]  babsmcnh: I (ZETTO) BE(LIE)VE(D) Sadge
[09:47:28]  chisasfam: Dance me when man fall
[09:47:50]  saltychildofthesea: try playing better
[09:47:52]  saltychildofthesea: 4Head
[09:48:04]  chisasfam: I {AM) HUNGRY
[09:48:30]  kaeos: i have the clip
[09:48:40]  babsmcnh: zetto the liar Sadge
[09:48:42]  chisasfam: speedrun among us
[09:48:50]  chisasfam: Liar liar pants on fire
[09:48:53]  johnny3oak: i will coach you in tick tock
[09:48:53]  saltychildofthesea: Sadge (MCDONDLES) 👎
[09:48:55]  johnny3oak: this is a tragedy
[09:49:01]  kaeos: when are you playing fall guys with viewers
[09:49:05]  laurabraus: it's not over
[09:49:22]  babsmcnh: i dont want to have my emotions played with again @ktrZetto
[09:49:23]  johnny3oak: Aware i havent been to tick tock in weeks
[09:49:26]  chisasfam: zetto bout to pull up at the after party
[09:49:49]  babsmcnh: @Johnny3Oak if you're better than zetto in tick tock then i'll just cry man
[09:50:01]  babsmcnh: i always believe though
[09:50:08]  babsmcnh: its in my dna Sadge
[09:50:11]  kaeos: arthritis
[09:50:33]  babsmcnh: oh lol
[09:50:34]  babsmcnh: Pog
[09:50:38]  johnny3oak: StemDespair wouldve been top 50 in 2021
[09:50:42]  johnny3oak: 2020*
[09:50:43]  johnny3oak: fuck
[09:50:48]  babsmcnh: i thought he was as good as you tbh
[09:50:54]  johnny3oak: i have a 49:54 babs
[09:50:56]  johnny3oak: wow
[09:50:59]  babsmcnh: POGGERS
[09:51:04]  babsmcnh: woah
[09:51:12]  babsmcnh: Clap
[09:51:22]  babsmcnh: zetto can you become johnny thanks
[09:51:32]  kaeos: deflation fetish Kreygasm
[09:51:36]  babsmcnh: NOOO
[09:51:44] johnny3oak timed out kaeos for 1s. 
[09:51:51]  babsmcnh: OMEGALUL
[09:51:51]  johnny3oak: didnt wanna see that
[09:52:18]  babsmcnh: johnny what time do you usually stream for texas time?
[09:52:33]  johnny3oak: like 8 PM but i have to eat filet mignon soon
[09:52:41]  johnny3oak: so it will be a late stream today
[09:52:45]  johnny3oak: ??????????
[09:52:45]  johnny3oak: WHAT
[09:52:47]  johnny3oak: ??????????????????
[09:52:50]  babsmcnh: i have ur alerts on you fucking woke me up like yesterday at like 4am
[09:52:53]  johnny3oak: HOW IS THAT A TEXAN THING
[09:52:58]  babsmcnh: filet mignon is good as fuck
[09:53:03]  johnny3oak: surely you didnt turn off my alerts
[09:53:05]  babsmcnh: YEEHAW 🤠
[09:53:25]  babsmcnh: no i dont turn them off but i always wake up and miss ur streams by like 30 minutes
[09:53:39]  johnny3oak: FeelsGoodMan Clap
[09:53:46]  babsmcnh: i thought you streamed at super degen hours but it makes sense now that im thinking about the time difference
[09:53:49]  johnny3oak: the variety3oak arc is going strong
[09:54:01]  babsmcnh: what have you been playing
[09:54:03]  johnny3oak: (im suffering)
[09:54:07]  babsmcnh: OMEGALUL
[09:54:12]  johnny3oak: idk just random shit
[09:54:31]  johnny3oak: @babsmcnh my stream schedule used to be 10 PM to 6 AM
[09:54:37]  babsmcnh: i'll try to join at some point but as a bruv i suffer a lot from the time difference
[09:54:42]  babsmcnh: i stay up for zetto tbh
[09:54:50]  johnny3oak: Wokege
[09:54:50]  babsmcnh: its 2am for me rn lmao
[09:54:59]  babsmcnh: @babsmcnh ahh okay cool
[09:55:24]  babsmcnh: i was scared you almost had another mask slipup zetto PepeLaugh
[09:55:32]  chisasfam: yeah its 1:55 here
[09:55:54]  johnny3oak: i am an AUS friendly streamer FeelsOkayMan
[09:55:55]  babsmcnh: nah i slept all day tbh - after the vacation i had i was so exhausted i kept going to bed
[09:55:57]  saltychildofthesea: 4:55 here Wokege
[09:56:16]  babsmcnh: salty the #1 fan here FeelsStrongMan
[09:56:22]  chisasfam: my love for you is unreal Ill do anything for you i will walk to the end of the earth for you Ill stay up all night if it means youll hold me tight while I engage in slumber,
[09:56:36]  chisasfam: me at girls btw ^
[09:56:38]  babsmcnh: yeah i think if i wake up early enough i can watch but right now i'm waking up late
[09:56:53]  babsmcnh: dont have to wake up early cuz my lab time is late
[09:57:23]  kaeos: thats so romantic
[09:57:24]  chisasfam: zetto you cant open that door without a key
[09:57:25]  kaeos: has it worked yet
[09:57:27]  babsmcnh: @Chisasfam that reminds me of a guy that confessed to me with minecraft sign posts
[09:57:33]  chisasfam: @kaeos always
[09:57:51]  chisasfam: @babsmcnh it was not me so I assume it didnt work, if it was me it wouldve worked
[09:57:52]  babsmcnh: geniunely nice guy but his execution wasnt the greatest
[09:57:52]  laurabraus: @babsmcnh please elaborate on this
[09:57:52]  kaeos: the mc does stand for minecraft Pog
[09:58:21]  chisasfam: @kaeos mindcraft
[09:58:45]  babsmcnh: uh we played on xbox 360 LUL he asked if we could just mute and talk via minecraft signs - i think a part of me knew what was coming but the other part of me assumed the best
[09:58:46]  kaeos: BIG D
[09:58:59]  laurabraus: @babsmcnh GOD
[09:59:05]  babsmcnh: he confessed on the sign post and asked me to edate him
[09:59:12]  laurabraus: EDATE
[09:59:14]  laurabraus: no way
[09:59:21]  babsmcnh: i think i just responded with "no thanks" on a sign post
[09:59:26]  johnny3oak: DUDE
[09:59:26]  laurabraus: LMFAO
[09:59:27]  johnny3oak: OMEGALUL
[09:59:31]  babsmcnh: I FELT HORRIBLE
[09:59:37]  laurabraus: babs you're savage actually
[09:59:40]  johnny3oak: ImTyping no thanks
[09:59:41]  chisasfam: i had an mc gf when I was younger and I we never actually broke up , she just never logged on again :.(
[09:59:45]  saltychildofthesea: OMEGALUL
[09:59:51]  chisasfam: @babsmcnh if it was me you wouldve said yes, Im quite the romancer
[09:59:58]  babsmcnh: FeelsNothingMan i just didnt want to hurt his feelings
[10:00:08]  303devilfish: Sadge
[10:00:10]  laurabraus: babs it's inevitable
[10:00:16]  nightbot: You probably shouldn't give any streamer money. I'm not a financial advisor but that is financial advice. But if you want to help support the channel, and more importantly, help your boy get paid, feel free to click the link. Please give me your money. https://streamlabs.com/ktrzetto/tip https://www.twitch.tv/products/ktrZetto
[10:00:19]  babsmcnh: i mentioned we could still be friends but i think i unfriended him
[10:00:23]  laurabraus: you cant help it that you're hot
[10:00:23]  babsmcnh: poor guy Sadge
[10:00:23]  johnny3oak: LMAO
[10:00:28]  kaeos: thats fucked
[10:00:32]  babsmcnh: such a bad taste in girlssss
[10:00:39]  johnny3oak: OMEGALUL he probably still thinks about that to this day
[10:00:44]  johnny3oak: you fucking scarred him
[10:00:45]  chisasfam: @babsmcnh thats worse than me unfollowing my ex on spotify after me and her broke up kkkkk babs you are ruthless
[10:00:55]  babsmcnh: LOOK he tried to flirt with me again and i was like NAH
[10:00:58]  chisasfam: this man stays awake at night thinking about it
[10:01:06]  babsmcnh: BRO I SWEAR
[10:01:06]  johnny3oak: Wokege SHE REJECTED ME WITH A FUCKING SIGN
[10:01:08]  laurabraus: @babsmcnh NO THIS IS REALLY HOW IT IS
[10:01:09]  nightbot: EHEHE Follow me on Twitter: https://twitter.com/ktrZetto
[10:01:16]  babsmcnh: I DID IT FOR HIS SAKE
[10:01:21]  chisasfam: he scurries onto his xbox to see if its just a nightmare
[10:01:22]  laurabraus: every time someone has confessed to me i've pretty much blocked them afterward
[10:01:28]  saltychildofthesea: OMEGALUL he confessed with minecraft signs
[10:01:42]  babsmcnh: he was stuck on me i just unfriended him and hoped he realized sign posts arent the strat in the long run
[10:01:48]  johnny3oak: GIGACHAD i confess and then cut off contact if they say they reciprocate
[10:01:49]  chisasfam: @laurabraus larua I dont have feelings for you sorry
[10:01:53]  babsmcnh: IF YOU'RE SEEING THIS ETHAN IM SORRY
[10:02:17]  laurabraus: thanks chisa i dont think anyone here does you're all safe
[10:02:21]  chisasfam: @babsmcnh he was called Ethan wow, you saved yourself
[10:02:22]  laurabraus: NO BUT THEY STILL TRY
[10:02:28]  laurabraus: I FEEL SO BAD I JUST
[10:02:35]  babsmcnh: i've been friends with people who've confessed but he kept thinking he had a chance Sadge
[10:02:40]  laurabraus: im cringing rn i shouldn't have shared that
[10:02:43]  kaeos: wtf whats wrong with being named Ethan
[10:02:52]  babsmcnh: @laurabraus nah its fine
[10:02:57]  babsmcnh: @kaeos OMG ETHAN IS THAT YOU???
[10:03:05]  laurabraus: but tbh i wouldn't change it like i don't feel bad
[10:03:10]  babsmcnh: LUL jk
[10:03:11]  johnny3oak: PogU kaeos is the sign guy
[10:03:13]  babsmcnh: ethan is a nice name
[10:03:18]  chisasfam: my best friend is my ex from like 2 years ago and me and her were together for 3 years, shes currently dating my best friend who is my bands guitarist :')
[10:03:36]  laurabraus: @babsmcnh this is how i felt too
[10:03:42]  babsmcnh: @laurabraus usually one person has to just suck it up and cut them off in some way
[10:03:52]  chisasfam: @kaeos NOTHING!
[10:03:55]  babsmcnh: communication is key and i'd hate to lead someone on
[10:04:01]  johnny3oak: must be nice getting people to confess to you TrollDespair
[10:04:15]  chisasfam: @babsmcnh TRUE! but some people dont listen
[10:04:20]  laurabraus: yeah babs thats EXACTLY how i feel
[10:04:29]  babsmcnh: @Johnny3Oak on minecraft its more of a diss man OMEGALUL
[10:04:34]  kaeos: its bartholomew
[10:04:41]  johnny3oak: bartholomew POGGERS
[10:04:44]  chisasfam: dragon type name
[10:04:45]  johnny3oak: wait this poggers is awful
[10:05:14]  kaeos: thats fine, i dont follow you
[10:05:16]  jintae_: okay that is fucked up bruh
[10:05:18]  babsmcnh: i havent gotten asked out in ages - last dude i liked asked me if i liked anyone and i was just like "yeah i like you and this guy from two years ago" EZ Clap
[10:05:28]  babsmcnh: honest communication is the best strat what can i say
[10:05:58]  303devilfish: that's not very bussin of you
[10:05:58]  chisasfam: tbf there are some ugly names out there
[10:06:00]  babsmcnh: he liked me back and i said it nonchalantly so the ball was in his corner and he didnt have to stress too much about it
[10:06:02]  johnny3oak: exactly
[10:06:05]  chisasfam: like just super ugly ones
[10:06:14]  johnny3oak: i added a new one on 7tv but the one from ffz is overriding it
[10:06:21]  babsmcnh: bartholomew is hot
[10:06:33]  babsmcnh: imagine just moaning BARTH in the middle of sex
[10:06:39]  johnny3oak: thats a fake name
[10:06:42]  chisasfam: robert is a super ugly name, IN MY OPINION
[10:06:49]  kaeos: barth is a character from fire emblem
[10:07:01]  babsmcnh: bartholomew is real its nuts
[10:07:08]  babsmcnh: they just call themselves bart
[10:07:11]  johnny3oak: farquad is a good name FeelsOkayMan
[10:07:15]  chisasfam: @babsmcnh "William" "Robert" literally
[10:07:26]  babsmcnh: william is fine
[10:07:30]  chisasfam: not to me smh
[10:07:45]  chisasfam: Idk I dont like alot of british names they all sound weird
[10:07:51]  kaeos: i would agree that robert is horrible
[10:07:52]  laurabraus: kaeos don't you mean marth
[10:07:54]  babsmcnh: i like names like benji they're cute
[10:07:57]  johnny3oak: OkayMan
[10:08:01]  kaeos: @laurabraus barth too
[10:08:02]  chisasfam: ohh benji is cute
[10:08:10]  chisasfam: and Alexi , I like Alexi
[10:08:17]  babsmcnh: thats nice Pog
[10:08:23]  laurabraus: anything that ends in i is automatically cuter
[10:08:31]  babsmcnh: yeah i or y
[10:08:31]  kaeos: BIG D
[10:08:35]  johnny3oak: EZ
[10:08:36]  babsmcnh: cute as fuck
[10:08:37]  chisasfam: If i had a son Id name him Hermanito
[10:08:42]  babsmcnh: oh
[10:08:47]  kaeos: he's in grand finals
[10:08:53]  kaeos: no he made it to 5th
[10:08:53]  babsmcnh: lmao i didnt notice that
[10:09:12]  kaeos: onin
[10:09:15]  kaeos: steve from chicago
[10:09:24]  babsmcnh: id name my son ethan and make him communicate via sign posts
[10:09:35]  chisasfam: its a brasilian name
[10:09:45]  bauldi: !lurk
[10:09:46]  nightbot: bye bitch
[10:09:52]  babsmcnh: i gotta list of names actually
[10:09:52]  chisasfam: Hermano - Pronounced Ermano bc the H isnt pronounced
[10:09:58]  chisasfam: but Id call him herms
[10:10:11]  chisasfam: and Mano means bro
[10:10:12]  babsmcnh: im not NUTS just sometimes i hear names and im like ah thats not a bad name
[10:10:13]  kaeos: los pollos hermanos
[10:10:14]  bauldi: basically brother / bro in spanish
[10:10:19]  chisasfam: and Hermano means Brother in spanish yeah
[10:10:23]  chisasfam: but not portuguese
[10:10:36]  bauldi: chicken brothers
[10:10:43]  babsmcnh: and i would forget them so i realized if i just wrote them down itd be easier in the future if i ever had kids
[10:11:09]  laurabraus: i cant even name my party in rpg games im gonna struggle if i have a kid
[10:11:23]  kaeos: name your kid "Child"
[10:11:27]  laurabraus: i cant even name my FARM in HARVEST MOON
[10:11:32]  chisasfam: id want my kid to stand out snd be unique so id give them a cool name
[10:11:35]  chisasfam: if I had kids
[10:11:47]  babsmcnh: this is EXACTLY why i started the list - someone asked me about it when i was like 19 and i realized i forgot all the good names
[10:11:50]  kaeos: child = fancy
[10:11:58]  laurabraus: babs is smart
[10:12:19]  babsmcnh: i think i ended up saying jeff out of stress and then i thought to myself " i really need to make a list for this shit in the future"
[10:12:30]  chisasfam: Childe genshin impact
[10:12:34]  kaeos: fancy name is like Theodore or something
[10:12:40]  saltychildofthesea: Pog name your kid "Child" then name your grandkid "Salty" POGGERS
[10:12:48]  babsmcnh: theodore is cute because of the chipmunks
[10:12:54]  chisasfam: Joshua
[10:12:58]  babsmcnh: Pog
[10:12:59]  laurabraus: babs i was just about to say
[10:13:07]  laurabraus: gonna name my kids alvin simon and theodore
[10:13:11]  chisasfam: zetto name your child Chisasfam
[10:13:18]  johnny3oak: i will name my son nikolai OkayMan
[10:13:22]  babsmcnh: LUL LAURA THATS PERFECT
[10:13:27]  bauldi: the name I always land on Sebastian
[10:13:34]  chisasfam: it means nothing
[10:13:39]  babsmcnh: all the names on my list are super bland
[10:13:43]  kaeos: sebastian is PogChamp
[10:13:47]  johnny3oak: im russian
[10:13:48]  babsmcnh: i want them to be pronounced easily
[10:13:58]  chisasfam: Chisachi - my name and at the time I found it funny how everyone said fam
[10:14:04]  chisasfam: so I merged the two
[10:14:09]  babsmcnh: nikolai is a chill name
[10:14:10]  chisasfam: Chisachi + fam = Chisasfam
[10:14:16]  babsmcnh: do you speak russian Pog
[10:14:22]  johnny3oak: yes
[10:14:31]  bauldi: secondarily for girl I like the name Eliza but these names are hyper white for my very hispanic life kek
[10:14:34]  babsmcnh: @Chisasfam chisachi is a nice name HYPERS
[10:14:56]  babsmcnh: damn we gotta bunch of bilingual people in chat
[10:15:12]  chisasfam: its a japanese girls name I remember zetto saying he thought I was a girl at first :|
[10:15:12]  babsmcnh: and i struggle to speak english sometimes SadCatW
[10:15:19]  chisasfam: BUT i like the name its cute
[10:15:22]  bauldi: I cant speak spanish for shit kek. I just understand it
[10:15:27]  babsmcnh: @Bauldi i mean its fine if you like them tbh
[10:15:36]  kaeos: name ur kid Zooter
[10:15:43]  babsmcnh: i guess i dont have to think about that much
[10:15:43]  chisasfam: I normally just give people Chisa instead of Chisachi, its easier to say
[10:15:57]  babsmcnh: i like leo
[10:15:58]  bauldi: or you could hate your kid and name them like gertrude
[10:16:04]  babsmcnh: leos a cute kids name
[10:16:13]  chisasfam: name your kid Bakugo from the hit series among us academia
[10:16:24]  babsmcnh: Deku BatChest
[10:16:27]  chisasfam: or Emmet from the hit film The Lego Movie
[10:16:35]  babsmcnh: lmao
[10:16:46]  babsmcnh: name ur kid luffy PepeLaugh
[10:16:54]  laurabraus: my friend's brother named his new baby after a mob psycho character for real
[10:16:55]  johnny3oak: naming my kid big mom
[10:17:09]  kaeos: name ur kid Sasuke from Naruto
[10:17:16]  chisasfam: my kids name might me ip ip ip turi ip
[10:17:17]  babsmcnh: LUL just sounds like a early 2000s gamer tag by now
[10:17:26]  babsmcnh: @laurabraus HAHAHHA
[10:17:33]  johnny3oak: @laurabraus reigen?
[10:17:43]  laurabraus: yes reigen
[10:17:48]  johnny3oak: PagMan reigen
[10:18:08]  chisasfam: you have to include from naruto
[10:18:09]  kaeos: no that would sound stupid
[10:18:11]  laurabraus: but my friend just calls him "mob psycho baby"
[10:18:11]  babsmcnh: all of the girl names on my list make them sound ancient
[10:18:20]  chisasfam: Sasuke from naruto can be the first name
[10:18:34]  babsmcnh: reigen kinda cool
[10:18:44]  babsmcnh: first name Sasuke middle name Naruto
[10:18:48]  laurabraus: @babsmcnh RIGHT
[10:18:50]  kaeos: i havent
[10:18:53]  kaeos: fuck kids
[10:18:54]  chisasfam: Im listening to music right
[10:18:56]  kaeos: snot machines
[10:18:57]  chisasfam: and I just hear
[10:19:01]  johnny3oak: thats the strat that harry potter did
[10:19:03]  chisasfam: "God does not exist"
[10:19:06]  atomverso: hola hola
[10:19:10]  bauldi: ive been single 4 years bauldiStress not much else tom think about relationship wise
[10:19:10]  chisasfam: and im like thrown back bc it was so random
[10:19:11]  johnny3oak: isnt his son named like albus severerus dumbledore potter
[10:19:13]  babsmcnh: well i just write down names on my notes when i hear a cool one
[10:19:14]  chisasfam: but its the intro to a song
[10:19:51]  babsmcnh: it sucks cuz i really dont know if im gonna be able to use a single one in my lifetime Sadge
[10:20:00]  babsmcnh: maybe for like a dog lol
[10:20:02]  kaeos: doomer chat
[10:20:29]  kaeos: no
[10:20:30]  johnny3oak: yeah
[10:20:34]  chisasfam: harry potter poopie woopie
[10:20:34]  jintae_: ya
[10:20:40]  johnny3oak: first 2 were good
[10:20:42]  johnny3oak: ???????
[10:20:43]  johnny3oak: MF
[10:20:46]  babsmcnh: what, you expect me to say "im smoking hot no way i dont get kids "
[10:20:52]  babsmcnh: wtf harry potter is goodddd
[10:20:53]  chisasfam: marvel and dc suck
[10:20:53]  johnny3oak: WGHAT THE FUCK
[10:20:54]  johnny3oak: DUDE
[10:20:55]  johnny3oak: AUIHDOD
[10:20:55]  johnny3oak: ADJIOAW
[10:20:56]  johnny3oak: ADFAUIHFYYAIOUWFHAWOLIF
[10:20:58]  chisasfam: super hero stuff sucks too
[10:21:00]  303devilfish: 2 was good wtf
[10:21:02]  laurabraus: i marathoned them all in one night in high school. first time watching
[10:21:08]  babsmcnh: the first 2 are fine lol
[10:21:08]  johnny3oak: UR OPINION IS SO BAD
[10:21:18]  chisasfam: I AGREE THO harry potter sucks
[10:21:22]  kaeos: i didnt watch harry potter because i was scared of dementors
[10:21:27]  chisasfam: like idk
[10:21:31]  babsmcnh: its probably cuz it was meant for a younger audience but i still liked it
[10:21:35]  chisasfam: wizard and super hero films are always so bad
[10:21:38]  babsmcnh: zetto you are WRONG
[10:21:44]  babsmcnh: i am CORRECT
[10:21:50]  chisasfam: the only good super hero and wizard show is like Umbrella Academy
[10:21:52]  laurabraus: harry potter deathly hallows good
[10:21:52]  babsmcnh: the boys is good chisa
[10:21:58]  johnny3oak: the boys is god tier
[10:22:09]  babsmcnh: umbrella academy is meh
[10:22:19]  babsmcnh: Pog that game was dope
[10:22:21]  laurabraus: @Chisasfam wrong. wizards of waverly place
[10:22:26]  babsmcnh: @laurabraus YESSS
[10:22:26]  johnny3oak: dude no i played that game because i never beat it as akid
[10:22:28]  chisasfam: Umbrella Academy is amazing, the actors are very over dramatic
[10:22:31]  johnny3oak: never even read the fucking books
[10:22:37]  babsmcnh: LUL how did you not beat it
[10:22:45]  chisasfam: @Chisasfam i forgot that existed
[10:22:45]  babsmcnh: i read the first book and got bored
[10:22:54]  chisasfam: nice yellow
[10:22:57]  babsmcnh: invincible is also good
[10:23:15]  babsmcnh: but i dont really remember it
[10:23:23]  303devilfish: i stopped reading halfway through book 5 because i was like 300 pages in and bored out of my mind
[10:23:23]  johnny3oak: babs has good pop culture opinions FeelsOkayMan
[10:23:39]  babsmcnh: thank you johnny FeelsOkayMan not too bad urself
[10:23:51]  babsmcnh: @303Devilfish yeah it gets a little boring
[10:24:17]  babsmcnh: i tried to read the hobbit when i was younger but never finished it - need to read it again tbh
[10:24:57]  babsmcnh: guys if we keep distracting zetto you think he'll PB PauseChamp
[10:25:10]  babsmcnh: zetto we needa watch lotr POGGERS
[10:25:16]  johnny3oak: arnoldHalt lotr is a must watch
[10:25:31]  kaeos: gonna go snort ketamine, have a good stream :)
[10:25:38]  babsmcnh: but tbh you seem like a person who wouldnt listen to plot points and just go on your phone LUL
[10:26:01]  babsmcnh: it happens but i've had a couple friends do that to me
[10:26:38]  johnny3oak: Clueless
[10:26:40]  chisasfam: ket is horse tranq
[10:26:44]  babsmcnh: when i was younger i had a sleepover just so my friends would watch the first lotrs with me - they just said it was nerdy so i stopped 30 minutes in
[10:26:46]  chisasfam: you shoot heroine
[10:26:56]  babsmcnh: inject
[10:27:08]  chisasfam: p sure you can smoke heroine too
[10:27:23]  chisasfam: i think so?
[10:27:52]  johnny3oak: unsolved Sadge
[10:28:12]  babsmcnh: i think some drugs can be ingested in multiple ways
[10:28:16]  chisasfam: Im not a drug user so I dont take what I say for fact, its just my guess and knowledge from my friends
[10:28:20]  jintae_: this is the run ktr
[10:28:22]  jintae_: this the run
[10:28:32]  babsmcnh: but yeah ketamine must be administered intravenously
[10:28:35]  babsmcnh: Prayge
[10:28:39]  chisasfam: @babsmcnh yeah you can eat and smoke weed uhhhh
[10:28:59]  babsmcnh: yeah smoking it just makes you get high quicker
[10:29:18]  laurabraus: i thought eating it made you get high quicker
[10:29:20]  babsmcnh: one time i convinced another chem eng person that i had injected alcohol
[10:29:34]  chisasfam: we made alcohol in chem class
[10:29:37]  chisasfam: like
[10:29:44]  chisasfam: not drinkable
[10:29:55]  chisasfam: just the chemical bc we were learning about making alcohols
[10:29:56]  babsmcnh: i think they thought you inject weed and i was like "yea i inject alcohol in my veins to get the hit faster" in a sarcastic way
[10:30:00]  babsmcnh: she believed me
[10:30:51]  chisasfam: @babsmcnh that reminds me of some normie saying Brasil is in spain and my dad saying Japan is controlled by china , its the kinda things that Facebook users think
[10:30:55]  babsmcnh: @laurabraus which ever takes longer to process in the body is worse
[10:31:15]  babsmcnh: i mean people have believed that i swam from bermuda to canada before
[10:31:21]  babsmcnh: people believe anything
[10:31:24]  babsmcnh: it would kill you
[10:31:27]  johnny3oak: the liver processes the alcohol
[10:31:34]  johnny3oak: so if it bypasses the liver monkaW
[10:31:36]  laurabraus: brb i forgot about my laundry
[10:31:41]  chisasfam: ingesting cocaine kills you like a dog eating chocolate
[10:31:44]  babsmcnh: the mitochondria is the powerhouse of the cell
[10:31:47]  chisasfam: To be fair
[10:31:55]  babsmcnh: thats all i remember from biochem EZ
[10:32:06]  johnny3oak: some people drink alcohol through their ass for that purpose
[10:32:12]  johnny3oak: so that it doesnt filter and you get drunk faster
[10:32:12]  babsmcnh: yeah
[10:32:21]  chisasfam: the hightst alcohol % you can buy is 96% and its labeled as a "risk to life" as it can literally kill you in a shot bc the % is that high
[10:32:22]  babsmcnh: those people...
[10:32:31]  johnny3oak: least alcoholic people
[10:32:52]  chisasfam: me who drinks for the taste  pepeW
[10:32:52]  laurabraus: nevermind im not going out there im back
[10:32:53]  babsmcnh: i wonder how they do it tbh
[10:32:55]  johnny3oak: PagMan just got the notif
[10:33:04]  babsmcnh: is it just a alcohol bidet
[10:33:13]  babsmcnh: killing runs nonstop Sadge
[10:33:15]  chisasfam: alcohol douche
[10:33:30]  johnny3oak: lmao his title says speedun
[10:33:48]  babsmcnh: Pog is he actaully playing sm64?
[10:33:58]  johnny3oak: reread
[10:34:06]  chisasfam: is this a casual playthrough?
[10:34:17]  babsmcnh: his stream schedule is so rough for me right now that i probably wont watch
[10:34:44]  babsmcnh: ah he's doing 120 star Pog
[10:35:00]  chisasfam: nice yellow
[10:35:45]  chisasfam: it seems noone can get runs today, Ive done runs all week, I get  to HMC and FS , sometimes BLJs but just fuck up even though im like -1:xx
[10:35:49]  babsmcnh: im finally back to the amount of points i had at the beginning of the stream YEP
[10:36:20]  babsmcnh: @Chisasfam zetto will break the bad run streak Prayge
[10:36:22]  jintae_: wait it's like 10:30 in jp right? what time did u wake up
[10:36:35]  chisasfam: @Chisasfam if he does I will no longer call him zepoop
[10:36:51]  laurabraus: its ok..... its ok...
[10:36:52]  jintae_: okay this is not thhe ru
[10:36:53]  jintae_: run
[10:36:57]  babsmcnh: did you CHOKE
[10:36:58]  chisasfam: zetto my bands guitarist said good luck
[10:37:02]  chisasfam: we were talking about you
[10:37:11]  babsmcnh: its okay youll get em next time
[10:37:21]  chisasfam: you got this babes
[10:37:26]  babsmcnh: lmao
[10:37:34]  chisasfam: had nice yellows, youll get them next time!
[10:37:39]  laurabraus: its been 5 hours holy shit
[10:37:41]  laurabraus: good stream
[10:37:42]  babsmcnh: you're improving a lot Pog
[10:37:44]  jintae_: もういっかい
[10:37:58]  babsmcnh: i just wish you didnt let people steal all my points Madge
[10:38:08]  jintae_: ラメンいこう
[10:38:16]  babsmcnh: Pog more points
[10:38:31]  babsmcnh: does it even notify clint?
[10:38:32]  chisasfam: またあいした!
[10:38:37]  chisasfam: I think i wrote that wrojg
[10:38:41]  johnny3oak: clint doesnt have raid notifs
[10:38:41]  nightbot: clintJAM
[10:38:45] The raid has been canceled.
[10:38:47]  babsmcnh: see ya zetto and chat peepoHug
[10:38:52]  babsmcnh: oh lmao
[10:38:56]  jintae_: wtf is ur sleep schedule like bruh
[10:38:56]  johnny3oak: raid my offline screen
[10:38:58]  johnny3oak: OkayMan
[10:39:01]  babsmcnh: Pog
[10:39:02]  kirosthegreat: Had fun hanging out orooComfy
[10:39:04]  babsmcnh: raid me
[10:39:06]  laurabraus: bye guysss
[10:39:11]  chisasfam: raid ktrZetto
[10:39:12]  babsmcnh: bye laura <3
[10:39:25]  chisasfam: Ill go live so you can raid me
[10:39:30]  chisasfam: then ill end right after <3
[10:39:35] mythnolegend redeemed Make my bed 1000
[10:39:38]  babsmcnh: PauseChamp
[10:39:44]  johnny3oak: oh thats because we told her you were asian clint stevens
[10:39:45]  babsmcnh: lmao okay
[10:39:50]  johnny3oak: oh wait nvm wrong chick
[10:39:52]  babsmcnh: OMEGALUL
[10:40:03]  chisasfam: have a good day! gn chat!
[10:40:12]  mythnolegend: PepeLaugh
[10:40:16]  johnny3oak: OMEGALUL
[10:40:21]  kirosthegreat: See you next time orooWave
[10:40:21]  chisasfam: I said you were Japanese cheese
[10:40:22]  babsmcnh: night guys peepoBlanket
[10:40:26]  jintae_: holy shit u kinda are asian clint
[10:40:31]  babsmcnh: was violet a girl lol
[10:40:41]  chisasfam: Ill say random nice thing
[10:40:43]  johnny3oak: MOMMIOES MILKIES ARE HERE
[10:40:48]  babsmcnh: zetto has a big weiner dog
[10:40:50]  chisasfam: cya dude!
[10:40:52]  mythnolegend: joshin16Hey Bye
[10:40:56]  chisasfam: @babsmcnh is it fact?
[10:41:04]  babsmcnh: no Sadge
[10:41:11] Now hosting itsEmiBella.
[10:41:39] ktrZetto is now offline.
[11:08:45] itsemibella has gone offline. Exiting host mode.
