# Start logging at 2022-04-03 00:30:13 Tokyo Standard Time
[00:30:13] joshinjapan has gone offline. Exiting host mode.
[00:30:13] 2022年4月3日
[04:40:56]  andrewangus: Listen up team CUNT, we're drawing https://i.nuuls.com/sP1mL.png at (1726, 907)
[07:58:38] ktrZetto is live!
[07:58:58]  rinta_rnt: Cheer1 Super Mario Galaxy Kart Wii
[07:59:48]  streamelements: ktrZetto is now live! Streaming Super Mario Galaxy 2: [EN/JP] japanese but a casual
[08:00:32]  musicelliott: おはよう Z!
[08:01:02]  babsmcnh: ktrzetWorse
[08:01:14]  musicelliott: Hay MARIOCOOL
[08:01:31]  babsmcnh: Ey I’m Elliott how’d ur pcr go
[08:01:45]  musicelliott: Still waiting on the results!! premierWAHH premierWAHH
[08:01:56]  babsmcnh: Also how you doing zetto HYPERS
[08:02:02]  babsmcnh: Prayge you got this
[08:02:27]  haine_sense1: obiyoHi ktrzetWave chicke213Hi
[08:02:50]  haine_sense1: Oh, so comets started appearing?
[08:02:59]  cosmicmikan: you're sick?
[08:03:09]  babsmcnh: I’ll just lurk in the background but I hope you don’t get too sick clint3
[08:03:47]  cosmicmikan: ooh allergies?
[08:03:59]  haine_sense1: Hope you feel better soon
[08:06:13]  cosmicmikan: not bad. im hella sleepy
[08:06:24]  haine_sense1: My day was ok
[08:06:30]  cosmicmikan: i tried lol
[08:06:35]  cosmicmikan: i get woken up a lot
[08:07:04]  haine_sense1: I just finished 2 difficult things in Celeste today :)
[08:08:34]  hectic358: zetto is such a good gamer
[08:08:35]  hectic358: !pet
[08:09:01]  cosmicmikan: lmfao
[08:09:11]  hectic358: wait you had one??? I didn't know lol I just did it for the luls
[08:09:34]  hectic358: bring it back
[08:09:36]  haine_sense1: You had a pat command wasn’t it?
[08:09:47]  haine_sense1: G
[08:09:56]  haine_sense1: (I would know - I was the one who asked for it)
[08:10:02]  hectic358: I take it back, zetto bad streamer and hates his viewers
[08:11:44]  haine_sense1: Make a less creepy and weird pat command then
[08:11:49]  hectic358: ^^^
[08:12:23]  hectic358: !PETSTREAMER
[08:12:35]  hectic358: its only weird if you make it weird
[08:14:35]  scottief: what is up
[08:14:50]  hectic358: OOOOOOOOOOOOOOOOOF
[08:14:53]  hectic358: DAAAAAMN
[08:15:02]  haine_sense1: Since when we’re speedrun stars in these games somewhat difficult?
[08:15:05]  hectic358: all because you did that extra drill
[08:15:06]  scottief: clint7
[08:16:04]  hectic358: omfg
[08:16:07]  hectic358: zetto
[08:16:15]  hectic358: I will suck your pp
[08:16:26]  haine_sense1: He won’t let you
[08:16:38]  hectic358: stingy streamer
[08:16:45]  scottief: hes so bad
[08:16:56]  cosmicmikan: WutFace
[08:17:34]  scottief: yes lmao
[08:17:44]  scottief: i was talking about ur skill LUL
[08:17:48]  rickitarr64: hey zetz
[08:18:04]  cosmicmikan: yeah you got some interesting characters
[08:18:06]  hectic358: hes talking about me lololol
[08:18:11]  haine_sense1: But zetto, what even is a dive? I’m a noob who’s only ever played smg
[08:18:19]  kirosthegreat: Define weird veiSip
[08:18:35]  haine_sense1: @hectic358 may also be talking about me
[08:18:53]  hectic358: truth
[08:18:59]  scottief: literally throwing
[08:19:15]  kirosthegreat: It's an actual dive
[08:19:24]  haine_sense1: What’s 64 or sunshine? I only know about smg
[08:19:27]  scottief: you ever dive in real life
[08:19:30]  scottief: its like that
[08:20:06]  scottief: cause galaxy is linear af
[08:20:10]  kirosthegreat: I used it all the time as a casual LUL
[08:20:38]  rickitarr64: wow the backflip is big in this game
[08:21:45]  scottief: sus
[08:22:10]  scottief: literally never
[08:22:19]  haine_sense1: Odyssey? I tried that it’s too hard for me - I never got beyond the weird dark area at the beginning…
[08:23:39]  haine_sense1: Was talking about cap kingdom - the tutorial kingdom
[08:24:03]  scottief: imagine not playing odyssey
[08:24:45]  scottief: i learned like half of the speedrun for odyssey it was fun
[08:25:16]  scottief: they cant redo the bit they already in the first game
[08:25:26]  scottief: holy shit you can play as luigi POGGERS ?
[08:26:45]  haine_sense1: Odyssey: the only game that I’m better than my mum at generally, but my mum has progressed further through the game because she has more patience than me with the one stupidly difficult moon
[08:27:13]  scottief: your mom plays video games?
[08:27:14]  hectic358: ktrzetAyo ktrzetAyo ktrzetAyo ktrzetAyo ktrzetAyo ktrzetAyo ktrzetAyo
[08:27:25]  haine_sense1: Talking about the queen bee like that and complaining about us
[08:27:42]  cosmicmikan: WutFace
[08:27:54]  haine_sense1: My mum is even doing Celeste lol
[08:28:01]  cosmicmikan: my mom plays tetris
[08:28:12]  scottief: 🤨
[08:28:15]  cosmicmikan: KTR
[08:28:16]  haine_sense1: Very slowly, but she is
[08:28:18]  cosmicmikan: HAHAHAHA
[08:28:20]  scottief: my dad fucking kills tetris
[08:28:21]  kirosthegreat: angels80Sus angels80Sus
[08:28:33]  scottief: by dad is unironically nuts at tetris
[08:29:04]  haine_sense1: But ring fit adventure is so good lol
[08:29:21]  hectic358: DID SOMEONE SAY TETRIS
[08:29:56]  hectic358: tetris 99 puyo tetris and tetris effect
[08:30:51]  haine_sense1: Tetris-er or Tetrisseur?
[08:31:46]  rickitarr64: good save
[08:32:10]  hectic358: uhhhh what are those @Haine_Sense1
[08:32:35]  cosmicmikan: where there's a hole, theres a way
[08:32:44]  haine_sense1: Tetris-er: Tetris player
[08:33:08]  haine_sense1: Tetrisseur: Tetris connoisseur
[08:34:02]  haine_sense1: Both made up by me
[08:34:03]  hectic358: both I suppose. I watch a lot of it and play often
[08:34:12]  haine_sense1: Maybe you have
[08:34:12]  cosmicmikan: WHAT
[08:34:14]  kirosthegreat: On occasion.
[08:34:43]  hectic358: oh I watch him very often as well lol
[08:35:22]  cosmicmikan: omgg
[08:35:39]  haine_sense1: Lung-holey-thingy
[08:35:42]  kirosthegreat: I thought I was okay at tetris... Then I try to play literally anyone online at multiplayer and I get humbled into the ground...
[08:36:14]  cosmicmikan: how do you deal with that? is there a surgery or something
[08:36:55]  kirosthegreat: Are you talking about collapsed lungs?
[08:37:46]  usausachu: Hiyo
[08:37:50]  cosmicmikan: oh god
[08:37:52]  kirosthegreat: It's pretty common, ngl
[08:37:54]  usausachu: Kiros is here Hewwo totsSlam
[08:38:04]  cosmicmikan: its the degen disease
[08:38:04]  usausachu: What tf are you talking about usausaTanties LUL
[08:38:05]  kirosthegreat: I've been noticed ._.
[08:38:10]  laurabraus: whats up
[08:38:10]  kirosthegreat: Hi Usa
[08:38:13]  scottief: clint disease
[08:38:14]  nightbot: clintJAM
[08:38:17]  cosmicmikan: @laurabraus hiiiiiiiiii
[08:38:24]  laurabraus: hiiii mikan :D
[08:38:35]  scottief: dont you know the clint balls story
[08:38:51]  cosmicmikan: oh that sucks
[08:38:53]  usausachu: You????
[08:38:57]  usausachu: What’s
[08:38:59]  usausachu: 0.0
[08:39:06]  usausachu: I see
[08:39:16]  andrewangus: OiMinna gmornin
[08:39:26]  scottief: OiMinna
[08:39:46]  andrewangus: i need that
[08:39:49]  haine_sense1: Trying to remember how to spell the one you were talking about
[08:40:05]  usausachu: OiMinna mobile Pog
[08:40:08]  usausachu: I assume it’s an emote
[08:40:12]  kirosthegreat: I mean... pneumathorax is pretty much just leaking air out of a lung. And it's more common when you're taller. I can't think of what else handsome guy's disease would be.
[08:40:33]  scottief: nah clint definitely has crazy sex
[08:41:28]  haine_sense1: My balls used to hurt a lot… I had a teste infection… that was great
[08:41:52]  scottief: chick from k-on
[08:42:04]  usausachu: Which one
[08:42:07]  usausachu: What color hair
[08:42:17]  scottief: black hair
[08:42:24]  scottief: bass player
[08:42:28]  usausachu: Mio I think?
[08:42:53]  scottief: yeah its her
[08:44:47]  usausachu: No SM64 today? Btw
[08:44:49]  usausachu: And yeah same
[08:45:18]  haine_sense1: I don’t *like* k-on, but that’s just cos it wasn’t my kinda thing. Definitely didn’t dislike it
[08:45:46]  kirosthegreat: I don't dislike it, but I'm not a huge fan either.
[08:45:53]  scottief: its fine
[08:46:27]  laurabraus: same k-on is fine but i wouldnt say i like it
[08:46:40]  scottief: this level looks like a huge pain in the ass
[08:46:45]  cosmicmikan: k-on was alright
[08:47:51]  kaeos: hey zetto, just listening to the stream on my 300 dollar earbuds
[08:48:10]  cosmicmikan: why on earth do you need $300 earbuds
[08:48:22]  kaeos: because i can afford them
[08:48:23]  scottief: why not
[08:48:23]  haine_sense1: Your face cam’s covering the purple coin count - there might be a better place for it?
[08:48:23]  laurabraus: are they just airpods
[08:48:38]  kaeos: sony wf1000 xm4
[08:48:42]  kirosthegreat: That was painful
[08:48:54]  scottief: this song is driving me insane
[08:48:56]  scottief: fuck this area
[08:50:40]  kaeos: robs parents u mean
[08:50:48]  cosmicmikan: LUL
[08:50:59]  scottief: how do you watch hentai with speakers
[08:51:16]  kaeos: i use earbuds bc speakers dont feel immersive and headphones give that tyler1 head dent
[08:51:26]  cosmicmikan: LUL
[08:51:29]  haine_sense1: When you watching yaoi?
[08:52:05]  cosmicmikan: i would never
[08:52:13]  cosmicmikan: and i dont watch it either
[08:52:15]  haine_sense1: Sadge
[08:52:15]  laurabraus: if you guys ever watch yaoi can i join
[08:52:15]  kaeos: when i was like 15 i wore my razer headphones like 10 hours a day and i got a head dent
[08:52:17]  laurabraus: :)
[08:52:36]  cosmicmikan: there are good shounen ai series tho
[08:52:43]  haine_sense1: ^
[08:52:52]  haine_sense1: Thoughts on Given btw?
[08:52:56]  cosmicmikan: sasaki to miyano is really cute
[08:53:06]  laurabraus: given was so good but i only read the manga
[08:53:16]  cosmicmikan: given is really good
[08:53:33]  cosmicmikan: i didnt really watch the anime tho
[08:53:34]  haine_sense1: You missed the best song :(
[08:53:36]  kirosthegreat: No, headphones don't actually dent. But it can compress cartilage enough that it hurts if worn long enough, and some people hate headphone hair orooShrug
[08:53:37]  cosmicmikan: just read the manga
[08:53:51]  kaeos: @KirosTheGreat PepoG
[08:54:12]  kirosthegreat: I'm being way too literal, aren't I?
[08:54:18]  kaeos: it went away
[08:54:32]  usausachu: Headphone hair….
[08:54:33]  cosmicmikan: headphone hair is the WORST
[08:54:41]  usausachu: Like at the top of your head?
[08:55:11]  cosmicmikan: well i have to wear my hair in a bun otherwise it wont fit LMAO
[08:55:27]  kaeos: what are you doing
[08:55:30]  kirosthegreat: Mostly the sides where it meets the top. Big headphones bunch up the hair in that area.
[08:55:48]  scottief: why does twitch player suck so bad
[08:55:52]  krystenxo: hi fullieCute
[08:56:01]  kaeos: hi :)
[08:56:11]  krystenxo: hi @kaeos :)
[08:56:15]  kaeos: :)
[08:56:17]  haine_sense1: Hi
[08:56:24]  krystenxo: how's galaxy going?
[08:56:41]  krystenxo: hi @Haine_Sense1
[08:56:50]  cosmicmikan: hello
[08:56:52]  haine_sense1: floofy
[08:56:59]  kaeos: why did you go live at the same time as sykkuno today
[08:57:02]  kaeos: hes stealing ur viewers
[08:58:04]  haine_sense1: @krystenxo how’s sm64 going lately?
[08:58:20]  kaeos: headphones would super fuck up your hair since your hairstyle is so perfectly round
[08:58:27]  kaeos: it would be a perfect crescent on your head
[08:58:38]  haine_sense1: I follow Sykkuno… I don’t watch him
[08:58:54]  cosmicmikan: yeah ig i follow him too? never seen a stream tho
[08:59:03]  kirosthegreat: shyyNodders
[08:59:13]  kaeos: i dont follow him, i actually had to manually go to his stream to check his uptime to make that joke
[08:59:26]  kirosthegreat: I'm casually aware of syk but don't follow or watch orooShrug
[08:59:39]  krystenxo: @Haine_Sense1 its going pretty good, just started doing 70 a week ago
[08:59:55]  haine_sense1: Woop woop!
[09:00:00]  kaeos: dn?
[09:00:03]  cosmicmikan: it was me
[09:00:03]  scottief: email
[09:00:15]  haine_sense1: A dm on what?
[09:00:22]  cosmicmikan: its private.
[09:00:40]  haine_sense1: Pretty sure I DM’d you on discord like the other day
[09:00:59]  kaeos: oh is it the one where you translate hentai on twitter
[09:01:19]  cosmicmikan: oh god
[09:01:21]  dvsblack: wtf is this game
[09:01:25]  haine_sense1: Oh, so I should message you on Insta got it
[09:01:27]  cosmicmikan: how can you stand the notifications
[09:01:34]  dvsblack: terrible graphics
[09:01:44]  kaeos: @dvsblack L
[09:02:01]  dvsblack: L
[09:02:03]  dvsblack: ???????
[09:02:05]  haine_sense1: Basically, I sent you my switch friend code
[09:02:23]  dvsblack: the game you usually play has way better graphics
[09:02:25]  cosmicmikan: lazy mfer
[09:02:32]  haine_sense1: !fc
[09:02:32]  nightbot: 6206-3892-7215
[09:03:22]  cosmicmikan: i am too tho
[09:03:28]  kaeos: is it possible your parents loved you too much
[09:03:39]  laurabraus: statue
[09:03:45]  laurabraus: its just a guess
[09:03:48]  kaeos: like they spoiled you
[09:03:53]  laurabraus: O
[09:03:58]  laurabraus: there it is
[09:04:02]  laurabraus: right
[09:04:28]  kaeos: they gave u a bed and food thats a lot
[09:04:35]  laurabraus: maybe you just dont want a lot
[09:04:53]  scottief: https://i.nuuls.com/tDksJ.png anyone know what character this is
[09:05:02]  kaeos: nop
[09:05:02]  laurabraus: im too scared to click that link
[09:05:10]  haine_sense1: It’s fine
[09:05:18]  kaeos: is that sailor moon
[09:05:22]  cosmicmikan: nope
[09:05:27]  laurabraus: oh yes!! its the main girl from Your Turn To Die
[09:05:29]  scottief: you can set chatterino to upload through a provider yea
[09:05:40]  kaeos: @laurabraus wtf mega weeb
[09:05:48]  scottief: little clint peepoHappy
[09:06:06]  scottief: TY @laurabraus
[09:06:15]  laurabraus: anytime
[09:06:24]  laurabraus: its not even from an anime its from a game
[09:06:31]  cosmicmikan: that was me too.
[09:06:39]  haine_sense1: I literally told you I messaged you
[09:07:18]  laurabraus: @Scottief why o you ask tho where's you see it?
[09:07:19]  haine_sense1: If only starbits = twitch bits
[09:07:25]  scottief: its on r/place
[09:07:30]  laurabraus: ohhhhhhhhhhhhhhh
[09:07:48]  kaeos: what is r/place
[09:07:52]  kaeos: idk how that site works
[09:07:54]  scottief: april fools thing for reddit
[09:08:03]  scottief: you can put a pixel down and make a little drawing with other people
[09:08:09]  scottief: but anyone can just grief ur creation
[09:08:28]  kaeos: i feel like u would only get something up for like 2 minutes before its overwritten tho
[09:08:46]  scottief: weve had clint up there for hours now
[09:09:01]  scottief: the canvas is pretty huge so unless you make something really big its usually fine
[09:09:11]  kaeos: o i see
[09:09:37]  haine_sense1: That’s a fun level
[09:09:47]  scottief: it took forever lol
[09:10:11]  scottief: amongus people had bedtime
[09:10:31]  kaeos: tomorrow is sunday
[09:10:48]  scottief: good christan boys and girls Prayge
[09:10:55]  kaeos: Christianity is POG
[09:11:11]  haine_sense1: Such good little kids
[09:11:32]  kaeos: are you allowed to be gay and christian
[09:11:41]  haine_sense1: No but yes
[09:12:00]  kaeos: i see
[09:12:05]  haine_sense1: Ie. Some say no, others say yes
[09:12:18]  kaeos: yeah but what does god say
[09:12:22]  buttershooter_: kaeos absoulutely
[09:12:48]  laurabraus: @kaeos why dont you ask him
[09:12:50]  cosmicmikan: i went to the salvation army during hs, and several years afer that
[09:12:53]  kaeos: god is pissing and crying at your lack of faith rn
[09:13:04]  haine_sense1: There is something in the bible people cite against homosexuality, but it’s fairly questionable to argue it’s against homosexuality
[09:13:05]  cosmicmikan: like 80% of the teens there turned out lgbt lmaooo
[09:13:27]  kirosthegreat: Imagine believing in a higher power than the internet...
[09:13:37]  cosmicmikan: @KirosTheGreat FR normies
[09:14:02]  haine_sense1: Evidence that actually most people are straight due to lack of exposure
[09:14:48]  kaeos: what are you doing
[09:14:53]  kirosthegreat: Killing is wrong Zetto
[09:15:14]  haine_sense1: Impressive dying
[09:15:15]  cosmicmikan: ktrzetNOOO
[09:15:31]  kaeos: no way a 30 year old man died to a goomba in a 10 year old childrens game
[09:16:01]  kaeos: no
[09:16:11]  haine_sense1: C’mon, he’s clearly 40
[09:17:07]  laurabraus: why are you runing right into the boulders
[09:17:37]  kaeos: good job zetto
[09:17:42]  kaeos: youd be a really good sheep herder
[09:18:05]  kaeos: OMEGALUL
[09:18:08]  cosmicmikan: uhhhhhhhhhhhhhhhhhhhhhhhhh
[09:18:10]  kirosthegreat: Probably, yeah
[09:18:11]  haine_sense1: I mean, probably not if it was forced lol
[09:18:31]  cosmicmikan: and thats why you should be pan
[09:18:37]  cosmicmikan: you van just appreciate everybody
[09:18:43]  cosmicmikan: ca* kms
[09:18:45]  haine_sense1: ^van is bes
[09:18:49]  cosmicmikan: help i cant type
[09:18:49]  kirosthegreat: There ya go
[09:18:51]  kaeos: was it the ex that became a dude
[09:18:52]  cosmicmikan: WAAAAAAAAAAAAAAAH
[09:18:59]  haine_sense1: your ex was a pan?
[09:19:05]  kirosthegreat: Pan is the way
[09:19:28]  laurabraus: LOL
[09:19:29]  haine_sense1: LOL
[09:19:50]  haine_sense1: spring Mario is very hard
[09:20:02]  kaeos: ?
[09:20:11]  haine_sense1: You know what I mean
[09:20:15]  kaeos: no i dont
[09:20:21]  laurabraus: the checkpoint...
[09:20:52]  laurabraus: ok u got it
[09:20:57]  laurabraus: wtf...
[09:21:00]  laurabraus: weird flex but ok
[09:21:18]  kaeos: i dont pay for insurance bc im still on my moms plans
[09:22:40]  haine_sense1: I pay for… why do I spend more money on streamers than on food?
[09:23:05]  scottief: that is not good
[09:23:30]  haine_sense1: That might be true because of how much I randomly pay streamers and because my mum pays for food while I’m at home
[09:23:42]  cosmicmikan: as long as you're financially stable, do whatever makes you happy
[09:23:59]  cosmicmikan: life is too short to spend it worrying about what others think
[09:24:36]  kaeos: wow you are bad at this game
[09:25:39]  haine_sense1: Don’t kill yourself :(
[09:26:16]  scottief: bro why does picross get so hard
[09:26:55]  laurabraus: what are you doing just press the BUTTON
[09:27:05]  laurabraus: zetto im a believer but youre making it hard
[09:27:07]  kaeos: FINALLY
[09:27:13]  scottief: LULW
[09:27:18]  laurabraus: LMFAO
[09:27:29]  scottief: nothing like lacrosse
[09:27:43]  haine_sense1: Picross is a puzzle game
[09:28:04]  kaeos: i love puzzle games
[09:28:07]  kaeos: does tetris count
[09:28:15]  kaeos: i tried to speedrun 40line tetris once
[09:28:48]  kaeos: i feel like that doesnt count as rng
[09:28:56]  scottief: some speedruns have rng tho
[09:29:01]  kaeos: its like people who solve rubiks cubes really fast
[09:29:07]  kaeos: same kind of rng
[09:29:45]  haine_sense1: I mean, it would still be skill
[09:29:46]  kaeos: !lurk
[09:29:46]  nightbot: bye bitch
[09:29:54]  scottief: its mechanical skill
[09:30:18]  haine_sense1: Lol
[09:30:58]  haine_sense1: Zetto forgetting that this game has better built enemies
[09:32:29]  scottief: what do you need to save a second for OMEGALUL
[09:32:34]  haine_sense1: We know what you were trying to do
[09:32:47]  haine_sense1: Smooching time?
[09:34:36]  haine_sense1: What is this non-standard 4-hit bowser fight?
[09:35:30]  cosmicmikan: WHY DO YOU HAVE TO SAY IT LMAO
[09:35:30]  scottief: hes not wearing pants monkaW
[09:35:34]  haine_sense1: Crotch cam when?
[09:35:50]  kirosthegreat: tbf, every guy scratches balls regularly
[09:35:52]  cosmicmikan: men are g r o s s
[09:36:22]  haine_sense1: When I do it, I tend to go “yea, that smells bad… I should probably shower later”
[09:36:24]  scottief: Kreygasm
[09:36:34]  cosmicmikan: waaaaaaaaaaaaah
[09:36:48]  kirosthegreat: True.........
[09:36:49]  scottief: holy shit hes a genius
[09:36:54]  kirosthegreat: shyyHmm
[09:36:57]  haine_sense1: LOL
[09:36:59]  cosmicmikan: big brain
[09:37:10]  cosmicmikan: omw to do just that
[09:37:57]  haine_sense1: I mean… it’s not so much Ichy, more just fidgeting when it’s a bit uncomfortable
[09:37:58]  cosmicmikan: LUL
[09:39:18]  haine_sense1: LOOK AT THE SKILL!
[09:40:45]  haine_sense1: Also, you assume that when I’m doing that smelling, I’m wearing clothes… quite often it’s when I’m just in bed in the morning or whatever
[09:40:49]  kirosthegreat: Doesn't have to be huge honkers. last ex had B's but was always fidgeting with her bra.
[09:42:39]  haine_sense1: Zetto continuing to be weird
[09:42:43]  cosmicmikan: must suck not having tiddied you can just grab whenever you want
[09:42:50]  cosmicmikan: i cant type today im done
[09:42:59]  cosmicmikan: LMAO
[09:43:22]  cosmicmikan: probably lol
[09:44:25]  cosmicmikan: is that a golden eggplant
[09:44:51]  haine_sense1: Looks like it
[09:45:22]  cosmicmikan: me neither
[09:46:14]  cosmicmikan: IDK EITHER
[09:46:32]  kirosthegreat: Did I hear weeb speak? saphiaPeeking
[09:46:51]  haine_sense1: Lol, that would be weird
[09:47:12]  haine_sense1: I mean, you are cute but… that would be too much
[09:48:29]  haine_sense1: This fight daredevil does look somewhat difficult at least
[09:48:43]  haine_sense1: Is that like nerf or nothin’?
[09:49:53]  kaeos: have you ever overcooked sprite
[09:50:07]  darkphoeen1x: How are you
[09:50:09]  haine_sense1: Death death death death
[09:50:17]  kaeos: idk what it means thats why im asking you
[09:50:17]  kirosthegreat: What about pilk?
[09:50:25]  kaeos: my friend just said he overcooked sprite so idk
[09:50:38]  laurabraus: why would you cook sprite
[09:50:41]  haine_sense1: Have you ever overcooked Pikmin?
[09:51:03]  laurabraus: COCAINE
[09:51:06]  laurabraus: LMAO
[09:51:11]  kaeos: its its 7up
[09:51:19]  cosmicmikan: lol
[09:51:19]  laurabraus: its lemon-lime soda
[09:51:27]  laurabraus: its also not caffeinated
[09:51:33]  kaeos: S OMEGALUL BAD
[09:51:34]  laurabraus: sprite's like the only soda i like
[09:51:38]  haine_sense1: Death death death death death death death
[09:51:48]  cosmicmikan: whaaaaaaaaaat 7up is my favorite
[09:52:04]  laurabraus: ive never had 7up either
[09:52:06]  cosmicmikan: i dont drink soda now but it used to
[09:52:57]  laurabraus: oh shit fanta IS good
[09:53:06]  laurabraus: fanta is definitely a treat drink
[09:53:06]  kaeos: grape fanta is the only fanta i like
[09:53:27]  rickitarr64: nice 1!
[09:53:31]  haine_sense1: Woop woop
[09:53:43]  rickitarr64: i brush my teeth with fanta
[09:53:51]  laurabraus: pineapple fant on another level
[09:53:56]  laurabraus: fanta*
[09:54:41]  kirosthegreat: I don't think most kids under 6 get soda. At least I didn't. Mind was blown the first time I tried anything carbonated.
[09:55:03]  cosmicmikan: thats so cute lol
[09:55:17]  kaeos: i think every asian guy i know has played tennis
[09:55:33]  laurabraus: let me know what you think if you try it
[09:56:14]  haine_sense1: I think the music is fairly sane really
[09:56:37]  kaeos: did zack die i dont think ive seen him since after i started watching here again
[09:57:24]  haine_sense1: Oh, cool level design
[09:58:00]  laurabraus: awesome
[09:58:14]  kaeos: they say people who are autistic are afraid of change
[09:58:28]  honeybee_darva: Juices often contain just as much sugar. Ye kids get those. Soda manufactures could add vitamins to make them "healthy" but they don't, it's kind of odd both ways.
[09:59:09]  kaeos: is that a mew plushie on your bed
[09:59:28]  kaeos: can i have it
[09:59:33]  haine_sense1: I haven’t got diabetes, I drank juice pretty much every day since I was a kid
[10:00:06]  cosmicmikan: also depends on your diet overall too
[10:00:18]  haine_sense1: It did slow down time
[10:00:51]  kaeos: high pass filter Pog
[10:02:36]  haine_sense1: Ok, well, it’s 2am, so I should probably go to sleep now
[10:02:48]  cosmicmikan: gn!
[10:02:48]  kaeos: probably
[10:02:51]  kaeos: but wil lyou
[10:03:05]  haine_sense1: I intend to…
[10:03:05]  laurabraus: yeah haine do you MEAN that
[10:03:27]  kaeos: we should fund sleeping pills for you
[10:03:30]  kaeos: chat funded
[10:03:52]  haine_sense1: That doesn’t normally happen
[10:03:57]  haine_sense1: Normally I just keep typing
[10:04:25]  cosmicmikan: rip
[10:04:30]  scottief: bro twitch gives me like a 5 second audio delay from ur video
[10:04:33]  scottief: i hate the twitch player
[10:04:39]  cosmicmikan: oof
[10:04:48]  kaeos: it does that for me to
[10:04:57]  kaeos: im pretty sure its bc his stream is dying
[10:05:50]  kaeos: no i meant your viewer count
[10:05:54]  cosmicmikan: yeah i havent notices anything
[10:05:57]  cosmicmikan: OH
[10:05:58]  haine_sense1: You got the hidden star
[10:06:03]  laurabraus: yeah ive had to refresh twice bc audio delay eventually happens
[10:06:24]  scottief: monkaS
[10:06:37]  kaeos: surely it must be
[10:06:43]  laurabraus: yeah its not laggy at all i dont even know when it stops being in sync until i notice
[10:06:51]  kaeos: talk to your partner manager about it
[10:06:57]  haine_sense1: Anyway, I’ll actually go now, have fun and other appropriate comments
[10:07:11]  cosmicmikan: seeya
[10:07:14]  kaeos: you work on the weeknd?
[10:07:23]  cosmicmikan: ooh
[10:07:24]  303devilfish: BatChest CRYPTO
[10:07:26]  kaeos: working on the weeknd as usual
[10:07:29]  cosmicmikan: sounds boring af
[10:07:50]  kaeos: sounds like your client is BASED
[10:08:10]  haine_sense1: Oh, and reminder to collect star bits
[10:09:01]  kaeos: wait thats kirby ur riding
[10:09:06]  kaeos: kirby is the snake platform thing
[10:09:17]  honeybee_darva: Crypto: destroying the environment in the name of progress.
[10:10:04]  kaeos: the boos are shy when you look at them 😳
[10:10:04]  haine_sense1: People, please remind him to get starbits
[10:10:49]  cosmicmikan: dw, i'll forget
[10:11:26]  cosmicmikan: no
[10:11:27]  laurabraus: no
[10:11:32]  scottief: it wont pass the senate
[10:11:42]  cosmicmikan: well tell me
[10:12:03]  cosmicmikan: ahhhh
[10:12:12]  scottief: national legalization of weed in america
[10:12:21]  cosmicmikan: it was the main industry in my county. idk if it still is tho
[10:12:40]  cosmicmikan: hell i even worked at a gro house for a time
[10:12:58]  kaeos: i hate the smell of weed so much
[10:13:02]  cosmicmikan: yeah
[10:13:05]  cosmicmikan: its gross
[10:13:12]  kaeos: i live on a college campus so i wake up every other night in the middle of the night to someone smoking
[10:13:12]  scottief: i like the smell of weed
[10:13:14]  scottief: i dont smoke it tho
[10:13:22]  kaeos: and then i gotta get throug the day on 4 hours of sleep
[10:13:32]  laurabraus: @kaeos same
[10:13:32]  cosmicmikan: the smell would stick to my clothes forever
[10:13:46]  scottief: new orleans smells like weed during mardi gras
[10:14:05]  laurabraus: yeah college campus depending where you go its there
[10:14:15]  scottief: hug the left wall COPIUM
[10:14:46]  kaeos: instead of hugging the left wall how about u hug ur parents and tell them how much you love them
[10:14:58]  cosmicmikan: wow, that was really wholesome for you
[10:15:13]  kaeos: "for me" Sadge
[10:15:17]  cosmicmikan: LUL
[10:17:13]  kaeos: do you think you could fight floyd mayweather using purely your fundamentals from smash
[10:17:22]  cosmicmikan: dude im lost right along with you lmao
[10:17:39]  kaeos: just whiff punish him
[10:18:41]  kaeos: hitbox ???
[10:21:43]  kaeos: this level seems infuriating
[10:21:48]  kaeos: its basically a water level
[10:22:47]  kaeos: upside glizzy galaxy 😳
[10:23:35]  kaeos: would that give you brain damage irl
[10:23:45]  cosmicmikan: idk but it looks fun
[10:24:32]  kaeos: are you scared of heights
[10:25:09]  kaeos: im not scared of heights but i am scared of falling to my death
[10:25:41]  kaeos: wait this is just like geometry dash
[10:25:45]  kaeos: where you go upside down
[10:25:52]  kaeos: and jetpack joyride
[10:26:54]  kaeos: jetpack joyride is like subway surfer but 2d and with a jetpack
[10:27:33]  kaeos: subway surfer is like temple run but in a subway and more cartoony graphics
[10:27:46]  rickitarr64: loll
[10:28:16]  cosmicmikan: imma have to leave in 30
[10:28:48]  kaeos: you know what youre doing
[10:28:49]  cosmicmikan: lmfao
[10:29:05]  cosmicmikan: dork
[10:29:05]  rickitarr64: "I wasn't looking at the screen" haha
[10:29:06]  rickitarr64: love it
[10:29:44]  cosmicmikan: hot
[10:29:51]  kaeos: is that a fantasy of yours
[10:29:56]  kaeos: this is a safe space
[10:30:02]  cosmicmikan: i too jack off while playing any mario game
[10:30:30]  kaeos: no but it is a sin
[10:30:35]  kaeos: 🙏
[10:30:55]  cosmicmikan: im going to hell anyway, why not add to my list of sins
[10:31:16]  kaeos: i wonder if hell is chill
[10:31:26]  kaeos: like have u seen the comic where they depict satan as chill with sins and lets u run wild
[10:31:46]  cosmicmikan: wonder if theres a gamer hell, and what it'd be like
[10:31:53]  cosmicmikan: oohyeah lol
[10:31:58]  kaeos: league
[10:32:01]  cosmicmikan: yes
[10:32:03]  cosmicmikan: you're right
[10:32:21]  cosmicmikan: forced to play league 24/7
[10:32:29]  kaeos: league players have the most love hate relationship with their game
[10:32:32]  kaeos: except theres no love just hate
[10:32:35]  kaeos: but they play it anyway
[10:32:36]  cosmicmikan: HAHA
[10:32:38]  cosmicmikan: yep
[10:32:45]  cosmicmikan: idk why i do it to myself
[10:32:52]  robertzarmy: yo
[10:32:56]  kaeos: yo :)
[10:33:13]  robertzarmy: are you almost done with this game
[10:34:36]  robertzarmy: not 3000 but yeah what about them
[10:37:24]  robertzarmy: its under there
[10:37:28]  kaeos: THERE
[10:39:06]  robertzarmy: oh the star is right there
[10:39:59]  robertzarmy: this game looks
[10:40:02]  robertzarmy: kinda cool
[10:40:17]  kaeos: BitS
[10:40:29]  lovelyfreya: Cheer100
[10:40:53]  kaeos: doubled daily income Pog
[10:41:58]  kaeos: no way
[10:42:47]  kaeos: no WAY
[10:42:57]  cosmicmikan: someone help my boy
[10:44:36]  kaeos: good thing you got that 1up
[10:47:46]  kaeos: EZ Clap
[10:51:25]  kaeos: modCheck "speed"
[10:53:42]  kaeos: monkaW
[10:54:15]  kaeos: speaking of weird
[10:54:17]  kaeos: joshinjapan
[10:55:09]  kaeos: i think hes secretly british
[10:56:34]  kaeos: reset
[10:57:26]  kaeos: bad RNG
[10:58:21]  kaeos: SO LUCKY
[11:01:00]  rickitarr64: This game looks cool, but it kinda looks like a "Mario 3d world" game rather than a full 3d mario game like 64, odyssey etc.
[11:01:07]  rickitarr64: I guess because it's so linear
[11:01:11]  cosmicmikan: alrighty i gotta bounce! seeya
[11:01:25]  kaeos: bye :)
[11:01:55]  cosmicmikan: <3
[11:02:07]  rickitarr64: right I think that's the point of it
[11:02:10]  rickitarr64: gotcha
[11:03:56]  kaeos: choking on BitS again Sadge
[11:04:02]  kaeos: you cant run from it
[11:05:51]  kaeos: its octillery from pokemon
[11:06:16]  kirosthegreat: inkkDeadA inkkDeadB tobsSTINK
[11:06:47]  kaeos: i knew, as japanese is my native language
[11:08:18]  kaeos: i wish you could exchange bits for dollars irl
[11:08:31]  kaeos: no
[11:08:36]  kaeos: mario galaxy
[11:08:59]  kaeos: but bits are fungible
[11:09:02]  kaeos: nfts are none
[11:09:05]  kaeos: non
[11:10:36]  kaeos: danger, dont fall 4Head
[11:11:59]  kaeos: this level concept is very cool tbh
[11:12:06]  kaeos: props to the game designers
[11:12:35]  kaeos: i like the sand being destroyed and respawning
[11:12:37]  kaeos: mostly that part
[11:15:41]  rickitarr64: prediction!!
[11:21:59]  kaeos: break THIS
[11:23:46]  robertzarmy: how much time is left in this game
[11:24:05]  robertzarmy: 20 minutes ?
[11:24:08]  kaeos: he wants sm64 back
[11:24:37]  robertzarmy: zetto said hed play elden ring after this game
[11:24:37]  kaeos: why not
[11:24:40]  kaeos: Pog
[11:25:14]  kaeos: zetto would be so bad at elden ring though he would never finish
[11:26:04]  kaeos: Sadge Jebaited
[11:26:19]  robertzarmy: I've never lied
[11:26:25]  kaeos: you are gaslighting
[11:27:23]  kaeos: rolled
[11:27:28]  robertzarmy: demolished
[11:28:00]  kirosthegreat: Burnt ass probably smells like rump roast.
[11:28:03]  kaeos: you have a channel called "feet" in your viewer list
[11:28:04]  robertzarmy: this area would probably be a good one to farm 900
[11:28:33]  kaeos: yes
[11:28:59]  kaeos: rump roast is a traditional Japanese dish
[11:29:02]  robertzarmy: feet has way more followers than you
[11:29:15]  kirosthegreat: Feet's been in the stream a few times. Can't tell if they're a bot or not.
[11:30:36]  robertzarmy: no vods
[11:31:26]  robertzarmy: i have a 3 letter username in minecraft
[11:31:31]  robertzarmy: cost 900 bucks
[11:33:29]  robertzarmy: i didnt i just sniped it
[11:33:36]  kaeos: it's an NFT
[11:33:43]  robertzarmy: its hard to pay for MC usernames because anyone can take it
[11:34:03]  robertzarmy: theres a 2 week countdown and websites that publicly show the countdown
[11:34:41]  robertzarmy: when you change off your name, there is a 2 week grace period and then after that time is up anybody can take that name as long as they're first
[11:34:55]  kaeos: so u gotta sell the account?
[11:35:06]  robertzarmy: pretty much
[11:35:39]  kaeos: Freudian slip
[11:35:51]  robertzarmy: mm feet
[11:36:19]  robertzarmy: nice kink shame man
[11:36:24]  robertzarmy: weirdo
[11:36:26]  kaeos: it's weird to kink shame
[11:37:42]  kirosthegreat: Ok, so I've been googling feet for the last 15 minutes. I'm pretty sure feet is a novelty account just followed for the meme. Also, I've fallen down a dangerous rabbit hole. Send help.
[11:37:51]  kaeos: ?
[11:38:11]  robertzarmy: TOES
[11:42:29]  kaeos: it knows
[11:48:10]  kaeos: unlucky
[11:53:46]  kaeos: didn't u already beat this game as a young adult
[11:54:17]  kaeos: you can't be that much worse than when you were 24
[11:55:32]  kaeos: old man reflexes
[11:55:58]  kaeos: I wouldn't know I'm just a helper luma
[11:59:02]  kaeos: good night :)
[12:00:38] ktrZetto is now offline.
[14:10:49]  usausachu: no stream sad
