# Start logging at 2022-06-21 03:42:35 Tokyo Standard Time
[03:42:35] disconnected
[05:06:13]  streamelements: ktrZetto is now live! Streaming Super Mario 64: EN/JP | its hot 2day | くそ暑いし湿度高い
[05:06:24]  deohang: Elloo
[05:06:34] ktrZetto is live!
[05:06:43]  kirosthegreat: usausaWiggle
[05:06:48]  thxrd: Hello brother
[05:06:52]  deohang: ktrzetD ktrzetD ktrzetD
[05:07:11] thxrd redeemed Make my bed 1000
[05:07:55]  kirosthegreat: https://www.youtube.com/watch?v=yqKnWCXFrP4
[05:10:21]  deohang: Music is a bit loud btw
[05:10:25]  kirosthegreat: orooPog
[05:10:42]  kirosthegreat: I got air conditioning
[05:10:46]  kirosthegreat: That's good now
[05:10:51]  huckleberry262: sup Z how we doin
[05:11:13]  kirosthegreat: Oh yeah, it gets louder
[05:11:17]  deohang: Better ktrzetYay
[05:11:18]  kirosthegreat: Might need to lower
[05:11:23]  huckleberry262: you say 37??
[05:11:35]  deohang: Oh well
[05:12:13]  deohang: You need to do your bed btw
[05:12:26]  kirosthegreat: Yeah, no worries. I can't stay for very long anyhow but will be hanging out for as long as I can
[05:12:27]  huckleberry262: ktrzetYay phenomenal emote btw
[05:13:14]  deohang: Nice
[05:13:40]  robertzarmy: how big is your forehead
[05:14:00]  ktrzetto: https://twitter.com/roro_pegasus
[05:14:17]  huckleberry262: when I had sub here I spammed tf outta the toad lurk one in like every chat I was in everyone loved it
[05:15:11]  robertzarmy: 4 fingers or 5 fingers tall
[05:15:35]  robertzarmy: WAIT
[05:15:38]  kirosthegreat: Bald people have infinite foreheads ig orooLUL
[05:15:38]  robertzarmy: are you asian?
[05:15:39]  deohang: Eyebrows till hairline
[05:16:12]  deohang: Eyebrows to hairline* idk
[05:17:27]  robertzarmy: cant believe zetto has a 3 head
[05:17:30]  deohang: @robertzarmy He’s asianfishing
[05:18:11]  master_wang_: Why does Mario laugh when he burns his butt on the lava?
[05:18:18]  robertzarmy: asianfishing is not cool zetto
[05:18:30]  robertzarmy: that's a crazy conspiracy
[05:18:37]  kirosthegreat: cuz that shit's funny LUL
[05:18:53]  robertzarmy: what if zetto is native english instead
[05:19:02]  robertzarmy: you ever heard him speak japanese? i thought not
[05:19:30]  deohang: @robertzarmy True
[05:19:41]  kirosthegreat: Well, grape
[05:20:15]  kirosthegreat: So I'd say 3rd worst thing orooShrug
[05:20:51]  robertzarmy: never once
[05:21:25]  deohang: Maybe you’re actually a weeaboo
[05:21:56]  robertzarmy: that's why zetto won't give out his address to fans
[05:22:18]  kirosthegreat: No... We just say we like that there zetto guy
[05:22:29]  robertzarmy: your only crazy stalker would be haine
[05:22:45]  deohang: Omg yeah that’s crazy
[05:23:25]  deohang: Kinda reminded me of that egirl case called bianca
[05:23:36]  robertzarmy: isn't your dad ryu from streetfighter zetto
[05:24:25]  deohang: She got k!lled by her stalker
[05:24:46]  robertzarmy: stalkers are so scary dude
[05:24:46]  kaeos: ACOLA
[05:24:55]  robertzarmy: I would hate to be a girl on the interwebs
[05:25:07]  deohang: It’s so scary
[05:25:15]  kaeos: i would like to go out via thick thighs
[05:25:19]  deohang: Had a stalker when I was younger as well
[05:25:25]  robertzarmy: wtff
[05:26:00]  robertzarmy: I am going to murder zetto
[05:26:17]  kaeos: not a joke monkaW
[05:26:21]  kirosthegreat: You mean your name isn't ktrZetto? D:  My immersion
[05:26:47]  kaeos: i hope they were joking about that
[05:26:58]  kaeos: i lost respect for light if he was real about that
[05:27:37]  robertzarmy: at least if you're a vtuber people are more focused on the model than you
[05:27:48]  kirosthegreat: Well, there's also the benefit of being a cute af anime waifu. I imagine that's a major factor  Kappa
[05:28:26]  haine_sense1: hoi
[05:28:39]  robertzarmy: oh god
[05:29:29]  303devilfish: i can :)
[05:29:31]  kaeos: trash talking a 15 yr old and getting folded 20 minutes later
[05:29:35]  kaeos: that was so good to see
[05:29:50]  haine_sense1: who we talking about?
[05:29:59]  kaeos: barack obama
[05:30:40]  303devilfish: nyannAyaya Clap
[05:31:53]  kaeos: is the music kinda loud for anyone else
[05:31:54]  kirosthegreat: usausaWiggle  vs  saphiaSip
[05:32:09]  robertzarmy: ktrzetCool
[05:33:06]  303devilfish: minecraft steve POGGERS
[05:33:29]  robertzarmy: is the music kinda quiet for anyone else?
[05:33:45]  haine_sense1: no
[05:33:52]  303devilfish: 🔇
[05:33:54]  haine_sense1: it was a little loud before
[05:33:58]  robertzarmy: im muted i cant hear anything
[05:34:14]  kaeos: @Haine_Sense1 british hearing LULW
[05:34:41]  robertzarmy: @Haine_Sense1 bloody hell! hearins a little bad innit?
[05:35:01]  kirosthegreat: orooShrug  I know Saph used to be a cam streamer but went basically anonymous and became a vtuber. Think Usa didn't do any cam streaming before tho, but I could be forgetting something
[05:35:22]  haine_sense1: oh fuck off twitch, stop being shit and making my entire video fair
[05:35:24]  haine_sense1: fail*
[05:35:49]  kaeos: you should switch to youtube gaming, i hear their video player is better
[05:35:51]  robertzarmy: why don't you do that
[05:36:12]  kaeos: i saw her first stream back
[05:36:19]  kaeos: i clicked on the stream and the first thing i saw was full cam on boobs with jello physics LMAO
[05:36:25]  kirosthegreat: Investment worth it usausaNodders
[05:36:52]  303devilfish: switch to facebook gaming
[05:37:24]  robertzarmy: the twitch player is - *buffers*
[05:37:27]  kirosthegreat: The only thing I like better about the player here is the low latency feature. That's literally the only benefit vs the competition
[05:37:29]  303devilfish: Twitch is too busy trying to circumvent adblockers to improve their shit
[05:37:49]  kaeos: i have like 5 adblockers for twitch so one of them will always work
[05:38:51]  robertzarmy: low latency is a myth
[05:39:07]  kirosthegreat: YES
[05:39:14]  kirosthegreat: That's infuriating
[05:39:40]  kaeos: i hate when i have to clip to see something that happened 20 seconds ago because it actually publishes it even though i dont click publish
[05:39:46]  haine_sense1: that is definitely the worst part of the player
[05:41:23]  haine_sense1: how to avoid ads: sub to everyone
[05:41:23]  robertzarmy: my adblocker works, it just makes the stream quality go super low while blocking the ads
[05:41:32]  kaeos: BatChest
[05:41:32]  kirosthegreat: LUL
[05:41:35]  303devilfish: NFTs BatChest
[05:42:41]  kirosthegreat: Oh yeah, I have the 480p one too
[05:43:01] robertzarmy redeemed Sound Alert: say hello! 100
[05:43:11]  kirosthegreat: Mine works really well but I only use firefox
[05:43:23]  robertzarmy: FIREFOX SUPERIORITY
[05:43:33]  kaeos: i use firefox
[05:43:35]  haine_sense1: I saw someone earlier streaming under the title "22.5mins of ads per hour"
[05:43:36]  kirosthegreat: usausaNodders
[05:43:42]  303devilfish: usausaNodders
[05:44:03]  robertzarmy: using chrome is the equivalent of being an apple user
[05:44:05]  kaeos: firefox feels so much nicer than chrome imo
[05:44:16]  303devilfish: I like chrome, but if you leave it up for too long it'll somehow be using like 6gb of RAM
[05:44:44]  robertzarmy: so you jailbroke your apple phone
[05:44:45]  robertzarmy: real cool
[05:45:18]  haine_sense1: I don't know if it was true or not, but they like memes a lot so it could've just been flaming twitch's latest ad campaign
[05:45:45]  kaeos: my friend is such a weeb that instead of accepting a high paying software dev job in america, he's going to japan for peanuts
[05:46:17]  robertzarmy: moving to japan to work is actual dumb idiot behavior
[05:46:20]  robertzarmy: who would want to work in japan
[05:46:48]  kirosthegreat: Firefox became the standards-oriented browser around version 1.5 well over a decade ago, and then started focusing on privacy related features, which led to actual ad blocking extensions. for a long while, chrome blockers could only fake block ads by hiding them after they already downloaded & ran. It's better now but there are still weird extension API restrictions, making different results for the same kind of extensions
[05:46:59]  kaeos: Firefox became the standards-oriented browser around version 1.5 well over a decade ago, and then started focusing on privacy related features, which led to actual ad blocking extensions. for a long while, chrome blockers could only fake block ads by hiding them after they already downloaded & ran. It's better now but there are still weird extension API restrictions, making different results for the same kind of extensions
[05:47:04]  robertzarmy: Firefox became the standards-oriented browser around version 1.5 well over a decade ago, and then started focusing on privacy related features, which led to actual ad blocking extensions. for a long while, chrome blockers could only fake block ads by hiding them after they already downloaded & ran. It's better now but there are still weird extension API restrictions, making different results for the same kind of extensions
[05:47:58]  kaeos: he probably wants a waifu gf
[05:48:21]  robertzarmy: anime gf BatChest
[05:49:21]  kaeos: i could not live in japan
[05:49:26]  kaeos: the food disgusts me
[05:49:31]  kaeos: and the work culture
[05:49:31]  robertzarmy: you a fish hater?
[05:49:43]  kaeos: i dont really like rice and seafood
[05:49:49]  robertzarmy: major L
[05:49:57]  kaeos: colonel L
[05:50:13]  303devilfish: Natto FeelsWeirdMan
[05:50:31]  robertzarmy: I do not vibe with takoyaki tho I will say
[05:50:36]  haine_sense1: I don't really like food in general, therefore I don't like Japanese food
[05:50:50]  kaeos: imagine enjoying sustenance LULW
[05:51:09]  kirosthegreat: Feet paste Sadge
[05:51:36]  haine_sense1: oh my video died again
[05:51:39]  haine_sense1: fuck twitch
[05:51:45]  kaeos: D:
[05:51:45]  nightbot: D:
[05:52:03]  robertzarmy: sushi as a whole is like top 3 foods tho
[05:52:24]  kaeos: i literally puked the one time i tried sushi LULW
[05:52:40]  haine_sense1: ok, ok, I like pizza
[05:52:41]  robertzarmy: what the hell
[05:53:14]  kaeos: @Haine_Sense1 pizza top 3 food
[05:53:25]  robertzarmy: what sushi did you try
[05:53:32]  kaeos: idk
[05:53:39]  kaeos: it was some americanized roll though
[05:53:42]  kirosthegreat: Honarary non-Japanese usausaNodders
[05:53:42]  robertzarmy: YUCK!
[05:53:42]  kaeos: so maybe not super fair
[05:53:54]  robertzarmy: americanized sushi is gross
[05:54:04]  robertzarmy: get mayo out of my sushi
[05:54:30]  robertzarmy: and cream cheese
[05:54:37]  robertzarmy: vile
[05:55:10]  haine_sense1: I can imagine raw salmon with cream cheese being nice
[05:55:13]  robertzarmy: I like spicy mayo on sushi tho
[05:55:13]  haine_sense1: somehow
[05:55:33]  kaeos: im pretty sure people eat salmon and cream cheese on bagels
[05:55:44]  robertzarmy: its just like a drizzle on top of sushi
[05:55:58]  kirosthegreat: Cream cheese, globs of mayo, and chunks of avocado are about the only thing I don't like in sushi, but they're somehow in damn near all our sushi yuniiSad
[05:57:33]  kaeos: why dont you just buy raw fish and eat it with rice
[05:57:35]  kirosthegreat: That's infuriating because I would 100% prefer tuna to avocado...
[05:57:51]  haine_sense1: hey could someone conveniently get me breakfast so I don't have to make myself get it?
[05:58:00]  kaeos: i do
[05:58:21]  robertzarmy: i invented sushi
[05:58:21]  kirosthegreat: @Haine_Sense1 paypal me 30,000 USD and you got a deal
[05:58:33]  haine_sense1: @KirosTheGreat damn, I don't have that much money
[05:58:47]  kaeos: mix it with WHAT
[05:58:51]  kirosthegreat: yuniiSad
[05:59:03]  kaeos: vinegar in rice DansGame
[05:59:06]  haine_sense1: wait, what is my sub badge atm?
[05:59:24]  robertzarmy: I also think real ramen is super good
[05:59:28]  303devilfish: the code geass helmet i think
[05:59:52]  kaeos: i love maruchan instant ramen
[05:59:59]  haine_sense1: oh, it might be
[06:00:01]  haine_sense1: interesting
[06:00:01]  kaeos: im a true appreciator of japanese cuisine
[06:00:11]  haine_sense1: been too long since I saw that
[06:00:23]  nightbot: You probably shouldn't give any streamer money. I'm not a financial advisor but that is financial advice. But if you want to help support the channel, and more importantly, help your boy get paid, feel free to click the link. Please give me your money. https://streamlabs.com/ktrzetto/tip https://www.twitch.tv/products/ktrZetto
[06:01:34]  303devilfish: Maruchan yakisoba is cheap as shit but tastes really good
[06:01:38]  kaeos: yeah
[06:01:46]  kaeos: i like to snort their msg flavoring packets
[06:02:11]  kirosthegreat: Yeah, like you can get 1 serving of instant ramen for like 35 cents if you get the bricks, or like 1 dollar a piece if you get the cups
[06:02:53]  kaeos: monosodium glutamate
[06:02:58]  robertzarmy: Monosodium glutamate
[06:02:58]  303devilfish: monosodium glutamate
[06:03:03]  kirosthegreat: msg is like a salt but it adds savory flavor
[06:03:09]  303devilfish: Monosodium glutamate (MSG), also known as sodium glutamate, is the sodium salt of glutamic acid. MSG is found naturally in some foods including tomatoes and cheese in this glutamic acid form.[2][3] MSG is used in cooking as a flavor enhancer with an umami taste that intensifies the meaty, savory flavor of food, as naturally occurring glutamate does in foods such as stews and meat soups
[06:03:17]  kaeos: its not bad
[06:03:23]  robertzarmy: Monosodium glutamate (MSG), also known as sodium glutamate, is the sodium salt of glutamic acid. MSG is found naturally in some foods including tomatoes and cheese in this glutamic acid form.[2][3] MSG is used in cooking as a flavor enhancer with an umami taste that intensifies the meaty, savory flavor of food, as naturally occurring glutamate does in foods such as stews and meat soups
[06:03:24]  kaeos: that's just lingering stigma
[06:04:49]  303devilfish: Some doctor wrote about "chinese restaurant syndrome" in the 60's and baselessly speculated it was caused by MSG.
[06:04:49]  kirosthegreat: Bruh just read what I wrote LUL
[06:05:20]  303devilfish: and it's just stuck around for decades
[06:05:29]  kaeos: 11.3
[06:05:39]  robertzarmy: 6.4
[06:05:41]  robertzarmy: fuck
[06:06:31]  robertzarmy: wowww zetto will talk about vaccines but won't listen to the video I sent him
[06:06:53]  haine_sense1: we're not gonna hear about it in 2080, we're gonna be dead in 2080
[06:07:00]  303devilfish: the amount of damage the antivax dude did with his bullshit paper is honestly staggering
[06:07:00]  kaeos: not me
[06:07:17]  robertzarmy: your mental gymnastics are astounding zetto
[06:07:35]  kaeos: wait are you anti vax
[06:08:11]  robertzarmy: who
[06:08:24]  kaeos: you
[06:08:34]  robertzarmy: no i just want zetto to listen to the song i sent him
[06:08:39]  haine_sense1: oh, sorry, I guess I meant I'll be dead in 2080
[06:08:52]  kaeos: that's the spirit
[06:09:07]  kirosthegreat: 60 years from now? If you're fortunate you'll be above the average age of death, but there's just as much of a chance that you fall below it, so idk if we're gonna make it to our 80s ...
[06:09:50]  kaeos: washed
[06:10:23]  robertzarmy: CAUSE IT IS STREAM SAFE
[06:10:26]  kaeos: LULW cucked by laura
[06:10:28]  robertzarmy: laura is a little baby
[06:10:41]  kaeos: ill listen to it and tell u my opinion
[06:11:10]  robertzarmy: https://www.youtube.com/watch?v=aO5eLAK9snI
[06:11:27]  haine_sense1: I was just saying it based on the feeling that I won't want to be alive that long
[06:11:55]  kaeos: KKonaJam
[06:12:32]  darkphoeen1x: Early
[06:13:06]  robertzarmy: that would be a fire shirt "I skipped my ff14 daily roulette for this"
[06:13:06]  darkphoeen1x: how dare you! jk i skip it most of the time on my main
[06:13:19]  303devilfish: is this song ironic
[06:13:23]  303devilfish: please tell me it is
[06:13:26]  robertzarmy: the song is not ironic
[06:13:44]  kaeos: i dont think this song is stream safe
[06:14:11]  robertzarmy: you have as much credibility as me kaeos
[06:14:33]  darkphoeen1x: i need a bag for school where it stands i skipped my FFXIV daily roulette for this
[06:14:37]  303devilfish: i'm leveling machinist rn HYPERS
[06:14:42]  kirosthegreat: Song is technically stream safe, but it would easily be considered deliberate misinformation.
[06:15:13]  darkphoeen1x: i need it now
[06:15:37]  darkphoeen1x: i don't even have a highschool
[06:15:45]  haine_sense1: wtaf is this song?
[06:15:46]  kaeos: i hated high school because you would wear an outfit from 2 weeks ago and someone would be like "didnt you already wear that"
[06:16:01]  robertzarmy: I never once had that happen to me
[06:16:21]  303devilfish: my high school only had like 400 students, it was pretty chill
[06:16:39]  kirosthegreat: Yep
[06:16:58]  robertzarmy: this is confirmation bias
[06:17:33]  kaeos: that would imply nobody noticed robert and that simply cannot be true
[06:17:42]  haine_sense1: best lyric in that song: "They got no scientific evidence to back that crap up"
[06:17:42]  kirosthegreat: Dude actually just seeing that he doesn't want to comply because he doesn't wanna wear a mask and somehow thinks science isn't science Jebaited
[06:17:48]  robertzarmy: @kaeos I guess if you wear uniforms it's true
[06:17:48]  haine_sense1: like cmon, it's literally based on science
[06:17:58]  kirosthegreat: Singing* I need some sleep soon.
[06:18:16]  darkphoeen1x: i'm on a school where it goes from grade 5 to 10 and i'm soon in grade 10 so my last year of school
[06:18:21]  kirosthegreat: Still in the red Kappa
[06:18:32]  robertzarmy: @kaeos I simply talked to normal people
[06:18:55]  robertzarmy: now PB
[06:19:00]  kaeos: dudes is not a gender neutral term, please educate yourself
[06:19:37]  kaeos: S OMEGALUL BAD
[06:19:45]  kaeos: wwwwwww
[06:19:56]  robertzarmy: my pronounces are dude and guy KKona
[06:20:22]  haine_sense1: your pronounces?
[06:20:44]  kaeos: wwwwwwwwwwww
[06:20:48]  robertzarmy: wara
[06:21:00]  haine_sense1: you're doing such a good job
[06:21:49]  haine_sense1: so continue with a no reset run just to get practice
[06:22:56]  robertzarmy: please do wordle
[06:23:12]  robertzarmy: PLEASE
[06:23:33]  robertzarmy: well dont spoil me
[06:24:00]  robertzarmy: nvm...
[06:25:11]  kaeos: the mason guy in your discord is such a massive weeb
[06:25:18]  kaeos: i read through there every once in a while
[06:25:36]  robertzarmy: whos that
[06:25:46]  kaeos: idk
[06:25:48]  fredmanftw: Another day another PR lets gooooooo
[06:25:50]  haine_sense1: wait, I still have a 100% win rate?
[06:25:50]  kaeos: i dont participate
[06:25:52]  fredmanftw: GL today Zetto!
[06:25:53]  haine_sense1: interesting
[06:26:39]  robertzarmy: you seem like an offline chatter kaeos
[06:27:13]  laurabraus: whats up
[06:27:15]  kaeos: zetto doesnt have enough viewers to have an offline chat
[06:27:27]  robertzarmy: you talk in mizkif offline chat or something
[06:27:32]  kaeos: no
[06:27:36]  robertzarmy: hi laura
[06:27:36]  haine_sense1: OMG it actually is 22.5 minutes of ads per hour with mods playing a game in the background lol
[06:27:39]  robertzarmy: how are you
[06:27:39]  fredmanftw: Doing good, just got out of work. gonna enjoy some nuggets and beer. the culmination of my budgeting and still living the college life
[06:27:39]  kaeos: i dont really like watching mizkif
[06:27:47]  kaeos: ill watch him if everyone else is offline
[06:27:56]  303devilfish: its fine COPIUM
[06:28:44]  haine_sense1: oh hi Laura, thank you for stopping zetto from playing that music
[06:28:53]  fredmanftw: !discord
[06:28:53]  nightbot: https://discord.gg/T4GrmEbfcS
[06:28:56]  laurabraus: he was playing music?
[06:28:57]  robertzarmy: the only discord activity is chisa asking zetto to play the lego game
[06:29:11]  kaeos: laura that music was not stream safe at all, that was good judgement
[06:29:26]  robertzarmy: IT IS STREAM SAFE
[06:29:41]  robertzarmy: this is ridiculous
[06:29:44]  kaeos: i cant believe robert would try to indoctrinate the people in this chat
[06:29:45]  robertzarmy: I'm leaving
[06:30:26]  laurabraus: @kaeos im glad i missed it then
[06:30:36]  laurabraus: especially if it was requested by rob
[06:30:44]  haine_sense1: he didn't play it on stream
[06:31:35]  kaeos: play csgo
[06:32:08]  robertzarmy: what's with all the robert hate recently
[06:32:09]  303devilfish: play heardle
[06:32:33]  haine_sense1: @robertzarmy the fact that we hate you
[06:32:47]  robertzarmy: okay your hate means nothing you're just weird
[06:32:51]  kaeos: whoa wtf spread love not hate
[06:32:55]  303devilfish: wordle with music
[06:32:57]  kaeos: i love everyone :)
[06:33:19]  fredmanftw: joining your discord has reminded me i need to pay my blood debt to duo lingo
[06:33:56]  haine_sense1: it's identify the music — it's generally somewhat well known music
[06:34:23]  fredmanftw: Is it? what would u recommend instead
[06:34:29]  kaeos: i give up on heardle already
[06:34:56]  303devilfish: the duolingo owl threatened to stab me if i didn't do my daily exercises monkaS
[06:35:12]  haine_sense1: oh fuck, heardle is so gettable today
[06:35:31]  robertzarmy: can you read japanese fred
[06:35:39]  robertzarmy: hiragana and katakan
[06:36:29]  fredmanftw: no im a beginner beginner
[06:36:35]  kaeos: wwwwwwwwwwww
[06:36:36]  fredmanftw: but im interested in learning
[06:36:44]  fredmanftw: wanna get to three languages at least
[06:36:52]  haine_sense1: ok, so that song was very much a song I know, but it wasn't a song I could identify the name of
[06:37:01]  robertzarmy: @FredmanFtw https://www.tofugu.com/japanese/learn-hiragana/ then start with this :)
[06:37:54]  kaeos: ktrzetWorse
[06:38:37]  fredmanftw: Thank you!
[06:39:19]  kaeos: wwwwwwww
[06:39:33]  kaeos: what's your marathon time
[06:39:51]  robertzarmy: @FredmanFtw Feel free to ask questions in the japanese learning channel :)
[06:40:04]  robertzarmy: how fast do you think you could crab walk a marathon
[06:40:25]  kaeos: if you were allowed to use a car how fast do you think you could run a marathon
[06:41:01]  laurabraus: crab walk is when you walk on all fours but stomach side up
[06:41:03]  haine_sense1: how fast do you think you could complete a marathon distance if you could use any method of transportation available to you
[06:41:48]  kaeos: I think you would go slow because your mass of hair would increase you drag in the wind so much
[06:42:03]  robertzarmy: lmaoo
[06:42:16]  laurabraus: i guess ass side down is more accurate. like you're trying to keep your ass off the ground on all fours
[06:42:30]  robertzarmy: bowl cut hair
[06:42:44]  haine_sense1: hm... sounds like there's some fireworks display at a May Ball in some other college
[06:42:59]  laurabraus: i took gymnastics for a short time as a kid and we always had to crab walk
[06:43:07]  kaeos: literal fine china
[06:43:16]  laurabraus: then they wanted me to flip on one of those bars and i was like no way. goodbye
[06:43:27]  haine_sense1: @laurabraus the beam?
[06:43:39]  haine_sense1: uneven bars?
[06:44:05]  laurabraus: it wasn't the balance beam, it was those double bars where you grab on. usually in adult sports theres two of them they alternate on
[06:44:09]  laurabraus: YEAH uneven bars
[06:44:29]  laurabraus: as a kid though they just have you practice on one small one
[06:44:55]  haine_sense1: hi, I'm the guy who did flipping a vault off the arm of my sofa as a kid when I saw it on tv and my parents took me to gymnastics classes after that lol
[06:45:18]  robertzarmy: you're so awesome wow
[06:45:24]  laurabraus: yeah i was never that kid my mom as just trying out everything with me
[06:45:30]  kaeos: is that how you introduce yourself in icebreaker group activities
[06:45:32]  haine_sense1: and then I stopped doing gymnastics because I hated performing in front of everyone
[06:45:41]  laurabraus: was* but i mean i'm glad she did!!! i tried a lot!! and now im a gamer.
[06:45:46]  robertzarmy: I was forced into karate for 5 years and quit as soon as I was allowed
[06:46:09]  robertzarmy: I got a black belt tho
[06:46:20]  robertzarmy: 💪
[06:46:23]  kaeos: only got to black OMEGALUL
[06:46:30]  haine_sense1: @kaeos no lol
[06:46:34]  laurabraus: yeah my mom never forced me into anything but let me try a lot of stuff
[06:46:50]  laurabraus: wtf hes a black belt
[06:46:52]  robertzarmy: how do you feel about kids being forced into religion
[06:47:00]  robertzarmy: by their parents
[06:47:20]  haine_sense1: depends how much force there is
[06:47:40]  laurabraus: yeah the extensive list of classes i tried as a kid is sad. ballet. tap. jazz. karate. gymnastics. didnt like any of that
[06:47:40]  kaeos: Sadge streamer is not based
[06:47:55]  haine_sense1: hm... interesting
[06:48:04]  laurabraus: i begged my mom to let me try karate and i left the class like 5 minutes in because it was too loud LMAO
[06:48:12]  haine_sense1: hahaha
[06:48:30]  haine_sense1: @laurabraus never ball sports?
[06:48:51]  kaeos: tennis is so easy
[06:48:52]  robertzarmy: having grown up more now I wish I played tennis
[06:48:58]  laurabraus: no i wore glasses my whole life so we didnt want them to break
[06:49:06]  laurabraus: so no ball sports
[06:49:09]  kaeos: just get laser eye surgery
[06:49:14]  robertzarmy: @laurabraus 🤓
[06:49:14]  haine_sense1: @kaeos it's easy to get into, but at some point you have to work to get better
[06:49:15]  laurabraus: HELL no
[06:49:22]  haine_sense1: oh I see
[06:49:41]  kaeos: tennis is just big ping pong
[06:49:42]  kaeos: ??
[06:50:20]  laurabraus: i did do cheerleading in high school for a year does that count as anything
[06:50:28]  kaeos: thoughts on the lgtv community?
[06:50:49]  haine_sense1: I wanna try to serve again
[06:50:49]  laurabraus: i think tennis would have been really fun. it's even fun to watch
[06:50:50]  babsmcnh: Tennis is fun
[06:50:51]  haine_sense1: it's been so long
[06:50:58]  haine_sense1: I used to be good at it
[06:51:16]  laurabraus: @babsmcnh HI BABS
[06:51:23]  kaeos: I could beat Roger Federer
[06:51:26]  robertzarmy: thoughts on Scotland?
[06:51:28]  babsmcnh: HI LAURAAAAAA <3
[06:51:42]  robertzarmy: wazup chloe
[06:51:44]  babsmcnh: Also haine nice badge Pog
[06:51:49]  babsmcnh: Sup robbbbb
[06:51:50]  haine_sense1: thx :)
[06:52:01]  babsmcnh: What’s new with everyone HYPERS
[06:52:31]  babsmcnh: I just burnt the shit outta my hand so I can’t talk much Sadge
[06:52:31]  robertzarmy: I went pro in godfield
[06:52:42]  babsmcnh: Holy shit EZ Clap
[06:52:43]  robertzarmy: what's up with you and fucking up your hands
[06:52:51]  babsmcnh: I tried cooking man
[06:52:53]  haine_sense1: the transition between casual play and proper training is super big in tennis
[06:52:55]  kaeos: you pussied out OMEGALUL
[06:53:10]  laurabraus: what a MOOD
[06:53:19]  kaeos: that's funny asf
[06:53:25]  babsmcnh: I need to invest in better table clothes or like uh kitchen gloves
[06:53:27]  robertzarmy: rank 1
[06:53:55]  haine_sense1: it was much less concerning in badminton for me, but I still never really got very far and ended up playing against people who were like 3 years younger than me which was kinda depressing
[06:54:12]  kaeos: with that story now I know why u won't accept a race to first sub 5 mile
[06:54:43]  robertzarmy: running a marathon is basically just like speedrunning
[06:54:51]  kaeos: true
[06:54:52]  laurabraus: @babsmcnh what did you try cooking
[06:55:04]  babsmcnh: Borger
[06:55:12]  babsmcnh: It was an apple burger with fries
[06:55:28]  angusa1210: LIVE Pog
[06:55:31]  kaeos: wtf is an apple burger
[06:55:34]  haine_sense1: I went: Tennis, Swimming, Climbing, stop climbing and swimming, Badminton, Athletics, stop tennis, stop badminton, go back to climbing
[06:55:36]  babsmcnh: I just tried to pick up stuff with a thin cloth and I fucked up my hand
[06:55:40]  babsmcnh: ANDREW POGGERS
[06:55:44]  303devilfish: go lift weight, it's fun :)
[06:55:51]  haine_sense1: over the course of like 12 years
[06:55:51]  robertzarmy: @babsmcnh you are dumb
[06:56:02]  babsmcnh: @kaeos it’s just a pork burger with some apple shredded in
[06:56:13]  babsmcnh: Not worth the fucking burn
[06:56:20]  babsmcnh: @robertzarmy I am intelligent
[06:56:24]  robertzarmy: how bad was the burn
[06:56:27]  babsmcnh: I couldn’t find my oven mitts
[06:56:38]  haine_sense1: wow this fireworks display is loud
[06:56:45]  babsmcnh: I got light headed and I sat down for like 15 minutes tbh
[06:56:52]  babsmcnh: Still hurts like a bitch
[06:56:53]  laurabraus: that bad wtf
[06:56:54]  haine_sense1: it sounds like it's coming from over Trinity college
[06:56:59]  babsmcnh: But it’s not blistering Pog
[06:57:10]  babsmcnh: I double layered dude
[06:57:26]  babsmcnh: The metal in my trays are OP
[06:57:32]  babsmcnh: Or I’m a pussy
[06:57:42]  babsmcnh: So it’s obviously the first one
[06:57:59]  kaeos: wait u baked a burger?
[06:58:07]  kaeos: I've never heard of that
[06:58:15]  babsmcnh: I KNOW KAEOS
[06:58:20]  babsmcnh: I’ve never don’t it before
[06:58:33]  babsmcnh: I think I tried grabbing it too much before lifting it
[06:58:41]  babsmcnh: And the heat accumulated
[06:58:52]  babsmcnh: I put the burger in the oven @ktrzetto
[06:58:59]  haine_sense1: reminder in Britain, the burger refers to the patty
[06:59:05]  babsmcnh: Usually people put it on a pan
[06:59:15]  kaeos: @haine_sense1 OHHHHHHH
[06:59:17]  babsmcnh: Raw
[06:59:20]  kaeos: that makes more sense
[06:59:26]  babsmcnh: Yeah sorry lol
[06:59:32]  kaeos: British "cuisine"
[06:59:45]  babsmcnh: I meant the patty I guess I messed up on the explanation lol
[06:59:47]  haine_sense1: I came across this when in another chat
[07:00:01]  babsmcnh: I didn’t realize that was an issue
[07:00:05]  robertzarmy: I did not confuse this yall are just dumb
[07:00:12]  babsmcnh: OMEGALUL I’m not that stupid
[07:00:18]  nightbot: You probably shouldn't give any streamer money. I'm not a financial advisor but that is financial advice. But if you want to help support the channel, and more importantly, help your boy get paid, feel free to click the link. Please give me your money. https://streamlabs.com/ktrzetto/tip https://www.twitch.tv/products/ktrZetto
[07:00:20]  robertzarmy: but then again it is chloe
[07:00:21]  robertzarmy: so who knows
[07:00:22]  kaeos: COPIUM
[07:00:25]  babsmcnh: Rob is truly a genius
[07:00:28]  babsmcnh: Wait wtf
[07:00:33]  303devilfish: YEP
[07:00:33]  babsmcnh: I AM INTELLIGENT
[07:00:41]  babsmcnh: also hi devil :3
[07:00:45]  303devilfish: nyannPasu
[07:00:54]  babsmcnh: This is the run Prayge
[07:01:02]  haine_sense1: ham burGER
[07:01:10]  babsmcnh: OMEGALUL
[07:01:15]  nightbot: EHEHE Follow me on Twitter: https://twitter.com/ktrZetto
[07:01:19]  robertzarmy: im out to study gl on runs
[07:01:23]  kaeos: this is not the run but it's good to be optimistic:)
[07:01:30]  babsmcnh: GL on studying @robertzarmy
[07:01:37]  robertzarmy: good night babs
[07:01:43]  robertzarmy: cause I'm sure you're about to sleep
[07:01:44]  babsmcnh: Night dude!
[07:01:49]  babsmcnh: Lol I’m not
[07:01:51]  kaeos: it's only 6pm though
[07:01:52]  haine_sense1: this is almost certainly not the run, but maybe it will be
[07:01:52]  babsmcnh: 30 more minutes
[07:01:57]  babsmcnh: Sadge not the run
[07:02:08]  babsmcnh: 11pm for me and haine
[07:02:10]  robertzarmy: isn't it summer for britain right now
[07:02:15]  babsmcnh: Yeah
[07:02:25]  haine_sense1: YEEP
[07:02:35]  robertzarmy: i played a game with inspect for the first time in 9 years
[07:02:47]  kaeos: wait it's the summer solstice tomorrow PogChamp
[07:02:59]  haine_sense1: also yes
[07:02:59]  robertzarmy: I would never use clintcord
[07:03:03]  haine_sense1: longest day
[07:03:05]  kaeos: when it becomes summer
[07:03:06]  robertzarmy: but yeah the inspect from clintcord
[07:03:17]  babsmcnh: Lol 9 years
[07:03:24]  babsmcnh: You mean like 6 months?
[07:03:42]  haine_sense1: there are too many definitions of summer
[07:03:45]  kaeos: 14-9 🤔
[07:03:56]  robertzarmy: I escaped from clintcord
[07:03:59]  robertzarmy: thank god
[07:04:09]  haine_sense1: hang out with us
[07:04:12]  babsmcnh: Lol do not hang out on discord
[07:04:20]  babsmcnh: It’s not good LUL
[07:04:25]  kaeos: I don't use discord and I don't trust discord friendships
[07:04:38]  babsmcnh: I’m the exact same zetto
[07:04:49]  robertzarmy: most people on discord are strange and weird
[07:04:50]  babsmcnh: I talk to you more than them tbh
[07:04:52]  kaeos: I actually had a dream about the exact same thing the other night
[07:04:57]  robertzarmy: there are a couple normal humans sometimes
[07:05:01]  kaeos: where everyone I distanced from had changed
[07:05:03]  babsmcnh: Not the best idea but they’re always busy as well
[07:05:04]  haine_sense1: I mean, discord has a *lot* of bad things on it, but it also has a lot of good things. and I find that small communities on discord are often ok.
[07:05:23]  robertzarmy: ok bye
[07:05:31]  babsmcnh: Yeah i agree with haine
[07:05:31]  haine_sense1: while large communities are like, generally bad
[07:05:34]  babsmcnh: See yaaaa
[07:05:43]  haine_sense1: byeeee
[07:05:45]  kaeos: discord is just furries and weebs
[07:05:51]  babsmcnh: Clintcord isn’t too bad but it can be very cliquey
[07:06:11]  babsmcnh: And it gets a little intense monkaS
[07:06:14]  haine_sense1: @kaeos my year group of maths at uni has a discord server
[07:06:42]  haine_sense1: I don't think that's furries
[07:06:46]  babsmcnh: LUL
[07:06:48]  haine_sense1: might contain weebs
[07:06:54]  haine_sense1: but not in it's entirety
[07:06:54]  kaeos: I've had discord groups for college classes too but if they use discord in the first place I assume they're furries and weebs
[07:07:21]  haine_sense1: oh, so you're saying that discord is just furries and weeds because you assume everyone is
[07:07:21]  babsmcnh: I’ve tried to use discord with friends and it’s just awkward as shit most of them don’t know how to use it
[07:07:23]  haine_sense1: got it
[07:07:29]  kaeos: ye
[07:07:30] rinta_rnt subscribed with Prime. They've subscribed for 7 months!
[07:08:00]  babsmcnh: I’ve been bombarded with 5 ads ☠️
[07:08:03]  rinta_rnt: 5連勤め明日まで
[07:08:05]  haine_sense1: @babsmcnh yea, I've noticed that only really people who are already sufficiently computationally able seem to be capable of using it
[07:08:07]  kaeos: NERDS OMEGALUL
[07:08:22]  babsmcnh: Exactly haine LUL
[07:08:49]  babsmcnh: Also discord can get weird sometimes so idk how much you’d want to be there constantly
[07:08:52]  kaeos: not me :)
[07:08:57]  haine_sense1: which is weird since I'd kinda assume everyone is like capable since it doesn't feel hard to use
[07:09:11]  babsmcnh: “Nerds….. it’s like my stream” - zetto, 2022
[07:09:37]  kaeos: not me :)
[07:09:51]  babsmcnh: EXCUSE ME ?!
[07:10:03]  haine_sense1: I'm not gonna say I'm not a nerd, but I will dispute that being the reason I watch it
[07:10:06]  babsmcnh: I’m not a nerd ☝️🤓
[07:10:24]  babsmcnh: XQC LUL
[07:10:37]  303devilfish: Sadge
[07:10:42]  babsmcnh: Do you think I’m parasocial PauseChamp
[07:10:42]  haine_sense1: CAN CONFIRM
[07:10:49]  babsmcnh: Wait I don’t dream that lol
[07:10:52]  kaeos: Stay mad nerd. I go outside, have tons of sex, make money, and my life is very interesting.
[07:10:53]  haine_sense1: THERE IS NO CHANCE
[07:10:59]  babsmcnh: You just seem funny to chat to
[07:11:14]  babsmcnh: @kaeos EZ Clap
[07:11:32]  babsmcnh: Look I AM A DEGEN but I am not parasocial
[07:11:58]  babsmcnh: Idk I don’t rly know the definition of parasocial
[07:12:20]  babsmcnh: Ahhhh
[07:12:25]  haine_sense1: oh yea, I totally know everything about you
[07:12:41]  kaeos: monkaW
[07:12:50]  babsmcnh: I know zetto isn’t the best at sm64 PepeLaugh
[07:12:57]  haine_sense1: I could even tell you where you live
[07:13:02]  haine_sense1: and I'd be right
[07:13:10]  kaeos: monkaGIGA
[07:13:10]  haine_sense1: because I'd be sufficiently imprecise
[07:13:38]  babsmcnh: Yeah I think the closest I am to being parasocial is in Clint’s chat but I think it’s just cuz I watch his YT vids
[07:14:00]  babsmcnh: And I don’t try to be friends with him, why would I when I can chill out with you guys EZ
[07:14:16]  kaeos: xqc will notice me COPIUM
[07:14:30]  babsmcnh: LUL kaeos
[07:14:54]  babsmcnh: Yeah true but there’s a limit to the parasocial activity where it’s the persons fault
[07:15:08]  babsmcnh: OMEGALUL DREAMS CHAT
[07:15:15]  haine_sense1: HAHAHA
[07:15:20]  kaeos: those people are the most toxic dudes too
[07:15:29]  haine_sense1: I've never been there but I can imagine
[07:15:39]  babsmcnh: way too toxic, I’d be terrified having a community like that
[07:16:08]  haine_sense1: WHY IS MY FREAKING STREAM VIDEO DYING SO MUCJ
[07:16:14]  babsmcnh: Sadge Haine
[07:16:22]  haine_sense1: IT'S HAPPENED 4 TIMES THIS STREAM
[07:16:26]  kaeos: mine is too but last time I asked he said he wasn't dropping frames
[07:16:40]  kaeos: it loads fine on my phone but not my PC weirdly enough
[07:16:56]  babsmcnh: Exclusive
[07:17:03]  babsmcnh: I think that’s what you mean
[07:17:05]  haine_sense1: it's fine, just the video sometimes decides to freeze and then after a while, the audio cuts out too
[07:17:18]  kaeos: one guyd Sadge
[07:17:37]  babsmcnh: I hate when that happens, thats why I’m welcoming to new chatters
[07:18:07]  babsmcnh: To you it might just be chilling with the homies saying jokes but to the person on the outside you look like a dick
[07:18:13]  haine_sense1: yea, it won't be you, I've been having similar problems with streams for a while now
[07:18:20]  babsmcnh: Not like YOU zetto, like a general “you”
[07:18:29]  babsmcnh: Unfortunate Haine
[07:18:38]  laurabraus: okay i gtg eat dinner bye yall
[07:18:44]  kaeos: bye :)
[07:18:44]  babsmcnh: BYE LAURAAAAA
[07:18:48]  babsmcnh: have a good dinner
[07:18:50]  musicelliott: Byesss
[07:18:52]  laurabraus: THANK U
[07:18:52]  haine_sense1: @laurabraus TAKE ME WITH YOU, I NEED FOOD
[07:19:13]  kaeos: do people from different places around the world have different taste buds
[07:19:17]  babsmcnh: LUL it happens so often “hey when is Clint streaming again”
[07:19:30]  babsmcnh: I think I just don’t like the Clint simps tbh
[07:19:46]  buttershooter_: Hi everyone peepoHey
[07:19:56]  babsmcnh: Just seems weird to confess your dying love of Clint in an offline chat
[07:20:03]  babsmcnh: BUTTERRRRRR
[07:20:12]  babsmcnh: sup man hope you’re doing great :)
[07:20:19]  kaeos: I thought of it bc why do British people eat the physical representation of the color grey but other places find that abhorrent
[07:20:39]  haine_sense1: @kaeos what are you referring to there?
[07:20:46]  buttershooter_: babs peepoHug hope you are doing well aswell
[07:21:04]  kaeos: idk I just think of british food as like beans and toast
[07:21:11]  kaeos: and military rations
[07:21:14]  haine_sense1: oh lol
[07:21:16]  haine_sense1: fair
[07:21:18]  babsmcnh: I’ve seen a couple that just go into chat and they’re like “who else would slurp on Clint’s joycon 😍”
[07:21:27]  buttershooter_: @babsmcnh monkaW
[07:21:32]  haine_sense1: hey da
[07:21:33]  haine_sense1: dad
[07:21:36]  babsmcnh: I thought it was a joke but I tried to talk to them more they were being serious
[07:21:38]  babsmcnh: OMEGALUL
[07:21:41]  kaeos: ok dad 😏
[07:22:08]  babsmcnh: LUL they did that?
[07:22:20]  babsmcnh: Oh yeah I forgot he streamed yesterday
[07:22:51]  babsmcnh: Other than that I’m pretty welcoming to people
[07:22:57]  haine_sense1: I feel like I am definitely par asocial with people to some extent, but I would never go THAT far, like holy shit
[07:22:59]  kaeos: mommy? 😳
[07:23:11]  haine_sense1: parasocial*
[07:23:29]  kippykat4774: takes time for you to grow huh
[07:23:32]  kippykat4774: so not a shower?
[07:23:36]  kippykat4774: just a grower
[07:23:36]  haine_sense1: lol
[07:23:38]  kaeos: good one LULW
[07:23:43]  babsmcnh: I just don’t want to see someone join the chat to try to date Clint - like he isn’t even in chat and it’s very stalker-like to go into their offline and wait for them to join to flirt with em
[07:24:01]  kippykat4774: hell yeahh
[07:24:03]  babsmcnh: Yeah Haine I don’t think anyone is that bad here
[07:24:05]  kippykat4774: $1,600
[07:24:12]  kaeos: I started watching this stream bc zetto responded to a question I was asking in Clint's offline chat
[07:24:24]  babsmcnh: Pog what a journey
[07:24:28]  kippykat4774: who would want to flirt with a guy named 1 letter off from clit
[07:24:29]  kippykat4774: Kappa
[07:24:45]  babsmcnh: I started watching zetto when he begged me to watch his streams
[07:24:56]  kaeos: DESPERATE STREAMER LULW
[07:24:57]  babsmcnh: I KNOW ITS NUTS LUL
[07:24:59]  haine_sense1: lol
[07:25:35]  babsmcnh: I think I’ve only “chatted” with him once and it was for two seconds idk what people expect when they say weird shit to him
[07:26:19]  haine_sense1: almost lol
[07:26:26]  kaeos: I've chatted with Clint when he responded to my question what time zone he was in at 4am est 3 years ago
[07:26:30]  babsmcnh: OMEGALUL
[07:26:31]  kaeos: we're tight like that
[07:26:46]  babsmcnh: POGGERS kaeos is so cool
[07:26:47]  haine_sense1: super tight
[07:27:01]  babsmcnh: I just like chatting to offline or clintcord
[07:27:23]  babsmcnh: It’s relaxing and I just get to say whatever and make sure everyone’s doing alright
[07:28:07]  babsmcnh: I know a lot of people use the internet cuz they feel alone irl so it’s good for people to know they’re not alone HYPERS
[07:28:12]  kaeos: "Yeah." - ktrZetto
[07:28:22]  babsmcnh: Some people are dicks though lol
[07:28:49]  haine_sense1: @babsmcnh hi, totally not me ;)
[07:28:52]  babsmcnh: Tbh I burnout so easily irl but online i just talk shit
[07:29:03]  babsmcnh: Of course not Haine! peepoHug
[07:29:08]  kaeos: same
[07:29:37]  babsmcnh: I just meant some people from Clint’s chat - mainly people who are cliquey and they say mean things when they don’t actually mean it
[07:29:48]  haine_sense1: are there any regulars here that you wish didn't come by?
[07:29:59]  babsmcnh: I think that’s my main worry if I ever streamed zetto
[07:30:12]  kaeos: I hung out in Clint's offline chat for a few months and left because it felt cliquey
[07:30:22]  babsmcnh: One of my friends started streaming and holy fuck the main viewer was a piece of shit
[07:30:46]  haine_sense1: most efficient reds ever
[07:31:02]  babsmcnh: @haine_sense1 I doubt he’d say if they’re regulars lol but probably just the starfy guy
[07:31:18]  haine_sense1: I didn't mean to ask for specifics
[07:31:21]  haine_sense1: just if there were any
[07:31:23]  babsmcnh: @kaeos it took a long fucking time for me to integrate into the chat
[07:31:46]  babsmcnh: A lot of “fuck you”s thrown around Sadge but I think I’m comfy in their now
[07:32:00]  babsmcnh: I get why you wouldn’t stick to offline though
[07:32:06]  kaeos: well most people are nice but some people i just didnt want to make the effort to get "in"
[07:32:09]  babsmcnh: Ohhhh haine
[07:32:14]  curryinthehouse: Heyo, it's every viewer you don't liike here
[07:32:15]  haine_sense1: I mean, you can
[07:32:16]  curryinthehouse: GL
[07:32:26]  babsmcnh: Ey it’s curry Pog
[07:32:34]  curryinthehouse: KonCha
[07:32:44]  babsmcnh: I remember watching you dude you’re funny as fuck man
[07:32:50]  curryinthehouse: They've been shit :D
[07:33:12]  curryinthehouse: Same
[07:33:19]  babsmcnh: @kaeos I understand that a lot tbh
[07:33:19]  curryinthehouse: I've been grinding out sblj and I wanna die
[07:33:20]  curryinthehouse: in game
[07:33:44]  haine_sense1: I think it helps if you can start with like a viewer
[07:33:50]  curryinthehouse: Just get 1 PB and be done with it tbh
[07:33:55]  curryinthehouse: @babsmcnh Thanks lol
[07:34:10]  babsmcnh: You’re doing great zetto tbh you aren’t that far behind ur pb
[07:34:40]  haine_sense1: you're doing fine
[07:34:44]  babsmcnh: @haine_sense1 I think it might be easier to stream if you’re known in an offline chat
[07:34:55]  babsmcnh: Cuz then you know some of ur offline friends will watch you
[07:34:59]  curryinthehouse: I used to chat in other people's streams a lot
[07:35:08]  curryinthehouse: harder to do nowadays, more responsibilities and whatnot
[07:35:23]  babsmcnh: Idk compared to my friend who just randomly streamed outta nowhere it was a rough start
[07:35:36]  babsmcnh: Pog
[07:35:39]  curryinthehouse: @babsmcnh Really depends on the game you're playing tbh
[07:35:46]  babsmcnh: CASUAL PLAYTHROUGH POGGERS
[07:35:52]  curryinthehouse: SM64 is niche enough where if you can prove you're good enough you can get a following
[07:35:58]  curryinthehouse: Variety streamers are giga boned
[07:36:00]  babsmcnh: True curry
[07:36:19]  haine_sense1: I am thinking of streaming maybe at some point soon
[07:36:25]  babsmcnh: POGGERS ALREADY REDDDD
[07:36:37]  haine_sense1: I'm going to get no viewers since it's in a game that no one knows
[07:36:51]  babsmcnh: Try it maybe you’ll enjoy it @haine_sense1 but just be wary of shitty people
[07:37:11]  babsmcnh: It’s kinda nuts how common they are when people start off streaming lol
[07:37:34]  haine_sense1: I'd be like top 25% immediately
[07:37:41]  haine_sense1: since no one streams that game
[07:37:53]  haine_sense1: if someone watched me
[07:37:56]  babsmcnh: EZ Clap capturing the market lets go
[07:38:49]  babsmcnh: This might still be the run COPIUM
[07:39:09]  kaeos: big booty puerto rican goddess
[07:39:10]  haine_sense1: but yea, if you wanna see someone play a weird 2D platformmer from 1994 not very well, then come watch me if I eventually convince myself to go live
[07:39:27]  babsmcnh: @kaeos think you meant to type that on pornhub LUL
[07:39:31]  babsmcnh: jk jk
[07:39:32]  curryinthehouse: I streamed for 4 months to 1 viewer, 2 viewers tops
[07:39:38]  curryinthehouse: and the 1 viewer was mysself
[07:39:45]  curryinthehouse: March-July of 2020
[07:39:48]  curryinthehouse: Wild times those were
[07:39:55]  curryinthehouse: I had a personality back then
[07:40:01]  babsmcnh: PepeHands
[07:40:21]  curryinthehouse: I definitely do now OMEGALUL
[07:40:30]  curryinthehouse: I fell off streaming pretty hard since january
[07:40:35]  kaeos: + L
[07:40:37]  curryinthehouse: Trying to get back into it now
[07:40:38]  babsmcnh: I think I’ll just stick to being a dumb chatter rn HYPERS
[07:41:05]  babsmcnh: Maybe one day I’ll stream but just chilling out in a chat is fine and I don’t feel weird when no one responds to shit
[07:41:32]  kaeos: i would stream if mixer offered me a multi million dollar deal
[07:41:37]  babsmcnh: You retained a good amount of viewers
[07:42:01]  babsmcnh: LUL kaeos
[07:42:13]  babsmcnh: Zetto right now you have 20K viewers EZ
[07:42:18]  babsmcnh: they’re just very shy
[07:42:24]  haine_sense1: oh, the stream froze again for me
[07:42:32]  haine_sense1: might use this as an oppor
[07:42:38]  haine_sense1: opportunity to get food
[07:42:46]  babsmcnh: Terps is well known
[07:43:04]  babsmcnh: Zetto do I have clout
[07:43:06]  laurabraus: im back
[07:43:18]  babsmcnh: How the fuck do people get clout
[07:43:20]  curryinthehouse: If you want to become a big streamer, you have to network *hard* both inside and outside your niche
[07:43:28]  curryinthehouse: Emily and Squeex do that
[07:43:28]  babsmcnh: LAURA BACK HYPERS
[07:43:44]  kaeos: i feel like discoverability is bad so just be in as many chats as possible is the strat
[07:43:50]  babsmcnh: Yeah @curryinthehouse I would hate social networking
[07:44:04]  curryinthehouse: @kaeos That and play games that have communities you can be an active participant in
[07:44:11]  curryinthehouse: That's why speedrunning viewers are so loyal
[07:44:30]  babsmcnh: Wait a sec
[07:44:37]  babsmcnh: TWO GOLDS POGGERS
[07:44:50]  haine_sense1: I'll be back when I've got food
[07:44:50]  babsmcnh: I just noticed it lol zetto is making a comeback Prayge
[07:44:59]  babsmcnh: See ya haine
[07:45:11]  haine_sense1: I need to make myself get food since I haven't done all day
[07:45:41]  curryinthehouse: It's actually far easier to create yt content and bring viewers over from yt to twitch as a result
[07:45:44]  babsmcnh: How do you make friends Sadge
[07:45:48]  kaeos: yeah get a feature on clints stream
[07:46:03]  curryinthehouse: Well I don't hang out with anyone EZ
[07:46:12]  curryinthehouse: (I am busy with work Sadge)
[07:46:13]  babsmcnh: I feel like I’m approachable but idk how many people think of me as someone noticeable I guess
[07:46:30]  babsmcnh: Just another chatter PepePls
[07:46:50]  curryinthehouse: I think people kinda remember me cuz of my name
[07:47:00]  curryinthehouse: It's either steph curry or food
[07:47:20]  babsmcnh: I’d probably just avoid streaming with people, there’d probably be stupid ass drama or some shit
[07:47:39]  babsmcnh: Same curry people DEF remember me cuz of my name too Kappa
[07:47:52]  curryinthehouse: I actually love streaming with other people, I really miss streaming VCs while we were all grinding mario
[07:47:52]  babsmcnh: Ur name is good though @curryinthehouse
[07:48:07]  kaeos: i remember you now but when i first saw you i thought you were a minecraft stan
[07:48:18]  babsmcnh: I think that’s how I know you curry - from kally
[07:48:28]  babsmcnh: Or his new name monkaHmm I forget it
[07:48:33]  curryinthehouse: Yeah Kally is the reason I play the game at all
[07:48:42]  curryinthehouse: First person in the community to reach out to me and teach me how to play
[07:48:54]  babsmcnh: You and momomoth were chill when I watched kally
[07:49:04]  babsmcnh: Aw that’s really nice of him
[07:49:20]  curryinthehouse: Kally's less of a content streamer and more of a game streamer
[07:49:32]  babsmcnh: @kaeos wait you thought I was a minecraft Stan?
[07:49:42]  kaeos: yeah
[07:49:44]  babsmcnh: FeelsWeirdMan maybe I should rename myself wtf
[07:49:47]  kaeos: when i see mc thats what i think
[07:49:55]  curryinthehouse: I met most of the people I talk to through Simply's community
[07:49:57]  curryinthehouse: and Xoofey
[07:50:01]  babsmcnh: THATS NOT WHAT THE MC STANDS FOR DUDEEE
[07:50:04]  curryinthehouse: @xoofey start streaming bitch
[07:50:05]  kaeos: like tf for team fortress or ow for overwatch mc for minecraft
[07:50:06]  babsmcnh: Sadge
[07:50:18]  curryinthehouse: SAME
[07:50:21]  curryinthehouse: I THOUGHT THE SAME THING
[07:50:25]  babsmcnh: Wtf
[07:50:29]  curryinthehouse: Minecraft New Horizons
[07:50:32]  babsmcnh: WHAT IS WEONG WITH YOU ALLLL
[07:50:34]  babsmcnh: AHHHH
[07:50:41]  kaeos: blame dream for ruining your name
[07:50:48]  curryinthehouse: In his off time but he hasn't streamed in a long time
[07:50:53]  babsmcnh: bro I look like a 10 year old in every chat then Sadge
[07:51:06]  babsmcnh: There is much more purpose to my name
[07:51:12]  curryinthehouse: Yeah babs I thought your name was a mix of tiny toon adventures, minecraft and animal crossing
[07:51:21]  babsmcnh: I hate my life.
[07:51:24]  curryinthehouse: OMEGALUL
[07:51:35]  laurabraus: i always read the end of babs name like McNH with the "nh" sounding like "ngh" like a groan LMAO
[07:51:38]  kaeos: its fine my name is like an edgelord and thats worse imo
[07:51:44]  babsmcnh: It was my webkinz name
[07:51:44]  curryinthehouse: I did too
[07:51:53]  kaeos: LULW
[07:51:54]  curryinthehouse: @kaeos kaeOS
[07:51:57]  curryinthehouse: nice operating system name
[07:52:07]  babsmcnh: it’s pronounced babs smich
[07:52:07]  curryinthehouse: @babsmcnh I miss the curio shop
[07:52:18]  babsmcnh: Sadge curry I feel that
[07:52:25]  kaeos: same
[07:52:26]  babsmcnh: Yeah the purpose was out of panic
[07:52:34]  laurabraus: YES
[07:52:36]  curryinthehouse: YEP ROCK
[07:52:46]  babsmcnh: I got stressed when I was 8 about finding a username
[07:52:58]  babsmcnh: So I got stressed and banged my head against my keyboard
[07:53:17]  curryinthehouse: I figured out my username while on the coryinthehouse subreddit in 2016
[07:53:21]  babsmcnh: I think it’s pretty good brand wise cuz I freak out on shit
[07:53:27]  curryinthehouse: My old name was curryisspicey
[07:53:32]  babsmcnh: Fine sminch
[07:53:41]  babsmcnh: I like babs smich though
[07:53:54]  babsmcnh: Curry in the house too good
[07:54:25]  babsmcnh: LOOK I GET TO PRONOUNCE MY NAME HOWEVER
[07:54:38]  curryinthehouse: babs minecraft new horizons it is
[07:54:43]  babsmcnh: i knew a chick that was named aine and it was pronounced Anya
[07:54:55]  curryinthehouse: did the N have a squiggly line over it
[07:55:03]  babsmcnh: If the Irish can do that shit I will be babs smich
[07:55:09]  babsmcnh: @curryinthehouse no
[07:55:25]  babsmcnh: And she ALWAYS complained about the pronunciation I was so confused
[07:55:33]  kaeos: i read your name as literally just babs minecraft
[07:55:34]  babsmcnh: Just call me babs….
[07:55:46]  curryinthehouse: BabsWasTakken
[07:55:48]  curryinthehouse: *taken
[07:55:49]  babsmcnh: NO MINECRAFY
[07:55:51]  babsmcnh: NOOOOO
[07:55:52]  curryinthehouse: really rounds out the name
[07:55:55]  babsmcnh: REEEEE
[07:55:58]  haine_sense1: Ok, I'm back
[07:56:06]  laurabraus: wb
[07:56:13]  curryinthehouse: I think so
[07:56:15]  babsmcnh: I hate when people call me baby on stream
[07:56:18]  curryinthehouse: Man that was a weird simply arcc
[07:56:26]  babsmcnh: As long as you call me babs it’s fine
[07:56:28]  babsmcnh: Wtf
[07:56:35]  haine_sense1: food get
[07:56:38]  curryinthehouse: pog
[07:56:38]  haine_sense1: now to eat it
[07:56:39]  laurabraus: people call you baby wtf
[07:56:40]  babsmcnh: I AM NOT A SCUFFED BABSCITY
[07:56:43]  curryinthehouse: OMEGALUL
[07:56:49]  kaeos: oh yeah i thought you were a babbsity alt at one point too
[07:56:56]  babsmcnh: @laurabraus I think they read my name wrong or some shit
[07:57:12]  laurabraus: but theres not even a y in it
[07:57:13]  babsmcnh: Baby or babe ☠️ I just unfollow lol
[07:57:22]  babsmcnh: people are DUMBBBB Laura
[07:57:25]  babsmcnh: I don’t get it
[07:57:27]  laurabraus: BRO TRUE THAT
[07:57:31]  haine_sense1: I saw babs____
[07:57:35]  kaeos: SEZ U LULW
[07:57:41]  babsmcnh: @kaeos I thought we were friends…
[07:57:42]  haine_sense1: cos I don't read beyond the bit that can be pronounced
[07:57:52]  babsmcnh: Sadge
[07:58:06]  babsmcnh: I am babsmcnh that is all.
[07:58:16]  babsmcnh: I am my own person I swear
[07:58:25]  kaeos: what about ktrzetto
[07:58:34]  kaeos: what does the ktr stand for
[07:58:35]  babsmcnh: Also I got the account name when I was like 8 so babscity is gonna have to fight me on this
[07:58:52]  babsmcnh: Creator clash 2022 Babsmcnh vs babscity
[07:59:28]  babsmcnh: ktr = kinda trash really
[07:59:37]  babsmcnh: PepeLaugh
[07:59:55]  babsmcnh: Still green Prayge
[08:00:12]  laurabraus: ktr = KrusTy kRab
[08:00:12]  kaeos: its your initials i bet
[08:00:17]  nightbot: You probably shouldn't give any streamer money. I'm not a financial advisor but that is financial advice. But if you want to help support the channel, and more importantly, help your boy get paid, feel free to click the link. Please give me your money. https://streamlabs.com/ktrzetto/tip https://www.twitch.tv/products/ktrZetto
[08:00:19]  babsmcnh: LUL LAURA
[08:00:36]  babsmcnh: @kaeos that’d be so lame
[08:00:39]  curryinthehouse: KTR = Kicking The Rock
[08:00:46]  kaeos: i was scared of spongebob as a kid
[08:01:01]  babsmcnh: I loved SpongeBob
[08:01:14]  kaeos: spongebob was like an acid trip
[08:01:14]  nightbot: EHEHE Follow me on Twitter: https://twitter.com/ktrZetto
[08:01:19]  kaeos: it was freaky
[08:01:24]  babsmcnh: I recently listened to best day ever when I woke up and felt like shit
[08:01:27]  laurabraus: spongebob is creepy tbh
[08:01:31]  laurabraus: some of the visuals
[08:01:36]  babsmcnh: Jumped outta my bed and was grooving
[08:01:49]  babsmcnh: Flapjack monkaS
[08:01:52]  haine_sense1: ok, it's confirmed, ktr is his initials
[08:02:02]  laurabraus: flapjack is creepy too
[08:02:04]  babsmcnh: Some of the drawings on flapjack were nuts lol
[08:02:34]  laurabraus: omg the toenail one almost had my mom banning spongebob for life in our house LOL
[08:02:46]  laurabraus: that was disgusting
[08:03:18]  kaeos: wwwwwwwwww
[08:03:37]  laurabraus: @babsmcnh spongebob music really is a mood changer
[08:03:37]  babsmcnh: Squidward thigh episode Kreygasm
[08:03:54]  babsmcnh: I know Laura HYPERS makes me vibe so hard
[08:04:01]  babsmcnh: Gary come home Sadge
[08:04:13]  laurabraus: like the song that all the jellyfish rave to. i think it's literally called jellyfish rave. slapped
[08:04:22]  babsmcnh: Flapjack and courage are nightmare fuel but I watched them so much
[08:04:23]  laurabraus: @babsmcnh SAD
[08:04:24]  kaeos: S OMEGALUL BAD
[08:04:51]  laurabraus: courage was actually a horror show though but was flapjack
[08:04:52]  babsmcnh: @laurabraus even that ukulele song - living in the sunlight catJAM
[08:05:13]  babsmcnh: POGGERS THE TIME
[08:05:22]  kaeos: wr pace PogChamp
[08:05:33]  babsmcnh: PogChamp he can’t mess up now
[08:05:52]  babsmcnh: No way my streamer would go back down to stairs
[08:06:11]  haine_sense1: please twitch, stop making the stream freeze
[08:06:29]  babsmcnh: Zetto you made me scream no out loud
[08:06:35]  laurabraus: LMAO
[08:06:39]  babsmcnh: Playing with my fucking emotions dude
[08:06:42]  kaeos: "we're" gonna miss a lot
[08:06:43]  laurabraus: i really did have a physical reaction to that fall
[08:06:52]  babsmcnh: LUL
[08:07:05]  laurabraus: NOT AN AD RIGHT NOW
[08:07:12]  babsmcnh: i am not apart of these missed throws
[08:07:17]  babsmcnh: NOOO LAURA
[08:07:24]  babsmcnh: ZETTO WAIT
[08:07:27]  laurabraus: im watching in the corner
[08:07:27]  kaeos: it was the lag COPIUM
[08:07:34]  babsmcnh: WAIT FOR MY FOUR ADS TO FINISH
[08:07:45]  laurabraus: babs and i just dying
[08:07:51]  babsmcnh: OMEGALUL
[08:08:01]  laurabraus: we really just missed that huh
[08:08:04]  haine_sense1: cmon, why you getting ads?
[08:08:06]  haine_sense1: just sub
[08:08:14]  babsmcnh: Sadge he left us behind…
[08:08:16]  haine_sense1: (or use an adblocker as was recommended earlier)
[08:08:32]  laurabraus: adblock doesnt work on twitch
[08:08:40]  laurabraus: anyways. CONGRATS
[08:08:43]  babsmcnh: What about on phone?
[08:08:51]  babsmcnh: EZ Clap good job
[08:09:03]  303devilfish: i was here FeelsStrongMan
[08:09:04]  kaeos: i got ads too
[08:09:10]  babsmcnh: I’ll sub once I have an income Sadge
[08:09:13]  laurabraus: but we were here
[08:09:25]  babsmcnh: Yeah we were here Laura :)
[08:09:39]  babsmcnh: Twitch cockblocked us
[08:10:13]  kaeos: some people get fancy watches with their first paycheck but mine goes straight to a twitch streamer
[08:10:22]  babsmcnh: celebrating my first pay check LUL
[08:10:34]  haine_sense1: how much do you normally get on a first paycheck?
[08:10:37]  kaeos: i have a watch Sadge
[08:10:46]  haine_sense1: overwatch nice
[08:10:51]  kaeos: i dont have a phone
[08:10:51]  babsmcnh: Who Haine?
[08:11:00]  haine_sense1: @babsmcnh idk, on average
[08:11:01]  kaeos: 4Head
[08:11:04]  babsmcnh: Overwatchs are rated
[08:11:11] rickitarr64 subscribed at Tier 1. They've subscribed for 4 months, currently on a 4 month streak!
[08:11:11]  babsmcnh: It really depends on the job
[08:11:19]  babsmcnh: Maybe $25K here?
[08:11:30]  babsmcnh: Ricki HYPERS
[08:11:38]  haine_sense1: I meant first paycheck not first yearly wage
[08:12:00]  haine_sense1: is it like monthly normally?
[08:12:00]  babsmcnh: Oh uh 2K average then?
[08:12:05]  babsmcnh: I don’t really know
[08:12:10]  laurabraus: for a full time job
[08:12:23]  laurabraus: no thats america for you
[08:12:48]  babsmcnh: I’m considering all the shitty jobs
[08:12:48]  haine_sense1: wait a minute...
[08:12:56]  kaeos: i spend way less than 2k a month
[08:13:08]  babsmcnh: Like haine you’d probably be doing a lot bigger with ur job field
[08:13:16]  babsmcnh: Me too I think
[08:13:18]  haine_sense1: I mean, yea true
[08:13:41]  kaeos: have you considered getting more money
[08:13:43]  babsmcnh: How far away is ur actual pb from this one
[08:13:55]  babsmcnh: Kaeos has a point
[08:14:12]  babsmcnh: I’d guess 1.5K per month for basic shit
[08:14:19]  haine_sense1: fair fair
[08:14:42]  kaeos: yoshidora has a 9-5 and a wife and kids
[08:14:52]  haine_sense1: I was wondering about trying to stream tonight just to like test the setup and whatever
[08:14:58]  babsmcnh: But I’m budgeting and if I walk everywhere and be super efficient it’s like £150 per month?
[08:15:08]  haine_sense1: since I don't have a setup, but wonder if it would work or no
[08:15:10]  haine_sense1: t
[08:15:18]  babsmcnh: t
[08:15:22]  haine_sense1: yes
[08:15:25]  haine_sense1: t
[08:16:07]  kaeos: imagine quitting smash to touch grass LULW
[08:16:26]  babsmcnh: LUL grass isn’t worth it
[08:16:35]  babsmcnh: That price wasn’t including rent lol
[08:17:05]  haine_sense1: hm... my rent for uni accommodation is... £1885 per term which is like 11 weeks...
[08:17:09]  babsmcnh: Laura is here right
[08:17:12]  laurabraus: yes
[08:17:18]  laurabraus: laura is here
[08:17:20]  kaeos: including rent and all bills + food i can get by on 1k a month
[08:17:23]  babsmcnh: Bro I thought you were mod OMEGALUL
[08:17:29]  laurabraus: JFLIDHGLDFHLG?????????/
[08:17:38]  babsmcnh: My rent is £8K per year
[08:17:46]  haine_sense1: hm...
[08:17:48]  babsmcnh: Around 8k
[08:17:50]  303devilfish: its not my fault i'm losing COPIUM
[08:17:57]  laurabraus: im sometimes the only person here without ANYTHING next to their name and you thought i was a mod
[08:18:07]  babsmcnh: OMEGALUL
[08:18:08]  kaeos: you would be in a higher place if you didnt drive into walls
[08:18:10]  laurabraus: flattered tbh
[08:18:15]  haine_sense1: 1885*5 = 9425
[08:18:19]  haine_sense1: for 55 weeks
[08:18:27]  babsmcnh: You know this isn’t bumper karts zetto?
[08:18:40]  babsmcnh: That’s good price for a semester
[08:18:45]  kaeos: i wanna ride in bumper karts some day
[08:18:47]  babsmcnh: I think mine is so expensive cuz it’s London
[08:18:54]  ktrzetto: !game Mario Kart 8 DX
[08:18:55]  nightbot: @ktrZetto -> The stream game has been updated to: Mario Kart 8 Deluxe
[08:18:59]  babsmcnh: It fucking sucks kaeos
[08:19:03]  haine_sense1: mine's in Cambridge so...
[08:19:22]  babsmcnh: Yeah but your area is super suited for students
[08:19:35]  babsmcnh: I don’t see many student accommodations here
[08:19:52]  babsmcnh: It’s usually pricey for new London graduates lol
[08:19:55]  haine_sense1: yea, I'm living in the actual university accommodation, so I'm paying that to my college
[08:19:59]  kaeos: not that high wtf CiGrip
[08:20:20]  kaeos: wtf
[08:20:21]  babsmcnh: Unis try to make accommodation lower so you use their facilities more so yeah
[08:20:44]  babsmcnh: I nominate Laura to be mod also
[08:21:05]  babsmcnh: She seems the most sane
[08:21:09]  haine_sense1: oh we're mirror
[08:21:16]  kaeos: @ktrzetto you look like dua lipa
[08:21:22]  babsmcnh: That’s why the track is so weird
[08:21:25]  haine_sense1: this track has such weird grip
[08:21:46]  babsmcnh: Zetto is going nuts
[08:21:50]  haine_sense1: the wet bit at the end has low grip in the middles but high at the edge
[08:21:58]  haine_sense1: I don't know any other tracks that have that
[08:22:10]  babsmcnh: So close Sadge
[08:22:13]  kaeos: Yes
[08:22:18]  303devilfish: nyannAwooga
[08:22:33]  babsmcnh: You look like dua lipa yes
[08:22:39]  babsmcnh: ZETTOOOO
[08:22:50]  babsmcnh: WHATS THAT BACKGROUND OMEGALUL
[08:23:05]  kaeos: why are you arguing against looking like dua lipa
[08:23:07]  kaeos: shes hot
[08:23:22]  babsmcnh: Ur either dua lipa or the mortal kombat girl
[08:23:47]  babsmcnh: Those are your choices
[08:23:48]  haine_sense1: wait, wait, you apparently do have something in common with her: you're hot
[08:24:02]  babsmcnh: LUL haine so smooth
[08:24:27]  haine_sense1: just wait and see him ignore that message :)
[08:24:36]  babsmcnh: Lmaooo
[08:24:50]  babsmcnh: All these mirror tracks
[08:24:57]  haine_sense1: this isn't mirror tho
[08:24:59]  babsmcnh: Oh wait this isn’t mirrored Pepega
[08:25:08]  babsmcnh: Yeah I realized when I said that OMEGALUL
[08:25:19]  babsmcnh: Bro my brain is outta it lol
[08:25:20]  kaeos: when you go to canada are you gonna meet drake
[08:25:28]  303devilfish: clint2nd
[08:25:40]  babsmcnh: Second again Sadge
[08:25:45]  kaeos: drake is canadian though
[08:26:01]  kaeos: 4Shrug
[08:26:02]  haine_sense1: @babsmcnh see what I mean?
[08:26:12]  babsmcnh: lol
[08:26:31]  babsmcnh: Canada is the new america
[08:26:38]  babsmcnh: LUL
[08:26:47]  kaeos: british people are a protected species
[08:26:54]  laurabraus: apparently lindsay lohan moved to dubai because paparazzi is illegal there
[08:27:00]  kaeos: macailya got banned for hate speech against british people
[08:27:01]  babsmcnh: no but LA is probably rly lax on immigration laws cuz of it
[08:27:02]  kaeos: LULW
[08:27:39]  laurabraus: sounds like  something a celebrity would do!
[08:27:49]  babsmcnh: Lol true Laura
[08:27:52]  haine_sense1: that wouldn't surprise me that much
[08:28:16]  laurabraus: i agree
[08:28:30]  haine_sense1: who is she?
[08:28:33]  kaeos: ^
[08:28:39]  babsmcnh: Lindsay and Brittany got fucked over
[08:28:47]  babsmcnh: Lindsay Lohan was in mean girls
[08:28:51]  babsmcnh: Main character
[08:28:53]  haine_sense1: she's 35
[08:28:56]  kaeos: ive never heard of that show
[08:28:56]  laurabraus: 35 years old
[08:29:07]  babsmcnh: @kaeos it’s a movie LUL
[08:29:11]  haine_sense1: oh, I see now, she was in lots of things I didn't watch
[08:29:13]  kaeos: ive never heard of that movie
[08:29:19]  babsmcnh: She was pretty popular
[08:29:38]  babsmcnh: But she has a drug incident and a couple irl freak outs
[08:29:43]  laurabraus: britney spears
[08:29:48]  303devilfish: its britney bitch
[08:29:49]  babsmcnh: Zetto you should have done better
[08:30:12]  nightbot: EHEHE Follow me on Twitter: https://twitter.com/ktrZetto
[08:30:12]  babsmcnh: Britney Spears whoops spelt it wrong
[08:30:13]  kaeos: the only child actor i really know is miley cyrus
[08:30:27]  babsmcnh: She was a child actress
[08:30:31]  laurabraus: she was on the mickey mouse club but i think babs just meant in general
[08:30:39]  babsmcnh: But then she became a super famous singer yeah
[08:30:53]  babsmcnh: She freaked out and shaved her head and everyone laughed at her Sadge
[08:31:12]  haine_sense1: please never mention McCauley Culkin ever again while I'm here
[08:31:14]  laurabraus: mickey mouse club and mickey mouse clubhouse are different, she was on a 90s live action skit show
[08:31:29]  laurabraus: but yeah shes like the queen of pop
[08:31:46]  babsmcnh: her dad took over her shit cuz she got super depressed and shit
[08:32:00]  babsmcnh: Super fucked up though
[08:32:18]  babsmcnh: But EVERYONE made fun on her
[08:32:40]  babsmcnh: She went on shows and people would make jokes about her being psychotic
[08:32:50]  soundalerts: Dior__X played Baby I'm Yours for 100 Bits
[08:32:52]  dior__x: yivegaDance yivegaDance yivegaDance yivegaDance yivegaDance
[08:33:12]  babsmcnh: catJAM
[08:33:46]  babsmcnh: Now people respect her more cuz mental health awareness is much better but it’s crazy how bad they treated her
[08:33:58]  kaeos: 3/8 LULW
[08:34:14]  babsmcnh: Ey when you gonna get 1st :)
[08:34:40]  dior__x: you play competitive
[08:34:43]  dior__x: ?
[08:35:09]  babsmcnh: Yeah comedians still do it but back in the 2000s EVERYONE made fun of her, even other celebrities in passing
[08:35:13]  kaeos: why do u have ur instagram on ur overlay ive never heard u mention it ever
[08:35:14]  dior__x: casual gaymer?? nothing wrong with that
[08:35:32]  babsmcnh: He’s pretty good for a casual Pog
[08:36:49]  babsmcnh: ….
[08:36:53]  haine_sense1: ok, just switched to windows 10 OS
[08:37:04]  kaeos: DansGame
[08:37:05]  haine_sense1: let's see if stream keeps dying on this OS
[08:37:12]  babsmcnh: 1st to 7th Sadge
[08:37:17]  haine_sense1: he has an insta, I follow it
[08:37:27]  haine_sense1: I never see it, I forget about it
[08:37:44]  haine_sense1: but it exists
[08:39:06]  babsmcnh: I think it’s a skill dif Sadge
[08:39:14]  babsmcnh: Unfortunate
[08:39:48]  babsmcnh: catJAM LETS GOOOO
[08:39:57]  babsmcnh: OMEGALUL
[08:39:59]  babsmcnh: HAHAHAHHAHA
[08:40:27]  babsmcnh: Sometimes it’s a skill dif, sometimes it’s pepega PepeHands
[08:40:36]  haine_sense1: we can't see how many coins you have
[08:40:47]  haine_sense1: :(
[08:40:50]  babsmcnh: He better have 10 Madge
[08:41:13]  kaeos: mickey mouse race
[08:41:14]  kaeos: doesnt count
[08:41:24]  haine_sense1: the number of waluigis is funny
[08:41:31]  babsmcnh: This isn’t canon
[08:41:55]  babsmcnh: Okay I’m out night zetto and chat <3
[08:42:01]  kaeos: gn :)
[08:42:01]  nightbot: https://clips.twitch.tv/GeniusCovertSalmonItsBoshyTime-NECqGzkggZv8lT-v
[08:42:06]  babsmcnh: Hope you guys have a great week HYPERS
[08:42:11]  laurabraus: NIGHT BABS
[08:42:22]  kaeos: japanese karting scene is kinda dead :/
[08:43:07]  haine_sense1: oh, you're going
[08:43:08]  kaeos: nah u need some bitches
[08:43:09]  haine_sense1: bye
[08:43:29]  haine_sense1: what time do you need to go?
[08:43:39]  haine_sense1: (in how long)
[08:45:46]  kaeos: i got a cold recently where it was the kind where it hurts to swallow
[08:45:54]  kaeos: so like i only drank soup
[08:46:30]  laurabraus: cough lozenge
[08:46:37]  laurabraus: warm tea with honey
[08:46:38]  kaeos: thats not a real word
[08:46:48]  laurabraus: cough drop* then
[08:46:54]  kaeos: oh that
[08:47:02]  kaeos: i ate like 20 cough drops a day
[08:48:04]  haine_sense1: Sadge, I lost Randle today
[08:48:20]  kaeos: randel D:
[08:48:45]  kaeos: yeah
[08:49:13]  kaeos: its a numbing cough drop though
[08:49:49]  kaeos: it makes it better while ur sucking one but once u finish it hurts more so u need to suck another one until it finishes and then repeat
[08:50:53]  laurabraus: this is not your race
[08:51:24]  kaeos: i took painkillers too LULW
[08:52:04]  kaeos: i think so
[08:52:08]  kaeos: i never normally get sick
[08:52:22]  kaeos: knock down their nest
[08:52:38]  kaeos: they arent paying rent
[08:54:29]  kaeos: this gameplay 5Head
[08:55:09]  kaeos: OMEGALUL
[08:55:54]  laurabraus: have a good outing
[08:55:58]  kaeos: gn :)
[08:55:58]  nightbot: https://clips.twitch.tv/GeniusCovertSalmonItsBoshyTime-NECqGzkggZv8lT-v
[08:56:01]  haine_sense1: bye
[08:56:34] ktrZetto is now offline.
# Start logging at 2022-06-21 22:30:44 Tokyo Standard Time
[22:30:44] connected
