# Start logging at 2022-01-08 12:18:21 Tokyo Standard Time
[12:18:21]  streamelements: ktrZetto is now live! Streaming Super Mario 64: 【JP/EN】terrible japanese player [new emotes!]| !discord
[12:18:21] 2022年1月8日
[12:18:54]  joshinjapan: Cheer100 I heard I’d get double
[12:19:06] ktrZetto is live!
[12:19:11]  rinta_rnt: 大江戸温泉は潰れたよ
[12:19:31]  joshinjapan: Cheer100 Cheer100 LUL
[12:19:45]  joshinjapan: BibleThump99 getting scammed
[12:20:22]  joshinjapan: 爆笑
[12:21:25]  joshinjapan: Good luck on the ランズ today man I gotta go
[12:21:32]  joshinjapan: You’ll get it
[12:22:00]  joshinjapan: Just do left side Kappa
[12:28:35]  lela89: aie
[12:28:49]  lela89: おはよう
[12:30:44]  saltychildofthesea: yaHOO
[12:30:59]  saltychildofthesea: heyo HYPERS
[12:31:30]  saltychildofthesea: damn Sadge stinky streamer
[12:35:55]  saltychildofthesea: pepeD
[12:38:51]  cupcake_chi: henloooo
[12:39:57]  saltychildofthesea: HYPERS runs!
[12:40:53]  cupcake_chi: a hwhat
[12:40:55]  saltychildofthesea: a what?
[12:41:17]  cupcake_chi: looked it up, a CRT?
[12:41:18]  saltychildofthesea: like an old tv?
[12:41:39]  cupcake_chi: basically what u play melee on
[12:41:48]  cupcake_chi: i have a spongebob one lmao
[12:43:56]  saltychildofthesea: Pog rare mistake
[12:44:19]  cupcake_chi: bathhouse? interesting
[12:44:22]  saltychildofthesea: mistake pb Pog
[12:44:27]  rinta_rnt: 絶対ブラウン管がいいの？それともコンポジットならなんでもいいの？
[12:47:00]  cupcake_chi: showering with old men sounds interesting
[12:48:27]  cupcake_chi: if Japan doesn't have showers I'm not moving there
[12:49:33]  saltychildofthesea: not showering before taking a bath is FeelsWeirdMan
[12:49:36]  cupcake_chi: ok good
[12:50:20]  rinta_rnt: ６４やってないで給湯器直せよ
[12:50:31]  saltychildofthesea: DansGame Daniels Gaming Moment
[12:50:43]  saltychildofthesea: WAYTOODANK
[12:50:47]  saltychildofthesea: OMEGALUL
[12:50:56]  rinta_rnt: 不正
[12:50:59]  saltychildofthesea: that was GREAT
[12:51:32]  rinta_rnt: ｗｗｗｗｗｗｗｗｗｗｗｗｗ
[12:52:45]  cupcake_chi: 悲しみ
[12:55:57]  cupcake_chi: I don't see why not
[12:56:56]  saltychildofthesea: wow ktr the ethical streamer SillyChamp
[12:57:45]  saltychildofthesea: Prayge time save will come in clutch
[12:58:54]  saltychildofthesea: Prayge next run
[13:01:40]  cupcake_chi: ZETTO REACTS TO AMONG US!!!!!
[13:01:43]  cupcake_chi: there's content for you
[13:02:03]  saltychildofthesea: nevermind content creator they're putting the tv in twitch.tv
[13:03:21]  saltychildofthesea: oh right OMEGALUL
[13:05:14]  saltychildofthesea: new strat? PogBones
[13:08:17]  saltychildofthesea: POGGERS super green
[13:09:04]  saltychildofthesea: Prayge this is going very well
[13:09:15]  cupcake_chi: speedrunners rage when they lose 4 milliseconds
[13:09:38]  saltychildofthesea: understandable
[13:10:13]  saltychildofthesea: stupid fuckin mistakes YEAHBUT7TV
[13:10:42]  cupcake_chi: someone made a mistake RIGHT AFTER beating bowser and lost the WR
[13:11:05]  cupcake_chi: yessir
[13:11:24]  rinta_rnt: Fラン大だからグラフの味方がわからん
[13:11:26]  saltychildofthesea: that was tragic Sadge
[13:12:17]  cupcake_chi: water levels ZzZzZzZzz
[13:12:25]  cupcake_chi: nOOOOOOOO
[13:12:47]  saltychildofthesea: NOOOO SadCatW
[13:13:04]  cupcake_chi: yo good mobility rn tho
[13:13:20]  saltychildofthesea: time save on bljs Prayge
[13:13:45]  rinta_rnt: ktrzetSmile ktrzetSmile
[13:14:23]  rinta_rnt: 5分後 よしじゃあちょっとシャワー浴びてくるすぐ戻ってくる→壊れてた
[13:14:25]  cupcake_chi: 揺れたゆがんだ世界にだんだん僕は
[13:14:25]  saltychildofthesea: thats a certified spilledGlue moment
[13:17:15]  cupcake_chi: yessir
[13:17:39]  cupcake_chi: the tokyo ghoul song that got memed to hell
[13:17:55]  cupcake_chi: yessirrrr
[13:21:44]  saltychildofthesea: spiderman 5: electric boogaloo
[13:22:03]  cupcake_chi: spiderman 6 - revenge of the crewmates
[13:22:28]  saltychildofthesea: spiderman infinity endgame the third
[13:23:10]  saltychildofthesea: its a choose your own adventure movie
[13:23:23]  cupcake_chi: i stopped caring about marvel since characters die but they're never really dead
[13:24:34]  cupcake_chi: there's a puerto rican spiderman, so I was happy about that since I'm half from there
[13:25:21]  cupcake_chi: japanese spider man has a un
[13:25:24]  cupcake_chi: gun
[13:26:59]  saltychildofthesea: superman eats lunch then destroys a town: the manga
[13:28:06]  saltychildofthesea: sorry i meant clark kent evades taxes then destroys a town: the manga comic netflix adaptation anime
[13:28:32]  saltychildofthesea: Pog screwdriver
[13:29:04]  cupcake_chi: i tried reading one piece with furigana but half the words are sailor terminology
[13:29:07]  cupcake_chi: I hate this
[13:29:36]  saltychildofthesea: smh landlubber mindset
[13:29:56]  saltychildofthesea: its fine clark has glasses 4Head
[13:30:54]  cupcake_chi: yes
[13:31:59]  fredmanftw: Zettoooo how've you been starri9AYAYA
[13:32:46]  cupcake_chi: not far in, I haven't bummed hard in a while
[13:33:33]  fredmanftw: I'm glad man! oof like no more water or just weird to deal with now
[13:34:02]  fredmanftw: oof look at those smooth moves
[13:34:39]  fredmanftw: ouchy
[13:34:53]  fredmanftw: put it out of its misery cuppyShocked
[13:34:58]  saltychildofthesea: water running? better catch it :tf:
[13:35:08]  fredmanftw: amedolFacepalm
[13:35:30]  cupcake_chi: oh there's a japanese tourney going on rn
[13:35:31]  fredmanftw: oof
[13:35:58]  fredmanftw: well good news is cold showers are healthy for many reasons
[13:36:11]  cupcake_chi: i like em HOT
[13:37:08]  cupcake_chi: it's bad for my curly hair
[13:37:14]  saltychildofthesea: Prayge 10 second timeout
[13:37:19]  fredmanftw: lol
[13:37:44]  saltychildofthesea: english is annoying
[13:38:00]  fredmanftw: for the life of me
[13:38:02]  cupcake_chi: japanese is WORSE
[13:38:29]  cupcake_chi: でも発音は簡単ですね
[13:38:33]  fredmanftw: yeah i can imagine its a challenge to get in that coldness when ur used to the comfort of heat starri9Lewd
[13:38:59]  saltychildofthesea: uk pronunciation is monkaW
[13:39:34]  cupcake_chi: it's stupid because a lot of words aren't spelled like they sound
[13:39:55]  saltychildofthesea: dude how is Cholmondeley pronounced chumley WAYTOODANK
[13:41:32]  saltychildofthesea: idk probably accent difference
[13:44:23]  saltychildofthesea: bourgeoisie comes from the french bourgeois which is why its so hard to spell
[13:44:43]  cupcake_chi: zackray sheik is nuts
[13:45:08]  saltychildofthesea: non 4Head
[13:45:45]  saltychildofthesea: wow french spaghetti Clap
[13:46:39]  saltychildofthesea: i was in france yesterday i didn't see any french spaghett
[13:46:45]  cupcake_chi: wtf
[13:46:45]  saltychildofthesea: monkaHmm
[13:46:46]  cupcake_chi: he looks 12
[13:48:04]  saltychildofthesea: yup i was oui oui baguetteing all over the place
[13:48:33]  saltychildofthesea: SadCatW they said no more baguette
[13:49:31]  saltychildofthesea: Prayge still green
[13:49:58]  fredmanftw: back
[13:50:11]  fredmanftw: that door was like nah heres a 2 second delay xD
[13:50:24]  saltychildofthesea: door said +2
[13:50:39]  cupcake_chi: REEESEEEET
[13:50:46]  saltychildofthesea: panicBasket
[13:51:13]  cupcake_chi: oh snap kameme still plays
[13:51:22]  fredmanftw: waaaaaaaaa cuppyMeltdown
[13:51:44]  cupcake_chi: is abadango a salaryman
[13:51:55]  cupcake_chi: the best employed smash player
[13:52:14]  cupcake_chi: oh nvm cuz I saw him in a suit
[13:53:36]  cupcake_chi: LMFAOOOO
[13:54:10]  saltychildofthesea: monkaS
[13:58:38]  fredmanftw: lol get some boba it'll make u feel better :3
[13:59:20]  fredmanftw: gasp
[14:00:02]  fredmanftw: what do u like to treat urself with then
[14:00:41]  fredmanftw: aot?
[14:00:46]  saltychildofthesea: PogChamp new anime
[14:00:59]  fredmanftw: Chainsaw man?
[14:01:08]  saltychildofthesea: bisque
[14:01:29]  saltychildofthesea: POGGIES
[14:01:44]  andrewangus: どんなラーメンがすきですか
[14:01:53]  fredmanftw: ill look it up, haven't heard of bisque
[14:02:04]  rinta_rnt: さむらい
[14:02:56]  fredmanftw: Rom Com
[14:03:02]  fredmanftw: noice i like those
[14:03:22]  cupcake_chi: chashu
[14:03:45]  rinta_rnt: ぽんこつラーメン
[14:04:30]  andrewangus: 今日は醤油ラーメンを食べました
[14:05:17]  andrewangus: たくさん :)
[14:05:55]  andrewangus: たくさん
[14:06:00]  andrewangus: すみません
[14:06:01]  saltychildofthesea: subby moats
[14:06:14]  cupcake_chi: sussy moats
[14:07:25]  cupcake_chi: is it mario dressed as a crewmate
[14:08:01]  saltychildofthesea: snussy mayo man
[14:08:32]  andrewangus: たくさんやさいと照り焼きチキンとナルトと海苔でした
[14:08:34]  saltychildofthesea: Sadge +7
[14:08:52]  fredmanftw: Mario Mama mia
[14:09:05]  fredmanftw: bigchu14MEAT
[14:09:16]  andrewangus: LUL
[14:09:26]  saltychildofthesea: stop disrespecting meat
[14:09:26]  fredmanftw: It's Meat :)
[14:10:08]  saltychildofthesea: D:
[14:10:11]  fredmanftw: Yo meats got back up
[14:10:17]  saltychildofthesea: unmodding myself rn
[14:10:19]  fredmanftw: bigchu14MEAT quilbiMeat quilbiMeat quilbiMeat
[14:10:42]  cupcake_chi: gimme all ur meat
[14:10:42]  andrewangus: monkaS
[14:11:01]  fredmanftw: I wish i had the other Meats but for now this will do cuppyThumbsUpCry
[14:11:57]  fredmanftw: brb gotta increase my salt intake with some league ranked
[14:12:05]  fredmanftw: PJSalt PJSalt PJSalt PJSalt
[14:12:41]  fredmanftw: itll never happen but i appreciate the positivity :D
[14:12:59]  fredmanftw: I lost hope years ago
[14:13:00]  saltychildofthesea: it'll happen COPIUM
[14:13:55]  andrewangus: 草
[14:23:17]  saltychildofthesea: monkaTOS
[14:23:35]  saltychildofthesea: nah just monkaW i think
[14:25:26]  saltychildofthesea: Prayge
[14:25:54]  saltychildofthesea: Gold ofcourse COPIUM
[14:26:13]  saltychildofthesea: COPIUM 100% perfect
[14:26:33]  saltychildofthesea: COPIUM just as planned
[14:31:49]  saltychildofthesea: Prayge just let me get to basement
[14:33:35]  saltychildofthesea: i will start running again after my exams and college applications and stuff HYPERS
[14:34:27]  saltychildofthesea: Prayge you'll get it eventually
[14:35:44]  saltychildofthesea: bonk bonk BOP
[14:36:03]  saltychildofthesea: Sadge
[14:39:33]  saltychildofthesea: Prayge runs going great
[14:41:38]  saltychildofthesea: Pog EVEN
[14:41:56]  saltychildofthesea: Pog LIKE STEVEN
[14:42:55]  saltychildofthesea: POGGIES GREEN ZERO
[14:44:14]  saltychildofthesea: ah yes as the kids say "no bueno" 👴
[14:44:40]  saltychildofthesea: SadCatW rip run
[14:53:44]  fredmanftw: Pog I won yamiki3RAVE
[14:54:10]  fredmanftw: I main jng
[14:54:21]  fredmanftw: Nunu primarily
[14:54:58]  fredmanftw: I think were in real season now
[14:55:33]  fredmanftw: Yeah it looks different
[14:55:40]  fredmanftw: i like the direction they are going in
[14:56:21]  fredmanftw: I agree with whoever said the polish
[14:58:48]  fredmanftw: oh yeah getting those swim presses like a boss
[14:58:54]  fredmanftw: niiiiiice
[14:59:32]  saltychildofthesea: ok gonna go schleep daphSlep good luck on the runs Prayge
[14:59:51]  fredmanftw: why does it feel like time just skipped forward
[15:00:20]  saltychildofthesea: i will Prayge jetlag helps me sleep HYPERS
[15:00:31]  fredmanftw: omg ur right... holy shi i was like isnt it like 10? and its 1am
[15:00:41]  saltychildofthesea: i actually was OMEGALUL
[15:00:46]  fredmanftw: Pog France
[15:01:07]  saltychildofthesea: baguette lanf Pog
[15:01:13]  saltychildofthesea: land*
[15:01:41]  saltychildofthesea: hold on i need to see this pb before I sleep Prayge
[15:02:37]  saltychildofthesea: that would've kept me up monkaS
[15:02:50]  fredmanftw: yamiki3RAVE yamiki3RAVE yamiki3RAVE
[15:03:16]  saltychildofthesea: Prayge sub 19
[15:03:48]  saltychildofthesea: Sadge damn
[15:05:19]  saltychildofthesea: if only you didn't throw SadCatW
[15:05:54]  saltychildofthesea: throws for 6 hours Pog
[15:06:36]  saltychildofthesea: jesus monkaS
[15:07:28]  saltychildofthesea: alexa whats the definition of insanity? monkaHmm
[15:07:51]  saltychildofthesea: true Pog
[15:08:15]  saltychildofthesea: whomps hell HYPERS
[15:08:52]  fredmanftw: have an amazing night zetto! <3
[15:08:56]  saltychildofthesea: HYPERS good stream
[15:09:08]  saltychildofthesea: nini daphSlep
[15:10:06] ktrZetto is now offline.
