# Start logging at 2022-02-19 10:01:41 Tokyo Standard Time
[10:01:41]  streamelements: ktrZetto is now live! Streaming Super Mario 64: 【EN/JP】 weebs welcome~ | HAPPY WEEKEND SPEEDRUN
[10:01:41] 2022年2月19日
[10:03:05] ktrZetto is live!
[10:03:50]  chef_zack: HYPERS
[10:05:57]  chisasfam: storm is still making my wifi shit so  I apologise
[10:06:09]  chisasfam: gl on runs have a good stream and great rest of your day
[10:06:53]  musicelliott: What’s up ⬆️ ktrzetAyo
[10:18:24]  rinta_rnt: Cheer1 Wiiの でぃすくどらいぶ し＾んだ
[10:21:02]  rinta_rnt: WiiUにHBCいれるわ
[10:21:23]  trubbish: good luck on the runs ^^
[10:24:27]  huckleberry262: morning zetto mizkifHypers
[10:35:26]  musicelliott: がんばってください ktrzetYay
[10:41:52]  chisasfam: zetto more like zepoo
[10:42:40]  chisasfam: since the storm is killing my wifi im editing a video :s im lurking tho lol
[10:42:51]  chisasfam: its okay zetto you arent playing poo you are poo
[10:43:05]  chisasfam: just stream highlight
[10:43:09]  chisasfam: you love me really
[10:43:29]  chisasfam: how have you been zetto
[10:43:36]  chisasfam: ILL EDIT THEM FOR YOU
[10:43:41]  chisasfam: FOR FREE
[10:43:44]  chisasfam: itll give me something to do
[10:44:03]  chisasfam: igy igy
[10:44:14]  chisasfam: bro my wifi
[10:44:25]  chisasfam: let me join on freaking mobile fml
[10:44:45]  303devilfish: nyannBlankies ktrzetD nyannBlankies ktrzetD nyannBlankies ktrzetD nyannBlankies ktrzetD
[10:44:58]  chisasfam: Maybe maybe
[10:45:13]  303devilfish: i have gone all in on believe, no pressure :)
[10:45:29]  chisasfam: Who made your thing that comes infront of your facecam every so often?
[10:45:53]  chisasfam: Wisdom tooth :s
[10:45:59]  nightbot: Hit the follow button if you enjoy the stream so you can come back for more! 配信が面白かったらフォローしてね！
[10:46:06]  chisasfam: Get is removed :o
[10:46:15]  303devilfish: recovering from wisdom tooth removal sucks Sadge
[10:46:25]  chisasfam: chisasBLJ
[10:46:28]  chisasfam: Oof
[10:46:49]  chisasfam: If you get it removed hopefully all goes well 💜
[10:47:36]  chisasfam: Bro what that’s kinda cool
[10:49:43]  chef_zack: i dont think you could pay me to go through wisdom teeth recovery again
[10:49:57]  303devilfish: I had one growing in sideways that they had to crack open like an eggshell and suck out with a vacuum :)
[10:50:05]  chef_zack: that shit was aids
[10:50:23]  chef_zack: well it sucks if you dont get them removed
[10:50:46]  chisasfam: Zetto if I paid you could you provide a small translation service for me :))
[10:50:46]  chef_zack: yeah
[10:50:57]  chef_zack: or be lucky that you arent born with them
[10:51:45]  chisasfam: Yay , It would be like less than 30 seconds
[10:51:54]  chisasfam: I’ll message you about it later
[10:52:07]  chef_zack: an album
[10:52:24]  chef_zack: the lyrics were unrecognizable
[10:52:53]  chisasfam: That seems very tedious lmfao
[10:53:55]  chisasfam: Mines just like a post music video message like “thanks for watching ect” and it would be subtitled with me talking English and there would be Portuguese and Japanese subtitles
[10:55:13]  chisasfam: It’s like when artists release instrumentals for their songs then the one good song like their best song they have, no instrumental
[10:56:02]  chisasfam: Neither do I , but as a singer it’s good to practice too
[10:56:24]  chisasfam: I think it’s so people can cover them easier / use them for samples
[10:57:12]  andrewangus: こんにちは
[10:57:19]  musicelliott: One cool thing about instrumental music is you can create your own story in your mind based on what you hear premierYuck
[10:58:03]  chisasfam: No, Hiroji Miyamoto has instrumentals of all of his songs in his releases
[10:58:08]  chisasfam: As an example ^
[10:59:38]  chisasfam: Zetto why is こんにちは wrote with は and not わ
[10:59:48]  chisasfam: When it’s pronounced with wa
[10:59:53]  chisasfam: Unless I’m deaf
[11:00:19]  andrewangus: holy shit i understand
[11:00:24]  andrewangus: that makes so much sense
[11:01:31]  chisasfam: Ah so they just put は to shorten it?
[11:01:38]  chisasfam: I see okay
[11:01:46]  chisasfam: Japan lore
[11:02:24]  chisasfam: Zetto we’re you alive during the 1800s , more specifically the edo period
[11:02:28]  chisasfam: I don’t know what wa means
[11:03:18]  chisasfam: I think desu ka means “are you” I’m not sure tho , just gathering that from o genki desu ka
[11:03:21]  chisasfam: Ah so wa is is
[11:03:31]  chisasfam: So wa , will always mean is ?
[11:04:08]  andrewangus: i think です is is
[11:04:15]  andrewangus: where wa just indicated the subject
[11:04:25]  chisasfam: Well I asked if you were alive during the edo period bc you never disclosed how old you were so you know LMFAO
[11:04:36]  chisasfam: This is so confusing my brain is exploding
[11:04:57]  chisasfam: So everything is context
[11:05:07]  chisasfam: So it depends on the sentence ?
[11:07:11]  real_prime_subscription: never here in time for the prediciton Sadge
[11:07:19]  chisasfam: Yes , how do I know how old you are ?
[11:07:27]  chisasfam: Okay so higher or lower than 200v
[11:07:43]  chisasfam: are we talking 320 420 or 120 or just 20
[11:08:12]  chisasfam: I just meant 200 the v was accident
[11:09:10]  chisasfam: Okay so that narrows it down to around 10 numbers , so you weren’t alive during edo , okay
[11:09:46]  chisasfam: I won’t guess your age , I will wait for you to play the Lego movie game
[11:10:37]  chisasfam: You spent 18 hours doing a puzzle but you won’t make Lego
[11:10:39]  chisasfam: Okay
[11:11:26]  real_prime_subscription: Like, a jigsaw puzzle?
[11:11:33]  real_prime_subscription: I like rubiks cubes
[11:11:36]  chisasfam: Was it all in 1 sitting the 18 hour one ?
[11:11:55]  real_prime_subscription: yo thats hype
[11:11:58]  real_prime_subscription: I fuck with that
[11:12:17]  real_prime_subscription: I did crosswords on my stream once
[11:12:22]  real_prime_subscription: everyone left LUL
[11:13:07]  real_prime_subscription: some games aren't good stream games
[11:13:34]  chisasfam: Zetto would you do a hot tub stream
[11:14:06]  chisasfam: I feel streaming genshin is like meh
[11:14:21]  chisasfam: Like genshin is fun but watching someone play it isn’t, to me atleast
[11:15:05]  real_prime_subscription: the content in genshin is spending money
[11:15:37]  chisasfam: Genshin multiplayer you could stream
[11:15:40]  chisasfam: But solo no
[11:15:55]  laurabraus: yo
[11:16:11]  chisasfam: Also minecraft creative mode streams , I don’t understand how they’re entertaining
[11:16:17]  real_prime_subscription: gg
[11:17:07]  chisasfam: The worst game to stream is super Mario 64, am I right chat
[11:17:21]  chisasfam: Especially Speedrunning ewwww
[11:18:06]  laurabraus: when your hands dont work...
[11:18:24]  laurabraus: would you wanna live until youre 200 if your body still worked
[11:18:57]  chisasfam: Yeah people just stream them building in minecraft in creative and that’s it
[11:19:11]  chisasfam: It’ll just be them building, no mic just building
[11:19:28]  chisasfam: It’s a popular niche tbf
[11:20:16]  laurabraus: so true
[11:20:33]  laurabraus: i was just about to say valorant
[11:20:39]  laurabraus: same with apex
[11:21:37]  laurabraus: mario is also easy to understan but complex enough to be impressive if you're good
[11:21:42]  laurabraus: understand**
[11:21:46]  chisasfam: Zetto bedtime
[11:21:48]  chisasfam: Gn gl on runs
[11:21:53]  chisasfam: Have a good day !
[11:21:53]  laurabraus: goodnight chisa
[11:21:55]  nightbot: https://clips.twitch.tv/GeniusCovertSalmonItsBoshyTime-NECqGzkggZv8lT-v
[11:22:00]  chisasfam: Gn Laura !
[11:22:00]  nightbot: https://clips.twitch.tv/GeniusCovertSalmonItsBoshyTime-NECqGzkggZv8lT-v
[11:22:03]  chisasfam: chisasBLJ chisasBLJ chisasBLJ chisasBLJ chisasBLJ chisasBLJ
[11:22:27]  chisasfam: Also, I added you to my auto host list bc you’re actually entertaining
[11:23:43]  laurabraus: if i get an audience i will
[11:23:45]  real_prime_subscription: I'll do that when I actually have viewers lol. might take a few months
[11:23:53]  laurabraus: ^^ rt
[11:24:26]  laurabraus: damn he is scraping for views
[11:24:36]  laurabraus: no okay ill do it
[11:25:20]  real_prime_subscription: yo, are there any like, chain stores over there to buy n64 stuff? I have a friend in japan and I wanna see if they can get me an OEM controller
[11:25:49]  real_prime_subscription: hard off?
[11:26:04]  real_prime_subscription: dope, thanks!
[11:26:48]  real_prime_subscription: wait does book off do like, manga and shit?
[11:28:11]  real_prime_subscription: might have to see if they have some jojos manga, I really want some part 8 volumes
[11:28:57]  real_prime_subscription: ahh okay so kinda like a thrift store in america
[11:30:01]  laurabraus: F
[11:30:12]  real_prime_subscription: F
[11:30:17]  real_prime_subscription: I DO THAT LUL
[11:32:22]  real_prime_subscription: I wanna just visit but I'm broke
[11:32:54]  real_prime_subscription: thats unironically how most of my attempts at slide look ngl
[11:33:47]  laurabraus: god
[11:34:13]  real_prime_subscription: budgeting for me usually goes something like "gotta pay all this shit, how am I gonna eat" lol
[11:34:37]  laurabraus: damn prime are you ok
[11:35:07]  real_prime_subscription: Eh? I get by I guess
[11:35:39]  real_prime_subscription: Its defintely not the pinicale of living, but I definitely blame a lot of the systems in place in America
[11:35:50]  real_prime_subscription: I won't get political about it, but its very political Sadge
[11:37:11]  real_prime_subscription: I sorta have a mortgage? Idek how to explain it without giving a million details
[11:37:20]  real_prime_subscription: long story short parents died and I ended up with a house
[11:37:26]  laurabraus: whoa
[11:37:48]  laurabraus: at least you did end up with a house right?
[11:37:48]  real_prime_subscription: Yeah dude, you're tellin me, dropped out of college cause of it
[11:38:14]  laurabraus: omfg
[11:38:24]  real_prime_subscription: @laurabraus Its kinda a catch 22 cause having a house with no money means you cant maintain it and this place is kinda falling apart
[11:38:39]  laurabraus: damn dude
[11:39:00]  laurabraus: maintining a house costs so much
[11:39:04]  real_prime_subscription: I mostly blame a roommate I had tho, he didn't pay me for almost a year during covid and there wasn't shit I could do
[11:39:18]  laurabraus: get a lawyer
[11:39:30]  laurabraus: FUCK
[11:39:34]  real_prime_subscription: LUL
[11:39:35]  real_prime_subscription: YEP
[11:41:28]  chisasfam: Nice yellow
[11:42:01]  laurabraus: omg get it together
[11:42:35]  laurabraus: btw are you still sick?? how are you feeling
[11:42:47]  chisasfam: Green
[11:42:50]  rinta_rnt: PCR結果は
[11:42:56]  laurabraus: ok good ! better is good
[11:42:56]  chisasfam: Hey zetto
[11:43:03]  real_prime_subscription: Just realized my twitch account is older than most middle schoolers at this point LUL
[11:43:10]  chisasfam: If you don’t pb 32k channel points go to non believers
[11:43:14]  laurabraus: yeah so true...
[11:43:35]  laurabraus: i would wait i think. or see her from afar and wave
[11:43:48]  real_prime_subscription: oh god...
[11:44:03]  real_prime_subscription: it's like, a really bad username man, like, I was young lol
[11:44:20]  laurabraus: through the window LMAO
[11:44:22]  real_prime_subscription: basically myname with a bunch of numbers
[11:44:34]  chisasfam: Prime it can’t be that bad, mine was cute vinyl scratch
[11:44:34]  laurabraus: omfg a 40 min drive just to go wave
[11:44:38]  chisasfam: Like the freaking pony
[11:44:45]  chisasfam: Zetto she would appreciate the effort
[11:45:05]  nightbot: Hit the follow button if you enjoy the stream so you can come back for more! 配信が面白かったらフォローしてね！
[11:45:32]  laurabraus: no dont consider it
[11:45:57]  real_prime_subscription: apparently you can see name history in FFZ
[11:46:05]  chisasfam: It wouldn’t be the same
[11:46:18]  real_prime_subscription: somethin in the mod panel apparently
[11:46:33]  chisasfam: Nice yellow
[11:46:49]  real_prime_subscription: I only changed it 2 or so years ago
[11:46:51]  real_prime_subscription: if evn
[11:47:17]  real_prime_subscription: i was alex504405 for so long... cringe. Why all the numbers man
[11:47:45]  real_prime_subscription: So many numbers dude, and its not even my real name lol
[11:47:52]  real_prime_subscription: well, it kinda is but not really
[11:48:16]  real_prime_subscription: idc if you leak first tbh, just no last
[11:48:40]  real_prime_subscription: I'll send my address in this chat so anyone who watches both has all the pieces to kill me lol
[11:49:12]  real_prime_subscription: why does the shell break there?
[11:49:25]  303devilfish: nyannBlankies ktrzetD
[11:49:38]  chisasfam: Prime you may as way throw your Social security in there too
[11:49:47]  chisasfam: chisasBLJ chisasBLJ chisasBLJ
[11:49:51]  real_prime_subscription: oh yeah thats 4
[11:50:02]  real_prime_subscription: just 4 4Weird
[11:50:29]  chisasfam: Not saying gn to zetto bc he was the reason my pizza burnt yesterday
[11:50:46]  real_prime_subscription: I blame your nose
[11:50:53]  real_prime_subscription: you shoulda smelled the pizza was done
[11:53:21]  laurabraus: hes got a point
[11:53:40]  laurabraus: dont underestimate the instructions!
[11:53:49]  real_prime_subscription: my olefactory lobe is huge 5Head
[11:54:22]  laurabraus: GOTTA DO THE COOKIN BY THE BOOK
[11:54:42]  real_prime_subscription: its the part of the brain responsable for taste and smell
[11:54:44]  laurabraus: i forget the other lyrics
[11:54:59]  laurabraus: i just remember the lil jon remix
[11:55:05]  real_prime_subscription: never use a messy receipe, your cake will end up crazy
[11:55:13]  laurabraus: yess thats what i remember the tune LMAO
[11:55:23]  laurabraus: i know one line was like "it will come out crazy" or something
[11:55:41]  real_prime_subscription: then lil john comes in
[11:55:45]  laurabraus: @Real_Prime_Subscription YES
[11:55:53]  real_prime_subscription: and he's like "NOW BREAK IT DOWN BITCH, LEMME SEE YOU BACK IT UP"
[11:56:02]  laurabraus: HAHHSDGJXFKJH I LOVE THAT VIDEO
[11:56:13]  laurabraus: im glad someone knew what i meant
[11:56:15]  real_prime_subscription: lol
[11:56:27]  real_prime_subscription: that video is imprinted in my brain
[11:57:08]  laurabraus: i wish you could still stream osu but copyright
[11:57:12]  real_prime_subscription: I think I heard it in CSGO
[11:57:20]  real_prime_subscription: when people would micspam
[11:58:07]  real_prime_subscription: people would always have the bots to play shit thru their mic, and it was always 1000% volume lol
[11:58:49]  real_prime_subscription: you're tryna fake a rush b and your teammate is playing "monogatari snoopdog remix" at 1k% volume and you cant hear any callouts
[12:00:14]  nightbot: Hit the follow button if you enjoy the stream so you can come back for more! 配信が面白かったらフォローしてね！
[12:00:32]  real_prime_subscription: sorry "Bakemonogatari snoop dog remix" had to spell it right lol
[12:01:43]  real_prime_subscription: I've never seen the show, I just know it has fire intros man
[12:01:57]  real_prime_subscription: also isnt one of them just monogatari? lol
[12:02:54]  finl__: yi gl
[12:02:57]  finl__: yo*
[12:04:39] ブライトくん bright_f4: Ummm Guys President Biden made an address earlier that war with Russia is imminent…this weekend. We about to enter world war 3
[12:05:02]  real_prime_subscription: nonono, he said russia invading ukrane was imminent I thought
[12:05:12]  real_prime_subscription: that doesn't mean war, we can just... let them...
[12:05:26]  real_prime_subscription: its shit but like, why we fighting wars on the other side of the planet?
[12:05:29] ブライトくん bright_f4: @real_prime_subscription USA won’t let it invade without ear bro
[12:05:38] ブライトくん bright_f4: War*
[12:05:41]  real_prime_subscription: they let them do it in crimea LUL
[12:05:59] ブライトくん bright_f4: Yeah this time it’s more serious
[12:06:01]  real_prime_subscription: UN will just wag their finger again and russia will take back more land
[12:06:19]  real_prime_subscription: I'd bet money on this not going to war if I could tbh
[12:06:24] ブライトくん bright_f4: And UK playing cheerleader for USA right now
[12:06:38]  real_prime_subscription: lemme read what biden said
[12:07:17]  real_prime_subscription: oh they're going for ukraines capital
[12:07:18]  real_prime_subscription: that is bad
[12:07:24]  real_prime_subscription: monkaS
[12:07:27] ブライトくん bright_f4: That’s what I said
[12:07:30] ブライトくん bright_f4: It’s more seirous
[12:07:35] ブライトくん bright_f4: “Make no mistake. If Russia pursues its plans, it will be responsible for a catastrophic and needless war of choice,” biden added.
[12:07:48]  real_prime_subscription: Yikes man
[12:08:00]  real_prime_subscription: another war on the other side of the world we don't need to be in
[12:08:01]  real_prime_subscription: great
[12:08:11] ブライトくん bright_f4: So Russia is about to invade at any given hour this weekend
[12:08:16] ブライトくん bright_f4: USA already sending troops to broderb
[12:08:19] ブライトくん bright_f4: Border*
[12:08:25] ブライトくん bright_f4: My brother is in the army
[12:08:29]  real_prime_subscription: fuck this man, my tax money goes to this dumb shit
[12:08:35]  real_prime_subscription: kinda hate america ngl
[12:08:53] ブライトくん bright_f4: Japan would be joining too if it’s world war 3
[12:09:03]  real_prime_subscription: yeah, america would make them
[12:09:19] ブライトくん bright_f4: Actually this is world war 3 since Russia is a huge country and got China as it’s ally
[12:09:32]  real_prime_subscription: russia + china might just nuke us all tbh
[12:09:46] ブライトくん bright_f4: China could invade japan though
[12:09:50] ブライトくん bright_f4: If it’s world war 3
[12:10:19] ブライトくん bright_f4: It would be a domino effect
[12:10:21]  real_prime_subscription: yeah america is gonna retreat
[12:10:56] ブライトくん bright_f4: Just can’t believe this is happening in 2022 during a pandemic
[12:11:05] ブライトくん bright_f4: I thought we all learned from history
[12:11:26]  real_prime_subscription: crazy how half of the shit biden is calling out is shit that Israel did to Palestine yet thats okay
[12:11:41]  real_prime_subscription: such a dumb double standard
[12:11:56]  real_prime_subscription: I gotta bitch about this to someone
[12:11:58]  real_prime_subscription: brb
[12:12:37] ブライトくん bright_f4: Zetto we should lock ourselves inside and play Mario if a nuke war were to happen across the globe
[12:12:46] ブライトくん bright_f4: I wanna use my last second playing mario
[12:12:59]  real_prime_subscription: I will actually play mario 64 until that nuke drops
[12:13:16]  real_prime_subscription: they can tell me its otw, I will still play
[12:13:41]  real_prime_subscription: oh yeah, laws go out the window
[12:13:59] ブライトくん bright_f4: Lmao zetto gonna raid all the cup ramen and onigiri 🤣😂
[12:14:05]  real_prime_subscription: there is, you just don't need to know abt it so they haven't told you lol
[12:14:48]  real_prime_subscription: think about it, they tell you where bomb shelters are it causes a ton of fear
[12:15:09] ブライトくん bright_f4: I forgot about North Korea. They are ally with China and Russia too
[12:15:17] ブライトくん bright_f4: So they would attack South Korea and japan for sure in the war
[12:15:18]  real_prime_subscription: NK is broke
[12:15:21]  real_prime_subscription: they cannot afford war
[12:15:43]  real_prime_subscription: they'd attack SK for sure, but thats about it
[12:16:02] ブライトくん bright_f4: They only told the rich people
[12:16:16] ブライトくん bright_f4: Rich and powerful people got their bomb shelters
[12:17:13]  real_prime_subscription: is ur crypto down?
[12:17:46] ブライトくん bright_f4: There won’t be no dip for us to buy and hold for long since we all gonna die 🤣😂
[12:18:29]  real_prime_subscription: I wish
[12:39:05]  real_prime_subscription: ok  I am done complaining
[12:40:01]  real_prime_subscription: long story short, the rich are going to profit off of the poor from war and that upsets me because I am the poor
[12:40:51]  laurabraus: all we can do is try and get a new pb
[12:41:26]  laurabraus: that penguin just pooped out that star
[12:41:33]  real_prime_subscription: LULW
[12:41:58]  laurabraus: OMG
[12:42:08]  laurabraus: howd i never notice that in all these months
[12:42:16]  real_prime_subscription: AND
[12:46:32]  real_prime_subscription: SuperIdoldexiaorongdoumeinidetianbayuezhengwudeyangguangdoumeiniyaoyanreai105Cdenididiqingchundezhen  SuperIdoldexiaorongdoumeinidetianbayuezhengwudeyangguangdoumeiniyaoyanreai105Cdenididiqingchundezhen  SuperIdoldexiaorongdoumeinidetianbayuezhengwudeyangguangdoumeiniyaoyanreai105Cdenididiqingchundezhen  SuperIdoldexiaorongdoumeinidetianbayuezhengwudeyangguangdoumeiniyaoyanreai105Cdenididiqingchundezhen
[12:46:54]  real_prime_subscription: 🥶BING CHILLING🥶
[12:55:48]  huckleberry262: johnny656Lurk
[12:57:20]  huckleberry262: yo unrelated i got a match what do I say
[12:57:35]  huckleberry262: like tinder
[12:57:44]  chef_zack: LULW
[12:57:50]  huckleberry262: I'm dead
[12:58:09]  chef_zack: women? tf is that
[12:58:17]  laurabraus: did you talk to her yet
[12:58:26]  huckleberry262: not yet
[12:58:37]  chef_zack: pickup lines are dumb af
[12:58:43]  huckleberry262: I'll ask her what her 70 time is
[12:58:50]  laurabraus: LMAO
[12:58:56]  laurabraus: @Chef_Zack i agree
[13:00:00]  chef_zack: uh
[13:00:10]  chef_zack: yeah i play the same game over and over again
[13:00:21]  huckleberry262: too late already sent
[13:00:26]  chef_zack: and i try and beat it faster every time
[13:00:26]  laurabraus: does her profile have anything you can ask about
[13:00:28]  laurabraus: o
[13:00:45]  huckleberry262: I'll keep yall posted
[13:00:50]  huckleberry262: thx
[13:00:50]  laurabraus: thanks
[13:01:06]  nightbot: Hit the follow button if you enjoy the stream so you can come back for more! 配信が面白かったらフォローしてね！
[13:01:12]  laurabraus: we do
[13:01:16]  chef_zack: i think guys have lower standards
[13:01:16]  laurabraus: i almost said they. im them
[13:01:50]  huckleberry262: she said "?"
[13:01:53]  laurabraus: grls have higher standards
[13:01:55]  laurabraus: oh no
[13:01:56]  huckleberry262: quick response tho
[13:02:00]  huckleberry262: EZ
[13:02:19]  chef_zack: OMEGALUL
[13:02:25]  chef_zack: no fucking way you asked that
[13:02:26]  laurabraus: most girls on tinder just want validation hafl the time. im girls
[13:02:31]  huckleberry262: nah I clutch these
[13:02:52]  laurabraus: i dont have tinder anymore though  buti had it for years
[13:02:56]  huckleberry262: aight ya ill do that
[13:03:16]  chef_zack: that requires showing your face though
[13:04:20]  laurabraus: when i did the travel mode on tinder when it was free i tried a lot of places and chiba japan was one of them and most people blurred their face or wore masks in their profiles anyways
[13:04:41]  laurabraus: or only posted pics of their cats or food. loved those profiles
[13:04:58]  laurabraus: theyre smart for that
[13:06:15]  chef_zack: ive gotten more comfortable at showing my face
[13:06:23]  huckleberry262: she liked my message and unmatched 😂😂😂😂
[13:06:30]  laurabraus: NOOO
[13:06:32]  laurabraus: omfg
[13:06:41]  chef_zack: OMEGALUL
[13:06:46]  chef_zack: thats how you weed out the losers
[13:06:51]  laurabraus: for real
[13:06:54]  huckleberry262: ggs good riddance
[13:07:13]  chef_zack: how can you not like mario
[13:07:16]  chef_zack: hes sick af
[13:07:19]  laurabraus: see a red flag
[13:08:22]  chef_zack: Pog thats tomorrow?
[13:08:24]  laurabraus: lots of guys on tinder are like need a girl to go to the gym with. and then lets go hiking. and then climb mt. everest. such athletic people and im like i watch strangers play video games repeatedly.
[13:08:55]  laurabraus: thats american tinder though
[13:09:27]  huckleberry262: I heard Nintendo will like try to destroy you if you stream switch sports so just be careful
[13:09:55]  chef_zack: do women like that alpha bullshit?
[13:10:07]  huckleberry262: ya buncha streamers didn't stream it today
[13:10:18]  laurabraus: some women do
[13:10:28]  huckleberry262: you may be chillin
[13:10:28]  laurabraus: they THINK they want that
[13:10:45]  laurabraus: and then theyre like omg hes toxic like yeah
[13:11:15]  303devilfish: reminder i have 25k points riding on pb :)
[13:11:21]  chef_zack: what the fuck
[13:11:35]  laurabraus: i thought a soyboy was someone whos vegan
[13:12:40]  laurabraus: vegetarian
[13:12:45]  laurabraus: ill look it up
[13:12:49]  robertzarmy: bro wait im about to make so many points
[13:12:50]  chef_zack: like femboy
[13:13:12]  chef_zack: like a feminine guy because they arent jacked or 100% masculine
[13:13:19]  laurabraus: yeah its like femboy
[13:13:22]  robertzarmy: I get like 32k when I'm right
[13:13:44]  chef_zack: how much did you bet rob
[13:13:44]  robertzarmy: bro look at the fucking odds
[13:13:47]  laurabraus: "Associated with the alt-right, soyboy is an insult used online for men seen as effeminate liberals. It comes from the myth that consuming soy products lowers testerone levels in a man."- google, dictionry . com
[13:13:47]  robertzarmy: 5k
[13:13:51]  laurabraus: dictionary*
[13:13:53]  chef_zack: oh true
[13:14:08]  robertzarmy: free sub EZ
[13:14:33]  darkphoeen1x: hey :D
[13:14:53]  laurabraus: yo phoenix
[13:14:55]  chef_zack: they think that if you eat beyond meat products you'll obtain estrogen and become more feminine
[13:15:11]  chef_zack: but you'd need to eat like 400 patties for it to actually do anything
[13:15:16]  laurabraus: cause MEAT is for MEN
[13:15:18]  darkphoeen1x: i'm again at 5 Am awake ^^
[13:15:25]  real_prime_subscription: literally mcdonalds burgers have soy in them lol
[13:15:30]  real_prime_subscription: 90% of processed food has soy
[13:16:09]  chef_zack: its a company that makes plant based meat products
[13:16:11]  darkphoeen1x: i was watching the FF14 Live letter
[13:16:17]  chef_zack: they're pretty recognizable in the US
[13:16:25]  laurabraus: why do they call it BEYOND meat
[13:16:25]  chef_zack: and they're pretty good
[13:16:51]  darkphoeen1x: just a short break
[13:16:57]  chef_zack: probably cause beyond implies future and the future probably isnt animal based food
[13:17:04]  darkphoeen1x: before i resume watching it
[13:17:30]  real_prime_subscription: cows also emit a ton of methane
[13:17:41]  real_prime_subscription: which is worse than co2
[13:17:51]  real_prime_subscription: (by volume)
[13:19:54]  roboplodicus: hi
[13:31:12]  haine_sense1: Hi
[13:31:19]  laurabraus: sup haine
[13:31:28]  haine_sense1: Very tired
[13:31:44]  haine_sense1: It’s 4:30am and I just woke up
[13:31:50]  laurabraus: wtf
[13:31:57]  haine_sense1: And I have work to do
[13:32:01]  haine_sense1: Uni work
[13:32:24]  haine_sense1: I also need to get breakfast of course
[13:33:40]  haine_sense1: I mean, c’mon I’m studying at Cambridge, the general rule is, there is something you have due soon
[13:33:58]  haine_sense1: I suspect this is true for most university lives
[13:34:36]  laurabraus: CAMBRIDGE
[13:34:40]  haine_sense1: What?
[13:34:56]  laurabraus: thats a good school
[13:35:06]  haine_sense1: I mean, yes
[13:35:10]  laurabraus: i didnt
[13:35:14]  laurabraus: wtf
[13:35:24]  haine_sense1: Lol
[13:35:35]  laurabraus: the next einstein right beside me and i didnt know
[13:35:51]  haine_sense1: Sorry, not a physicist
[13:36:04]  laurabraus: the einstein of your field
[13:36:23]  haine_sense1: I mean, currently only a 2nd year student at Cambridge…
[13:36:32]  haine_sense1: So I don’t even know algebraic topology ;(
[13:36:46]  laurabraus: i dont even know what that is
[13:37:08]  haine_sense1: Lol basically using algebraic ideas to study topology
[13:37:24]  laurabraus: not me googling what topology is
[13:37:57]  haine_sense1: I don’t even know how to define topology without using the term “open set”
[13:38:13]  haine_sense1: No, topology is not the study of topping
[13:38:20]  haine_sense1: I wouldn’t want to study that
[13:38:30]  laurabraus: i looked it up but i still dont get it but thats ok
[13:38:36]  laurabraus: i would
[13:38:51]  laurabraus: thats why i should study psych and you should study math. different strengths
[13:39:01]  haine_sense1: Basically it’s just abstracted geometry where lengths don’t exist but a notion of closeness does exist
[13:39:53]  haine_sense1: What? did you say about programming?
[13:40:02]  haine_sense1: Random extra question mark
[13:40:36]  laurabraus: i thought you were mad with that extra question mark
[13:40:45]  real_prime_subscription: the oxford question mark 5Head
[13:40:49]  haine_sense1: Lol
[13:40:55]  laurabraus: "what??? did you say?? about programming????" is how my brain read that
[13:41:17]  haine_sense1: Oxford comma is the thing
[13:41:36]  real_prime_subscription: advanced joke
[13:41:39]  haine_sense1: Which is just putting a comma before and
[13:41:53]  real_prime_subscription: @Haine_Sense1 specifically in a list
[13:42:02]  real_prime_subscription: when not used as a conjunction
[13:42:09]  haine_sense1: Well uea
[13:42:24]  haine_sense1: I made a program which Calculates pi. And I can prove that it works
[13:42:32]  haine_sense1: calculates*
[13:42:39]  haine_sense1: Random capital lettee
[13:42:46]  haine_sense1: letter
[13:43:41]  laurabraus: @Haine_Sense1 this is definitely a flex
[13:44:12]  haine_sense1: I’m presuming you calculated pi by finding an upper and lower bound with the perimeter of a polygon
[13:44:26]  haine_sense1: since that’s a normal method
[13:44:34]  laurabraus: no i can guarantee i have never calculated pi ever
[13:44:45]  laurabraus: i used a graphic calculator and pressed the pi button
[13:44:49]  laurabraus: hraphing*
[13:44:53]  laurabraus: graphing*
[13:44:56]  laurabraus: sry
[13:45:03]  nightbot: Hit the follow button if you enjoy the stream so you can come back for more! 配信が面白かったらフォローしてね！
[13:45:07]  haine_sense1: Oh, you just measured
[13:45:35]  haine_sense1: Fair enough I huess
[13:45:38]  haine_sense1: guess
[13:49:44]  laurabraus: its ok ktrzetSmile
[13:50:12]  laurabraus: nobody perfect i gotta work it
[13:50:23]  laurabraus: everybody makes mistakes everybody has those days
[13:50:44]  laurabraus: and it still slaps
[13:54:50]  haine_sense1: ok, time to eat breakfast
[13:56:27]  haine_sense1: just eat pizza
[13:56:57]  haine_sense1: did you ever get a pizza after I told you to?
[13:57:14]  haine_sense1: I didn't think so
[13:57:16]  haine_sense1: lol
[13:58:20]  haine_sense1: oh come on... someone used some of my milk
[13:59:32]  haine_sense1: you have bones?
[14:00:04]  haine_sense1: 😳
[14:01:38]  haine_sense1: but yea, it's fine really since I think they used like, very, very little
[14:01:52]  haine_sense1: but still, bit annoying
[14:02:25]  haine_sense1: that seems reasonable
[14:03:22]  haine_sense1: it might be the same person who kept taking my spoon last term
[14:03:39]  laurabraus: whys there always a spoon stealer
[14:04:47]  haine_sense1: I now have my own spoon - only one - and make sure to only store it in my room
[14:05:10]  haine_sense1: of course, milk still has to be stored in the fridge
[14:06:25]  robertzarmy: HELLO????????????
[14:06:27]  robertzarmy: HELLO DESU ?
[14:06:39]  laurabraus: whats up rob
[14:06:40]  robertzarmy: YOU WILL DIE IN DARK WORLD?
[14:06:52]  robertzarmy: OMEGALUL
[14:06:54]  haine_sense1: lol
[14:06:58]  chef_zack: you fucking jinxed him
[14:07:01]  chef_zack: wtf robert
[14:07:02]  laurabraus: ROB
[14:07:05]  laurabraus: holy shit
[14:07:19]  laurabraus: it was because of rob
[14:07:20]  lovelyfreya: Cheer100 ktrzetChill
[14:07:23]  robertzarmy: I can see the future.
[14:07:26]  laurabraus: he straight up jinxed you
[14:07:35]  laurabraus: ive never seen hexing like that
[14:09:02]  robertzarmy: i got another one
[14:09:10]  robertzarmy: YOU WILL NOT PB TODAY? I HAVE TOO MANY POINTS TO WIN?
[14:10:19]  303devilfish: 25k points btw :)
[14:10:35]  303devilfish: because i believe PepeHands
[14:10:41]  robertzarmy: believers barely win anything if they do lmao
[14:11:22]  robertzarmy: and I will gain 32k
[14:11:25]  robertzarmy: it's good value
[14:12:20]  haine_sense1: streamer doing maths
[14:15:53]  robertzarmy: gg
[14:16:12]  laurabraus: gotta go to sleep but good luck you maybe got this
[14:16:27]  robertzarmy: you do NOT got this!
[14:17:12]  robertzarmy: rich individual *
[14:17:15]  haine_sense1: I don't believe that you have it, but you might I suppose
[14:17:30]  robertzarmy: points are power in this world...
[14:17:49]  haine_sense1: how many you got rn?
[14:17:53]  robertzarmy: 9k
[14:18:04]  haine_sense1: not enough
[14:18:32]  robertzarmy: boutta be 40k
[14:18:45]  haine_sense1: that's assuming he doesn't pb
[14:18:55]  robertzarmy: not a hard assumption to make
[14:19:20]  haine_sense1: well no assumption is hard to make
[14:19:33]  robertzarmy: that day was yesterday and you threw it hard zetto
[14:19:47]  haine_sense1: are you gonna stream for 13 hours?
[14:20:01]  lovelyfreya: ktrzetYay ktrzetYay ktrzetYay
[14:20:55]  robertzarmy: i did not know this wordle word
[14:21:10]  robertzarmy: as long as it's 245
[14:21:12]  robertzarmy: and not 246
[14:21:32]  real_prime_subscription: I'll have to leave for it lol
[14:21:39]  robertzarmy: yes
[14:21:46]  robertzarmy: its 12:21
[14:21:50]  robertzarmy: date changed 20 minutes ago
[14:21:58]  real_prime_subscription: no its 11:20 Clueless
[14:22:08]  robertzarmy: DO THE WORDLE.
[14:22:31]  real_prime_subscription: don't do the wordle :)
[14:22:32]  robertzarmy: DO IT NOW.
[14:22:40]  real_prime_subscription: don;t do it ty :)
[14:22:46]  robertzarmy: DO IT. RIGHT NOW
[14:22:51]  real_prime_subscription: no :)
[14:22:59]  robertzarmy: what is wrong with you.
[14:23:41]  robertzarmy: i hope your omegaluls turn into mine forever
[14:24:04]  robertzarmy: I like it
[14:24:07]  robertzarmy: i changed my mind
[14:24:23]  robertzarmy: the barf isn't real
[14:24:59]  robertzarmy: also minecraft server
[14:25:14]  robertzarmy: 今すぐ
[14:25:50]  chisasfam: I am awake
[14:26:00]  chisasfam: It is time to be a functioning member of society and work
[14:26:02]  haine_sense1: hi awake, I'm dad
[14:26:10]  chisasfam: Hi dad I’m awake
[14:26:36]  chisasfam: How have the runs being going zepoo
[14:26:39]  robertzarmy: your good friend rinta suggested it
[14:27:10]  haine_sense1: hm... I should probably drink some more and then get on with uni work
[14:27:40]  robertzarmy: I'm gonna go drink copious amount of alcohol and gamble brb
[14:27:40]  haine_sense1: you've gone upstairs... just not up the spiral stairs..
[14:27:46]  chisasfam: Wow Rob is going to be rich man
[14:27:51]  chisasfam: 32k points
[14:28:11]  haine_sense1: the ones in the lobby
[14:28:23]  chisasfam: Next stream doubters go all in smh
[14:28:54]  robertzarmy: no point to go all in
[14:28:59]  robertzarmy: when people dropping 30k on the other side
[14:29:15]  chisasfam: Are you scared to lose the points?
[14:29:17]  robertzarmy: low risk high reward
[14:29:35]  robertzarmy: it would be a negligible increase in points
[14:29:41]  robertzarmy: literally no point in betting more
[14:29:59]  chisasfam: Right I’m going to work, have a good stream dude gl gl
[14:30:13]  chisasfam: Idk dude it seems like to me, you’re scared of losing points
[14:30:15]  robertzarmy: yeah ok. Don't talk to me you poors LULW
[14:30:16]  lovelyfreya: Have a good day.
[14:30:34]  usausachu: lurk
[14:31:06]  robertzarmy: you don't get up to cloud district often
[14:31:29]  robertzarmy: how bout u get up to some bitches
[14:32:36]  robertzarmy: bonk of shame
[14:32:43]  lovelyfreya: ktrzetGZ ktrzetGZ ktrzetGZ
[14:32:46]  haine_sense1: that was an amazing bonk
[14:35:16]  robertzarmy: you will reset in 2 splits
[14:35:37]  lovelyfreya: I wanna see the BLJs again.
[14:35:42]  robertzarmy: all the prophecy told me was a number
[14:35:52]  lovelyfreya: Oh.
[14:37:59]  robertzarmy: nice CCM!
[14:39:49]  robertzarmy: not gold reset
[14:41:37]  robertzarmy: all according to plan.
[14:42:00]  usausachu: how long did your wordle take yesterday
[14:42:32]  usausachu: F for me
[14:43:02]  haine_sense1: you're on for pb wow
[14:43:08]  haine_sense1: stream is alive
[14:43:11]  robertzarmy: this wordle was a fake word
[14:43:16]  robertzarmy: is
[14:43:47]  robertzarmy: you should do it
[14:43:49]  robertzarmy: DO IT
[14:44:03]  robertzarmy: do it when you reset in 6 minutes
[14:44:14]  real_prime_subscription: Smh
[14:44:41]  robertzarmy: it will take approximately 6 minutes for you to pass out from hunger
[14:45:36]  haine_sense1: "actually the worst way you can fail that" he says and then gets the rest of it basically perfect
[14:46:10]  haine_sense1: really?
[14:46:19]  haine_sense1: you sure you wouldn't have failed?
[14:49:38]  cosmicmikan: hey whats up
[14:50:03]  cosmicmikan: just finished fire emblem
[14:50:52]  robertzarmy: hi im here for the umineko stream? when exactly does it start
[14:51:37]  robertzarmy: I would
[14:51:43]  cosmicmikan: i'd watch you do anything so.
[14:51:54]  robertzarmy: it's only a 160 hour long VN
[14:52:23]  robertzarmy: I watched myself play it earlier
[14:52:54]  robertzarmy: stop this
[14:53:33]  real_prime_subscription: you stop @robertzarmy 4Weird
[14:53:41]  robertzarmy: no 4Weird
[14:53:54]  robertzarmy: ok yeah every single one of my emotes is messed up
[14:55:07]  robertzarmy: its some random video game characters face
[14:55:21]  robertzarmy: BatChest
[14:55:42]  robertzarmy: Pog
[14:55:55]  robertzarmy: my pog doesnt even show anything
[14:56:00]  robertzarmy: its just the letters
[14:56:26]  robertzarmy: bro I'm gonna spoil you on rapunzel 3
[14:57:17]  robertzarmy: THE FILM
[14:57:39]  cosmicmikan: there was a rapunzel 2?
[14:58:02]  robertzarmy: they appeared in frozen
[14:58:04]  robertzarmy: so it counts
[14:58:34]  cosmicmikan: what a weird cameo
[14:59:40]  robertzarmy: you should do the risky strat
[14:59:59]  robertzarmy: damn nice try on the risky strat
[15:00:08]  robertzarmy: gg
[15:00:20]  huckleberry262: its over....
[15:00:29]  robertzarmy: just in time for wordle
[15:00:39]  huckleberry262: gee geeee
[15:01:26]  huckleberry262: "there's risk" LUL
[15:01:57]  cosmicmikan: i got my booster today
[15:02:27]  robertzarmy: i have a burning desire to play apex with a vtuber
[15:02:37]  huckleberry262: I was up all night shivering after my booster
[15:02:44]  huckleberry262: but then was good
[15:02:47]  cosmicmikan: damn really? that sucks
[15:02:49]  robertzarmy: getting used to the 5G?
[15:02:54]  huckleberry262: ye
[15:03:05]  robertzarmy: gg
[15:04:13]  robertzarmy: COPIUM
[15:05:07]  robertzarmy: oh wait your best possible is pretty bad
[15:05:23]  robertzarmy: is that if you gold everything else?
[15:07:19]  robertzarmy: need chips brb dont start the wordle yet
[15:07:50]  robertzarmy: ye forsure
[15:07:53]  haine_sense1: 14 minutes*
[15:07:58]  haine_sense1: they're gonna be that good
[15:08:18]  huckleberry262: this is very pb able
[15:08:50]  huckleberry262: ya u right
[15:11:12]  huckleberry262: AGAIN
[15:11:22]  haine_sense1: I mean, you're alive...
[15:11:29]  303devilfish: can't wait till this PB's and i get all those points :)
[15:11:34]  haine_sense1: somehow
[15:12:43]  robertzarmy: u wont get very many points anyways
[15:12:59]  haine_sense1: that was weird
[15:13:08]  real_prime_subscription: If I never type again let it be known this is why... Wordle 245 X/6
[15:13:18]  robertzarmy: its a hard word dude
[15:13:22]  robertzarmy: gg
[15:13:29]  usausachu: ◼️◼️◼️◼️🟩 , 🟨◼️◼️◼️ 🟩 , ◼️🟩 🟩 🟩 🟩 , 🟩 🟩 🟩 🟩 🟩
[15:13:39]  huckleberry262: https://clips.twitch.tv/ColorfulBreakableDoveKappaWealth-oy48sjbzf1c7Zr9i
[15:13:41]  real_prime_subscription: I won't say anything more about it until zetto does it, but I am mad
[15:13:58]  haine_sense1: @Real_Prime_Subscription Wordle 245 5/6  ⬛⬛⬛⬛🟨 🟩⬛🟩🟩⬛ 🟩⬛🟩🟩🟩 🟩⬛🟩🟩🟩 🟩🟩🟩🟩🟩
[15:14:00]  robertzarmy: wordle taimu!!
[15:14:24]  robertzarmy: feels good.
[15:14:26]  musicelliott: ktrzetNOOO
[15:14:35]  usausachu: I hide from spoilers
[15:14:46]  musicelliott: Eat something premierYuck
[15:15:02]  robertzarmy: whats ur starting word
[15:15:47]  robertzarmy: sussy
[15:15:50]  lovelyfreya: I don't even understand this game, it is like Sudoku?
[15:15:50]  huckleberry262: sardonic?
[15:15:55]  haine_sense1: I can think of one, but I know the answer
[15:15:58]  cosmicmikan: oh hey jacky
[15:16:14]  lovelyfreya: @cosmicmikan HI baby. <3
[15:16:39]  lovelyfreya: Oh ok I get it now.
[15:16:40]  lovelyfreya: I give up.
[15:16:57]  robertzarmy: hmm try slate maybe
[15:17:21]  haine_sense1: if you guess a word with 2 of the same letter and the word contains one of the letter, then the first one is yellow and the second is grey unless one of them was in the correct position or the actual word does contain 2 of that letter
[15:17:38]  robertzarmy: zetto so lucky ...
[15:18:16]  real_prime_subscription: shrim
[15:18:25]  haine_sense1: oh come on, if you're guessing things like that, then you should get that word...
[15:18:37]  robertzarmy: stfu?
[15:19:24]  robertzarmy: szizl isn't a word lol
[15:19:40]  huckleberry262: @ktrzetto you guessed swilo and swilk guess 2 my heart stopped
[15:19:44]  robertzarmy: ???????????????????????????????????????????????????????????????????????????????????????????????
[15:19:46]  real_prime_subscription: Literally how do you even know thats a word
[15:19:48]  lovelyfreya: Huh?
[15:19:49]  haine_sense1: how the heck do you come up with that before spill?
[15:19:50]  real_prime_subscription: THATS NOT EVEN A FUCKING WORD BRO
[15:19:54]  haine_sense1: I mean not for spoil
[15:19:57]  robertzarmy: ?????????????????????????????????????????????????????????????????????????????????????????????????????????????????????????????????????????????????????????????????????????????????????????
[15:19:57]  haine_sense1: but like yea
[15:19:59]  real_prime_subscription: STRAIGHT UP NOT A WORD
[15:20:01]  real_prime_subscription: LITERALLY NOT
[15:20:14]  lovelyfreya: ktrzetAyo ktrzetAyo ktrzetAyo
[15:20:17]  haine_sense1: it becomes the word at some point lol
[15:20:19]  huckleberry262: @ktrzetto you guessed swilo and swilk guess 2 my heart stopped
[15:20:19]  robertzarmy: he cheated
[15:20:25]  real_prime_subscription: this is my joker moment. I failed the wordle and now I am going to commit heinous acts
[15:20:28]  rinta_rnt: smell
[15:20:51]  robertzarmy: i also got it in 4 but man u got lucky
[15:20:58]  real_prime_subscription: @robertzarmy didn't ask
[15:21:00]  real_prime_subscription: im mad
[15:21:04]  robertzarmy: ratio
[15:21:08]  real_prime_subscription: didnt ask
[15:21:08]  huckleberry262: I got it in 5 ggs
[15:21:10]  haine_sense1: heinous is pronounced hay ness not hay knee us
[15:21:12]  real_prime_subscription: don't care
[15:21:14]  real_prime_subscription: plus you're white
[15:21:18]  robertzarmy: proof?
[15:21:22]  haine_sense1: I can say that I did not know this word
[15:21:39]  real_prime_subscription: @robertzarmy statistics would say its more likely than not with your name :)
[15:21:54]  robertzarmy: cope u bad wordle player.
[15:21:59]  real_prime_subscription: kys
[15:22:00]  real_prime_subscription: lol
[15:22:07]  robertzarmy: ban this guy?
[15:22:08]  huckleberry262: raid johnny Sadge
[15:22:31] This channel is intended for mature audiences.
[15:22:34]  303devilfish: nyannAyaya
[15:22:39]  ktrzetto: !raid1
[15:22:40]  nightbot: HungryPaimon JAPAN MAN RAID HungryPaimon JAPAN MAN RAID HungryPaimon JAPAN MAN RAID HungryPaimon JAPAN MAN RAID HungryPaimon JAPAN MAN RAID HungryPaimon JAPAN MAN RAID HungryPaimon JAPAN MAN RAID HungryPaimon JAPAN MAN RAID
[15:22:41]  ktrzetto: !raid2
[15:22:41]  nightbot: ktrzetAY JAPAN MAN RAID ktrzetAY JAPAN MAN RAID ktrzetAY JAPAN MAN RAID ktrzetAY JAPAN MAN RAID ktrzetAY JAPAN MAN RAID ktrzetAY JAPAN MAN RAID ktrzetAY JAPAN MAN RAID ktrzetAY JAPAN MAN RAID
[15:22:49]  303devilfish: HungryPaimon JAPAN MAN RAID HungryPaimon JAPAN MAN RAID HungryPaimon JAPAN MAN RAID HungryPaimon JAPAN MAN RAID HungryPaimon JAPAN MAN RAID HungryPaimon JAPAN MAN RAID HungryPaimon JAPAN MAN RAID HungryPaimon JAPAN MAN RAID
[15:22:53]  huckleberry262: HungryPaimon JAPAN MAN RAID HungryPaimon JAPAN MAN RAID HungryPaimon JAPAN MAN RAID HungryPaimon JAPAN MAN RAID HungryPaimon JAPAN MAN RAID HungryPaimon JAPAN MAN RAID HungryPaimon JAPAN MAN RAID HungryPaimon JAPAN MAN RAID
[15:22:57]  haine_sense1: nah, I don't feel like raiding today
[15:23:02]  robertzarmy: its ok man
[15:23:05]  robertzarmy: i accept you
[15:23:05]  huckleberry262: good stream Drake
[15:23:08]  303devilfish: ktrzetAY JAPAN MAN RAID ktrzetAY JAPAN MAN RAID ktrzetAY JAPAN MAN RAID ktrzetAY JAPAN MAN RAID ktrzetAY JAPAN MAN RAID ktrzetAY JAPAN MAN RAID ktrzetAY JAPAN MAN RAID ktrzetAY JAPAN MAN RAID
[15:23:18]  usausachu: ktrzetAY JAPAN MAN RAID ktrzetAY JAPAN MAN RAID ktrzetAY JAPAN MAN RAID ktrzetAY JAPAN MAN RAID ktrzetAY JAPAN MAN RAID ktrzetAY JAPAN MAN RAID ktrzetAY JAPAN MAN RAID ktrzetAY JAPAN MAN RAID
[15:23:21]  haine_sense1: ktrzetAY JAPAN MAN RAID ktrzetAY JAPAN MAN RAID ktrzetAY JAPAN MAN RAID ktrzetAY JAPAN MAN RAID ktrzetAY JAPAN MAN RAID ktrzetAY JAPAN MAN RAID ktrzetAY JAPAN MAN RAID ktrzetAY JAPAN MAN RAID
[15:23:25]  usausachu: bye dumbo
[15:23:26]  303devilfish: COPIUM
[15:23:49]  usausachu: klabb if u wanna
[15:23:53]  robertzarmy: never
[15:23:58]  303devilfish: PauseChamp
[15:24:06] Now hosting MagicalMomoka.
[15:25:05] ktrZetto is now offline.
[15:33:38] magicalmomoka has gone offline. Exiting host mode.
[19:58:27]  smc5: WideHardo PianoTime
[20:03:57]  ktrzetto: WideHardo CrayonTime
[20:48:05]  smc5: WideHardo GuitarTime
