# Start logging at 2022-01-19 11:49:17 Tokyo Standard Time
[11:49:17] disconnected
[11:49:17] 2022年1月19日
[11:49:17] Server connection timed out, reconnecting
[11:49:19] connected
[13:12:22]  streamelements: ktrZetto is now live! Streaming Pokémon Brilliant Diamond/Shining Pearl: 【EN/JP】SPEEDY MARIO ☆70 リハビリ !discord !socials
[13:12:31] ktrZetto is live!
[13:12:52]  chef_zack: Pog
[13:15:27]  andrewangus: こんにちは！
[13:15:53]  303devilfish: what pokemon does Mario use?
[13:16:07]  chef_zack: foongus
[13:16:51]  chef_zack: staryu
[13:17:10]  cosmicmikan: hey hey
[13:17:26]  cosmicmikan: no just genshin. how are you
[13:18:18]  cosmicmikan: has what? my music was too loud lmao
[13:19:46]  cosmicmikan: ahh yeah
[13:20:06]  cosmicmikan: enkanomiya was the latest area to be released
[13:20:10]  cosmicmikan: its under one of the islands
[13:20:54]  cosmicmikan: uhh kinda? it has greek influence
[13:21:01]  303devilfish: they should add an american themed area
[13:21:05]  cosmicmikan: no
[13:21:08]  303devilfish: with like a mcdonalds
[13:21:25]  chef_zack: LUL
[13:29:25]  tracerpi: hiiiii
[13:29:56]  tracerpi: Zetto Zaddy
[13:30:29]  tracerpi: 😂 😂 😂
[13:31:49]  tracerpi: i had to try lol
[13:32:25]  saltychildofthesea: wrong category man 🤓
[13:33:08] darkphoeen1x redeemed Nico Nico Nii 1000
[13:33:17]  saltychildofthesea: how do
[13:33:39]  cosmicmikan: train your mods man
[13:33:43]  saltychildofthesea: !game super mario 64
[13:33:43]  nightbot: @saltychildofthesea -> The stream game has been updated to: Super Mario 64
[13:33:44]  cosmicmikan: leavin us out to dry
[13:33:58]  darkphoeen1x: i'm good how are you all?
[13:34:33]  saltychildofthesea: Prayge bare minimum training
[13:34:43]  cosmicmikan: damn i got excited for a second there
[13:34:54]  cosmicmikan: @DarkPhoeen1x hey wassup man
[13:34:58]  scratchatk: doesn't want to be famous POGGIES
[13:35:18]  cosmicmikan: i was in bed i didnt wanna get up
[13:35:49]  darkphoeen1x: i'm about to go to sleep and then Notification bc
[13:38:30]  darkphoeen1x: i created again a new character in ff14 ^^
[13:39:30]  saltychildofthesea: actually better than mizkif PogChamp
[13:39:33]  darkphoeen1x: welp a few more ^^
[13:40:28]  darkphoeen1x: i have 5 Characters on Phoenix (2 of them i play Daily) and 1 on Lich which i created yesterday
[13:42:23]  saltychildofthesea: better than mizkif + worse than mizkif = wetter than mizkif FeelsNothingMan
[13:43:32]  cosmicmikan: lmao
[13:43:40]  scratchatk: wetness, no ScaredyCat
[13:43:47]  cosmicmikan: i coulda gone my while life not reading that
[13:44:54]  darkphoeen1x: i'm going to sleep have a nice stream
[13:45:34]  saltychildofthesea: nini phoenix
[13:45:38]  saltychildofthesea: HYPERS
[13:46:16]  saltychildofthesea: 70 whole stars PogChamp
[13:46:45]  saltychildofthesea: then get better 4Head
[13:46:59]  saltychildofthesea: then you wont be wetter
[13:48:02]  kaeos: short
[13:48:32]  kaeos: ya
[13:49:36]  saltychildofthesea: hold on did i hear 5'7"
[13:50:27]  saltychildofthesea: 5'8 isn't short
[13:50:49]  saltychildofthesea: its shorter than 6' but relatively not short
[13:51:15]  scratchatk: 5'6" and proud PokPikachu
[13:52:08]  cosmicmikan: you dont need to be taller
[13:52:28]  saltychildofthesea: if you want to be taller just wear high heels 4Head
[13:52:44]  kaeos: ktrzetto do you put stilts on your shoes
[13:53:58]  saltychildofthesea: they're the thing clowns wear to like become 37 feet taller
[13:55:38] fredmanftw redeemed Sound Alert: 💕Wha～o💕 500
[13:55:44]  fredmanftw: What up thoooooo
[13:55:53]  fredmanftw: Hope ur having an amazing night Zetto
[13:56:17]  fredmanftw: Amazing afternoon* xD
[13:56:26]  fredmanftw: *becomes night time where ur at*
[13:57:09]  scratchatk: couldn't be too hard to make stilts PepoThink
[13:57:45]  fredmanftw: I have a trick to get over mental blocks
[13:57:59]  fredmanftw: Turn off ur brain and turn it back on
[13:58:44]  saltychildofthesea: mental block more like minecraft block PunchTrees
[13:58:58]  scratchatk: getting big enough pants would be a problem
[13:59:24]  fredmanftw: Exactly nagFiree u get it cuppyWink
[14:01:06]  scratchatk: 37' pants
[14:01:50]  chef_zack: scratch Pog
[14:02:02]  scratchatk: peepoHug
[14:02:21]  pulsejp: Japanese Clint Pog
[14:02:59]  pulsejp: Yeah was fun PogU
[14:03:10]  pulsejp: Do you even watch Clint at all
[14:03:21]  kaeos: who is clint
[14:03:26]  pulsejp: WH OMEGALUL
[14:03:27]  chef_zack: well the majority of people here come from his channel
[14:03:38]  saltychildofthesea: whats a clint stevens
[14:03:42]  chef_zack: clint refugees
[14:03:42]  nightbot: clintJAM
[14:04:08]  pulsejp: Sadge when he coming online
[14:04:25]  chef_zack: !stream5
[14:04:26]  nightbot: fuck u buddy
[14:04:33]  saltychildofthesea: OMEGALUL IT WORKS HERE
[14:04:38]  chef_zack: no thats not real
[14:04:47]  chef_zack: no it says his schedule
[14:04:53]  chef_zack: in the official chat
[14:04:53]  scratchatk: a clint is a jackrabbit, merely meme legend
[14:04:57]  pulsejp: Hasn’t streamed in 2022 KEKW guess we gotta wait til next year
[14:05:12]  saltychildofthesea: but actually !stream5 says his schedule
[14:05:34]  scratchatk: I meant jackalope, similar to a nematoad
[14:05:38]  chef_zack: i think his birthdays tomorrow
[14:06:12]  chef_zack: in 2018 he went 82 days without streaming
[14:06:28]  chef_zack: nemetode?
[14:06:29]  cosmicmikan: ya mum, that's what
[14:06:50]  scratchatk: pronounced neema toad
[14:06:56]  cosmicmikan: no ya mum. we dont use the hard 'o' here
[14:07:23]  chef_zack: 19th
[14:07:54]  saltychildofthesea: clont and clint have the same birthday Pog
[14:08:16]  saltychildofthesea: thats what i have written down
[14:08:16]  chef_zack: derek has one
[14:09:07]  saltychildofthesea: widepeepoHappy
[14:09:13]  cosmicmikan: i need to nap. smell you nerds later
[14:09:25]  kaeos: antidote :)
[14:09:35]  scratchatk: a mnemonic
[14:09:39]  kaeos: @cosmicmikan good night :)
[14:09:40]  chef_zack: anagram?
[14:09:54]  scratchatk: no, a formula?
[14:09:56]  saltychildofthesea: nini arin HYPERS
[14:11:37]  saltychildofthesea: i just realized my birthday is 2 days off π day PogChamp
[14:12:07]  scratchatk: POGGERS
[14:12:46]  saltychildofthesea: yup HYPERS
[14:12:47]  chef_zack: yeah
[14:13:18]  kaeos: can you play some quavo :)
[14:13:28]  chef_zack: Pog wide
[14:13:28]  saltychildofthesea: thats a CHONK
[14:13:59]  chef_zack: interesting
[14:14:18]  scratchatk: チャンか
[14:14:45]  chef_zack: i wonder why :)
[14:14:59]  saltychildofthesea: monkaHmm
[14:15:07]  ktrzetto: liamkMilk
[14:15:11]  musicelliott: yooo what’s up ⬆️!
[14:15:17]  chef_zack: LUL
[14:15:28]  saltychildofthesea: its a gallon of milk wdym 4Head
[14:15:51]  kaeos: because its milk
[14:15:58]  saltychildofthesea: its just milk 3Head
[14:16:04]  chef_zack: tryna snitch modCheck
[14:16:41]  scratchatk: all emotes erotic w/ context PepeLaugh
[14:16:42]  saltychildofthesea: milk daph2head
[14:16:46]  kaeos: have you tried having more viewers
[14:16:49]  kaeos: then twitch might not care
[14:17:10]  chef_zack: gachiBASS exists
[14:17:13]  chef_zack: Kreygasm
[14:17:42]  chef_zack: the exception to the rule i guess
[14:17:52]  saltychildofthesea: yes exactly ThiccThighs
[14:18:01]  saltychildofthesea: its pretty weird YuuBooty
[14:18:49]  chef_zack: i think if twitch has streamers showing their ass then ass emotes should be allowed
[14:18:51]  saltychildofthesea: YEAHBUT7TV 3rd party
[14:19:04]  chef_zack: wow i worded that poorly
[14:21:00]  saltychildofthesea: smh tos not letting me use daphMango
[14:21:45]  saltychildofthesea: its a mango daphStand
[14:22:22]  saltychildofthesea: its a daphMango 🥭
[14:23:07]  saltychildofthesea: SO GREEN POGGERS
[14:24:15]  chef_zack: insane POGGERS
[14:24:23]  saltychildofthesea: later daphPain
[14:24:44]  chef_zack: yeah but its green now so happy time peepoHappy
[14:24:52]  saltychildofthesea: widepeepoHappy
[14:25:38]  saltychildofthesea: time loss for later in the run Prayge
[14:25:48]  chef_zack: trueee
[14:26:03]  saltychildofthesea: actually true 🟢 Clap
[14:26:18]  chef_zack: honestly you should switch red splits to green splits
[14:26:31]  saltychildofthesea: thats a 5Head idea
[14:26:51]  saltychildofthesea: or make all splits green heCrazy
[14:26:56]  chef_zack: POGGERS INSANE
[14:27:03]  scratchatk: perform a splits every splits
[14:27:11]  chef_zack: might even help with morale
[14:27:22]  chef_zack: well gold can stay the same
[14:27:52]  saltychildofthesea: 12.6 Sadge
[14:28:21]  chef_zack: yeah 12.4
[14:28:29]  chef_zack: he also spent 30 hours trying to do it
[14:28:36]  chef_zack: respect
[14:28:42]  kaeos: if you get a 12.4 ill resub next month :)
[14:28:42]  saltychildofthesea: jesus thats a long time
[14:28:51]  chef_zack: he said he got a 12.3 but he didnt record it
[14:31:01]  chef_zack: 11.07
[14:31:33]  chef_zack: they run up the left side of the wall jump dive repeat till the speed goes high enough
[14:31:49]  saltychildofthesea: ppL ᶠᵘᶜᵏᶦⁿᵍ ʰᵒʷ
[14:33:15]  kaeos: im proud of you for keeping your word
[14:33:48]  scratchatk: still green COPIUM
[14:34:03]  saltychildofthesea: COPIUM
[14:34:58]  chef_zack: still green EZ Clap
[14:36:13]  saltychildofthesea: your mind was expanding
[14:36:15]  saltychildofthesea: 5Head
[14:36:27]  kaeos: i need to pick up my laundry can u pause the run
[14:37:23]  kaeos: nice try
[14:37:29]  kaeos: im not falling for that
[14:40:03]  saltychildofthesea: wait isn't リハビリ rehab?
[14:40:20]  cupcake_chi: Hewwo chat
[14:40:36]  saltychildofthesea: ah ok HYPERS
[14:40:43]  saltychildofthesea: hey cupcake ppL /
[14:41:36]  saltychildofthesea: thats understandable
[14:41:50]  cupcake_chi: what about gambling addiction rehab
[14:41:53]  cupcake_chi: Or something of sorts
[14:42:22]  saltychildofthesea: also i can read katakana really slowly HYPERS
[14:43:04]  saltychildofthesea: Prayge no reset
[14:43:59]  cupcake_chi: Pachinko with pennies sounds fun
[14:45:47]  saltychildofthesea: pachinko but no pa YEP
[14:46:19]  cupcake_chi: Someone gave me 5 paragraphs of advice on my Japanese, my brain is gonna expand
[14:46:51]  andrewangus: しにません！！！
[14:47:38]  cupcake_chi: Hellotalk lmaoooo
[14:48:09]  saltychildofthesea: dude rosetta stone is FeelsWeirdMan
[14:48:19]  cupcake_chi: Rosetta is cheeks for Asian languages
[14:48:34]  saltychildofthesea: true
[14:48:52]  chef_zack: i tried duolingo and i found it difficult
[14:49:13]  cupcake_chi: They’re businesses after all
[14:49:23]  cupcake_chi: Just put in the work
[14:49:35]  andrewangus: 大丈夫か
[14:49:44]  andrewangus: LUL
[14:49:45]  saltychildofthesea: damn wrong star Sadge
[14:50:26]  cupcake_chi: LMFAO
[14:50:26]  kaeos: came back to a reset :(
[14:50:53]  robertzarmy: ktrZetto.
[14:51:13]  robertzarmy: tell me your deepest fantasies.
[14:51:42]  kaeos: i bet it has to do with toes
[14:51:54]  saltychildofthesea: 70 star wr Kreygasm
[14:51:57]  andrewangus: Kreygasm
[14:52:06]  kaeos: ur weird
[14:52:15]  robertzarmy: of course it's sexual. you fucking weirdo.
[14:53:11]  robertzarmy: my deepest fantasy is to travel to japan and rob a bank.
[14:53:35]  andrewangus: LUL
[14:53:47]  robertzarmy: No.
[14:54:10]  robertzarmy: I like how the money looks.
[14:54:20]  kaeos: if you rob the bank zetto uses you could treat it as a fan meet up
[14:54:22]  saltychildofthesea: rob robbing a bank hehe 4Head
[14:54:25]  scratchatk: think of the stockholders NotLikeThis
[14:54:35]  andrewangus: inflation DansGame
[14:54:42]  robertzarmy: inflation Kreygasm
[14:54:46]  saltychildofthesea: inflation Sadge
[14:55:01]  andrewangus: 5Head
[14:55:16]  chef_zack: 5Head
[14:55:51]  robertzarmy: I have already met up with Zetto
[14:56:08]  robertzarmy: he was super awkward and didn't talk the whole time. What a weirdo
[14:56:17]  saltychildofthesea: how weird
[14:57:15]  kaeos: thats not nice. hes trying his best as someone who is "highly likely autistic"
[14:57:20]  cupcake_chi: LMFAO
[14:57:28]  cupcake_chi: @inflation
[14:57:47]  saltychildofthesea: i only hold government bonds Prayge
[14:58:11]  robertzarmy: @saltychildofthesea he has physical tokens of crypto he kept rubbing for some reason. I don't think they are real
[14:58:41]  andrewangus: i almost forgot to pray today but salty came in clutch Prayge
[14:58:51]  saltychildofthesea: Prayge
[14:59:14]  robertzarmy: you know who else was losing money to inflation
[14:59:21]  saltychildofthesea: thats assuming i have a bank account
[14:59:42]  kaeos: my money doesnt inflate because i spend it all as i get it
[15:00:14]  saltychildofthesea: just have physical money 5Head
[15:00:25]  andrewangus: i put it all into gme stocks because they only go up 🙌
[15:00:28]  robertzarmy: I'm spending all my money paying off the gold teeth debt
[15:00:40]  robertzarmy: real gold
[15:01:10]  kaeos: my money is all physical gold, it's a struggle getting the cashier at the grocery store to accept it
[15:01:39]  andrewangus: do you just cut off a 0.1 cm slice
[15:01:52]  robertzarmy: funny story, I actually work as a cashier. One day this guy tried to pay with gold. wtf was he doing
[15:01:58]  kaeos: i hand them a tiny bag of gold leaf flakes
[15:02:06]  andrewangus: LUL
[15:02:34]  saltychildofthesea: just carry around a scale and measure out the average weight of the price of the goods daph2head
[15:02:41]  robertzarmy: it was a tiny bag of gold leaf flakes, I guess
[15:02:46]  303devilfish: not anymore
[15:03:41]  robertzarmy: it was tiny af too
[15:03:45]  robertzarmy: no idea how to determine the amount
[15:04:06]  303devilfish: the only good use for gold is to cover your steaks in it to flex on the poor
[15:04:23]  saltychildofthesea: found chicken nuggets instead of gold nuggets
[15:04:28]  saltychildofthesea: POGGERS
[15:04:47]  robertzarmy: the historical price of your mom went down
[15:04:54]  kaeos: XD
[15:05:24]  303devilfish: nyannDab
[15:05:29]  chef_zack: saved LUL
[15:05:38]  303devilfish: not me, i haven't peaked yet
[15:05:38]  robertzarmy: but how does yours go down from 0?
[15:06:35]  kaeos: poor person take
[15:06:42]  andrewangus: OMEGALUL
[15:06:46]  robertzarmy: OMEGALUL
[15:06:56]  saltychildofthesea: OMEGALUL
[15:07:43]  robertzarmy: ok im going to bed
[15:07:51]  robertzarmy: ill leave your stream on max volume so i can dream about u!!
[15:07:57]  kaeos: good night :)
[15:08:02]  andrewangus: おやすみなさい！
[15:08:35]  kaeos: zetto can you rate my japanese
[15:08:41]  robertzarmy: last time i dreampt about you teaching me linear algebra
[15:08:53]  andrewangus: LUL
[15:08:59]  kaeos: yeah ill type an example and you rate
[15:09:07]  robertzarmy: きんたま
[15:09:18]  cupcake_chi: Isn’t that testicles
[15:09:23]  robertzarmy: no.
[15:09:27]  303devilfish: can u write my climatology paper for me? it's on japan :)
[15:09:28]  robertzarmy: its gold balls.
[15:09:36]  andrewangus: Pog
[15:09:43]  andrewangus: is it actually LUL
[15:09:54]  andrewangus: 金たま？
[15:10:06]  robertzarmy: 金玉
[15:11:10]  robertzarmy: angus dm me
[15:11:13]  saltychildofthesea: gold balls OMEGALUL
[15:11:13]  robertzarmy: ok im out
[15:11:19]  andrewangus: 😳
[15:11:53]  saltychildofthesea: study of the climate right?
[15:12:01]  kaeos: its like geography but for the climate
[15:12:20]  303devilfish: climate in general, we had to pick a region with a uniform climate to write about and I picked Hokkaido
[15:12:30]  andrewangus: AYAYA
[15:12:38]  andrewangus: FeelsWeirdMan
[15:12:40]  saltychildofthesea: ok andrew EHEHE
[15:12:45]  andrewangus: monkaW
[15:12:55]  303devilfish: nyannAyaya 🖕
[15:12:58]  andrewangus: clintAY
[15:12:58]  pulsejp: Yo how’re the runs I fell asleep KEKW
[15:13:20]  saltychildofthesea: hes zoomin
[15:13:33]  pulsejp: Pog zoomin
[15:13:39]  saltychildofthesea: heCrazy
[15:13:55]  pulsejp: heCrazy
[15:15:14]  saltychildofthesea: GREEN POGGIES
[15:16:11]  chef_zack: why does mario speak english
[15:16:12]  saltychildofthesea: 1 second only COPIUM
[15:16:51]  303devilfish: Pepega
[15:16:55]  chef_zack: well he says letsa go
[15:16:57]  chef_zack: italy
[15:16:58]  saltychildofthesea: daph2head french
[15:18:39]  andrewangus: SadCatW
[15:18:44]  chef_zack: just realized this is 70 star
[15:19:08]  saltychildofthesea: as mario once said "Luigi sauvons la princesse" Prayge
[15:19:11]  chef_zack: or that
[15:19:16]  303devilfish: FeelsGoodMan clintR
[15:19:18]  kaeos: you should reset
[15:19:25]  saltychildofthesea: set the re
[15:19:41]  chef_zack: bro that was rough LUL
[15:20:45]  saltychildofthesea: めっちゃやばい
[15:21:23]  303devilfish: i can save time in spirit COPIUM
[15:21:28]  saltychildofthesea: only a minute COPIUM
[15:21:35]  saltychildofthesea: we can recover COPIUM
[15:21:42]  chef_zack: its winnable COPIUM
[15:22:24]  303devilfish: he's not pretending PepeHands
[15:22:29]  saltychildofthesea: hes showing signs of clint stevensitis
[15:22:32]  saltychildofthesea: COPIUM
[15:22:54]  chef_zack: amazing that he can actually cut his run by at least 15 minutes
[15:23:14]  chef_zack: hypothetically PepeLaugh
[15:23:23]  saltychildofthesea: PepeLaugh theoretically
[15:23:53]  kaeos: the graph looks like one of those levels in the racing bike games on ur phone where u tilt the phone to play
[15:24:01]  andrewangus: LUL
[15:24:14]  saltychildofthesea: true OMEGALUL
[15:24:31]  chef_zack: !mantaray
[15:24:32]  nightbot: https://youtube.com/clip/UgkxPDeZN7oxbaVUbVb3FLiEzc8eLQL2lMqZ
[15:24:49]  andrewangus: !mantaray #2
[15:25:41]  saltychildofthesea: mantaray monkaS
[15:26:59]  chef_zack: im telling you having green + splits would help
[15:28:20]  chef_zack: yeah but lying might yield better results EZ
[15:29:40]  kaeos: L
[15:30:25]  andrewangus: monkaS
[15:30:36]  kaeos: this is a lot of time save to look forward to
[15:30:49]  chef_zack: clintR
[15:30:49]  deohang: Morning
[15:30:56]  deohang: Im dying
[15:31:02]  kaeos: good morning :)
[15:31:34]  deohang: Been crying all night man it’s so shit
[15:31:38]  saltychildofthesea: gm ppL /
[15:31:43]  chef_zack: ye
[15:31:48]  andrewangus: Prayge i hope you recover swiftly
[15:31:53]  saltychildofthesea: hope you get better Prayge
[15:32:06]  deohang: Thank youuu deohanCry
[15:32:31]  kaeos: im triple boosted :)
[15:32:34]  chef_zack: Prayge
[15:32:34]  kaeos: cant wait for the 4th
[15:32:40]  deohang: Yeah my entire body hurts so much and it’s really hot while I feel extremely cold
[15:32:47]  deohang: Headache hurts like hell
[15:33:03]  deohang: And been coughing so much
[15:33:25]  deohang: I was vaccinated twice and was about to get my booster shot in two weeks
[15:33:57]  deohang: No idea what variant I have atm I have an appointment in 2h to get a pcr test
[15:34:07]  kaeos: wow! that bomb clip was sugoi fast
[15:34:17]  chef_zack: way better than getting hospitalized monkaS
[15:34:51]  deohang: I don’t think I’m gonna have a mild case since it hit me all at once yesterday
[15:35:03]  deohang: Really scared
[15:36:13]  andrewangus: a study showed there were 0.1 deaths per 100,000 fully vaccinated people
[15:36:53]  kaeos: why didnt the study just say 1 death per 1 million people
[15:37:06]  deohang: Just worried since my immune system has never been good in the first place
[15:37:44]  andrewangus: it'll be extra strong after this 💪
[15:37:50]  saltychildofthesea: thats like a 0.0001% chance
[15:38:59]  deohang: Super upset about it since I never go out man
[15:39:42]  kaeos: i ate dirt as a kid so my immune system is robust and girthy
[15:39:46] 191 raiders from kaileighh have joined!
[15:39:54]  deohang: YOOOO RAID
[15:39:57]  kaeos: PogChamp
[15:40:00]  chef_zack: Pog 191
[15:40:02]  andrewangus: PogChamp
[15:40:04]  kaileighh: HI
[15:40:06]  icyeaston_xvvx: Yo big dawg
[15:40:06]  strunkle_: holy shit he's not catchin covid in his house
[15:40:07]  krazykatcc: PogChamp
[15:40:10]  kaileighh: GOOD LUCK ON THE RUNS
[15:40:17]  kaeos: he's doing the thing where he has to prove he's japanese when he gets raided
[15:40:18]  saltychildofthesea: POGGIES welcome raiders
[15:40:23]  chef_zack: big streamer now Pog
[15:40:31]  saltychildofthesea: !so kaileighh
[15:40:31]  nightbot: Check out kaileighh who was last seen playing "Super Mario 64". Give them a follow at twitch.tv/kaileighh
[15:40:47]  krazykatcc: NOT THE CLIP LUL
[15:41:00]  strunkle_: if you cough on me im calling the police
[15:41:07]  chef_zack: clip echo
[15:41:33]  strunkle_: wtf there is
[15:42:41]  chef_zack: Pog
[15:42:52]  andrewangus: Pog
[15:42:56]  saltychildofthesea: GOLD Pog
[15:43:34]  andrewangus: Sadge
[15:43:43]  kaeos: wow that was atrocious
[15:43:46]  kaeos: no offense
[15:44:11]  chef_zack: its ok hes got 15 minutes to spare
[15:44:15]  saltychildofthesea: Prayge its fine we have timesave later on
[15:44:57]  kaeos: ur never gonna be better than mizkif with that attitude
[15:45:01]  chef_zack: wdw PepeLaugh
[15:45:35]  kaeos: new strat?
[15:45:41]  chef_zack: PepeLaugh
[15:46:17]  chef_zack: add the emote back, gotta beat him in 70 star
[15:47:58]  kaeos: beat boxbox too :)
[15:48:03]  krystenxo: hi <3
[15:48:10]  chef_zack: Pog -9 seconds
[15:48:48]  saltychildofthesea: ppL / hey krysten
[15:49:00]  krystenxo: hi @saltychildofthesea <3
[15:49:03]  krystenxo: yes i was
[15:49:19]  krystenxo: runs weren't too good, but vibes were great
[15:50:41]  kaeos: im sure it can :)
[15:50:57]  krystenxo: exactly
[15:51:35]  kaeos: lots of men suffer from performance anxiety, its ok :)
[15:52:11]  kaeos: ?
[15:52:23]  kaeos: ur weird
[15:53:54]  deohang: How long are you gonna stream today
[15:54:18]  kaeos: shades of clint stevens
[15:54:18]  zelauno: gl
[15:56:17]  zelauno: clint has been speedrunning for awhile tho
[15:56:17]  nightbot: clintJAM
[15:56:25]  chef_zack: clint also has like 3000 hours
[15:56:25]  nightbot: clintJAM
[15:56:34]  kaeos: yet neither of u can get out of  whomps
[15:56:48]  zelauno: he also is a gamer lol
[15:57:29]  zelauno: i miss his oot streams :(
[15:58:02]  zelauno: i dont really chat in his stream anymore since he it's impossible for him to read that garbage
[15:58:34]  zelauno: he does actually still read it tho
[15:58:51]  zelauno: lmfao he would do that
[15:59:13]  saltychildofthesea: mac dondals
[15:59:14]  zelauno: he actually is like really good at catching messages sometimes
[15:59:17]  kaeos: i thought he knew you as the crypto bro in offline chat
[15:59:43]  pulsejp: 12.7
[15:59:49]  pulsejp: OuttaPocket
[16:00:02]  zelauno: the fries are like not that good
[16:00:08]  joshinjapan: you cant beat my pb
[16:00:08] JoshInJapan subscribed at Tier 1. They've subscribed for 2 months, currently on a 2 month streak!
[16:00:09]  zelauno: it's good when it's fresh then it taste terrible a minute later
[16:00:14]  kaeos: the fries are only good fresh
[16:00:18]  saltychildofthesea: 12.6 ±30
[16:00:23]  pulsejp: MOAT GOAT IN CHAT
[16:00:27]  joshinjapan: I SAID CANT
[16:00:29]  joshinjapan: LUL
[16:00:44]  joshinjapan: um
[16:00:45]  joshinjapan: but
[16:00:51]  joshinjapan: i do believe
[16:01:00]  joshinjapan: I PB'd after you left Kreygasm
[16:01:12]  nightbot: What's up, local degenerate shillbot here to tell you that if you have Amazon Prime, you can link it with your Twitch account for a free sub!
[16:01:57]  joshinjapan: OMEGALUL
[16:02:07]  saltychildofthesea: pure magic Prayge
[16:02:23]  joshinjapan: I choked RR and saved 30 seconds its 1:09:36
[16:02:53]  joshinjapan: LUL SURE
[16:03:06]  kaeos: i would really hope thats not unattainable
[16:03:09]  joshinjapan: OMEGALUL
[16:03:17]  kaeos: ok its looking unattainable
[16:03:17]  pulsejp: OMEGALUL
[16:03:25]  saltychildofthesea: COPIUM attainable
[16:03:25]  joshinjapan: RES OMEGALUL ET
[16:03:35]  joshinjapan: yo ill race you rn if you reset
[16:03:39]  pulsejp: PepeLaugh MY STREAMER
[16:03:40]  joshinjapan: OMEGAULUL
[16:03:57]  pulsejp: interesting strat 5head
[16:03:59]  joshinjapan: OMEGALUL
[16:04:05]  saltychildofthesea: its fine he can still pb COPIUM
[16:04:10]  joshinjapan: COPIUM
[16:04:12]  pulsejp: COPIUM
[16:04:17]  pulsejp: This is fine COPIUM
[16:04:48]  pulsejp: “Perfect run through after this fuck up” COPIUM
[16:04:49]  joshinjapan: COPIUM
[16:04:54]  pulsejp: “Okay maybe after this fuck up”
[16:04:59]  pulsejp: COPIUM
[16:05:10]  joshinjapan: just play perfectly 4Head
[16:05:14]  saltychildofthesea: gold on RR COPIUM
[16:06:01]  pulsejp: Possible COPIUM
[16:06:04]  chef_zack: "its possible"
[16:06:16]  chef_zack: these are some high mf doses of COPIUM
[16:06:21]  kaeos: lots of things are possible, i love the optimism
[16:06:34]  saltychildofthesea: possible Prayge
[16:06:54]  joshinjapan: i believe in my streamer COPIUM
[16:07:02]  pulsejp: The potency on this COPIUM
[16:07:04]  chef_zack: i believe HYPERS
[16:07:14]  pulsejp: I’m getting high off this COPIUM
[16:07:21]  joshinjapan: LUL
[16:07:35]  kaeos: u could get a girlfriend too but thats also not happening
[16:07:43]  pulsejp: @kaeos SHEEESH
[16:07:49]  joshinjapan: kaeos失礼 Sadge
[16:08:14]  pulsejp: I’m spamming bowser HIT on Mario party rn after that
[16:08:17]  joshinjapan: POGGERS
[16:08:21]  pulsejp: POGGERS
[16:08:37]  saltychildofthesea: 4Head just go out more
[16:09:09]  chef_zack: 2 count em Pog
[16:09:18]  chef_zack: Pog peaked at league
[16:09:27]  saltychildofthesea: 2 months ago ⚰️
[16:09:30]  pulsejp: League S4 Diamond Pog
[16:09:42]  joshinjapan: zetto I believe Prayge COPIUM
[16:09:43]  pulsejp: Okay RES OMEGALUL T
[16:09:50]  chef_zack: nah he has time
[16:09:53]  pulsejp: Oh no no no no
[16:09:53]  saltychildofthesea: Prayge = COPIUM
[16:10:05]  kaeos: fun fact, ur splits could be green if u went faster
[16:10:06]  joshinjapan: so many b OMEGALUL nks
[16:10:31]  chef_zack: ok maybe clintR
[16:10:32]  saltychildofthesea: wow nice -7.80 timesave COPIUM
[16:10:57]  pulsejp: Wait I’m new to speed running, why is he bonking the wall? Faster movement?
[16:11:03]  joshinjapan: yeah
[16:11:10]  joshinjapan: it's optimised bonking
[16:11:21]  pulsejp: OMEGALUL PTIMAL
[16:11:29]  joshinjapan: WHAT
[16:11:31]  joshinjapan: LUL
[16:11:38]  saltychildofthesea: bonking for maximum timesave COPIUM
[16:11:47]  joshinjapan: RNG
[16:11:48]  chef_zack: pillarless Pog
[16:11:57]  pulsejp: COPIUM
[16:11:58]  joshinjapan: FeelsDankMan
[16:12:20]  joshinjapan: no pillarless Sadge
[16:12:25]  joshinjapan: I got pillarless in my pb btw
[16:12:30]  pulsejp: NOPERS not my STREAMER
[16:12:34]  pulsejp: NOPERS
[16:12:37]  chef_zack: 4 seconds lost to lag LUL
[16:12:43]  joshinjapan: THATS WHAT I THOUGHT
[16:12:45]  joshinjapan: UNTIL I DID IT
[16:12:50]  joshinjapan: ITS SO EASYYYY
[16:13:33]  chef_zack: i mean you know how to bomb clip right?
[16:14:42]  pulsejp: I really love how you’re starting to do better, like, after saying you’ll play perfectly you’re almost TAS level
[16:14:51]  pulsejp: My streamer Pog
[16:14:53]  nato1: yoo
[16:15:08]  joshinjapan: waterfall skip modCheck
[16:15:13]  nato1: mans got MAD viewers now OKAY Pog
[16:15:44]  nato1: very nice very nice
[16:15:51]  nato1: we appreciate
[16:16:01]  pulsejp: Hi I’m from the raid don’t let us down :)
[16:16:16]  pulsejp: Anyone else from the raid? :)
[16:16:24]  nato1: me :)
[16:16:26]  saltychildofthesea: me :)
[16:16:26]  nato1: Kappa
[16:16:46]  foodcloud: i came from the raid
[16:16:56]  pulsejp: :)
[16:17:05]  saltychildofthesea: hey foods ppL /
[16:17:14]  foodcloud: BloodTrail
[16:17:21]  foodcloud: hi
[16:17:33]  pulsejp: pjpListen anyone hear the sound of choking
[16:17:55]  kaeos: zetto have u ever modded anyone that wasnt a girl
[16:18:27]  pulsejp: so what would you improve next time please elaborate :)
[16:18:44]  303devilfish: have you considered going faster
[16:18:46]  joshinjapan: im a girl :)
[16:19:00]  saltychildofthesea: Prayge not a girl yet
[16:19:02]  kaeos: but if theyre a mod i dont believe they arent a girl
[16:19:04]  chef_zack: have you vip'd anyone that isnt kaeos
[16:19:12]  303devilfish: Kapp
[16:19:16]  foodcloud: ima girk
[16:19:20]  foodcloud: girl
[16:19:22]  foodcloud: wtf
[16:19:29]  pulsejp: Make food mod already
[16:19:36]  diggs1977: im a cute fem boi PrideUwu
[16:19:42]  joshinjapan: LETS RACE
[16:19:45]  pulsejp: KEKW there it is
[16:19:47]  kaeos: what about all the time save you were talking about
[16:19:52]  saltychildofthesea: derek! widepeepoHappy
[16:19:59]  diggs1977: salty peepoHug
[16:20:03]  saltychildofthesea: peepoHug
[16:20:18]  pulsejp: Salty a fucking cutie bro ong
[16:20:40] foodcloud redeemed Nico Nico Nii 1000
[16:20:42]  303devilfish: scammed Sadge
[16:20:47]  saltychildofthesea: EHEHE im blushing
[16:20:57] 303devilfish redeemed Dab 200
[16:21:18]  303devilfish: why are your points frying pans
[16:21:21]  pulsejp: Gonna bust your nico nico kneecaps
[16:21:28]  pulsejp: Please don’t do that again
[16:22:15]  pulsejp: modCheck moat goat
[16:22:21]  joshinjapan: im down
[16:22:22]  joshinjapan: 70 race
[16:22:31]  joshinjapan: LUL
[16:22:39]  joshinjapan: 16 cool too
[16:23:04]  joshinjapan: im free ktrzetLurk
[16:23:19]  kaeos: :( need to watch my streamer get farmed
[16:23:20]  joshinjapan: sure
[16:23:39]  pulsejp: Pog
[16:24:18]  deohang: Gonna go to my appointment now will join again later if you’re still streaming
[16:24:33]  pulsejp: yashiaMan
[16:24:40]  deohang: deohanCry deohanCry deohanCry deohanCry
[16:25:26]  kaeos: @DeoHang gl :)
[16:26:23]  kaeos: whoa whoa wait up does this dude have a british accent
[16:28:23]  chef_zack: threw the game instead EZ Clap
[16:28:31]  kaeos: british "people" LULW
[16:28:42]  chef_zack: britbonger alert monkaS
[16:28:45]  chef_zack: oh nvm
[16:28:48]  chef_zack: aussies are cool
[16:29:40]  kaeos: im not racist
[16:29:51]  kaeos: i just judge people based on their countries of origin
[16:29:57]  chef_zack: ^
[16:31:14]  chef_zack: monkaW goldfish
[16:31:18]  kaeos: watch out zetto thats not ur word
[16:31:21]  kaeos: u cant say it
[16:32:02]  chef_zack: the snack word monkaS
[16:34:39]  chef_zack: LUL
[16:34:48]  kaeos: youve had limp dick throws all day
[16:35:37]  notmango: @ktrZetto who raided u
[16:35:55]  kaeos: @NotMango u have no faith in ur streamer
[16:36:05]  notmango: he was so mean to me i stopped watchin for like 1.5 months
[16:36:07]  notmango: no kyappa.
[16:36:26]  chef_zack: mangoW
[16:36:34]  saltychildofthesea: hey mango ppL / daphMango
[16:36:40]  notmango: @saltychildofthesea hi salty!
[16:37:27]  kaeos: dont get attached :)
[16:37:50]  kaeos: (already attached btw)
[16:39:50]  notmango: THAT LAST ONE WAS NOT RNG
[16:39:52]  notmango: U JUMPED INTO THAT ONE
[16:40:35]  notmango: shoulda just said that then
[16:40:36]  notmango: smh
[16:40:47]  kaeos: low tier main kind of cope
[16:40:57]  notmango: can i reset ur speedrun
[16:40:58]  notmango: ?
[16:41:18]  notmango: its probs not valid during a pb either huh
[16:42:04]  kaeos: its hard to want to because you get legitimately depressed
[16:43:20]  kaeos: sugoi speed!
[16:43:40]  notmango: ya u shoulld say
[16:43:42]  notmango: thank u daddy
[16:43:44]  notmango: for wathcing me so much
[16:43:50]  notmango: 50k points isnt easy to get.
[16:44:17]  kaeos: thank you daddy for watching me so much
[16:45:02]  kaeos: LMAOOOOOOOOOOO
[16:45:35]  notmango: im daddys good little kitten cumslut who deserves punishment and licks whatever is in front of me to get milk out meoooow
[16:45:44]  kaeos: tf
[16:45:46]  notmango: thats one setence.
[16:46:29]  chef_zack: tied monkaS
[16:46:37]  notmango: choked gettin gin the pipe
[16:46:53]  chef_zack: Pog
[16:47:12]  chef_zack: ggs
[16:47:29]  chef_zack: EZ Clap
[16:47:34]  notmango: NICEE
[16:47:35]  notmango: LETS GOO KTR
[16:47:37]  notmango: CLUTCH KING
[16:47:39]  notmango: LETS GOOOOO
[16:47:43]  kaeos: good job!
[16:47:44]  notmango: that was p hype
[16:47:49]  notmango: LETS GOO
[16:47:51]  notmango: THROW FOR CONTENT
[16:47:53]  chef_zack: isnane
[16:47:54]  chef_zack: POGGERS
[16:47:55]  notmango: THREW FOR CONTENT
[16:47:58]  notmango: THAT WAS ACUTALLY POG
[16:48:00]  saltychildofthesea: WOOO PogChamp
[16:48:28]  notmango: wow not often u get to see ktr take a fat dub
[16:48:44]  saltychildofthesea: one singular sub PogBones
[16:48:47]  notmango: wait ktr before u start again
[16:48:53]  notmango: can u ranslate the sentence.
[16:48:57]  notmango: that i requested.
[16:49:09]  kaeos: scamming points :/
[16:49:16]  notmango: THER EI SNO WAY HE SAID
[16:49:22]  notmango: ya.
[16:49:28]  chef_zack: i said ggs cause i thought zetto was done for
[16:49:34]  saltychildofthesea: thats a whole ROLLERCOASTER
[16:49:47]  kaeos: u should have more faith in ur streamer
[16:50:06]  kaeos: DansGame
[16:50:13]  notmango: well ktr in theory is practciing english which means his japanese should haev NO PROBLEMS right
[16:50:28]  notmango: u said it outloud notme.
[16:50:30]  chef_zack: no hes DansGame ing me
[16:51:21]  kaeos: zetto u forgot to put ur mask back on
[16:51:55]  notmango: say it wtf
[16:52:00]  chef_zack: josh already said it
[16:52:25]  kaeos: this is what would happen to ur points on a pb run reset redeem
[16:52:33]  kaeos: he'd just refund it
[16:52:36]  notmango: sigh
[16:52:38]  notmango: looks like im taking
[16:52:40]  notmango: another 2 month break
[16:52:43]  notmango: from ktrs sterams.
[16:53:00]  bauldi: zetto do be big streamer
[16:53:00] Bauldi subscribed at Tier 1. They've subscribed for 3 months, currently on a 2 month streak!
# Start logging at 2022-01-19 16:53:02 Tokyo Standard Time
[16:53:02] Chatterino unexpectedly crashed and restarted. You can disable automatic restarts in the settings.
[16:53:03] connected
[16:53:04] ktrZetto is live!
# Start logging at 2022-01-19 16:55:06 Tokyo Standard Time
[16:55:06] connected
[16:55:07] ktrZetto is live!
# Start logging at 2022-01-19 16:55:32 Tokyo Standard Time
[16:55:32] connected
[16:55:33] ktrZetto is live!
# Start logging at 2022-01-19 17:15:01 Tokyo Standard Time
[17:15:01] connected
[17:15:02] ktrZetto is live!
# Start logging at 2022-01-19 17:15:28 Tokyo Standard Time
[17:15:28] connected
[17:15:29] ktrZetto is live!
# Start logging at 2022-01-19 17:17:27 Tokyo Standard Time
[17:17:27] disconnected
[17:17:29] ktrZetto is live!
# Start logging at 2022-01-19 17:52:20 Tokyo Standard Time
[17:52:20] connected
[17:52:21] Now hosting Liam.
# Start logging at 2022-01-19 18:08:39 Tokyo Standard Time
[18:08:39] connected
[18:08:40] Now hosting Liam.
# Start logging at 2022-01-19 18:08:52 Tokyo Standard Time
[18:08:52] connected
[18:08:52] Now hosting Liam.
# Start logging at 2022-01-19 18:09:02 Tokyo Standard Time
[18:09:02] connected
[18:09:02] Now hosting Liam.
# Start logging at 2022-01-19 18:39:09 Tokyo Standard Time
[18:39:09] connected
[18:39:09] Now hosting Liam.
# Start logging at 2022-01-19 18:39:20 Tokyo Standard Time
[18:39:20] disconnected
[18:39:22] Now hosting Liam.
[18:39:28] Now hosting Liam.
# Start logging at 2022-01-19 18:39:33 Tokyo Standard Time
[18:39:33] connected
[18:39:33] Now hosting Liam.
# Start logging at 2022-01-19 18:39:43 Tokyo Standard Time
[18:39:43] connected
[18:39:43] Now hosting Liam.
# Start logging at 2022-01-19 18:39:57 Tokyo Standard Time
[18:39:57] connected
[18:39:58] Now hosting Liam.
[18:41:25] Now hosting Liam.
# Start logging at 2022-01-19 18:41:41 Tokyo Standard Time
[18:41:41] Now hosting Liam.
# Start logging at 2022-01-19 18:46:20 Tokyo Standard Time
[18:46:20] Now hosting Liam.
[19:23:43] liam has gone offline. Exiting host mode.
