# Start logging at 2022-12-07 08:57:20 Tokyo Standard Time
[08:57:20] ktrZetto is live!
[08:57:20] 2022年12月7日
[08:57:25]  streamelements: ktrZetto is now live! Streaming Super Mario 64: JP&ENG | WINTER TIME IS HERE
[08:58:10]  anglerangus: LIVE Pog
[08:58:56]  chisasfam: hello zepoop
[08:59:03]  chisasfam: nice trim
[08:59:50]  anglerangus: クリスマスに何がほしい？
[08:59:55]  chisasfam: o7
[09:00:06]  laurabraus: whats up
[09:00:54]  laurabraus: do you have an amazon wishlist
[09:01:16]  laurabraus: oh yeah it is
[09:01:28]  303devilfish: peepoArrive
[09:01:28]  anglerangus: 僕、彼女がほしいんですね
[09:01:34]  laurabraus: you havent updated it since august
[09:02:27]  anglerangus: LUL
[09:03:28]  303devilfish: no thoughts head empty
[09:07:18]  laurabraus: this retrotink thing is the rarest electronic and for what
[09:07:30]  laurabraus: nobody's selling it anywhere. for real
[09:07:37]  303devilfish: i made it :)
[09:09:02]  303devilfish: clintNotes NOTED
[09:10:47]  laurabraus: thats what i said about a 100 dollar anime pin. but people do
[09:11:31]  laurabraus: true
[09:13:49]  303devilfish: quit ur job and go full time streamer POGGERS
[09:14:08]  robertzarmy: no stream today
[09:14:27]  laurabraus: yeah i do
[09:14:34]  anglerangus: are you still studying robertz Prayge
[09:14:47]  robertzarmy: @AnglerAngus uhhhhhhhhhhhhhhhhhhhhhhh
[09:14:55]  robertzarmy: no im slacking hard as shit rn
[09:14:55]  anglerangus: PoroSad
[09:15:11]  robertzarmy: persona 5 got me fucked up
[09:15:22]  laurabraus: cause its such a long game
[09:15:23]  robertzarmy: why arent u streaming on kick.com?
[09:15:40]  robertzarmy: holy shit nice haircut zetto.
[09:15:40]  303devilfish: PepePls
[09:15:45]  rinta_rnt: Cheer1 HSWP
[09:16:13]  anglerangus: it do be nice Prayge
[09:16:15]  robertzarmy: sup rinta
[09:16:21]  robertzarmy: how u doin
[09:16:36]  robertzarmy: ya nice
[09:16:41]  robertzarmy: i usually get a fade
[09:16:50]  robertzarmy: my cutter fucked it up hard as fuck last time tho
[09:16:59]  robertzarmy: im still in disarray
[09:17:59]  robertzarmy: i like that u strayed from the typical bowl cut u know
[09:18:09]  laurabraus: they should be glad that means you come in more often and they get more money
[09:18:23]  laurabraus: same i like the fade
[09:18:38]  kitanyapgk: Hi. I want to offer promotion of your channel, viewers, followers, views, chat bots. The price is lower than any competitor, the quality is guaranteed to be the best. Auto-on. Incredibly flexible and convenient order management panel, everything is in your hands, turn it on/off/customize. Go to dogehype dot com
[09:18:49]  anglerangus: hiii @kitanyapgk AYAYA
[09:19:18]  robertzarmy: Hi. I want to offer promotion of your channel, viewers, followers, views, chat bots. The price is lower than any competitor, the quality is guaranteed to be the best. Auto-on. Incredibly flexible and convenient order management panel, everything is in your hands, turn it on/off/customize. Go to dogehype dot com
[09:19:28]  kitanyapgk: Hi. I want to offer promotion of your channel, viewers, followers, views, chat bots. The price is lower than any competitor, the quality is guaranteed to be the best. Auto-on. Incredibly flexible and convenient order management panel, everything is in your hands, turn it on/off/customize. Go to dogehype dot com
[09:19:31] kitanyapgk has been permanently banned. 
[09:19:31] kitanyapgk has been permanently banned. 
[09:19:31] kitanyapgk is now banned from this channel.
[09:19:34]  laurabraus: everything is in your hands
[09:19:40]  anglerangus: ConcernDoge
[09:19:48]  laurabraus: LMAO
[09:19:56]  robertzarmy: laura has no idea how to be a mod
[09:19:56]  robertzarmy: ngl.
[09:19:56]  anglerangus: LUL
[09:20:00]  laurabraus: i don't i don't know why you said yes
[09:20:32]  anglerangus: 669 followers 😲
[09:20:44]  laurabraus: i was like "hey if nobody else is gonna do it i'll do it but i don't know anything" and you were like "yeah thats good enough"
[09:20:46]  robertzarmy: im off to play persona 5 and date highschoolers
[09:20:48]  robertzarmy: have a nice stream
[09:20:49]  anglerangus: ?
[09:21:03]  laurabraus: @robertzarmy banned
[09:21:10]  laurabraus: stop dating futaba
[09:21:25]  robertzarmy: they are all highschoolers
[09:21:29]  robertzarmy: unless u want me to date the teacher
[09:21:48]  303devilfish: i'm a bot :)
[09:22:55]  robertzarmy: god i hate women
[09:23:11]  laurabraus: @robertzarmy first time i was in zettos chat someone said this for real
[09:23:24]  anglerangus: LUL
[09:23:46]  laurabraus: you banned him
[09:23:47]  laurabraus: yeah
[09:23:58]  laurabraus: but he was like women belong in the KITCHEN and you were like what
[09:24:15]  laurabraus: yeah im the same way
[09:24:40]  laurabraus: im really hesitant to ban people but when people keep going. then i know theyre not joking anymore
[09:24:49]  laurabraus: banned for bad jokes
[09:25:17]  laurabraus: it was a long time ago obviously
[09:25:37]  laurabraus: but i remember bc i was curious how you'd react cause i'd never watched you before
[09:25:37]  rickitarr64: 9 months oh my
[09:25:37] rickitarr64 subscribed at Tier 1. They've subscribed for 9 months, currently on a 9 month streak!
[09:26:25]  303devilfish: new years drunk stream Pog
[09:26:38]  anglerangus: Pog
[09:28:42]  laurabraus: do you guys drink
[09:28:53]  anglerangus: not really
[09:29:10]  anglerangus: maybe after my finals are over Prayge
[09:29:11]  laurabraus: me neither
[09:33:34]  laurabraus: ive heard the same thing
[09:33:49]  laurabraus: all my friends love it
[09:33:53]  laurabraus: but ive seen the lag
[09:34:07]  laurabraus: and the world just looks...sad
[09:35:16]  laurabraus: it feels like they just released one
[09:35:28]  laurabraus: but i guess that was two years ago? with sword and shield
[09:35:41]  laurabraus: or last year?
[09:35:50]  laurabraus: oh shit i forgot about that
[09:35:52]  laurabraus: what the hell
[09:36:11]  laurabraus: yeah january 2022
[09:41:58]  laurabraus: which ones
[09:43:15]  laurabraus: how long to beat says henry stickmin collection takes about 5 hours
[09:43:34]  laurabraus: 7 hours
[09:43:46]  laurabraus: yeah
[09:47:21]  laurabraus: annoying
[09:47:32]  laurabraus: i do feel like a bunch of websites are doing that
[09:48:11]  laurabraus: like your birth certificate or something
[09:48:17]  303devilfish: i missed the start, can you reset?
[09:48:29]  laurabraus: ohhhhhhhhhhhhhhhhhhh
[09:48:40]  laurabraus: i just had to do that for my college application
[09:48:51]  laurabraus: but im still living with my mom and she has her stuff
[09:48:58]  laurabraus: so im a dependant and i used hers
[09:49:27]  laurabraus: but damn i gotta get my own place LOL
[09:50:32]  laurabraus: most verification isnt too bad until they start asking for literal documents
[09:50:38]  laurabraus: dont make me scan anything pls
[09:52:48]  laurabraus: venmo
[09:52:50]  rinta_rnt: ベンツ戻ってこないから軽
[09:53:05]  laurabraus: damn. let me look it up
[09:53:50]  laurabraus: wow it is only in the US. it's also owned by PayPal
[09:54:01]  laurabraus: i dont use any digital payment system like that
[09:59:43]  laurabraus: wing cap is hard af thats why
[09:59:51]  laurabraus: if you fuck up youre fucked
[10:01:52]  laurabraus: good luck
[10:02:22]  laurabraus: natural skill
[10:02:32]  laurabraus: LOL
[10:04:41]  laurabraus: LUCKY
[10:04:55]  laurabraus: so did you get the tooth removed
[10:06:52]  laurabraus: my dentist told me the tooth will keep growing if theres not a tooth under it to stop it. so that makes sense
[10:07:35]  laurabraus: omfg LMAO
[10:08:26]  laurabraus: WHAT
[10:08:42]  laurabraus: dude you're not supposed to do ANYTHING after that procedure
[10:08:47]  laurabraus: for like a week
[10:09:48]  laurabraus: they have a whole care guide here of what medicine to take at what time and putting an ice pack or a warm cloth or whatever. idk. but yeah theres a week long recovery period
[10:10:40]  laurabraus: if you work at home you might be able to make it work
[10:10:45]  laurabraus: and go back earlier
[10:11:50]  laurabraus: ok, google says it's more like two-three days off
[10:12:08]  laurabraus: but in high school they recommended doing it over spring break, so you had a week just in case
[10:12:36]  laurabraus: i'd get other opinions though before you cancel
[10:12:48]  laurabraus: am i insane or did your audio break
[10:12:55]  laurabraus: cause i cant hear shit
[10:13:12]  laurabraus: lemme refresh
[10:17:50]  laurabraus: it was twitch as a whole ur good
[10:17:59]  laurabraus: i had to close firefox and reopen it
[10:18:23]  laurabraus: i remember erin talked about that yeah
[10:23:37]  laurabraus: did you watch the new mario movie trailer
[10:23:40]  laurabraus: like the longer one
[10:24:04]  scottief: sup with it
[10:24:12]  laurabraus: you saved it
[10:24:17]  laurabraus: NOOOOO
[10:24:21]  laurabraus: yes
[10:24:21] scottief redeemed Sound Alert: Fail Trompete 500
[10:24:52]  laurabraus: i really wanna know youre thoughts. yeah
[10:24:56]  laurabraus: your* wtf
[10:25:33]  laurabraus: https://www.youtube.com/watch?v=TnGl01FkMMo
[10:26:25]  laurabraus: they also have a japanese dub version if you wanna see that
[10:26:30]  scottief: this movie gonna be so fucking bad lol
[10:26:37]  laurabraus: smash bros moment
[10:27:00]  scottief: Seth Rogen plays donkey kong
[10:27:04]  rinta_rnt: for kids
[10:27:05]  303devilfish: jack black peepoHappy chris pratt DansGame
[10:27:18]  laurabraus: not chris pratt :(
[10:27:41]  scottief: i fucking hate chris pratt
[10:27:45]  laurabraus: peach's voice.... i cant
[10:27:55]  scottief: lol
[10:28:06]  scottief: metaverse
[10:28:08]  laurabraus: isnt this movie insane
[10:28:20]  scottief: lmao
[10:28:28]  laurabraus: where the hell is rosalina
[10:28:36]  scottief: bro why did they have to remix the main theme into shitty loud bass movie trailer music lmao
[10:28:38]  303devilfish: HUH
[10:28:43]  scottief: rosalina is never in this shit
[10:29:03]  laurabraus: but DONKEY KONG IS?
[10:29:22]  laurabraus: peach being the leader and not mario is killing me
[10:29:34]  laurabraus: mario in this whole trailer is just a lame ass dude
[10:29:43]  laurabraus: the disrespect
[10:29:48]  laurabraus: LOL
[10:29:50]  scottief: LUL
[10:29:56]  303devilfish: donkey kong is a smug asshole
[10:30:21]  laurabraus: in the first game though he just throws barrels at mario
[10:30:31]  scottief: kinda a dick move ^
[10:31:00]  laurabraus: jack black as bowser is the best part of this movie
[10:31:25]  laurabraus: YEAH
[10:31:29]  laurabraus: i get what you mean
[10:31:56]  scottief: why does peachs face look so odd
[10:32:03]  303devilfish: peach's head is bigger than her body
[10:32:08]  scottief: thats a cool map
[10:32:08]  laurabraus: luigi's whole thing is that he DOESNT talk a lot i feel like LMAO
[10:32:12]  scottief: world 8 LUL
[10:33:04]  laurabraus: oh shit true
[10:33:27]  scottief: stained glass kinda goes
[10:33:56]  rinta_rnt: バービー人形
[10:34:13]  laurabraus: oh shit yeah
[10:34:32]  scottief: horrible joke LUL
[10:34:46]  303devilfish: OwO
[10:34:47]  laurabraus: bad
[10:35:18]  scottief: fire bar not actually fire bar lol
[10:35:23]  laurabraus: theyre supposed to be fire
[10:35:34]  scottief: im calling it now
[10:35:41]  scottief: this is like a training course peach built
[10:35:49]  scottief: and they gotta get mario ready or some shit cause hes just a plumber rn
[10:35:49]  laurabraus: ^^^ yeah
[10:35:53]  laurabraus: training course
[10:36:11]  laurabraus: YES
[10:36:57]  laurabraus: super mario 3d land
[10:37:28]  303devilfish: peach looks like a toy story character
[10:37:32]  scottief: hard read
[10:37:59]  scottief: oh yeah
[10:38:41]  scottief: what is on luigis back in that scene
[10:39:34]  scottief: it kinda looked it but im not sure
[10:39:52]  scottief: oh its a plumber kit
[10:39:56]  laurabraus: is it the vaccume from luigis mansion
[10:39:57]  scottief: thats a plunger
[10:40:19]  scottief: true but theres other tools in there i s aw
[10:40:23]  scottief: wrench or some shit
[10:41:29]  scottief: lol donkey kongs face there
[10:41:30]  rinta_rnt: 直ドリ
[10:41:35]  laurabraus: i wish it was charles
[10:41:52]  laurabraus: also is that jump sound even the sound mario makes in mario kart
[10:42:06]  laurabraus: isnt that only in normal mario games
[10:46:18]  rinta_rnt: tmt
[10:49:54]  laurabraus: its been so hot here for december
[10:50:09]  laurabraus: its always 80 F
[10:50:20]  laurabraus: NEGATIVES. WOW
[10:50:43]  laurabraus: yeah it doesnt get cold until january
[10:50:57]  laurabraus: we did have a cool week a few weeks ago cause there was a hurricane
[10:52:22]  laurabraus: typically it's july-november
[10:52:31]  laurabraus: but this year it went a little longer
[10:53:30]  laurabraus: yeah LOL
[10:53:53]  laurabraus: yeah ive seen that!!!
[10:53:58]  laurabraus: what is up with that
[10:57:59]  laurabraus: i'll probably wait until i can stream it
[10:58:04]  laurabraus: i have no one to go with
[10:58:10]  laurabraus: i also hate movie theatres
[10:58:42]  laurabraus: maybe i should try going to the movies alone
[10:58:46]  laurabraus: i dont think its a weird concept
[10:59:23]  laurabraus: cause you cant talk. yeah i feel you
[11:01:13]  laurabraus: so trueeee
[11:01:23]  laurabraus: its like they dont WANNA talk
[11:01:30]  laurabraus: i feel that way about movie dates too
[11:01:36]  laurabraus: WHAT is the point
[11:02:06]  laurabraus: TRUE
[11:03:51]  laurabraus: we dont have those here im so sad about it
[11:03:55]  laurabraus: i mean maybe big cities
[11:04:15]  laurabraus: we do apparently have a bar that is also an arcade
[11:04:19]  laurabraus: in my city
[11:04:32]  laurabraus: going to the mall with friends was cool when i was in middle school
[11:04:59]  laurabraus: maybe high school
[11:05:02]  laurabraus: damn really???
[11:05:04]  laurabraus: that sucks
[11:05:23]  laurabraus: i miss going to hot topic with friends
[11:05:33]  laurabraus: my nieces and i went recently and it was fun
[11:05:50]  laurabraus: i dont know what people do in general out together anymore
[11:05:55]  laurabraus: theres nowhere to hang out
[11:07:56]  laurabraus: my friends and i will get boba tea and thats it. we'll just drink that and then split after 30 min
[11:08:04]  laurabraus: but i havent done that in like. months
[11:08:45]  laurabraus: i wanna do something man i am wasting away i gotta go on a rollercoaster or something
[11:08:50]  laurabraus: LOL
[11:09:36]  laurabraus: actually idk if you guys have Auntie Annes pretzels in your mall. but holy shit those things are so good
[11:11:11]  laurabraus: oh yeah!!! that makes sense
[11:11:36]  laurabraus: okay i gtg but rest well king
[11:13:50] ktrZetto is now offline.
