# Start logging at 2022-04-11 09:56:38 Tokyo Standard Time
[09:56:38] ktrZetto is live!
[09:56:38] 2022年4月11日
[09:58:07]  streamelements: ktrZetto is now live! Streaming Portal 2: EN/JP | day 2
[09:58:24]  babsmcnh: ktrzetWorse
[09:58:29]  babsmcnh: Suppppp
[09:58:42]  babsmcnh: I didn’t even know you were playing portal 2 lol
[09:59:10]  babsmcnh: Pog nice
[09:59:52]  nightbot: You probably shouldn't give any streamer money. I'm not a financial advisor but that is financial advice. But if you want to help support the channel, and more importantly, help your boy get paid, feel free to click the link. Please give me your money. https://streamlabs.com/ktrzetto/tip https://www.twitch.tv/products/ktrZetto
[09:59:54]  babsmcnh: How far are you in this game
[10:00:03]  rickitarr64: sorry to hear that :(
[10:00:07]  babsmcnh: What happened?
[10:00:30]  babsmcnh: ktrzetHeart I hope you feel better man
[10:00:59]  babsmcnh: EZ Clap my streamer
[10:01:25]  babsmcnh: oooo damn that sucks
[10:02:29]  babsmcnh: Speedrun POGGERS
[10:02:44]  babsmcnh: you’re gonna get the WR Portal run Prayge I believe
[10:03:15]  laurabraus: whats up
[10:03:29]  babsmcnh: monkaHmm
[10:03:33]  babsmcnh: Hi Laura HYPERS
[10:03:41]  laurabraus: hi babs!!
[10:03:55]  kaeos: IM GLAD YOURE ALIVE
[10:04:28]  babsmcnh: I’m probably gonna go to sleep now but I hope you all have a great stream <3 hope this week is better Zetto ktrzetD night
[10:04:36]  laurabraus: its goin good im eating a peanut butter sandwich after doing literally nothing today
[10:05:00]  laurabraus: goodnight babs have a good NIGHT
[10:05:14]  andrewangus: gm :)
[10:07:21]  kaeos: i look up zelda guides i cannot help unfortunately
[10:07:54]  kaeos: i think i got lung cancer today
[10:08:17]  kaeos: i was seasoning my new wok and i was breathing in oil fumes since my apartment has bad ventilation
[10:08:34]  andrewangus: monkaW
[10:09:32]  laurabraus: you turned into shrek
[10:09:34]  laurabraus: so sad
[10:09:39]  usausachu: lurk, hab good stream
[10:09:51]  kaeos: what did you get food poisoning from
[10:10:01]  laurabraus: god that sounds awful wtf
[10:10:26]  kaeos: packaged ramen or did u make ur own
[10:10:34]  kaeos: salisbury steak is so good
[10:10:40]  laurabraus: oh yeah definitely the steak
[10:10:49]  haine_sense1: Hi
[10:11:02]  haine_sense1: How’s portal 2 going?
[10:11:03]  laurabraus: cause ramen like never goes bad
[10:11:16]  laurabraus: the shrek comment was when your screen went green
[10:11:35]  kaeos: LITRALLY 3Head
[10:11:46]  laurabraus: LIT-ERALLY
[10:11:58]  kaeos: do u eat maruchan
[10:12:02]  kaeos: thats my favorite ramen brand
[10:12:59]  laurabraus: if i get noodles i prefer pasta its easier
[10:13:27]  kaeos: i like pasta over ramen unless its not prepacked ramen
[10:13:30]  laurabraus: NO YOUR PRONUNCIATION WAS RIGHT
[10:13:58]  laurabraus: so true
[10:14:17]  laurabraus: i just went to the store today and the prices have literally gone up like $2 for everything
[10:14:25]  laurabraus: both are right
[10:14:37]  kaeos: i havent noticed prices going up
[10:14:56]  kaeos: i live in a major city so idk if that means anything
[10:15:30]  rickitarr64: hasn't japan been in recession for decades anyway?
[10:15:31]  jellycat1234ipads: Hii
[10:15:35]  kaeos: were you there for the dot com bubble
[10:16:13]  rickitarr64: I see
[10:16:32]  kaeos: i wasnt
[10:16:46]  rickitarr64: Did you start a neat web company and lose millions in the process?
[10:18:20]  kaeos: i bet splatoon stole their idea from this game
[10:18:24]  kaeos: with thi ink
[10:19:07]  kaeos: i hope atelier goes ham this weekend at genesis
[10:19:11]  kaeos: japan super underrated rn imo
[10:19:13]  kaeos: bc of mexico
[10:19:39]  cosmicmikan: hellooo
[10:19:45]  kaeos: hello :)
[10:19:55]  cosmicmikan: oho portal
[10:20:00]  kaeos: 5Head
[10:22:12]  kaeos: i wonder if that blue gel eventually evolved to become that slime stuff u see in hentai
[10:22:53]  haine_sense1: Yup I sent 2 messages and then left earlier
[10:25:00]  kaeos: is it called portal 2 because u shoot 2 portals?
[10:26:10]  laurabraus: @cosmicmikan hiiiii
[10:27:00]  kaeos: someone made a bot that bans anyone in a discord server playing league for more than 30 minutes
[10:27:02]  kaeos: its so based
[10:28:39]  kaeos: break the glass with sheer willpower
[10:29:21]  kaeos: destruction of private property
[10:31:01]  kaeos: who tf names their child "Cave"
[10:33:00]  kaeos: wtf its a talking potato
[10:34:54]  kaeos: WTF
[10:34:56]  kaeos: LORE
[10:43:27]  303devilfish: clintR
[10:44:41]  303devilfish: monkaHmm
[10:47:27]  kaeos: wait ur going to canada right
[10:47:31]  kaeos: u should go to battle of bc
[10:47:32]  kaeos: or goml
[10:47:54]  kaeos: Battle of BC 4  June 10 - 12  Melee, Ultimate  Vancouver, BC, Canada
[10:48:16]  kaeos: Get On My Level 2022  July 1 - 3  Melee, Ultimate  Toronto, ON, Canada
[10:49:06]  kaeos: step bro ur spraying ur ink everywhere
[10:57:05]  laurabraus: dude your mind...
[10:58:30]  kaeos: enigma alright
[10:59:05]  kaeos: 🚈 this looks like among us
[11:03:40]  haine_sense1: Don’t worry, it’s in the name of science
[11:03:46]  laurabraus: for science
[11:03:47]  laurabraus: YEAH
[11:04:01]  kaeos: WHITE gel now?
[11:05:56]  haine_sense1: Mmmm cum
[11:06:50]  kirosthegreat: Still haven't played this. But I can definitely say Zetto stinks at it usausaNodders
[11:07:11]  kirosthegreat: Gonna dip so no spoilers. Love your face dude <3 Cheers
[11:08:05]  laurabraus: his brain is expanding before our eyes
[11:08:15]  haine_sense1: He is beautiful isn’t he
[11:08:35]  laurabraus: just like the grinch's heart
[11:09:44]  laurabraus: i think thats why theres two walls
[11:09:49]  haine_sense1: Oh
[11:09:53]  haine_sense1: Got it
[11:10:02]  laurabraus: do you see what im seeing
[11:10:12]  haine_sense1: I think so
[11:10:34]  laurabraus: use the side of the wall
[11:10:38]  laurabraus: on the left
[11:10:41]  laurabraus: to splatter the right
[11:10:45]  laurabraus: like a wall jump
[11:10:48]  laurabraus: but with the white stuff
[11:11:30]  laurabraus: WOO
[11:11:31]  laurabraus: LMAO
[11:11:39]  laurabraus: you alone
[11:12:06]  haine_sense1: Combustible lemons
[11:12:35]  kaeos: THE LORE
[11:13:36]  haine_sense1: I wonder, how could you get higher…
[11:15:22]  haine_sense1: Oh no
[11:15:23]  kaeos: GOOD ONE STREAMER LULW
[11:15:24]  haine_sense1: Not drugs
[11:20:23]  laurabraus: i still dont know what you did
[11:20:47]  kaeos: ego 4Weird
[11:21:00]  laurabraus: teamwork...i think
[11:21:55]  laurabraus: LOL
[11:22:13]  laurabraus: i figured out one (1) thing
[11:22:15]  infynoko: ktrzetWorse
[11:22:20]  laurabraus: but thank you
[11:22:52]  laurabraus: my ego is soaring tbh
[11:23:22]  laurabraus: wai but isnt that the door underneath or did we just come from there
[11:23:36]  kaeos: yes, he beat it in 7 hours
[11:24:05]  haine_sense1: This game is very doable in 7 hours
[11:24:26]  infynoko: He’s the one true king. Put some respect on his name. BabyRage
[11:25:08]  infynoko: This is why they need you to join their org.
[11:25:35]  laurabraus: yes
[11:25:38]  empressmomm: hi
[11:26:04]  empressmomm: how are you?
[11:26:13]  kaeos: I'm good, thanks for asking :)
[11:26:34]  cosmicmikan: helllo
[11:26:39]  laurabraus: i think. i get it
[11:26:50]  laurabraus: nevermind
[11:26:57]  laurabraus: i dont even know where this exit is
[11:27:06]  infynoko: Hey, @empressmomm!
[11:27:18]  infynoko: Also this streamer is a literal genius. ruunaClap
[11:27:18]  empressmomm: @infynoko heyyy
[11:28:21]  empressmomm: just finished watching the walking dead part 2, so intense
[11:28:36]  empressmomm: wsiting for part 3 in the fall
[11:28:44]  laurabraus: fax
[11:29:12]  infynoko: This is what Splatoon players think they’re doing.
[11:29:16]  laurabraus: what the heck
[11:29:20]  laurabraus: LOL
[11:29:24]  haine_sense1: Internet says portal 2 takes about 8.5 hours… so someone beating it in about 7 hours is not unreasonable
[11:29:51]  empressmomm: never heard of portal before
[11:30:18]  kaeos: did u say one direction
[11:30:21]  infynoko: P OMEGALUL R T A L ?
[11:30:22]  kaeos: I love one direction
[11:30:36]  empressmomm: harry styles is my favorite
[11:30:46]  infynoko: Sing us a song from Rapunzel instead.
[11:30:49]  cosmicmikan: ooh yeah fine line is a really good album
[11:31:17]  kaeos: tf how old do u think I am
[11:31:45]  infynoko: Zetto I seriously thought you were like 20 tops.
[11:31:58]  empressmomm: 18?
[11:32:08]  infynoko: Yeah, I think he might be 17.
[11:32:57]  haine_sense1: Probably 16
[11:33:12]  infynoko: He’s like Wizzrobe.
[11:35:24]  laurabraus: shoot across
[11:35:40]  laurabraus: O
[11:36:06]  infynoko: kaomijParipi michan8Zerotwo crazyjpnDnce ruunaMood infynoMood ktrzetWorse infynoMood ruunaMood crazyjpnDnce michan8Zerotwo kaomijParipi
[11:36:12]  laurabraus: these maps are so simple so why am i so confused
[11:37:00]  infynoko: Rainbow dance emotes are the best emotes. You need one.
[11:38:31]  laurabraus: yeah i agree
[11:38:43]  kaeos: I disagree
[11:38:43]  laurabraus: no no
[11:38:49]  laurabraus: i mean lots of noise
[11:39:06]  haine_sense1: Don’t complain about zetto dancing laura
[11:39:10]  kaeos: I'll make u an animated emote
[11:39:14]  kaeos: I'm an artist
[11:40:01]  haine_sense1: I get the feeling he won’t care about paradoxes
[11:40:10]  haine_sense1: It’s freaking Wheatley he’s not good
[11:40:17]  kaeos: no
[11:41:07]  infynoko: I’d make you an emote for free, but the shipping cost will be ¥10,000.
[11:41:17]  kaeos: i hate wheatley so much
[11:41:20]  kaeos: but just the part where hes british
[11:41:39]  haine_sense1: anyway, I gotta sleep
[11:41:46]  haine_sense1: Enjoy Portal 2
[11:41:47]  kaeos: gn :)
[11:41:50]  nightbot: https://clips.twitch.tv/GeniusCovertSalmonItsBoshyTime-NECqGzkggZv8lT-v
[11:41:57]  infynoko: The art isn’t gonna get to you itself, bro.
[11:45:28]  kaeos: so is wheatley actually smart or anything
[11:45:33]  kaeos: he just seems like a clown
[11:45:57]  laurabraus: no hes built to be stupid
[11:46:06]  kaeos: Pog i relate
[11:47:47]  kaeos: Fake KKona
[11:48:29]  kaeos: imagine u baked glados
[11:48:54]  rickitarr64: oops
[11:49:58]  rickitarr64: missed
[11:50:09]  laurabraus: potato
[11:50:10]  kaeos: turn her into a baked potato
[11:50:12]  kaeos: or french fries
[11:50:31]  rickitarr64: put it further back maybe
[11:51:20]  diggs1977: ppHop
[11:51:20] diggs1977 subscribed at Tier 1. They've subscribed for 5 months!
[11:52:00]  diggs1977: ofc HYPERS how ya been
[11:52:24]  diggs1977: fair FeelsOkayMan
[11:53:51]  kaeos: thats hot
[11:54:06]  kaeos: bet
[11:54:09]  diggs1977: glad your feeling better fuck food poisoning
[11:59:01]  kaeos: so while this is all happening in michigan whats up with the rest of the world
[12:04:51]  laurabraus: i cant think anymore im going to bed
[12:04:53]  laurabraus: GOOD LUCK
[12:04:58]  laurabraus: yeah this is hard af
[12:04:58]  kaeos: gn :)
[12:04:58]  nightbot: https://clips.twitch.tv/GeniusCovertSalmonItsBoshyTime-NECqGzkggZv8lT-v
[12:07:49]  andrewangus: gn :)
[12:07:49]  nightbot: https://clips.twitch.tv/GeniusCovertSalmonItsBoshyTime-NECqGzkggZv8lT-v
[12:11:16]  kaeos: your brain is so sugoi (idk the word for big)
[12:12:06]  cosmicmikan: okii i have to go now! seeya later!
[12:12:21]  kaeos: bye :)
[12:14:23]  kaeos: D:
[12:14:24]  nightbot: D:
[12:14:29]  kaeos: in game though right
[12:15:50]  kaeos: they should make a realistic mode for this game where you only have 1 life and when you die you can never play again
[12:15:55]  kaeos: you have a buy a new copy
[12:16:29]  kaeos: wwwwwwww
[12:18:02]  kaeos: THIS and THERE
[12:18:53]  kaeos: 5Head
[12:19:35]  kaeos: wait so is this guy a bad guy or what
[12:19:39]  kaeos: he doesnt want to kill u?
[12:22:13]  kaeos: wait whats the point of doing tests isnt it the apocalypse in the world rn
[12:22:20]  kaeos: too much lore
[12:22:42]  kaeos: ?
[12:39:56]  kaeos: he forgor 💀
[12:46:36]  rickitarr64: Cheer100
[12:46:41]  rickitarr64: great portalling
[12:46:55]  rickitarr64: haha I wanted to give you motivation
[12:48:06]  rickitarr64: Stuff like this is why I can't really play puzzle games without a strategy guide haha. I get stuck and frustrated.
[12:48:30]  rickitarr64: yeah for sure
[12:48:36]  rickitarr64: I'm just impatient haha
[12:53:01]  rickitarr64: if I knew how to identify where you were i'd look it up for you
[12:56:45]  rickitarr64: oh you're doing it
[12:56:53]  rickitarr64: I just found the walkthrough part for you haha
[12:57:21]  rickitarr64: 2:24:22
[12:57:26]  rickitarr64: https://www.youtube.com/watch?v=A0K5EXfgJnk
[12:57:32]  rickitarr64: it's hard to explain lol
[12:57:48]  rickitarr64: hang on
[12:58:17]  kaeos: it is hard to explain
[12:58:30]  kaeos: the only thing i could think of is "youre shooting the wrong spot"
[12:59:38]  rickitarr64: grammarly!
[12:59:39]  kaeos: GRAMMARLY
[12:59:48]  nightbot: You probably shouldn't give any streamer money. I'm not a financial advisor but that is financial advice. But if you want to help support the channel, and more importantly, help your boy get paid, feel free to click the link. Please give me your money. https://streamlabs.com/ktrzetto/tip https://www.twitch.tv/products/ktrZetto
[12:59:59]  rickitarr64: I'm 90% sure the kid in that ad was a student of mine a while back haha
[13:01:19]  rickitarr64: I guess he would have graduated by now. he'd be about that age I think
[13:01:43]  rickitarr64: I could also be wrong, but he does seem very similar haha
[13:03:42]  rickitarr64: lol yeah
[13:08:04]  kaeos: Pepega
[13:12:19]  musicelliott: What’s up, never seen this game before
[13:12:55]  infynoko: It's Splatoon 3.
[13:13:14]  musicelliott: I thought it was Fortnite
[13:13:23]  musicelliott: JK
[13:13:24]  kaeos: avoid getting shot to stay alive
[13:19:10]  infynoko: Kill the British robot.
[13:20:48]  kaeos: what if it isnt AI and its actually carolines brain
[13:21:12]  infynoko: Wonder why they chose Stephen Merchant to voice that thing.
[13:23:31]  kaeos: wow this robot is stupid
[13:24:15]  kaeos: VENT system compromised? 🚈
[13:24:47]  infynoko: Sussy
[13:27:26]  kaeos: Pog stalemate
[13:27:46]  kaeos: SAVE WHEATELY
[13:28:32]  kaeos: wtf
[13:28:55]  kaeos: D:
[13:28:55]  nightbot: D:
[13:29:06]  kaeos: idk i kinda feel bad for wheately
[13:29:16]  infynoko: You just killed the British, and I take offence to that. ReallyMad
[13:29:40]  kaeos: fwiends widepeepoHappy
[13:30:37]  kaeos: wait shes mean again :(
[13:30:59]  infynoko: I'm British! BabyRage
[13:31:03]  kaeos: ew
[13:31:20]  infynoko: canninyEXPOSE
[13:31:38]  kaeos: i dont understand this ending
[13:31:41]  kaeos: did you get the good ending
[13:32:04]  infynoko: I think Scottish people get away with being British, TBH.
[13:32:15]  kaeos: u shouldve saved wheately for true ending
[13:32:32]  kaeos: oh my god its ohio
[13:32:59]  infynoko: Sing it, Zetto! SwiftRage
[13:33:02]  kaeos: glados has autotune
[13:33:17]  infynoko: The lyrics are written there! BabyRage
[13:33:28]  kaeos: so why is glados mean to you again
[13:33:33]  kaeos: you could have grown old together
[13:33:33]  infynoko: Make it up. NotLikeThis
[13:34:17]  infynoko: Can't believe we'll get Kingdom Hearts 4 before Portal 3.
[13:35:50]  kaeos: what a shit ending
[13:35:52]  kaeos: i want closure
[13:35:57]  infynoko: DIESOFCRINGE
[13:36:23]  kaeos: so why is glados mean again
[13:37:16]  infynoko: Scientists are evil, got it. canninyNOTED
[13:37:19]  kaeos: gn :) take care
[13:37:19]  nightbot: https://clips.twitch.tv/GeniusCovertSalmonItsBoshyTime-NECqGzkggZv8lT-v
[13:37:38]  infynoko: Take care, Zetto and chat! Thanks for the stream! ruunaClap
[13:38:38] ktrZetto is now offline.
