# Start logging at 2022-09-18 04:59:38 Tokyo Standard Time
[04:59:38] connected
[09:09:07] ktrZetto is live!
[09:09:56]  streamelements: ktrZetto is now live! Streaming Inscryption: JP/EN | Tumbling down, tumbling down tumbling down...
[09:13:46]  cupcake_chi: MOGUS
[09:14:16] rinta_rnt redeemed Dab 200
[09:14:20]  scratchatk: Oi PokPikachu
[09:15:20]  laurabraus: what's up
[09:16:19]  laurabraus: omg wait
[09:16:23]  laurabraus: !followage
[09:16:30]  nightbot: laurabraus has been following ktrZetto for 11 months, 4 weeks, 23 hours, 38 minutes, 21 seconds
[09:16:36]  laurabraus: WTF
[09:19:13]  anglerangus: LIVE Pog
[09:20:26]  massapanno: Konnichiwa sakura296Wave
[09:20:47]  massapanno: nanda Kono gemu?
[09:21:05]  anglerangus: "SHORT" STREAM TAG LULW
[09:21:22]  laurabraus: wasn't your last stream like 7 hours
[09:21:37]  anglerangus: Clueless
[09:24:03]  laurabraus: that YOU'RE short like PHYSICALLY?
[09:24:14]  laurabraus: br OMEGALUL
[09:34:26]  303devilfish: peepoArrive geck waiting room
[09:39:04]  usausachu: Had to restart twitch because it wasn’t letting me type in chat
[09:39:06]  usausachu: clintWave
[09:39:54]  usausachu: Yeee just vibing before I start
[09:47:15]  laurabraus: brb
[09:55:45]  scratchatk: LUL
[09:57:18]  laurabraus: ok im back
[10:00:20]  nightbot: You probably shouldn't give any streamer money. I'm not a financial advisor but that is financial advice. But if you want to help support the channel, and more importantly, help your boy get paid, feel free to click the link. Please give me your money. https://streamlabs.com/ktrzetto/tip https://www.twitch.tv/products/ktrZetto
[10:01:40] rinta_rnt gifted a Tier 1 sub to laurabraus! They have given 7 Gift Subs in the channel!
[10:02:03]  rinta_rnt: 俺サブスクしてますけど
[10:02:37]  laurabraus: THANK YOU
[10:03:20]  rinta_rnt: ゴースティング
[10:06:02]  laurabraus: uhhhhhhhhhhhhh
[10:06:18]  laurabraus: ARE YOU FOR REAL TYPING IT IN
[10:06:28]  laurabraus: true gamer right here
[10:06:35]  rinta_rnt: Cheer1 watashi wa oden ga suki
[10:07:22]  ktrzetto: KARNOFFEL CODE
[10:09:11]  laurabraus: karnoffel is apparently one of the earliest European card games whose rules are known
[10:09:47]  laurabraus: but  i think karnoffel code is just something made up for this game
[10:10:46]  laurabraus: so sus
[10:21:45]  lollylands: MINDNIGHT TONIGHT AT MIDNIGHT?
[10:22:17]  lollylands: yes it is i me the ghost
[10:26:48] lollylands redeemed Sound Alert: 💕Wha～o💕 500
[10:27:05] lollylands redeemed Sound Alert: i suck 1000
[10:27:20]  lollylands: yw
[10:27:36] lollylands redeemed Make my bed 1000
[10:28:15]  lollylands: WHERES MY POP UP
[10:28:50]  laurabraus: LOL
[10:29:07]  lollylands: butt cam
[10:29:15]  lollylands: he showing the peach report
[10:29:49]  laurabraus: !followage
[10:29:50]  nightbot: laurabraus has been following ktrZetto for 11 months, 4 weeks, 1 day, 51 minutes, 47 seconds
[10:29:58]  laurabraus: ARE YOU KIDDING ME
[10:30:02]  lollylands: i dont have any more points to use the i suck thing
[10:30:08]  lollylands: !followage
[10:30:09]  nightbot: Lollylands has been following ktrZetto for 2 years, 4 weeks, 2 days, 22 hours, 49 minutes, 44 seconds
[10:30:28]  lollylands: can you imagine being friends for 10 years and i have only followed for 2 years
[10:30:30]  lollylands: iamgine
[10:31:21]  lollylands: sounds about right
[10:31:29]  lollylands: insert smiling crying emoji
[10:31:52]  ktrzetto: 😂
[10:32:01]  lollylands: wrong emote
[10:32:11]  lollylands: but i have now realized i gave the wrong description
[10:32:20]  lollylands: 🥲
[10:32:24]  lollylands: smiling face with TEAR
[10:32:27]  lollylands: this is dumb
[10:34:09]  lollylands: can you check how long you have been following a streamer without nightbot/bots in general
[10:37:21]  lollylands: MINDNIGHT TONIGHT AT MIDNIGHT?
[10:37:21]  lollylands: yes it is i me the ghost
[10:37:21]  lollylands: yw
[10:37:21]  lollylands: WHERES MY POP UP
[10:37:21]  lollylands: butt cam
[10:37:21]  lollylands: he showing the peach report
[10:37:21]  lollylands: i dont have any more points to use the i suck thing
[10:37:21]  lollylands: !followage
[10:37:21]  lollylands: can you imagine being friends for 10 years and i have only followed for 2 years
[10:37:21]  lollylands: iamgine
[10:37:21]  lollylands: sounds about right
[10:37:21]  lollylands: insert smiling crying emoji
[10:37:21]  lollylands: wrong emote
[10:37:21]  lollylands: but i have now realized i gave the wrong description
[10:37:21]  lollylands: 🥲
[10:37:21]  lollylands: smiling face with TEAR
[10:37:21]  lollylands: this is dumb
[10:37:21]  lollylands: can you check how long you have been following a streamer without nightbot/bots in general
[10:37:35]  ktrzetto: !followage waysidemedal
[10:37:36]  nightbot: Waysidemedal has been following ktrZetto for 8 years, 10 months, 3 weeks, 4 days, 23 hours, 40 minutes, 13 seconds
[10:37:40]  lollylands: ive been following rixiot since march 2015
[10:38:10]  kaeos: unfortunately, you are not discussing the xqc drama so i will not be able to stay
[10:38:39]  joshinjapan: I’m tumbling down I’m tumbling down I’m tumbling down I’m tumbling down I’m tumbling down I’m tumbling down
[10:38:39] JoshInJapan subscribed at Tier 1. They've subscribed for 10 months, currently on a 10 month streak!
[10:38:39]  kaeos: xqc and adept broke up and argued about it in front of 150k people
[10:39:21]  joshinjapan: LUL
[10:39:33]  kaeos: this is why you will never be mizkif
[10:44:23]  efrye684: ktrzetD
[10:44:23] Efrye684 subscribed at Tier 1. They've subscribed for 8 months!
[10:46:09]  efrye684: Oh, Inscryption :3 Still wanna play that myself someday~
[10:47:33]  kaeos: do they have papa johns in japan
[10:48:09]  kaeos: unfortunate
[10:48:17]  kaeos: you cant use code 'PapaJohnsSmash' for 20% off your order
[10:51:25]  kaeos: who do you think is gonna win summit
[10:55:39]  kaeos: -1 no voice acting
[10:56:00]  laurabraus: i cant imagine zetto voice acting
[10:57:17]  kaeos: maya mersion Sadge
[10:58:16]  kaeos: your computer is glitching
[10:58:19]  kaeos: u might need to restart
[11:00:19]  nightbot: You probably shouldn't give any streamer money. I'm not a financial advisor but that is financial advice. But if you want to help support the channel, and more importantly, help your boy get paid, feel free to click the link. Please give me your money. https://streamlabs.com/ktrzetto/tip https://www.twitch.tv/products/ktrZetto
[11:02:29]  kaeos: clutch or kick
[11:03:30]  koffeekraken: yeah, 4 sounds like a cap.
[11:05:42]  kaeos: skill issue
[11:05:50]  koffeekraken: yup, there are a lot caps coming today also
[11:05:57]  koffeekraken: *of
[11:08:25]  kaeos: mkleo vs gluto in pools monkaW
[11:10:28]  kaeos: POGGIES EARTHQUAKE
[11:11:17]  kaeos: but fr i would probably actually be typing "Pog" in ur chat while ur city collapses
[11:17:23]  kaeos: thoughts on the dallas mavericks next season?
[11:17:53]  kaeos: nba
[11:18:40]  kaeos: non bin ary
[11:18:50]  kaeos: national basketball association
[11:39:06]  kaeos: mkleo starting tomorrow in losers monkaW
[11:39:24]  kaeos: yeah
[11:39:29]  kaeos: he's dodging acola
[11:39:31]  kirosthegreat: I see you got to another area in this game. you enjoying it? rikkuSit
[11:40:14]  kirosthegreat: orooShrug
[11:40:53]  kirosthegreat: I've never seen this section. But the previous one was confusing enough to me already
[11:42:11]  kirosthegreat: Gonna leave you a lurk for now, good luck mate o7
[11:44:51]  laurabraus: i am also lurking my college football team is about to possibly win their biggest game ever
[11:44:58]  laurabraus: against my home town
[11:46:18]  kaeos: college football KKona
[11:46:19]  kaeos: LULW
[11:46:44]  laurabraus: i never ever watch football. but this game is about to be historic
[11:46:59]  laurabraus: yes i want my college team to win
[11:47:00]  kirosthegreat: JEEEESUS, bulessss you orooPray
[11:47:39]  kirosthegreat: At least you're wearing a mask to protect us from the sneezes Kappa
[11:47:45]  kirosthegreat: Ok, back to silent lurking
[11:47:50]  kaeos: i dont watch college football bc my school is one of the best in the nation so i know theyre fine
[11:48:22]  laurabraus: yeah so is my home town which is why this is insane
[11:48:37]  laurabraus: my friend is at the game and she is freaking out in a bad way bc she's rooting for our hometown
[11:50:43]  kaeos: xqc live Pog
[11:50:47]  kaeos: drama frogs eating good
[11:51:38]  kaeos: i need more screens, one for xqc, one for bts, one for here
[11:52:26]  kaeos: btssmash
[11:52:28]  kaeos: not kpop
[11:52:37]  kaeos: kpop stans need to be sterilized
[11:57:54]  laurabraus: we lost but it was so close
[11:58:14]  kaeos: L
[11:58:56]  kaeos: "WE" OMEGALUL
[11:59:01]  laurabraus: my college team lost
[11:59:07]  kaeos: sports fans when "We" LULW
[11:59:09]  laurabraus: FOR REAL I HAVE MIXED LOYALTIES
[12:00:16]  kaeos: We lost this run Sadge
[12:00:20]  nightbot: You probably shouldn't give any streamer money. I'm not a financial advisor but that is financial advice. But if you want to help support the channel, and more importantly, help your boy get paid, feel free to click the link. Please give me your money. https://streamlabs.com/ktrzetto/tip https://www.twitch.tv/products/ktrZetto
[12:01:29]  kaeos: are you wearing a wig
[12:02:01]  kaeos: i do not believe your hair is that voluminous
[12:02:26]  kaeos: if it were me, i would have looked up a guide hours ago GIGACHAD
[12:03:49]  kaeos: legend of zelda tears of the kingdom
[12:04:52]  kaeos: maketa Kreygasm
[12:14:16]  kaeos: i have some tips if u want
[12:14:17]  kaeos: https://www.ign.com/wikis/inscryption/Walkthrough
[12:19:03]  laurabraus: mic drop
[12:19:55]  laurabraus: is it dark outside i feel like more sun usually goes into your room rn
[12:20:32]  laurabraus: what the hell
[12:20:38]  laurabraus: is there a tsunami coming or something
[12:20:45]  laurabraus: YEAH A TYPHOON
[12:21:00]  laurabraus: that sucks dude
[12:24:02]  laurabraus: you're going to mt fuji in a TYPHOON
[12:24:24]  laurabraus: actually some online friends of mine years ago visited japan during a typhoon but they said it just rained a little
[12:25:05]  laurabraus: sounds just like a hurricane
[12:25:09]  laurabraus: i mean like the scenario
[12:25:54]  laurabraus: well i hope it isnt a big one and you can enjoy the base of mt fuji in peace
[12:33:43]  kaeos: ive realized im no better than people who watch keeping up with the kardashians
[12:33:46]  kaeos: this streamer drama is spicy
[12:35:35]  kaeos: D:
[12:35:35]  nightbot: D:
[12:36:27]  kaeos: i dont think most people are good or bad until i know them personally
[12:37:20]  kaeos: based off what i see, i feel like he tries his best but is mentally stunted
[12:37:25]  kaeos: in nice terms
[12:38:39]  kaeos: 12 hours is insultingly low
[12:38:54]  kaeos: https://i.gyazo.com/b66d1488cb1368d9a5446e6b5410276f.png
[12:38:56]  kaeos: final bracket
[12:40:37]  kaeos: they went game 5 last time
[12:40:51]  kaeos: im not hopeful in rematches mostly bc steve is much more figured out
[12:42:34]  kaeos: also acola is doing some weird shit where he isnt camping
[12:42:51]  kaeos: idk we'll see
[12:43:13]  kaeos: im pulling for acola since i discovered him way before everyone else
[12:44:42]  kaeos: you dont take your mask off to cough?
[12:44:49]  kaeos: how else are you supposed to spread germs
[12:45:16]  kaeos: light does it on the mic
[12:45:19]  kaeos: its so annoying LULW
[12:45:35]  kaeos: light is my favorite antivax player
[12:47:37]  kaeos: idk if he's actually antivax but he's definitely over masks by now
[12:49:35]  kaeos: i thought that knock was the game OMEGALUL turns out people knock in real life too OMEGALUL
[12:49:57]  kaeos: idk why i waited to send that message like you do when someones speaking to someone irl
[12:50:40]  kaeos: massive L incoming
[12:51:30]  chisasfam: :o zettp
[12:51:34]  chisasfam: Im going to work
[12:51:41]  chisasfam: Im watching you in the car
[12:51:44]  chisasfam: have a good stream
[12:52:49]  laurabraus: W
[12:53:13]  chisasfam: too late im already watching
[12:53:16]  chisasfam: earplugs smh
[12:53:49]  kaeos: when i think of earplugs i think of buttplugs
[12:53:52]  kaeos: do u ever do word association like that
[12:58:41]  kaeos: did you see watch is trying to get people to go to japanese tournaments
[12:59:11]  chisasfam: Amogus
[12:59:11]  kaeos: also how did watch lose to tweek in the melee side event
[12:59:24]  kaeos: 65th at double down loses to tweek and sparg0?
[12:59:28]  kaeos: MASSIVE L
[13:00:20]  nightbot: You probably shouldn't give any streamer money. I'm not a financial advisor but that is financial advice. But if you want to help support the channel, and more importantly, help your boy get paid, feel free to click the link. Please give me your money. https://streamlabs.com/ktrzetto/tip https://www.twitch.tv/products/ktrZetto
[13:02:23]  kaeos: thats what she said
[13:02:26]  kaeos: haha
[13:02:44]  kaeos: the office was good
[13:03:14]  kaeos: i still cant and havent watched the michael lies to kids about college episode
[13:03:54]  kaeos: scott's tots
[13:06:49]  kaeos: do you ever see someone post something funny but you hate their guts so you dont like it out of spite
[13:08:19]  kaeos: Wordle 456 3/6  ⬛🟨⬛⬛🟨 🟨⬛⬛⬛⬛ 🟩🟩🟩🟩🟩
[13:08:32]  kaeos: ive gotten like the last 5 in like 30 seconds
[13:09:09]  kaeos: are these your actual drives?
[13:09:26]  kaeos: show porn
[13:09:32]  kaeos: SHOW
[13:09:34]  kaeos: Madge
[13:10:02]  kaeos: what is hitomi
[13:10:05]  kaeos: OH ITS ALL HENTAI
[13:10:06]  kaeos: OMEGALUL
[13:10:21]  kaeos: thats fucking WEIRD
[13:10:22]  kaeos: degenerate
[13:10:31]  kaeos: gonna screenshot to see if you have good taste thou
[13:12:16]  scratchatk: ktrzetAY
[13:12:57]  kaeos: he's getting distracted PepeLaugh
[13:14:16]  kaeos: god this is actually depressing
[13:15:00]  kaeos: im gonna check every single one of those files and see if you have any loli shit
[13:15:04]  kaeos: report you to the authoritise
[13:20:03]  scratchatk: ktrzetCozy
[13:22:21]  kaeos: KaceyTron Pog
[13:23:06]  kaeos: whats the point of these vhs recordings
[13:23:52]  303devilfish: This used to be a geck stream FeelsBadMan
[13:24:31]  kaeos: they should make a game where the creator actually dies and they release it anyway since its integral to the lore
[13:26:18]  kaeos: i feel like i can see the life sucked from your eyes the same way ive seen in tons of people who get sucked into a game
[13:26:33]  kaeos: monkaW
[13:27:10]  kaeos: in this economy?
[13:27:44]  kaeos: most people i know gotta suck off a guy in the mcdonalds bathroom to get some fries
[13:30:24]  kaeos: ⣿⡟⠙⠛⠋⠩⠭⣉⡛⢛⠫⠭⠄⠒⠄⠄⠄⠈⠉⠛⢿⣿⣿⣿⣿⣿⣿⣿⣿⣿ ⣿⡇⠄⠄⠄⠄⣠⠖⠋⣀⡤⠄⠒⠄⠄⠄⠄⠄⠄⠄⠄⠄⣈⡭⠭⠄⠄⠄⠉⠙ ⣿⡇⠄⠄⢀⣞⣡⠴⠚⠁⠄⠄⢀⠠⠄⠄⠄⠄⠄⠄⠄⠉⠄⠄⠄⠄⠄⠄⠄⠄ ⣿⡇⠄⡴⠁⡜⣵⢗⢀⠄⢠⡔⠁⠄⠄⠄⠄⠄⠄⠄⠄⠄⠄⠄⠄⠄⠄⠄⠄⠄ ⣿⡇⡜⠄⡜⠄⠄⠄⠉⣠⠋⠠⠄⢀⡄⠄⠄⣠⣆⠄⠄⠄⠄⠄⠄⠄⠄⠄⠄⢸ ⣿⠸⠄⡼⠄⠄⠄⠄⢰⠁⠄⠄⠄⠈⣀⣠⣬⣭⣛⠄⠁⠄⡄⠄⠄⠄⠄⠄⢀⣿ ⣏⠄⢀⠁⠄⠄⠄⠄⠇⢀⣠⣴⣶⣿⣿⣿⣿⣿⣿⡇⠄⠄⡇⠄⠄⠄⠄⢀⣾⣿ ⣿⣸⠈⠄⠄⠰⠾⠴⢾⣻⣿⣿⣿⣿⣿⣿⣿⣿⣿⢁⣾⢀⠁⠄⠄⠄⢠⢸⣿⣿ ⣿⣿⣆⠄⠆⠄⣦⣶⣦⣌⣿⣿⣿⣿⣷⣋⣀⣈⠙⠛⡛⠌⠄⠄⠄⠄⢸⢸⣿⣿ ⣿⣿⣿⠄⠄⠄⣿⣿⣿⣿⣿⣿⣿⣿⣿⣿⣿⣿⣿⠇⠈⠄⠄⠄⠄⠄⠈⢸⣿⣿ ⣿⣿⣿⠄⠄⠄⠘⣿⣿⣿⡆⢀⣈⣉⢉⣿⣿⣯⣄⡄⠄⠄⠄⠄⠄⠄⠄⠈⣿⣿ ⣿⣿⡟⡜⠄⠄⠄⠄⠙⠿⣿⣧⣽⣍⣾⣿⠿⠛⠁⠄⠄⠄⠄⠄⠄⠄⠄⠃⢿⣿ ⣿⡿⠰⠄⠄⠄⠄⠄⠄⠄⠄⠈⠉⠩⠔⠒⠉⠄⠄⠄⠄⠄⠄⠄⠄⠄⠄⠐⠘⣿ ⣿⠃⠃⠄⠄⠄⠄⠄⠄⣀⢀⠄⠄⡀⡀⢀⣤⣴⣤⣤⣀⣀⠄⠄⠄⠄⠄⠄⠁⢹
[13:30:30]  kaeos: sorry i just wanted to see if it worked
[13:33:47]  laurabraus: it worked
[13:41:53]  303devilfish: RPGAyaya
[13:45:33]  kaeos: ur mcdonalds is cold now
[13:45:41]  laurabraus: goodnighttt
[13:45:44]  laurabraus: yayyyyy
[13:45:46]  kaeos: gn
[13:45:46]  nightbot: https://clips.twitch.tv/GeniusCovertSalmonItsBoshyTime-NECqGzkggZv8lT-v
[13:46:37] ktrZetto is now offline.
